<?xml version="1.0" encoding="UTF-8"?>
<testsuites name="ts_newReservationBoarding" time="1.48" tests="3" failures="0" errors="3">
   <testsuite name="ts_newReservationBoarding" tests="3" failures="0" errors="3" time="1.48" timestamp="2020-01-13 06:37:44" hostname="leonardo-arkusmty - leonardoarkusmty-Inspiron-5577" id="Test Suites/ts_newReservationBoarding">
      <properties>
         <property name="deviceName" value=""/>
         <property name="devicePlatform" value=""/>
         <property name="logFolder" value="/home/leonardo-arkusmty/Documents/workspaceKatalon/p4ptest/Reports/20200113_063743/ts_newReservationBoarding/20200113_063743"/>
         <property name="logFiles" value="/home/leonardo-arkusmty/Documents/workspaceKatalon/p4ptest/Reports/20200113_063743/ts_newReservationBoarding/20200113_063743/execution0.log"/>
         <property name="attachments" value=""/>
         <property name="hostName" value="leonardo-arkusmty - leonardoarkusmty-Inspiron-5577"/>
         <property name="hostAddress" value="127.0.1.1"/>
         <property name="os" value="Linux 64bit"/>
         <property name="katalonVersion" value="7.0.8.1"/>
      </properties>
      <testcase name="Test Cases/p4p_newReservationBoarding" time="0.453" classname="Test Cases/p4p_newReservationBoarding" status="ERROR">
         <error type="ERROR" message="Test Cases/p4p_newReservationBoarding FAILED.
Reason:
org.codehaus.groovy.control.MultipleCompilationErrorsException: startup failed:
file:/home/leonardo-arkusmty/Documents/workspaceKatalon/p4ptest/Scripts/p4p_newReservationBoarding/Script1576482987688.groovy: 290: The current scope already contains a variable of the name cellInv
 @ line 290, column 7.
   	Cell cellInv = rowNewRes.createCell(2, 0)
         ^

file:/home/leonardo-arkusmty/Documents/workspaceKatalon/p4ptest/Scripts/p4p_newReservationBoarding/Script1576482987688.groovy: 298: The current scope already contains a variable of the name cellInv
 @ line 298, column 7.
   	Cell cellInv = rowNewRes.createCell(4, 0)
         ^

file:/home/leonardo-arkusmty/Documents/workspaceKatalon/p4ptest/Scripts/p4p_newReservationBoarding/Script1576482987688.groovy: 302: The current scope already contains a variable of the name cellInv
 @ line 302, column 7.
   	Cell cellInv = rowNewRes.createCell(5, 0)
         ^

file:/home/leonardo-arkusmty/Documents/workspaceKatalon/p4ptest/Scripts/p4p_newReservationBoarding/Script1576482987688.groovy: 306: The current scope already contains a variable of the name cellInv
 @ line 306, column 7.
   	Cell cellInv = rowNewRes.createCell(6, 0)
         ^

file:/home/leonardo-arkusmty/Documents/workspaceKatalon/p4ptest/Scripts/p4p_newReservationBoarding/Script1576482987688.groovy: 310: The current scope already contains a variable of the name cellInv
 @ line 310, column 7.
   	Cell cellInv = rowNewRes.createCell(7, 0)
         ^

5 errors

	at com.kms.katalon.core.main.ScriptEngine.getScript(ScriptEngine.java:199)
	at com.kms.katalon.core.main.ScriptEngine.run(ScriptEngine.java:194)
	at com.kms.katalon.core.main.ScriptEngine.runScriptAsRawText(ScriptEngine.java:119)
	at com.kms.katalon.core.main.TestCaseExecutor.runScript(TestCaseExecutor.java:337)
	at com.kms.katalon.core.main.TestCaseExecutor.doExecute(TestCaseExecutor.java:328)
	at com.kms.katalon.core.main.TestCaseExecutor.processExecutionPhase(TestCaseExecutor.java:307)
	at com.kms.katalon.core.main.TestCaseExecutor.accessMainPhase(TestCaseExecutor.java:299)
	at com.kms.katalon.core.main.TestCaseExecutor.execute(TestCaseExecutor.java:233)
	at com.kms.katalon.core.main.TestSuiteExecutor.accessTestCaseMainPhase(TestSuiteExecutor.java:169)
	at com.kms.katalon.core.main.TestSuiteExecutor.accessTestSuiteMainPhase(TestSuiteExecutor.java:142)
	at com.kms.katalon.core.main.TestSuiteExecutor.execute(TestSuiteExecutor.java:91)
	at com.kms.katalon.core.main.TestCaseMain.startTestSuite(TestCaseMain.java:157)
	at com.kms.katalon.core.main.TestCaseMain$startTestSuite$0.call(Unknown Source)
	at TempTestSuite1578919063138.run(TempTestSuite1578919063138.groovy:36)
"/>
         <system-out><![CDATA[2020-01-13 06:37:44 - [TEST_CASE][ERROR] - Test Cases/p4p_newReservationBoarding: Test Cases/p4p_newReservationBoarding FAILED.
Reason:
org.codehaus.groovy.control.MultipleCompilationErrorsException: startup failed:
file:/home/leonardo-arkusmty/Documents/workspaceKatalon/p4ptest/Scripts/p4p_newReservationBoarding/Script1576482987688.groovy: 290: The current scope already contains a variable of the name cellInv
 @ line 290, column 7.
   	Cell cellInv = rowNewRes.createCell(2, 0)
         ^

file:/home/leonardo-arkusmty/Documents/workspaceKatalon/p4ptest/Scripts/p4p_newReservationBoarding/Script1576482987688.groovy: 298: The current scope already contains a variable of the name cellInv
 @ line 298, column 7.
   	Cell cellInv = rowNewRes.createCell(4, 0)
         ^

file:/home/leonardo-arkusmty/Documents/workspaceKatalon/p4ptest/Scripts/p4p_newReservationBoarding/Script1576482987688.groovy: 302: The current scope already contains a variable of the name cellInv
 @ line 302, column 7.
   	Cell cellInv = rowNewRes.createCell(5, 0)
         ^

file:/home/leonardo-arkusmty/Documents/workspaceKatalon/p4ptest/Scripts/p4p_newReservationBoarding/Script1576482987688.groovy: 306: The current scope already contains a variable of the name cellInv
 @ line 306, column 7.
   	Cell cellInv = rowNewRes.createCell(6, 0)
         ^

file:/home/leonardo-arkusmty/Documents/workspaceKatalon/p4ptest/Scripts/p4p_newReservationBoarding/Script1576482987688.groovy: 310: The current scope already contains a variable of the name cellInv
 @ line 310, column 7.
   	Cell cellInv = rowNewRes.createCell(7, 0)
         ^

5 errors

	at com.kms.katalon.core.main.ScriptEngine.getScript(ScriptEngine.java:199)
	at com.kms.katalon.core.main.ScriptEngine.run(ScriptEngine.java:194)
	at com.kms.katalon.core.main.ScriptEngine.runScriptAsRawText(ScriptEngine.java:119)
	at com.kms.katalon.core.main.TestCaseExecutor.runScript(TestCaseExecutor.java:337)
	at com.kms.katalon.core.main.TestCaseExecutor.doExecute(TestCaseExecutor.java:328)
	at com.kms.katalon.core.main.TestCaseExecutor.processExecutionPhase(TestCaseExecutor.java:307)
	at com.kms.katalon.core.main.TestCaseExecutor.accessMainPhase(TestCaseExecutor.java:299)
	at com.kms.katalon.core.main.TestCaseExecutor.execute(TestCaseExecutor.java:233)
	at com.kms.katalon.core.main.TestSuiteExecutor.accessTestCaseMainPhase(TestSuiteExecutor.java:169)
	at com.kms.katalon.core.main.TestSuiteExecutor.accessTestSuiteMainPhase(TestSuiteExecutor.java:142)
	at com.kms.katalon.core.main.TestSuiteExecutor.execute(TestSuiteExecutor.java:91)
	at com.kms.katalon.core.main.TestCaseMain.startTestSuite(TestCaseMain.java:157)
	at com.kms.katalon.core.main.TestCaseMain$startTestSuite$0.call(Unknown Source)
	at TempTestSuite1578919063138.run(TempTestSuite1578919063138.groovy:36)]]></system-out>
         <system-err><![CDATA[2020-01-13 06:37:44 - [TEST_CASE][ERROR] - Test Cases/p4p_newReservationBoarding: Test Cases/p4p_newReservationBoarding FAILED.
Reason:
org.codehaus.groovy.control.MultipleCompilationErrorsException: startup failed:
file:/home/leonardo-arkusmty/Documents/workspaceKatalon/p4ptest/Scripts/p4p_newReservationBoarding/Script1576482987688.groovy: 290: The current scope already contains a variable of the name cellInv
 @ line 290, column 7.
   	Cell cellInv = rowNewRes.createCell(2, 0)
         ^

file:/home/leonardo-arkusmty/Documents/workspaceKatalon/p4ptest/Scripts/p4p_newReservationBoarding/Script1576482987688.groovy: 298: The current scope already contains a variable of the name cellInv
 @ line 298, column 7.
   	Cell cellInv = rowNewRes.createCell(4, 0)
         ^

file:/home/leonardo-arkusmty/Documents/workspaceKatalon/p4ptest/Scripts/p4p_newReservationBoarding/Script1576482987688.groovy: 302: The current scope already contains a variable of the name cellInv
 @ line 302, column 7.
   	Cell cellInv = rowNewRes.createCell(5, 0)
         ^

file:/home/leonardo-arkusmty/Documents/workspaceKatalon/p4ptest/Scripts/p4p_newReservationBoarding/Script1576482987688.groovy: 306: The current scope already contains a variable of the name cellInv
 @ line 306, column 7.
   	Cell cellInv = rowNewRes.createCell(6, 0)
         ^

file:/home/leonardo-arkusmty/Documents/workspaceKatalon/p4ptest/Scripts/p4p_newReservationBoarding/Script1576482987688.groovy: 310: The current scope already contains a variable of the name cellInv
 @ line 310, column 7.
   	Cell cellInv = rowNewRes.createCell(7, 0)
         ^

5 errors

	at com.kms.katalon.core.main.ScriptEngine.getScript(ScriptEngine.java:199)
	at com.kms.katalon.core.main.ScriptEngine.run(ScriptEngine.java:194)
	at com.kms.katalon.core.main.ScriptEngine.runScriptAsRawText(ScriptEngine.java:119)
	at com.kms.katalon.core.main.TestCaseExecutor.runScript(TestCaseExecutor.java:337)
	at com.kms.katalon.core.main.TestCaseExecutor.doExecute(TestCaseExecutor.java:328)
	at com.kms.katalon.core.main.TestCaseExecutor.processExecutionPhase(TestCaseExecutor.java:307)
	at com.kms.katalon.core.main.TestCaseExecutor.accessMainPhase(TestCaseExecutor.java:299)
	at com.kms.katalon.core.main.TestCaseExecutor.execute(TestCaseExecutor.java:233)
	at com.kms.katalon.core.main.TestSuiteExecutor.accessTestCaseMainPhase(TestSuiteExecutor.java:169)
	at com.kms.katalon.core.main.TestSuiteExecutor.accessTestSuiteMainPhase(TestSuiteExecutor.java:142)
	at com.kms.katalon.core.main.TestSuiteExecutor.execute(TestSuiteExecutor.java:91)
	at com.kms.katalon.core.main.TestCaseMain.startTestSuite(TestCaseMain.java:157)
	at com.kms.katalon.core.main.TestCaseMain$startTestSuite$0.call(Unknown Source)
	at TempTestSuite1578919063138.run(TempTestSuite1578919063138.groovy:36)]]></system-err>
      </testcase>
      <testcase name="Test Cases/p4p_newReservationBoarding" time="0.237" classname="Test Cases/p4p_newReservationBoarding" status="ERROR">
         <error type="ERROR" message="Test Cases/p4p_newReservationBoarding FAILED.
Reason:
org.codehaus.groovy.control.MultipleCompilationErrorsException: startup failed:
file:/home/leonardo-arkusmty/Documents/workspaceKatalon/p4ptest/Scripts/p4p_newReservationBoarding/Script1576482987688.groovy: 290: The current scope already contains a variable of the name cellInv
 @ line 290, column 7.
   	Cell cellInv = rowNewRes.createCell(2, 0)
         ^

file:/home/leonardo-arkusmty/Documents/workspaceKatalon/p4ptest/Scripts/p4p_newReservationBoarding/Script1576482987688.groovy: 298: The current scope already contains a variable of the name cellInv
 @ line 298, column 7.
   	Cell cellInv = rowNewRes.createCell(4, 0)
         ^

file:/home/leonardo-arkusmty/Documents/workspaceKatalon/p4ptest/Scripts/p4p_newReservationBoarding/Script1576482987688.groovy: 302: The current scope already contains a variable of the name cellInv
 @ line 302, column 7.
   	Cell cellInv = rowNewRes.createCell(5, 0)
         ^

file:/home/leonardo-arkusmty/Documents/workspaceKatalon/p4ptest/Scripts/p4p_newReservationBoarding/Script1576482987688.groovy: 306: The current scope already contains a variable of the name cellInv
 @ line 306, column 7.
   	Cell cellInv = rowNewRes.createCell(6, 0)
         ^

file:/home/leonardo-arkusmty/Documents/workspaceKatalon/p4ptest/Scripts/p4p_newReservationBoarding/Script1576482987688.groovy: 310: The current scope already contains a variable of the name cellInv
 @ line 310, column 7.
   	Cell cellInv = rowNewRes.createCell(7, 0)
         ^

5 errors

	at com.kms.katalon.core.main.ScriptEngine.getScript(ScriptEngine.java:199)
	at com.kms.katalon.core.main.ScriptEngine.run(ScriptEngine.java:194)
	at com.kms.katalon.core.main.ScriptEngine.runScriptAsRawText(ScriptEngine.java:119)
	at com.kms.katalon.core.main.TestCaseExecutor.runScript(TestCaseExecutor.java:337)
	at com.kms.katalon.core.main.TestCaseExecutor.doExecute(TestCaseExecutor.java:328)
	at com.kms.katalon.core.main.TestCaseExecutor.processExecutionPhase(TestCaseExecutor.java:307)
	at com.kms.katalon.core.main.TestCaseExecutor.accessMainPhase(TestCaseExecutor.java:299)
	at com.kms.katalon.core.main.TestCaseExecutor.execute(TestCaseExecutor.java:233)
	at com.kms.katalon.core.main.TestSuiteExecutor.accessTestCaseMainPhase(TestSuiteExecutor.java:169)
	at com.kms.katalon.core.main.TestSuiteExecutor.accessTestSuiteMainPhase(TestSuiteExecutor.java:142)
	at com.kms.katalon.core.main.TestSuiteExecutor.execute(TestSuiteExecutor.java:91)
	at com.kms.katalon.core.main.TestCaseMain.startTestSuite(TestCaseMain.java:157)
	at com.kms.katalon.core.main.TestCaseMain$startTestSuite$0.call(Unknown Source)
	at TempTestSuite1578919063138.run(TempTestSuite1578919063138.groovy:36)
"/>
         <system-out><![CDATA[2020-01-13 06:37:45 - [TEST_CASE][ERROR] - Test Cases/p4p_newReservationBoarding: Test Cases/p4p_newReservationBoarding FAILED.
Reason:
org.codehaus.groovy.control.MultipleCompilationErrorsException: startup failed:
file:/home/leonardo-arkusmty/Documents/workspaceKatalon/p4ptest/Scripts/p4p_newReservationBoarding/Script1576482987688.groovy: 290: The current scope already contains a variable of the name cellInv
 @ line 290, column 7.
   	Cell cellInv = rowNewRes.createCell(2, 0)
         ^

file:/home/leonardo-arkusmty/Documents/workspaceKatalon/p4ptest/Scripts/p4p_newReservationBoarding/Script1576482987688.groovy: 298: The current scope already contains a variable of the name cellInv
 @ line 298, column 7.
   	Cell cellInv = rowNewRes.createCell(4, 0)
         ^

file:/home/leonardo-arkusmty/Documents/workspaceKatalon/p4ptest/Scripts/p4p_newReservationBoarding/Script1576482987688.groovy: 302: The current scope already contains a variable of the name cellInv
 @ line 302, column 7.
   	Cell cellInv = rowNewRes.createCell(5, 0)
         ^

file:/home/leonardo-arkusmty/Documents/workspaceKatalon/p4ptest/Scripts/p4p_newReservationBoarding/Script1576482987688.groovy: 306: The current scope already contains a variable of the name cellInv
 @ line 306, column 7.
   	Cell cellInv = rowNewRes.createCell(6, 0)
         ^

file:/home/leonardo-arkusmty/Documents/workspaceKatalon/p4ptest/Scripts/p4p_newReservationBoarding/Script1576482987688.groovy: 310: The current scope already contains a variable of the name cellInv
 @ line 310, column 7.
   	Cell cellInv = rowNewRes.createCell(7, 0)
         ^

5 errors

	at com.kms.katalon.core.main.ScriptEngine.getScript(ScriptEngine.java:199)
	at com.kms.katalon.core.main.ScriptEngine.run(ScriptEngine.java:194)
	at com.kms.katalon.core.main.ScriptEngine.runScriptAsRawText(ScriptEngine.java:119)
	at com.kms.katalon.core.main.TestCaseExecutor.runScript(TestCaseExecutor.java:337)
	at com.kms.katalon.core.main.TestCaseExecutor.doExecute(TestCaseExecutor.java:328)
	at com.kms.katalon.core.main.TestCaseExecutor.processExecutionPhase(TestCaseExecutor.java:307)
	at com.kms.katalon.core.main.TestCaseExecutor.accessMainPhase(TestCaseExecutor.java:299)
	at com.kms.katalon.core.main.TestCaseExecutor.execute(TestCaseExecutor.java:233)
	at com.kms.katalon.core.main.TestSuiteExecutor.accessTestCaseMainPhase(TestSuiteExecutor.java:169)
	at com.kms.katalon.core.main.TestSuiteExecutor.accessTestSuiteMainPhase(TestSuiteExecutor.java:142)
	at com.kms.katalon.core.main.TestSuiteExecutor.execute(TestSuiteExecutor.java:91)
	at com.kms.katalon.core.main.TestCaseMain.startTestSuite(TestCaseMain.java:157)
	at com.kms.katalon.core.main.TestCaseMain$startTestSuite$0.call(Unknown Source)
	at TempTestSuite1578919063138.run(TempTestSuite1578919063138.groovy:36)]]></system-out>
         <system-err><![CDATA[2020-01-13 06:37:45 - [TEST_CASE][ERROR] - Test Cases/p4p_newReservationBoarding: Test Cases/p4p_newReservationBoarding FAILED.
Reason:
org.codehaus.groovy.control.MultipleCompilationErrorsException: startup failed:
file:/home/leonardo-arkusmty/Documents/workspaceKatalon/p4ptest/Scripts/p4p_newReservationBoarding/Script1576482987688.groovy: 290: The current scope already contains a variable of the name cellInv
 @ line 290, column 7.
   	Cell cellInv = rowNewRes.createCell(2, 0)
         ^

file:/home/leonardo-arkusmty/Documents/workspaceKatalon/p4ptest/Scripts/p4p_newReservationBoarding/Script1576482987688.groovy: 298: The current scope already contains a variable of the name cellInv
 @ line 298, column 7.
   	Cell cellInv = rowNewRes.createCell(4, 0)
         ^

file:/home/leonardo-arkusmty/Documents/workspaceKatalon/p4ptest/Scripts/p4p_newReservationBoarding/Script1576482987688.groovy: 302: The current scope already contains a variable of the name cellInv
 @ line 302, column 7.
   	Cell cellInv = rowNewRes.createCell(5, 0)
         ^

file:/home/leonardo-arkusmty/Documents/workspaceKatalon/p4ptest/Scripts/p4p_newReservationBoarding/Script1576482987688.groovy: 306: The current scope already contains a variable of the name cellInv
 @ line 306, column 7.
   	Cell cellInv = rowNewRes.createCell(6, 0)
         ^

file:/home/leonardo-arkusmty/Documents/workspaceKatalon/p4ptest/Scripts/p4p_newReservationBoarding/Script1576482987688.groovy: 310: The current scope already contains a variable of the name cellInv
 @ line 310, column 7.
   	Cell cellInv = rowNewRes.createCell(7, 0)
         ^

5 errors

	at com.kms.katalon.core.main.ScriptEngine.getScript(ScriptEngine.java:199)
	at com.kms.katalon.core.main.ScriptEngine.run(ScriptEngine.java:194)
	at com.kms.katalon.core.main.ScriptEngine.runScriptAsRawText(ScriptEngine.java:119)
	at com.kms.katalon.core.main.TestCaseExecutor.runScript(TestCaseExecutor.java:337)
	at com.kms.katalon.core.main.TestCaseExecutor.doExecute(TestCaseExecutor.java:328)
	at com.kms.katalon.core.main.TestCaseExecutor.processExecutionPhase(TestCaseExecutor.java:307)
	at com.kms.katalon.core.main.TestCaseExecutor.accessMainPhase(TestCaseExecutor.java:299)
	at com.kms.katalon.core.main.TestCaseExecutor.execute(TestCaseExecutor.java:233)
	at com.kms.katalon.core.main.TestSuiteExecutor.accessTestCaseMainPhase(TestSuiteExecutor.java:169)
	at com.kms.katalon.core.main.TestSuiteExecutor.accessTestSuiteMainPhase(TestSuiteExecutor.java:142)
	at com.kms.katalon.core.main.TestSuiteExecutor.execute(TestSuiteExecutor.java:91)
	at com.kms.katalon.core.main.TestCaseMain.startTestSuite(TestCaseMain.java:157)
	at com.kms.katalon.core.main.TestCaseMain$startTestSuite$0.call(Unknown Source)
	at TempTestSuite1578919063138.run(TempTestSuite1578919063138.groovy:36)]]></system-err>
      </testcase>
      <testcase name="Test Cases/p4p_newReservationBoarding" time="0.279" classname="Test Cases/p4p_newReservationBoarding" status="ERROR">
         <error type="ERROR" message="Test Cases/p4p_newReservationBoarding FAILED.
Reason:
org.codehaus.groovy.control.MultipleCompilationErrorsException: startup failed:
file:/home/leonardo-arkusmty/Documents/workspaceKatalon/p4ptest/Scripts/p4p_newReservationBoarding/Script1576482987688.groovy: 290: The current scope already contains a variable of the name cellInv
 @ line 290, column 7.
   	Cell cellInv = rowNewRes.createCell(2, 0)
         ^

file:/home/leonardo-arkusmty/Documents/workspaceKatalon/p4ptest/Scripts/p4p_newReservationBoarding/Script1576482987688.groovy: 298: The current scope already contains a variable of the name cellInv
 @ line 298, column 7.
   	Cell cellInv = rowNewRes.createCell(4, 0)
         ^

file:/home/leonardo-arkusmty/Documents/workspaceKatalon/p4ptest/Scripts/p4p_newReservationBoarding/Script1576482987688.groovy: 302: The current scope already contains a variable of the name cellInv
 @ line 302, column 7.
   	Cell cellInv = rowNewRes.createCell(5, 0)
         ^

file:/home/leonardo-arkusmty/Documents/workspaceKatalon/p4ptest/Scripts/p4p_newReservationBoarding/Script1576482987688.groovy: 306: The current scope already contains a variable of the name cellInv
 @ line 306, column 7.
   	Cell cellInv = rowNewRes.createCell(6, 0)
         ^

file:/home/leonardo-arkusmty/Documents/workspaceKatalon/p4ptest/Scripts/p4p_newReservationBoarding/Script1576482987688.groovy: 310: The current scope already contains a variable of the name cellInv
 @ line 310, column 7.
   	Cell cellInv = rowNewRes.createCell(7, 0)
         ^

5 errors

	at com.kms.katalon.core.main.ScriptEngine.getScript(ScriptEngine.java:199)
	at com.kms.katalon.core.main.ScriptEngine.run(ScriptEngine.java:194)
	at com.kms.katalon.core.main.ScriptEngine.runScriptAsRawText(ScriptEngine.java:119)
	at com.kms.katalon.core.main.TestCaseExecutor.runScript(TestCaseExecutor.java:337)
	at com.kms.katalon.core.main.TestCaseExecutor.doExecute(TestCaseExecutor.java:328)
	at com.kms.katalon.core.main.TestCaseExecutor.processExecutionPhase(TestCaseExecutor.java:307)
	at com.kms.katalon.core.main.TestCaseExecutor.accessMainPhase(TestCaseExecutor.java:299)
	at com.kms.katalon.core.main.TestCaseExecutor.execute(TestCaseExecutor.java:233)
	at com.kms.katalon.core.main.TestSuiteExecutor.accessTestCaseMainPhase(TestSuiteExecutor.java:169)
	at com.kms.katalon.core.main.TestSuiteExecutor.accessTestSuiteMainPhase(TestSuiteExecutor.java:142)
	at com.kms.katalon.core.main.TestSuiteExecutor.execute(TestSuiteExecutor.java:91)
	at com.kms.katalon.core.main.TestCaseMain.startTestSuite(TestCaseMain.java:157)
	at com.kms.katalon.core.main.TestCaseMain$startTestSuite$0.call(Unknown Source)
	at TempTestSuite1578919063138.run(TempTestSuite1578919063138.groovy:36)
"/>
         <system-out><![CDATA[2020-01-13 06:37:45 - [TEST_CASE][ERROR] - Test Cases/p4p_newReservationBoarding: Test Cases/p4p_newReservationBoarding FAILED.
Reason:
org.codehaus.groovy.control.MultipleCompilationErrorsException: startup failed:
file:/home/leonardo-arkusmty/Documents/workspaceKatalon/p4ptest/Scripts/p4p_newReservationBoarding/Script1576482987688.groovy: 290: The current scope already contains a variable of the name cellInv
 @ line 290, column 7.
   	Cell cellInv = rowNewRes.createCell(2, 0)
         ^

file:/home/leonardo-arkusmty/Documents/workspaceKatalon/p4ptest/Scripts/p4p_newReservationBoarding/Script1576482987688.groovy: 298: The current scope already contains a variable of the name cellInv
 @ line 298, column 7.
   	Cell cellInv = rowNewRes.createCell(4, 0)
         ^

file:/home/leonardo-arkusmty/Documents/workspaceKatalon/p4ptest/Scripts/p4p_newReservationBoarding/Script1576482987688.groovy: 302: The current scope already contains a variable of the name cellInv
 @ line 302, column 7.
   	Cell cellInv = rowNewRes.createCell(5, 0)
         ^

file:/home/leonardo-arkusmty/Documents/workspaceKatalon/p4ptest/Scripts/p4p_newReservationBoarding/Script1576482987688.groovy: 306: The current scope already contains a variable of the name cellInv
 @ line 306, column 7.
   	Cell cellInv = rowNewRes.createCell(6, 0)
         ^

file:/home/leonardo-arkusmty/Documents/workspaceKatalon/p4ptest/Scripts/p4p_newReservationBoarding/Script1576482987688.groovy: 310: The current scope already contains a variable of the name cellInv
 @ line 310, column 7.
   	Cell cellInv = rowNewRes.createCell(7, 0)
         ^

5 errors

	at com.kms.katalon.core.main.ScriptEngine.getScript(ScriptEngine.java:199)
	at com.kms.katalon.core.main.ScriptEngine.run(ScriptEngine.java:194)
	at com.kms.katalon.core.main.ScriptEngine.runScriptAsRawText(ScriptEngine.java:119)
	at com.kms.katalon.core.main.TestCaseExecutor.runScript(TestCaseExecutor.java:337)
	at com.kms.katalon.core.main.TestCaseExecutor.doExecute(TestCaseExecutor.java:328)
	at com.kms.katalon.core.main.TestCaseExecutor.processExecutionPhase(TestCaseExecutor.java:307)
	at com.kms.katalon.core.main.TestCaseExecutor.accessMainPhase(TestCaseExecutor.java:299)
	at com.kms.katalon.core.main.TestCaseExecutor.execute(TestCaseExecutor.java:233)
	at com.kms.katalon.core.main.TestSuiteExecutor.accessTestCaseMainPhase(TestSuiteExecutor.java:169)
	at com.kms.katalon.core.main.TestSuiteExecutor.accessTestSuiteMainPhase(TestSuiteExecutor.java:142)
	at com.kms.katalon.core.main.TestSuiteExecutor.execute(TestSuiteExecutor.java:91)
	at com.kms.katalon.core.main.TestCaseMain.startTestSuite(TestCaseMain.java:157)
	at com.kms.katalon.core.main.TestCaseMain$startTestSuite$0.call(Unknown Source)
	at TempTestSuite1578919063138.run(TempTestSuite1578919063138.groovy:36)]]></system-out>
         <system-err><![CDATA[2020-01-13 06:37:45 - [TEST_CASE][ERROR] - Test Cases/p4p_newReservationBoarding: Test Cases/p4p_newReservationBoarding FAILED.
Reason:
org.codehaus.groovy.control.MultipleCompilationErrorsException: startup failed:
file:/home/leonardo-arkusmty/Documents/workspaceKatalon/p4ptest/Scripts/p4p_newReservationBoarding/Script1576482987688.groovy: 290: The current scope already contains a variable of the name cellInv
 @ line 290, column 7.
   	Cell cellInv = rowNewRes.createCell(2, 0)
         ^

file:/home/leonardo-arkusmty/Documents/workspaceKatalon/p4ptest/Scripts/p4p_newReservationBoarding/Script1576482987688.groovy: 298: The current scope already contains a variable of the name cellInv
 @ line 298, column 7.
   	Cell cellInv = rowNewRes.createCell(4, 0)
         ^

file:/home/leonardo-arkusmty/Documents/workspaceKatalon/p4ptest/Scripts/p4p_newReservationBoarding/Script1576482987688.groovy: 302: The current scope already contains a variable of the name cellInv
 @ line 302, column 7.
   	Cell cellInv = rowNewRes.createCell(5, 0)
         ^

file:/home/leonardo-arkusmty/Documents/workspaceKatalon/p4ptest/Scripts/p4p_newReservationBoarding/Script1576482987688.groovy: 306: The current scope already contains a variable of the name cellInv
 @ line 306, column 7.
   	Cell cellInv = rowNewRes.createCell(6, 0)
         ^

file:/home/leonardo-arkusmty/Documents/workspaceKatalon/p4ptest/Scripts/p4p_newReservationBoarding/Script1576482987688.groovy: 310: The current scope already contains a variable of the name cellInv
 @ line 310, column 7.
   	Cell cellInv = rowNewRes.createCell(7, 0)
         ^

5 errors

	at com.kms.katalon.core.main.ScriptEngine.getScript(ScriptEngine.java:199)
	at com.kms.katalon.core.main.ScriptEngine.run(ScriptEngine.java:194)
	at com.kms.katalon.core.main.ScriptEngine.runScriptAsRawText(ScriptEngine.java:119)
	at com.kms.katalon.core.main.TestCaseExecutor.runScript(TestCaseExecutor.java:337)
	at com.kms.katalon.core.main.TestCaseExecutor.doExecute(TestCaseExecutor.java:328)
	at com.kms.katalon.core.main.TestCaseExecutor.processExecutionPhase(TestCaseExecutor.java:307)
	at com.kms.katalon.core.main.TestCaseExecutor.accessMainPhase(TestCaseExecutor.java:299)
	at com.kms.katalon.core.main.TestCaseExecutor.execute(TestCaseExecutor.java:233)
	at com.kms.katalon.core.main.TestSuiteExecutor.accessTestCaseMainPhase(TestSuiteExecutor.java:169)
	at com.kms.katalon.core.main.TestSuiteExecutor.accessTestSuiteMainPhase(TestSuiteExecutor.java:142)
	at com.kms.katalon.core.main.TestSuiteExecutor.execute(TestSuiteExecutor.java:91)
	at com.kms.katalon.core.main.TestCaseMain.startTestSuite(TestCaseMain.java:157)
	at com.kms.katalon.core.main.TestCaseMain$startTestSuite$0.call(Unknown Source)
	at TempTestSuite1578919063138.run(TempTestSuite1578919063138.groovy:36)]]></system-err>
      </testcase>
      <system-out><![CDATA[2020-01-13 06:37:44 - [TEST_SUITE][ERROR] - ts_newReservationBoarding: Test Cases/p4p_newReservationBoarding FAILED.
Reason:
org.codehaus.groovy.control.MultipleCompilationErrorsException: startup failed:
file:/home/leonardo-arkusmty/Documents/workspaceKatalon/p4ptest/Scripts/p4p_newReservationBoarding/Script1576482987688.groovy: 290: The current scope already contains a variable of the name cellInv
 @ line 290, column 7.
   	Cell cellInv = rowNewRes.createCell(2, 0)
         ^

file:/home/leonardo-arkusmty/Documents/workspaceKatalon/p4ptest/Scripts/p4p_newReservationBoarding/Script1576482987688.groovy: 298: The current scope already contains a variable of the name cellInv
 @ line 298, column 7.
   	Cell cellInv = rowNewRes.createCell(4, 0)
         ^

file:/home/leonardo-arkusmty/Documents/workspaceKatalon/p4ptest/Scripts/p4p_newReservationBoarding/Script1576482987688.groovy: 302: The current scope already contains a variable of the name cellInv
 @ line 302, column 7.
   	Cell cellInv = rowNewRes.createCell(5, 0)
         ^

file:/home/leonardo-arkusmty/Documents/workspaceKatalon/p4ptest/Scripts/p4p_newReservationBoarding/Script1576482987688.groovy: 306: The current scope already contains a variable of the name cellInv
 @ line 306, column 7.
   	Cell cellInv = rowNewRes.createCell(6, 0)
         ^

file:/home/leonardo-arkusmty/Documents/workspaceKatalon/p4ptest/Scripts/p4p_newReservationBoarding/Script1576482987688.groovy: 310: The current scope already contains a variable of the name cellInv
 @ line 310, column 7.
   	Cell cellInv = rowNewRes.createCell(7, 0)
         ^

5 errors

	at com.kms.katalon.core.main.ScriptEngine.getScript(ScriptEngine.java:199)
	at com.kms.katalon.core.main.ScriptEngine.run(ScriptEngine.java:194)
	at com.kms.katalon.core.main.ScriptEngine.runScriptAsRawText(ScriptEngine.java:119)
	at com.kms.katalon.core.main.TestCaseExecutor.runScript(TestCaseExecutor.java:337)
	at com.kms.katalon.core.main.TestCaseExecutor.doExecute(TestCaseExecutor.java:328)
	at com.kms.katalon.core.main.TestCaseExecutor.processExecutionPhase(TestCaseExecutor.java:307)
	at com.kms.katalon.core.main.TestCaseExecutor.accessMainPhase(TestCaseExecutor.java:299)
	at com.kms.katalon.core.main.TestCaseExecutor.execute(TestCaseExecutor.java:233)
	at com.kms.katalon.core.main.TestSuiteExecutor.accessTestCaseMainPhase(TestSuiteExecutor.java:169)
	at com.kms.katalon.core.main.TestSuiteExecutor.accessTestSuiteMainPhase(TestSuiteExecutor.java:142)
	at com.kms.katalon.core.main.TestSuiteExecutor.execute(TestSuiteExecutor.java:91)
	at com.kms.katalon.core.main.TestCaseMain.startTestSuite(TestCaseMain.java:157)
	at com.kms.katalon.core.main.TestCaseMain$startTestSuite$0.call(Unknown Source)
	at TempTestSuite1578919063138.run(TempTestSuite1578919063138.groovy:36)]]></system-out>
      <system-err><![CDATA[2020-01-13 06:37:44 - [TEST_SUITE][ERROR] - ts_newReservationBoarding: Test Cases/p4p_newReservationBoarding FAILED.
Reason:
org.codehaus.groovy.control.MultipleCompilationErrorsException: startup failed:
file:/home/leonardo-arkusmty/Documents/workspaceKatalon/p4ptest/Scripts/p4p_newReservationBoarding/Script1576482987688.groovy: 290: The current scope already contains a variable of the name cellInv
 @ line 290, column 7.
   	Cell cellInv = rowNewRes.createCell(2, 0)
         ^

file:/home/leonardo-arkusmty/Documents/workspaceKatalon/p4ptest/Scripts/p4p_newReservationBoarding/Script1576482987688.groovy: 298: The current scope already contains a variable of the name cellInv
 @ line 298, column 7.
   	Cell cellInv = rowNewRes.createCell(4, 0)
         ^

file:/home/leonardo-arkusmty/Documents/workspaceKatalon/p4ptest/Scripts/p4p_newReservationBoarding/Script1576482987688.groovy: 302: The current scope already contains a variable of the name cellInv
 @ line 302, column 7.
   	Cell cellInv = rowNewRes.createCell(5, 0)
         ^

file:/home/leonardo-arkusmty/Documents/workspaceKatalon/p4ptest/Scripts/p4p_newReservationBoarding/Script1576482987688.groovy: 306: The current scope already contains a variable of the name cellInv
 @ line 306, column 7.
   	Cell cellInv = rowNewRes.createCell(6, 0)
         ^

file:/home/leonardo-arkusmty/Documents/workspaceKatalon/p4ptest/Scripts/p4p_newReservationBoarding/Script1576482987688.groovy: 310: The current scope already contains a variable of the name cellInv
 @ line 310, column 7.
   	Cell cellInv = rowNewRes.createCell(7, 0)
         ^

5 errors

	at com.kms.katalon.core.main.ScriptEngine.getScript(ScriptEngine.java:199)
	at com.kms.katalon.core.main.ScriptEngine.run(ScriptEngine.java:194)
	at com.kms.katalon.core.main.ScriptEngine.runScriptAsRawText(ScriptEngine.java:119)
	at com.kms.katalon.core.main.TestCaseExecutor.runScript(TestCaseExecutor.java:337)
	at com.kms.katalon.core.main.TestCaseExecutor.doExecute(TestCaseExecutor.java:328)
	at com.kms.katalon.core.main.TestCaseExecutor.processExecutionPhase(TestCaseExecutor.java:307)
	at com.kms.katalon.core.main.TestCaseExecutor.accessMainPhase(TestCaseExecutor.java:299)
	at com.kms.katalon.core.main.TestCaseExecutor.execute(TestCaseExecutor.java:233)
	at com.kms.katalon.core.main.TestSuiteExecutor.accessTestCaseMainPhase(TestSuiteExecutor.java:169)
	at com.kms.katalon.core.main.TestSuiteExecutor.accessTestSuiteMainPhase(TestSuiteExecutor.java:142)
	at com.kms.katalon.core.main.TestSuiteExecutor.execute(TestSuiteExecutor.java:91)
	at com.kms.katalon.core.main.TestCaseMain.startTestSuite(TestCaseMain.java:157)
	at com.kms.katalon.core.main.TestCaseMain$startTestSuite$0.call(Unknown Source)
	at TempTestSuite1578919063138.run(TempTestSuite1578919063138.groovy:36)]]></system-err>
   </testsuite>
</testsuites>
