<?xml version="1.0" encoding="UTF-8"?>
<testsuites name="ts_cancelReservationEditBtn" time="17.463" tests="1" failures="0" errors="1">
   <testsuite name="ts_cancelReservationEditBtn" tests="1" failures="0" errors="1" time="17.463" timestamp="2019-12-09 10:35:29" hostname="leonardo-arkusmty - leonardoarkusmty-Inspiron-5577" id="Test Suites/ts_cancelReservationEditBtn">
      <properties>
         <property name="deviceName" value=""/>
         <property name="devicePlatform" value=""/>
         <property name="logFolder" value="/home/leonardo-arkusmty/Documents/workspaceKatalon/p4ptest/Reports/20191209_103528/ts_cancelReservationEditBtn/20191209_103528"/>
         <property name="logFiles" value="/home/leonardo-arkusmty/Documents/workspaceKatalon/p4ptest/Reports/20191209_103528/ts_cancelReservationEditBtn/20191209_103528/execution0.log"/>
         <property name="attachments" value=""/>
         <property name="hostName" value="leonardo-arkusmty - leonardoarkusmty-Inspiron-5577"/>
         <property name="os" value="Linux 64bit"/>
         <property name="katalonVersion" value="7.0.8.1"/>
         <property name="browser" value="Firefox 70.0"/>
         <property name="hostAddress" value="127.0.1.1"/>
         <property name="sessionId" value="95d7c648-edc6-46da-9465-311fe7a2ab83"/>
         <property name="seleniumVersion" value="3.141.59"/>
         <property name="proxyInformation" value="ProxyInformation{proxyOption=NO_PROXY, proxyServerType=HTTP, password=, proxyServerAddress=, proxyServerPort=0}"/>
         <property name="platform" value="Linux"/>
      </properties>
      <testcase name="Test Cases/p4p_cancelReserBtn" time="12.7" classname="Test Cases/p4p_cancelReserBtn" status="ERROR">
         <error type="ERROR" message="Test Cases/p4p_cancelReserBtn FAILED.
Reason:
groovy.lang.MissingPropertyException: No such property: var_mailParent for class: Script1574376726717
	at p4p_cancelReserBtn.run(p4p_cancelReserBtn:32)
	at com.kms.katalon.core.main.ScriptEngine.run(ScriptEngine.java:194)
	at com.kms.katalon.core.main.ScriptEngine.runScriptAsRawText(ScriptEngine.java:119)
	at com.kms.katalon.core.main.TestCaseExecutor.runScript(TestCaseExecutor.java:337)
	at com.kms.katalon.core.main.TestCaseExecutor.doExecute(TestCaseExecutor.java:328)
	at com.kms.katalon.core.main.TestCaseExecutor.processExecutionPhase(TestCaseExecutor.java:307)
	at com.kms.katalon.core.main.TestCaseExecutor.accessMainPhase(TestCaseExecutor.java:299)
	at com.kms.katalon.core.main.TestCaseExecutor.execute(TestCaseExecutor.java:233)
	at com.kms.katalon.core.main.TestSuiteExecutor.accessTestCaseMainPhase(TestSuiteExecutor.java:169)
	at com.kms.katalon.core.main.TestSuiteExecutor.accessTestSuiteMainPhase(TestSuiteExecutor.java:142)
	at com.kms.katalon.core.main.TestSuiteExecutor.execute(TestSuiteExecutor.java:91)
	at com.kms.katalon.core.main.TestCaseMain.startTestSuite(TestCaseMain.java:157)
	at com.kms.katalon.core.main.TestCaseMain$startTestSuite$0.call(Unknown Source)
	at TempTestSuite1575909328011.run(TempTestSuite1575909328011.groovy:36)
"/>
         <system-out><![CDATA[2019-12-09 10:35:29 - [TEST_CASE][ERROR] - Test Cases/p4p_cancelReserBtn: Test Cases/p4p_cancelReserBtn FAILED.
Reason:
groovy.lang.MissingPropertyException: No such property: var_mailParent for class: Script1574376726717
	at p4p_cancelReserBtn.run(p4p_cancelReserBtn:32)
	at com.kms.katalon.core.main.ScriptEngine.run(ScriptEngine.java:194)
	at com.kms.katalon.core.main.ScriptEngine.runScriptAsRawText(ScriptEngine.java:119)
	at com.kms.katalon.core.main.TestCaseExecutor.runScript(TestCaseExecutor.java:337)
	at com.kms.katalon.core.main.TestCaseExecutor.doExecute(TestCaseExecutor.java:328)
	at com.kms.katalon.core.main.TestCaseExecutor.processExecutionPhase(TestCaseExecutor.java:307)
	at com.kms.katalon.core.main.TestCaseExecutor.accessMainPhase(TestCaseExecutor.java:299)
	at com.kms.katalon.core.main.TestCaseExecutor.execute(TestCaseExecutor.java:233)
	at com.kms.katalon.core.main.TestSuiteExecutor.accessTestCaseMainPhase(TestSuiteExecutor.java:169)
	at com.kms.katalon.core.main.TestSuiteExecutor.accessTestSuiteMainPhase(TestSuiteExecutor.java:142)
	at com.kms.katalon.core.main.TestSuiteExecutor.execute(TestSuiteExecutor.java:91)
	at com.kms.katalon.core.main.TestCaseMain.startTestSuite(TestCaseMain.java:157)
	at com.kms.katalon.core.main.TestCaseMain$startTestSuite$0.call(Unknown Source)
	at TempTestSuite1575909328011.run(TempTestSuite1575909328011.groovy:36)


2019-12-09 10:35:29 - [TEST_STEP][PASSED] - openBrowser("https://p4p-qa-bg.aws.paradise4paws.com/login/"): Browser is opened with url: 'https://p4p-qa-bg.aws.paradise4paws.com/login/'

2019-12-09 10:35:30 - [MESSAGE][INFO] - Starting 'Firefox' driver

2019-12-09 10:35:30 - [MESSAGE][INFO] - Action delay is set to 0 seconds

2019-12-09 10:35:34 - [MESSAGE][PASSED] - Browser is opened with url: 'https://p4p-qa-bg.aws.paradise4paws.com/login/'

2019-12-09 10:35:34 - [TEST_STEP][PASSED] - setText(findTestObject("object_login/input_user"), var_user): Text '' is set on object 'Object Repository/object_login/input_user'

2019-12-09 10:35:35 - [MESSAGE][PASSED] - Text '' is set on object 'Object Repository/object_login/input_user'

2019-12-09 10:35:35 - [TEST_STEP][PASSED] - setText(findTestObject("object_login/input_pass"), var_pass): Text '' is set on object 'Object Repository/object_login/input_pass'

2019-12-09 10:35:36 - [MESSAGE][PASSED] - Text '' is set on object 'Object Repository/object_login/input_pass'

2019-12-09 10:35:36 - [TEST_STEP][PASSED] - delay(2): Delayed 2 second(s)

2019-12-09 10:35:38 - [MESSAGE][PASSED] - Delayed 2 second(s)

2019-12-09 10:35:38 - [TEST_STEP][PASSED] - verifyElementClickable(findTestObject("object_login/btn_login")): Object 'Object Repository/object_login/btn_login' is clickable

2019-12-09 10:35:38 - [MESSAGE][PASSED] - Object 'Object Repository/object_login/btn_login' is clickable

2019-12-09 10:35:38 - [TEST_STEP][PASSED] - click(findTestObject("object_login/btn_login")): Object: 'Object Repository/object_login/btn_login' is clicked on

2019-12-09 10:35:39 - [MESSAGE][PASSED] - Object: 'Object Repository/object_login/btn_login' is clicked on

2019-12-09 10:35:39 - [TEST_STEP][PASSED] - delay(3): Delayed 3 second(s)

2019-12-09 10:35:42 - [MESSAGE][PASSED] - Delayed 3 second(s)

2019-12-09 10:35:42 - [TEST_STEP][PASSED] - setText(findTestObject("object_dashboard_emp/input_search"), var_mailParent): null]]></system-out>
         <system-err><![CDATA[2019-12-09 10:35:29 - [TEST_CASE][ERROR] - Test Cases/p4p_cancelReserBtn: Test Cases/p4p_cancelReserBtn FAILED.
Reason:
groovy.lang.MissingPropertyException: No such property: var_mailParent for class: Script1574376726717
	at p4p_cancelReserBtn.run(p4p_cancelReserBtn:32)
	at com.kms.katalon.core.main.ScriptEngine.run(ScriptEngine.java:194)
	at com.kms.katalon.core.main.ScriptEngine.runScriptAsRawText(ScriptEngine.java:119)
	at com.kms.katalon.core.main.TestCaseExecutor.runScript(TestCaseExecutor.java:337)
	at com.kms.katalon.core.main.TestCaseExecutor.doExecute(TestCaseExecutor.java:328)
	at com.kms.katalon.core.main.TestCaseExecutor.processExecutionPhase(TestCaseExecutor.java:307)
	at com.kms.katalon.core.main.TestCaseExecutor.accessMainPhase(TestCaseExecutor.java:299)
	at com.kms.katalon.core.main.TestCaseExecutor.execute(TestCaseExecutor.java:233)
	at com.kms.katalon.core.main.TestSuiteExecutor.accessTestCaseMainPhase(TestSuiteExecutor.java:169)
	at com.kms.katalon.core.main.TestSuiteExecutor.accessTestSuiteMainPhase(TestSuiteExecutor.java:142)
	at com.kms.katalon.core.main.TestSuiteExecutor.execute(TestSuiteExecutor.java:91)
	at com.kms.katalon.core.main.TestCaseMain.startTestSuite(TestCaseMain.java:157)
	at com.kms.katalon.core.main.TestCaseMain$startTestSuite$0.call(Unknown Source)
	at TempTestSuite1575909328011.run(TempTestSuite1575909328011.groovy:36)]]></system-err>
      </testcase>
      <system-out><![CDATA[2019-12-09 10:35:29 - [TEST_SUITE][ERROR] - ts_cancelReservationEditBtn: Test Cases/p4p_cancelReserBtn FAILED.
Reason:
groovy.lang.MissingPropertyException: No such property: var_mailParent for class: Script1574376726717
	at p4p_cancelReserBtn.run(p4p_cancelReserBtn:32)
	at com.kms.katalon.core.main.ScriptEngine.run(ScriptEngine.java:194)
	at com.kms.katalon.core.main.ScriptEngine.runScriptAsRawText(ScriptEngine.java:119)
	at com.kms.katalon.core.main.TestCaseExecutor.runScript(TestCaseExecutor.java:337)
	at com.kms.katalon.core.main.TestCaseExecutor.doExecute(TestCaseExecutor.java:328)
	at com.kms.katalon.core.main.TestCaseExecutor.processExecutionPhase(TestCaseExecutor.java:307)
	at com.kms.katalon.core.main.TestCaseExecutor.accessMainPhase(TestCaseExecutor.java:299)
	at com.kms.katalon.core.main.TestCaseExecutor.execute(TestCaseExecutor.java:233)
	at com.kms.katalon.core.main.TestSuiteExecutor.accessTestCaseMainPhase(TestSuiteExecutor.java:169)
	at com.kms.katalon.core.main.TestSuiteExecutor.accessTestSuiteMainPhase(TestSuiteExecutor.java:142)
	at com.kms.katalon.core.main.TestSuiteExecutor.execute(TestSuiteExecutor.java:91)
	at com.kms.katalon.core.main.TestCaseMain.startTestSuite(TestCaseMain.java:157)
	at com.kms.katalon.core.main.TestCaseMain$startTestSuite$0.call(Unknown Source)
	at TempTestSuite1575909328011.run(TempTestSuite1575909328011.groovy:36)]]></system-out>
      <system-err><![CDATA[2019-12-09 10:35:29 - [TEST_SUITE][ERROR] - ts_cancelReservationEditBtn: Test Cases/p4p_cancelReserBtn FAILED.
Reason:
groovy.lang.MissingPropertyException: No such property: var_mailParent for class: Script1574376726717
	at p4p_cancelReserBtn.run(p4p_cancelReserBtn:32)
	at com.kms.katalon.core.main.ScriptEngine.run(ScriptEngine.java:194)
	at com.kms.katalon.core.main.ScriptEngine.runScriptAsRawText(ScriptEngine.java:119)
	at com.kms.katalon.core.main.TestCaseExecutor.runScript(TestCaseExecutor.java:337)
	at com.kms.katalon.core.main.TestCaseExecutor.doExecute(TestCaseExecutor.java:328)
	at com.kms.katalon.core.main.TestCaseExecutor.processExecutionPhase(TestCaseExecutor.java:307)
	at com.kms.katalon.core.main.TestCaseExecutor.accessMainPhase(TestCaseExecutor.java:299)
	at com.kms.katalon.core.main.TestCaseExecutor.execute(TestCaseExecutor.java:233)
	at com.kms.katalon.core.main.TestSuiteExecutor.accessTestCaseMainPhase(TestSuiteExecutor.java:169)
	at com.kms.katalon.core.main.TestSuiteExecutor.accessTestSuiteMainPhase(TestSuiteExecutor.java:142)
	at com.kms.katalon.core.main.TestSuiteExecutor.execute(TestSuiteExecutor.java:91)
	at com.kms.katalon.core.main.TestCaseMain.startTestSuite(TestCaseMain.java:157)
	at com.kms.katalon.core.main.TestCaseMain$startTestSuite$0.call(Unknown Source)
	at TempTestSuite1575909328011.run(TempTestSuite1575909328011.groovy:36)]]></system-err>
   </testsuite>
</testsuites>
