<?xml version="1.0" encoding="UTF-8"?>
<testsuites name="ts_newReservationBoarding" time="153.219" tests="2" failures="0" errors="2">
   <testsuite name="ts_newReservationBoarding" tests="2" failures="0" errors="2" time="153.219" timestamp="2019-12-13 13:53:04" hostname="leonardo-arkusmty - leonardoarkusmty-Inspiron-5577" id="Test Suites/ts_newReservationBoarding">
      <properties>
         <property name="deviceName" value=""/>
         <property name="devicePlatform" value=""/>
         <property name="logFolder" value="/home/leonardo-arkusmty/Documents/workspaceKatalon/p4ptest/Reports/20191213_135303/ts_newReservationBoarding/20191213_135303"/>
         <property name="logFiles" value="/home/leonardo-arkusmty/Documents/workspaceKatalon/p4ptest/Reports/20191213_135303/ts_newReservationBoarding/20191213_135303/execution0.log"/>
         <property name="attachments" value=""/>
         <property name="hostName" value="leonardo-arkusmty - leonardoarkusmty-Inspiron-5577"/>
         <property name="os" value="Linux 64bit"/>
         <property name="katalonVersion" value="7.0.8.1"/>
         <property name="browser" value="Firefox 70.0"/>
         <property name="hostAddress" value="127.0.1.1"/>
         <property name="sessionId" value="5cc05f38-1161-4e04-93a1-072b173ab33f"/>
         <property name="seleniumVersion" value="3.141.59"/>
         <property name="proxyInformation" value="ProxyInformation{proxyOption=NO_PROXY, proxyServerType=HTTP, password=, proxyServerAddress=, proxyServerPort=0}"/>
         <property name="platform" value="Linux"/>
      </properties>
      <testcase name="Test Cases/p4p_newReservation" time="72.975" classname="Test Cases/p4p_newReservation" status="ERROR">
         <error type="ERROR" message="Test Cases/p4p_newReservation FAILED.
Reason:
groovy.lang.MissingPropertyException: No such property: t for class: java.lang.String
	at p4p_newReservation.run(p4p_newReservation:702)
	at com.kms.katalon.core.main.ScriptEngine.run(ScriptEngine.java:194)
	at com.kms.katalon.core.main.ScriptEngine.runScriptAsRawText(ScriptEngine.java:119)
	at com.kms.katalon.core.main.TestCaseExecutor.runScript(TestCaseExecutor.java:337)
	at com.kms.katalon.core.main.TestCaseExecutor.doExecute(TestCaseExecutor.java:328)
	at com.kms.katalon.core.main.TestCaseExecutor.processExecutionPhase(TestCaseExecutor.java:307)
	at com.kms.katalon.core.main.TestCaseExecutor.accessMainPhase(TestCaseExecutor.java:299)
	at com.kms.katalon.core.main.TestCaseExecutor.execute(TestCaseExecutor.java:233)
	at com.kms.katalon.core.main.TestSuiteExecutor.accessTestCaseMainPhase(TestSuiteExecutor.java:169)
	at com.kms.katalon.core.main.TestSuiteExecutor.accessTestSuiteMainPhase(TestSuiteExecutor.java:142)
	at com.kms.katalon.core.main.TestSuiteExecutor.execute(TestSuiteExecutor.java:91)
	at com.kms.katalon.core.main.TestCaseMain.startTestSuite(TestCaseMain.java:157)
	at com.kms.katalon.core.main.TestCaseMain$startTestSuite$0.call(Unknown Source)
	at TempTestSuite1576266783029.run(TempTestSuite1576266783029.groovy:36)
"/>
         <system-out><![CDATA[2019-12-13 13:53:04 - [TEST_CASE][ERROR] - Test Cases/p4p_newReservation: Test Cases/p4p_newReservation FAILED.
Reason:
groovy.lang.MissingPropertyException: No such property: t for class: java.lang.String
	at p4p_newReservation.run(p4p_newReservation:702)
	at com.kms.katalon.core.main.ScriptEngine.run(ScriptEngine.java:194)
	at com.kms.katalon.core.main.ScriptEngine.runScriptAsRawText(ScriptEngine.java:119)
	at com.kms.katalon.core.main.TestCaseExecutor.runScript(TestCaseExecutor.java:337)
	at com.kms.katalon.core.main.TestCaseExecutor.doExecute(TestCaseExecutor.java:328)
	at com.kms.katalon.core.main.TestCaseExecutor.processExecutionPhase(TestCaseExecutor.java:307)
	at com.kms.katalon.core.main.TestCaseExecutor.accessMainPhase(TestCaseExecutor.java:299)
	at com.kms.katalon.core.main.TestCaseExecutor.execute(TestCaseExecutor.java:233)
	at com.kms.katalon.core.main.TestSuiteExecutor.accessTestCaseMainPhase(TestSuiteExecutor.java:169)
	at com.kms.katalon.core.main.TestSuiteExecutor.accessTestSuiteMainPhase(TestSuiteExecutor.java:142)
	at com.kms.katalon.core.main.TestSuiteExecutor.execute(TestSuiteExecutor.java:91)
	at com.kms.katalon.core.main.TestCaseMain.startTestSuite(TestCaseMain.java:157)
	at com.kms.katalon.core.main.TestCaseMain$startTestSuite$0.call(Unknown Source)
	at TempTestSuite1576266783029.run(TempTestSuite1576266783029.groovy:36)


2019-12-13 13:53:05 - [TEST_STEP][PASSED] - rowCount = 1: null

2019-12-13 13:53:05 - [TEST_STEP][PASSED] - openBrowser("https://p4p-qa-bg.aws.paradise4paws.com/login/"): Browser is opened with url: 'https://p4p-qa-bg.aws.paradise4paws.com/login/'

2019-12-13 13:53:05 - [MESSAGE][INFO] - Starting 'Firefox' driver

2019-12-13 13:53:05 - [MESSAGE][INFO] - Action delay is set to 0 seconds

2019-12-13 13:53:09 - [MESSAGE][PASSED] - Browser is opened with url: 'https://p4p-qa-bg.aws.paradise4paws.com/login/'

2019-12-13 13:53:09 - [TEST_STEP][PASSED] - setText(findTestObject("Object Repository/object_login/input_user"), var_user): Text 'jegchavez@gmail.com' is set on object 'Object Repository/object_login/input_user'

2019-12-13 13:53:10 - [MESSAGE][PASSED] - Text 'jegchavez@gmail.com' is set on object 'Object Repository/object_login/input_user'

2019-12-13 13:53:10 - [TEST_STEP][PASSED] - setText(findTestObject("Object Repository/object_login/input_pass"), var_pass): Text 'admin1' is set on object 'Object Repository/object_login/input_pass'

2019-12-13 13:53:10 - [MESSAGE][PASSED] - Text 'admin1' is set on object 'Object Repository/object_login/input_pass'

2019-12-13 13:53:10 - [TEST_STEP][PASSED] - delay(2): Delayed 2 second(s)

2019-12-13 13:53:12 - [MESSAGE][PASSED] - Delayed 2 second(s)

2019-12-13 13:53:12 - [TEST_STEP][PASSED] - verifyElementClickable(findTestObject("Object Repository/object_login/btn_login")): Object 'Object Repository/object_login/btn_login' is clickable

2019-12-13 13:53:12 - [MESSAGE][PASSED] - Object 'Object Repository/object_login/btn_login' is clickable

2019-12-13 13:53:12 - [TEST_STEP][PASSED] - click(findTestObject("Object Repository/object_login/btn_login")): Object: 'Object Repository/object_login/btn_login' is clicked on

2019-12-13 13:53:16 - [MESSAGE][PASSED] - Object: 'Object Repository/object_login/btn_login' is clicked on

2019-12-13 13:53:16 - [TEST_STEP][PASSED] - delay(2): Delayed 2 second(s)

2019-12-13 13:53:18 - [MESSAGE][PASSED] - Delayed 2 second(s)

2019-12-13 13:53:18 - [TEST_STEP][PASSED] - setText(findTestObject("Object Repository/object_dashboard_emp/input_search"), var_searchParent): Text 'leongarzagarza@hotmail.com' is set on object 'Object Repository/object_dashboard_emp/input_search'

2019-12-13 13:53:18 - [MESSAGE][PASSED] - Text 'leongarzagarza@hotmail.com' is set on object 'Object Repository/object_dashboard_emp/input_search'

2019-12-13 13:53:18 - [TEST_STEP][PASSED] - click(findTestObject("Object Repository/object_dashboard_emp/btn_accountSearch")): Object: 'Object Repository/object_dashboard_emp/btn_accountSearch' is clicked on

2019-12-13 13:53:19 - [MESSAGE][PASSED] - Object: 'Object Repository/object_dashboard_emp/btn_accountSearch' is clicked on

2019-12-13 13:53:19 - [TEST_STEP][PASSED] - delay(2): Delayed 2 second(s)

2019-12-13 13:53:21 - [MESSAGE][PASSED] - Delayed 2 second(s)

2019-12-13 13:53:21 - [TEST_STEP][PASSED] - click(findTestObject("Object Repository/object_accountInformation/a_TEST GABRIEL PROD")): Object: 'Object Repository/object_accountInformation/a_TEST GABRIEL PROD' is clicked on

2019-12-13 13:53:25 - [MESSAGE][PASSED] - Object: 'Object Repository/object_accountInformation/a_TEST GABRIEL PROD' is clicked on

2019-12-13 13:53:25 - [TEST_STEP][PASSED] - delay(2): Delayed 2 second(s)

2019-12-13 13:53:27 - [MESSAGE][PASSED] - Delayed 2 second(s)

2019-12-13 13:53:27 - [TEST_STEP][PASSED] - click(findTestObject("Object Repository/object_profile/a_addReservation")): Object: 'Object Repository/object_profile/a_addReservation' is clicked on

2019-12-13 13:53:28 - [MESSAGE][PASSED] - Object: 'Object Repository/object_profile/a_addReservation' is clicked on

2019-12-13 13:53:28 - [TEST_STEP][PASSED] - delay(2): Delayed 2 second(s)

2019-12-13 13:53:30 - [MESSAGE][PASSED] - Delayed 2 second(s)

2019-12-13 13:53:30 - [TEST_STEP][PASSED] - flagBoar = "0": null

2019-12-13 13:53:30 - [TEST_STEP][PASSED] - log = new com.kms.katalon.core.logging.KeywordLogger(): null

2019-12-13 13:53:30 - [TEST_STEP][PASSED] - log.logInfo("---row"): ---row

2019-12-13 13:53:30 - [MESSAGE][INFO] - ---row

2019-12-13 13:53:30 - [TEST_STEP][PASSED] - log.logInfo("REGISTRO: " + rowCount): REGISTRO: 1

2019-12-13 13:53:30 - [MESSAGE][INFO] - REGISTRO: 1

2019-12-13 13:53:30 - [TEST_STEP][PASSED] - log.logInfo("---roe"): ---roe

2019-12-13 13:53:30 - [MESSAGE][INFO] - ---roe

2019-12-13 13:53:30 - [TEST_STEP][PASSED] - if (var_typeReserveation == "Boarding"): null

2019-12-13 13:53:30 - [TEST_STEP][PASSED] - click(findTestObject("Object Repository/object_reservation/btn_Boarding")): Object: 'Object Repository/object_reservation/btn_Boarding' is clicked on

2019-12-13 13:53:31 - [MESSAGE][PASSED] - Object: 'Object Repository/object_reservation/btn_Boarding' is clicked on

2019-12-13 13:53:31 - [TEST_STEP][PASSED] - flagBoar = "1": null

2019-12-13 13:53:31 - [TEST_STEP][PASSED] - click(findTestObject("Object Repository/object_reservation/i_location")): Object: 'Object Repository/object_reservation/i_location' is clicked on

2019-12-13 13:53:33 - [MESSAGE][PASSED] - Object: 'Object Repository/object_reservation/i_location' is clicked on

2019-12-13 13:53:33 - [TEST_STEP][PASSED] - switch (var_idFacility): null

2019-12-13 13:53:33 - [TEST_STEP][PASSED] - dateCI = var_checkinD.split(","): null

2019-12-13 13:53:33 - [TEST_STEP][PASSED] - dateCO = var_checkoutD.split(","): null

2019-12-13 13:53:33 - [TEST_STEP][PASSED] - arryPets = var_pets.split(","): null

2019-12-13 13:53:33 - [TEST_STEP][PASSED] - delay(2): Delayed 2 second(s)

2019-12-13 13:53:35 - [MESSAGE][PASSED] - Delayed 2 second(s)

2019-12-13 13:53:35 - [TEST_STEP][PASSED] - if (var_repeting == "Y"): null

2019-12-13 13:53:35 - [TEST_STEP][PASSED] - click(findTestObject("Object Repository/object_reservation/dateCheckIn")): Object: 'Object Repository/object_reservation/dateCheckIn' is clicked on

2019-12-13 13:53:36 - [MESSAGE][PASSED] - Object: 'Object Repository/object_reservation/dateCheckIn' is clicked on

2019-12-13 13:53:36 - [TEST_STEP][PASSED] - delay(2): Delayed 2 second(s)

2019-12-13 13:53:38 - [MESSAGE][PASSED] - Delayed 2 second(s)

2019-12-13 13:53:38 - [TEST_STEP][PASSED] - switch (dateCI[0]): null

2019-12-13 13:53:38 - [TEST_STEP][PASSED] - case "1":: null

2019-12-13 13:53:38 - [TEST_STEP][PASSED] - click(findTestObject("Object Repository/Page_Paradise 4 Paws  Dog Boarding Cat Boarding Norwalk Pooch Hotel/button_01_ci")): Object: 'Object Repository/Page_Paradise 4 Paws  Dog Boarding Cat Boarding Norwalk Pooch Hotel/button_01_ci' is clicked on

2019-12-13 13:53:39 - [MESSAGE][PASSED] - Object: 'Object Repository/Page_Paradise 4 Paws  Dog Boarding Cat Boarding Norwalk Pooch Hotel/button_01_ci' is clicked on

2019-12-13 13:53:39 - [TEST_STEP][PASSED] - break: null

2019-12-13 13:53:39 - [TEST_STEP][PASSED] - if (flagBoar == "1"): null

2019-12-13 13:53:39 - [TEST_STEP][PASSED] - click(findTestObject("Object Repository/object_reservation/dateCheckOut")): Object: 'Object Repository/object_reservation/dateCheckOut' is clicked on

2019-12-13 13:53:39 - [MESSAGE][PASSED] - Object: 'Object Repository/object_reservation/dateCheckOut' is clicked on

2019-12-13 13:53:39 - [TEST_STEP][PASSED] - switch (dateCO[0]): null

2019-12-13 13:53:39 - [TEST_STEP][PASSED] - case "2":: null

2019-12-13 13:53:39 - [TEST_STEP][PASSED] - click(findTestObject("Object Repository/Page_Paradise 4 Paws  Dog Boarding Cat Boarding Norwalk Pooch Hotel/button_02_co")): Object: 'Object Repository/Page_Paradise 4 Paws  Dog Boarding Cat Boarding Norwalk Pooch Hotel/button_02_co' is clicked on

2019-12-13 13:53:40 - [MESSAGE][PASSED] - Object: 'Object Repository/Page_Paradise 4 Paws  Dog Boarding Cat Boarding Norwalk Pooch Hotel/button_02_co' is clicked on

2019-12-13 13:53:40 - [TEST_STEP][PASSED] - break: null

2019-12-13 13:53:40 - [TEST_STEP][NOT_RUN] - click(findTestObject("Object Repository/object_reservationCalendar/CO_close")): NOT_RUN: click(findTestObject("Object Repository/object_reservationCalendar/CO_close"))

2019-12-13 13:53:40 - [MESSAGE][NOT_RUN] - NOT_RUN: click(findTestObject("Object Repository/object_reservationCalendar/CO_close"))

2019-12-13 13:53:40 - [TEST_STEP][PASSED] - click(findTestObject("Object Repository/object_reservation/timeCheckin")): Object: 'Object Repository/object_reservation/timeCheckin' is clicked on

2019-12-13 13:53:41 - [MESSAGE][PASSED] - Object: 'Object Repository/object_reservation/timeCheckin' is clicked on

2019-12-13 13:53:41 - [TEST_STEP][PASSED] - switch (var_checkinT): null

2019-12-13 13:53:41 - [TEST_STEP][PASSED] - case "800":: null

2019-12-13 13:53:41 - [TEST_STEP][PASSED] - click(findTestObject("Object Repository/Page_Paradise 4 Paws  Dog Boarding Cat Boarding Norwalk Pooch Hotel/time_800am_ci")): Object: 'Object Repository/Page_Paradise 4 Paws  Dog Boarding Cat Boarding Norwalk Pooch Hotel/time_800am_ci' is clicked on

2019-12-13 13:53:42 - [MESSAGE][PASSED] - Object: 'Object Repository/Page_Paradise 4 Paws  Dog Boarding Cat Boarding Norwalk Pooch Hotel/time_800am_ci' is clicked on

2019-12-13 13:53:42 - [TEST_STEP][PASSED] - break: null

2019-12-13 13:53:42 - [TEST_STEP][PASSED] - click(findTestObject("Object Repository/object_reservation/timeCheckOut")): Object: 'Object Repository/object_reservation/timeCheckOut' is clicked on

2019-12-13 13:53:42 - [MESSAGE][PASSED] - Object: 'Object Repository/object_reservation/timeCheckOut' is clicked on

2019-12-13 13:53:42 - [TEST_STEP][PASSED] - switch (var_checkoutT): null

2019-12-13 13:53:42 - [TEST_STEP][PASSED] - case "1200":: null

2019-12-13 13:53:42 - [TEST_STEP][PASSED] - click(findTestObject("Object Repository/Page_Paradise 4 Paws  Dog Boarding Cat Boarding Norwalk Pooch Hotel/time_1200pm_co")): Object: 'Object Repository/Page_Paradise 4 Paws  Dog Boarding Cat Boarding Norwalk Pooch Hotel/time_1200pm_co' is clicked on

2019-12-13 13:53:43 - [MESSAGE][PASSED] - Object: 'Object Repository/Page_Paradise 4 Paws  Dog Boarding Cat Boarding Norwalk Pooch Hotel/time_1200pm_co' is clicked on

2019-12-13 13:53:43 - [TEST_STEP][PASSED] - break: null

2019-12-13 13:53:43 - [TEST_STEP][PASSED] - delay(2): Delayed 2 second(s)

2019-12-13 13:53:45 - [MESSAGE][PASSED] - Delayed 2 second(s)

2019-12-13 13:53:45 - [TEST_STEP][PASSED] - if (arryPets.size() == 1): Object: 'Object Repository/object_reservation/Page_Paradise 4 Paws  Dog Boarding Cat Boarding Norwalk Pooch Hotel/div_Ares' is clicked on

2019-12-13 13:53:45 - [TEST_STEP][PASSED] - click(findTestObject("Object Repository/object_reservation/Page_Paradise 4 Paws  Dog Boarding Cat Boarding Norwalk Pooch Hotel/div_Ares")): Object: 'Object Repository/object_reservation/Page_Paradise 4 Paws  Dog Boarding Cat Boarding Norwalk Pooch Hotel/div_Ares' is clicked on

2019-12-13 13:53:46 - [MESSAGE][PASSED] - Object: 'Object Repository/object_reservation/Page_Paradise 4 Paws  Dog Boarding Cat Boarding Norwalk Pooch Hotel/div_Ares' is clicked on

2019-12-13 13:53:46 - [TEST_STEP][NOT_RUN] - click(findTestObject("object_reservations/i_Day_fa fa-circle-o ng-scope")): NOT_RUN: click(findTestObject("object_reservations/i_Day_fa fa-circle-o ng-scope"))

2019-12-13 13:53:46 - [MESSAGE][NOT_RUN] - NOT_RUN: click(findTestObject("object_reservations/i_Day_fa fa-circle-o ng-scope"))

2019-12-13 13:53:46 - [TEST_STEP][PASSED] - if (flagBoar == "1" || flagBoar == "2"): Object: 'Object Repository/object_reservation/div_suite_rad_deluxe' is clicked on

2019-12-13 13:53:46 - [TEST_STEP][PASSED] - click(findTestObject("Object Repository/object_reservation/div_suite_rad_deluxe")): Object: 'Object Repository/object_reservation/div_suite_rad_deluxe' is clicked on

2019-12-13 13:53:50 - [MESSAGE][PASSED] - Object: 'Object Repository/object_reservation/div_suite_rad_deluxe' is clicked on

2019-12-13 13:53:50 - [TEST_STEP][PASSED] - click(findTestObject("Object Repository/object_reservation/btn_next2")): Object: 'Object Repository/object_reservation/btn_next2' is clicked on

2019-12-13 13:53:53 - [MESSAGE][PASSED] - Object: 'Object Repository/object_reservation/btn_next2' is clicked on

2019-12-13 13:53:53 - [TEST_STEP][PASSED] - delay(3): Delayed 3 second(s)

2019-12-13 13:53:56 - [MESSAGE][PASSED] - Delayed 3 second(s)

2019-12-13 13:53:56 - [TEST_STEP][PASSED] - if (flagBoar == "1"): Object: 'Object Repository/object_reservation/button_DeclineThisPromo' is clicked on

2019-12-13 13:53:56 - [TEST_STEP][PASSED] - click(findTestObject("Object Repository/object_reservation/button_DeclineThisPromo")): Object: 'Object Repository/object_reservation/button_DeclineThisPromo' is clicked on

2019-12-13 13:53:56 - [MESSAGE][PASSED] - Object: 'Object Repository/object_reservation/button_DeclineThisPromo' is clicked on

2019-12-13 13:53:56 - [TEST_STEP][PASSED] - delay(2): Delayed 2 second(s)

2019-12-13 13:53:58 - [MESSAGE][PASSED] - Delayed 2 second(s)

2019-12-13 13:53:58 - [TEST_STEP][PASSED] - click(findTestObject("Object Repository/object_reservation/btn_next2")): Object: 'Object Repository/object_reservation/btn_next2' is clicked on

2019-12-13 13:53:59 - [MESSAGE][PASSED] - Object: 'Object Repository/object_reservation/btn_next2' is clicked on

2019-12-13 13:53:59 - [TEST_STEP][PASSED] - click(findTestObject("Object Repository/object_reservation/button_Submit Reservation")): Object: 'Object Repository/object_reservation/button_Submit Reservation' is clicked on

2019-12-13 13:54:01 - [MESSAGE][PASSED] - Object: 'Object Repository/object_reservation/button_Submit Reservation' is clicked on

2019-12-13 13:54:01 - [TEST_STEP][PASSED] - delay(2): Delayed 2 second(s)

2019-12-13 13:54:03 - [MESSAGE][PASSED] - Delayed 2 second(s)

2019-12-13 13:54:03 - [TEST_STEP][PASSED] - if (flagBoar == "2" && var_repeatingEvery == "Daily" || var_repeatingEvery == "Monthly" || var_repeatingEvery == "Weekly"): null

2019-12-13 13:54:03 - [TEST_STEP][PASSED] - else: null

2019-12-13 13:54:03 - [TEST_STEP][PASSED] - delay(2): Delayed 2 second(s)

2019-12-13 13:54:05 - [MESSAGE][PASSED] - Delayed 2 second(s)

2019-12-13 13:54:05 - [TEST_STEP][PASSED] - click(findTestObject("Object Repository/object_reservation/button_Return To Reservation")): Object: 'Object Repository/object_reservation/button_Return To Reservation' is clicked on

2019-12-13 13:54:07 - [MESSAGE][PASSED] - Object: 'Object Repository/object_reservation/button_Return To Reservation' is clicked on

2019-12-13 13:54:07 - [TEST_STEP][PASSED] - delay(6): Delayed 6 second(s)

2019-12-13 13:54:13 - [MESSAGE][PASSED] - Delayed 6 second(s)

2019-12-13 13:54:13 - [TEST_STEP][PASSED] - click(findTestObject("Object Repository/object_reservation/Page_Paradise 4 Paws  Dog Boarding Cat Boar_35fe2b/button_Go to CheckOut")): Object: 'Object Repository/object_reservation/Page_Paradise 4 Paws  Dog Boarding Cat Boar_35fe2b/button_Go to CheckOut' is clicked on

2019-12-13 13:54:15 - [MESSAGE][PASSED] - Object: 'Object Repository/object_reservation/Page_Paradise 4 Paws  Dog Boarding Cat Boar_35fe2b/button_Go to CheckOut' is clicked on

2019-12-13 13:54:15 - [TEST_STEP][PASSED] - delay(2): Delayed 2 second(s)

2019-12-13 13:54:17 - [MESSAGE][PASSED] - Delayed 2 second(s)

2019-12-13 13:54:17 - [TEST_STEP][PASSED] - log.logInfo(getText(findTestObject("Object Repository/object_reservation/Page_Paradise 4 Paws  Dog Boarding Cat Boar_35fe2b/span_( BK )"))): ( BK )

2019-12-13 13:54:17 - [MESSAGE][PASSED] - Text of object 'Object Repository/object_reservation/Page_Paradise 4 Paws  Dog Boarding Cat Boar_35fe2b/span_( BK )' is: '( BK )'

2019-12-13 13:54:17 - [MESSAGE][INFO] - ( BK )

2019-12-13 13:54:17 - [TEST_STEP][PASSED] - log.logInfo("--BK TEST2--"): --BK TEST2--

2019-12-13 13:54:17 - [MESSAGE][INFO] - --BK TEST2--

2019-12-13 13:54:17 - [TEST_STEP][PASSED] - var_url = getUrl(): Current window's url is: 'https://p4p-qa-bg.aws.paradise4paws.com/frontdesk/checkout/1702420/?parent_id=122350'

2019-12-13 13:54:17 - [MESSAGE][PASSED] - Current window's url is: 'https://p4p-qa-bg.aws.paradise4paws.com/frontdesk/checkout/1702420/?parent_id=122350'

2019-12-13 13:54:17 - [TEST_STEP][PASSED] - log.logInfo(var_url): https://p4p-qa-bg.aws.paradise4paws.com/frontdesk/checkout/1702420/?parent_id=122350

2019-12-13 13:54:17 - [MESSAGE][INFO] - https://p4p-qa-bg.aws.paradise4paws.com/frontdesk/checkout/1702420/?parent_id=122350

2019-12-13 13:54:17 - [TEST_STEP][PASSED] - arrayUrl = var_url.split("/"): null

2019-12-13 13:54:17 - [TEST_STEP][PASSED] - log.logInfo(arrayUrl[5]): 1702420

2019-12-13 13:54:17 - [MESSAGE][INFO] - 1702420

2019-12-13 13:54:17 - [TEST_STEP][PASSED] - var = t: null]]></system-out>
         <system-err><![CDATA[2019-12-13 13:53:04 - [TEST_CASE][ERROR] - Test Cases/p4p_newReservation: Test Cases/p4p_newReservation FAILED.
Reason:
groovy.lang.MissingPropertyException: No such property: t for class: java.lang.String
	at p4p_newReservation.run(p4p_newReservation:702)
	at com.kms.katalon.core.main.ScriptEngine.run(ScriptEngine.java:194)
	at com.kms.katalon.core.main.ScriptEngine.runScriptAsRawText(ScriptEngine.java:119)
	at com.kms.katalon.core.main.TestCaseExecutor.runScript(TestCaseExecutor.java:337)
	at com.kms.katalon.core.main.TestCaseExecutor.doExecute(TestCaseExecutor.java:328)
	at com.kms.katalon.core.main.TestCaseExecutor.processExecutionPhase(TestCaseExecutor.java:307)
	at com.kms.katalon.core.main.TestCaseExecutor.accessMainPhase(TestCaseExecutor.java:299)
	at com.kms.katalon.core.main.TestCaseExecutor.execute(TestCaseExecutor.java:233)
	at com.kms.katalon.core.main.TestSuiteExecutor.accessTestCaseMainPhase(TestSuiteExecutor.java:169)
	at com.kms.katalon.core.main.TestSuiteExecutor.accessTestSuiteMainPhase(TestSuiteExecutor.java:142)
	at com.kms.katalon.core.main.TestSuiteExecutor.execute(TestSuiteExecutor.java:91)
	at com.kms.katalon.core.main.TestCaseMain.startTestSuite(TestCaseMain.java:157)
	at com.kms.katalon.core.main.TestCaseMain$startTestSuite$0.call(Unknown Source)
	at TempTestSuite1576266783029.run(TempTestSuite1576266783029.groovy:36)]]></system-err>
      </testcase>
      <testcase name="Test Cases/p4p_newReservation" time="79.292" classname="Test Cases/p4p_newReservation" status="ERROR">
         <error type="ERROR" message="Test Cases/p4p_newReservation FAILED.
Reason:
groovy.lang.MissingPropertyException: No such property: t for class: java.lang.String
	at p4p_newReservation.run(p4p_newReservation:702)
	at com.kms.katalon.core.main.ScriptEngine.run(ScriptEngine.java:194)
	at com.kms.katalon.core.main.ScriptEngine.runScriptAsRawText(ScriptEngine.java:119)
	at com.kms.katalon.core.main.TestCaseExecutor.runScript(TestCaseExecutor.java:337)
	at com.kms.katalon.core.main.TestCaseExecutor.doExecute(TestCaseExecutor.java:328)
	at com.kms.katalon.core.main.TestCaseExecutor.processExecutionPhase(TestCaseExecutor.java:307)
	at com.kms.katalon.core.main.TestCaseExecutor.accessMainPhase(TestCaseExecutor.java:299)
	at com.kms.katalon.core.main.TestCaseExecutor.execute(TestCaseExecutor.java:233)
	at com.kms.katalon.core.main.TestSuiteExecutor.accessTestCaseMainPhase(TestSuiteExecutor.java:169)
	at com.kms.katalon.core.main.TestSuiteExecutor.accessTestSuiteMainPhase(TestSuiteExecutor.java:142)
	at com.kms.katalon.core.main.TestSuiteExecutor.execute(TestSuiteExecutor.java:91)
	at com.kms.katalon.core.main.TestCaseMain.startTestSuite(TestCaseMain.java:157)
	at com.kms.katalon.core.main.TestCaseMain$startTestSuite$0.call(Unknown Source)
	at TempTestSuite1576266783029.run(TempTestSuite1576266783029.groovy:36)
"/>
         <system-out><![CDATA[2019-12-13 13:54:17 - [TEST_CASE][ERROR] - Test Cases/p4p_newReservation: Test Cases/p4p_newReservation FAILED.
Reason:
groovy.lang.MissingPropertyException: No such property: t for class: java.lang.String
	at p4p_newReservation.run(p4p_newReservation:702)
	at com.kms.katalon.core.main.ScriptEngine.run(ScriptEngine.java:194)
	at com.kms.katalon.core.main.ScriptEngine.runScriptAsRawText(ScriptEngine.java:119)
	at com.kms.katalon.core.main.TestCaseExecutor.runScript(TestCaseExecutor.java:337)
	at com.kms.katalon.core.main.TestCaseExecutor.doExecute(TestCaseExecutor.java:328)
	at com.kms.katalon.core.main.TestCaseExecutor.processExecutionPhase(TestCaseExecutor.java:307)
	at com.kms.katalon.core.main.TestCaseExecutor.accessMainPhase(TestCaseExecutor.java:299)
	at com.kms.katalon.core.main.TestCaseExecutor.execute(TestCaseExecutor.java:233)
	at com.kms.katalon.core.main.TestSuiteExecutor.accessTestCaseMainPhase(TestSuiteExecutor.java:169)
	at com.kms.katalon.core.main.TestSuiteExecutor.accessTestSuiteMainPhase(TestSuiteExecutor.java:142)
	at com.kms.katalon.core.main.TestSuiteExecutor.execute(TestSuiteExecutor.java:91)
	at com.kms.katalon.core.main.TestCaseMain.startTestSuite(TestCaseMain.java:157)
	at com.kms.katalon.core.main.TestCaseMain$startTestSuite$0.call(Unknown Source)
	at TempTestSuite1576266783029.run(TempTestSuite1576266783029.groovy:36)


2019-12-13 13:54:17 - [TEST_STEP][PASSED] - rowCount = 1: null

2019-12-13 13:54:17 - [TEST_STEP][PASSED] - openBrowser("https://p4p-qa-bg.aws.paradise4paws.com/login/"): Browser is opened with url: 'https://p4p-qa-bg.aws.paradise4paws.com/login/'

2019-12-13 13:54:17 - [MESSAGE][WARNING] - A browser is already opened. Closing browser and opening a new one

2019-12-13 13:54:18 - [MESSAGE][INFO] - Starting 'Firefox' driver

2019-12-13 13:54:22 - [MESSAGE][PASSED] - Browser is opened with url: 'https://p4p-qa-bg.aws.paradise4paws.com/login/'

2019-12-13 13:54:22 - [TEST_STEP][PASSED] - setText(findTestObject("Object Repository/object_login/input_user"), var_user): Text 'jegchavez@gmail.com' is set on object 'Object Repository/object_login/input_user'

2019-12-13 13:54:22 - [MESSAGE][PASSED] - Text 'jegchavez@gmail.com' is set on object 'Object Repository/object_login/input_user'

2019-12-13 13:54:22 - [TEST_STEP][PASSED] - setText(findTestObject("Object Repository/object_login/input_pass"), var_pass): Text 'admin1' is set on object 'Object Repository/object_login/input_pass'

2019-12-13 13:54:23 - [MESSAGE][PASSED] - Text 'admin1' is set on object 'Object Repository/object_login/input_pass'

2019-12-13 13:54:23 - [TEST_STEP][PASSED] - delay(2): Delayed 2 second(s)

2019-12-13 13:54:25 - [MESSAGE][PASSED] - Delayed 2 second(s)

2019-12-13 13:54:25 - [TEST_STEP][PASSED] - verifyElementClickable(findTestObject("Object Repository/object_login/btn_login")): Object 'Object Repository/object_login/btn_login' is clickable

2019-12-13 13:54:25 - [MESSAGE][PASSED] - Object 'Object Repository/object_login/btn_login' is clickable

2019-12-13 13:54:25 - [TEST_STEP][PASSED] - click(findTestObject("Object Repository/object_login/btn_login")): Object: 'Object Repository/object_login/btn_login' is clicked on

2019-12-13 13:54:28 - [MESSAGE][PASSED] - Object: 'Object Repository/object_login/btn_login' is clicked on

2019-12-13 13:54:28 - [TEST_STEP][PASSED] - delay(2): Delayed 2 second(s)

2019-12-13 13:54:30 - [MESSAGE][PASSED] - Delayed 2 second(s)

2019-12-13 13:54:30 - [TEST_STEP][PASSED] - setText(findTestObject("Object Repository/object_dashboard_emp/input_search"), var_searchParent): Text 'leongarzagarza@hotmail.com' is set on object 'Object Repository/object_dashboard_emp/input_search'

2019-12-13 13:54:30 - [MESSAGE][PASSED] - Text 'leongarzagarza@hotmail.com' is set on object 'Object Repository/object_dashboard_emp/input_search'

2019-12-13 13:54:30 - [TEST_STEP][PASSED] - click(findTestObject("Object Repository/object_dashboard_emp/btn_accountSearch")): Object: 'Object Repository/object_dashboard_emp/btn_accountSearch' is clicked on

2019-12-13 13:54:31 - [MESSAGE][PASSED] - Object: 'Object Repository/object_dashboard_emp/btn_accountSearch' is clicked on

2019-12-13 13:54:31 - [TEST_STEP][PASSED] - delay(2): Delayed 2 second(s)

2019-12-13 13:54:33 - [MESSAGE][PASSED] - Delayed 2 second(s)

2019-12-13 13:54:33 - [TEST_STEP][PASSED] - click(findTestObject("Object Repository/object_accountInformation/a_TEST GABRIEL PROD")): Object: 'Object Repository/object_accountInformation/a_TEST GABRIEL PROD' is clicked on

2019-12-13 13:54:38 - [MESSAGE][PASSED] - Object: 'Object Repository/object_accountInformation/a_TEST GABRIEL PROD' is clicked on

2019-12-13 13:54:38 - [TEST_STEP][PASSED] - delay(2): Delayed 2 second(s)

2019-12-13 13:54:40 - [MESSAGE][PASSED] - Delayed 2 second(s)

2019-12-13 13:54:40 - [TEST_STEP][PASSED] - click(findTestObject("Object Repository/object_profile/a_addReservation")): Object: 'Object Repository/object_profile/a_addReservation' is clicked on

2019-12-13 13:54:41 - [MESSAGE][PASSED] - Object: 'Object Repository/object_profile/a_addReservation' is clicked on

2019-12-13 13:54:41 - [TEST_STEP][PASSED] - delay(2): Delayed 2 second(s)

2019-12-13 13:54:43 - [MESSAGE][PASSED] - Delayed 2 second(s)

2019-12-13 13:54:43 - [TEST_STEP][PASSED] - flagBoar = "0": null

2019-12-13 13:54:43 - [TEST_STEP][PASSED] - log = new com.kms.katalon.core.logging.KeywordLogger(): null

2019-12-13 13:54:43 - [TEST_STEP][PASSED] - log.logInfo("---row"): ---row

2019-12-13 13:54:43 - [MESSAGE][INFO] - ---row

2019-12-13 13:54:43 - [TEST_STEP][PASSED] - log.logInfo("REGISTRO: " + rowCount): REGISTRO: 1

2019-12-13 13:54:43 - [MESSAGE][INFO] - REGISTRO: 1

2019-12-13 13:54:43 - [TEST_STEP][PASSED] - log.logInfo("---roe"): ---roe

2019-12-13 13:54:43 - [MESSAGE][INFO] - ---roe

2019-12-13 13:54:43 - [TEST_STEP][PASSED] - if (var_typeReserveation == "Boarding"): null

2019-12-13 13:54:43 - [TEST_STEP][PASSED] - click(findTestObject("Object Repository/object_reservation/btn_Boarding")): Object: 'Object Repository/object_reservation/btn_Boarding' is clicked on

2019-12-13 13:54:44 - [MESSAGE][PASSED] - Object: 'Object Repository/object_reservation/btn_Boarding' is clicked on

2019-12-13 13:54:44 - [TEST_STEP][PASSED] - flagBoar = "1": null

2019-12-13 13:54:44 - [TEST_STEP][PASSED] - click(findTestObject("Object Repository/object_reservation/i_location")): Object: 'Object Repository/object_reservation/i_location' is clicked on

2019-12-13 13:54:47 - [MESSAGE][PASSED] - Object: 'Object Repository/object_reservation/i_location' is clicked on

2019-12-13 13:54:47 - [TEST_STEP][PASSED] - switch (var_idFacility): null

2019-12-13 13:54:47 - [TEST_STEP][PASSED] - dateCI = var_checkinD.split(","): null

2019-12-13 13:54:47 - [TEST_STEP][PASSED] - dateCO = var_checkoutD.split(","): null

2019-12-13 13:54:47 - [TEST_STEP][PASSED] - arryPets = var_pets.split(","): null

2019-12-13 13:54:47 - [TEST_STEP][PASSED] - delay(2): Delayed 2 second(s)

2019-12-13 13:54:49 - [MESSAGE][PASSED] - Delayed 2 second(s)

2019-12-13 13:54:49 - [TEST_STEP][PASSED] - if (var_repeting == "Y"): null

2019-12-13 13:54:49 - [TEST_STEP][PASSED] - click(findTestObject("Object Repository/object_reservation/dateCheckIn")): Object: 'Object Repository/object_reservation/dateCheckIn' is clicked on

2019-12-13 13:54:49 - [MESSAGE][PASSED] - Object: 'Object Repository/object_reservation/dateCheckIn' is clicked on

2019-12-13 13:54:49 - [TEST_STEP][PASSED] - delay(2): Delayed 2 second(s)

2019-12-13 13:54:51 - [MESSAGE][PASSED] - Delayed 2 second(s)

2019-12-13 13:54:51 - [TEST_STEP][PASSED] - switch (dateCI[0]): null

2019-12-13 13:54:51 - [TEST_STEP][PASSED] - case "4":: null

2019-12-13 13:54:51 - [TEST_STEP][PASSED] - click(findTestObject("Object Repository/Page_Paradise 4 Paws  Dog Boarding Cat Boarding Norwalk Pooch Hotel/button_04_ci")): Object: 'Object Repository/Page_Paradise 4 Paws  Dog Boarding Cat Boarding Norwalk Pooch Hotel/button_04_ci' is clicked on

2019-12-13 13:54:52 - [MESSAGE][PASSED] - Object: 'Object Repository/Page_Paradise 4 Paws  Dog Boarding Cat Boarding Norwalk Pooch Hotel/button_04_ci' is clicked on

2019-12-13 13:54:52 - [TEST_STEP][PASSED] - break: null

2019-12-13 13:54:52 - [TEST_STEP][PASSED] - if (flagBoar == "1"): null

2019-12-13 13:54:52 - [TEST_STEP][PASSED] - click(findTestObject("Object Repository/object_reservation/dateCheckOut")): Object: 'Object Repository/object_reservation/dateCheckOut' is clicked on

2019-12-13 13:54:53 - [MESSAGE][PASSED] - Object: 'Object Repository/object_reservation/dateCheckOut' is clicked on

2019-12-13 13:54:53 - [TEST_STEP][PASSED] - switch (dateCO[0]): null

2019-12-13 13:54:53 - [TEST_STEP][PASSED] - case "5":: null

2019-12-13 13:54:53 - [TEST_STEP][PASSED] - click(findTestObject("Object Repository/Page_Paradise 4 Paws  Dog Boarding Cat Boarding Norwalk Pooch Hotel/button_05_co")): Object: 'Object Repository/Page_Paradise 4 Paws  Dog Boarding Cat Boarding Norwalk Pooch Hotel/button_05_co' is clicked on

2019-12-13 13:54:53 - [MESSAGE][PASSED] - Object: 'Object Repository/Page_Paradise 4 Paws  Dog Boarding Cat Boarding Norwalk Pooch Hotel/button_05_co' is clicked on

2019-12-13 13:54:53 - [TEST_STEP][PASSED] - break: null

2019-12-13 13:54:53 - [TEST_STEP][NOT_RUN] - click(findTestObject("Object Repository/object_reservationCalendar/CO_close")): NOT_RUN: click(findTestObject("Object Repository/object_reservationCalendar/CO_close"))

2019-12-13 13:54:53 - [MESSAGE][NOT_RUN] - NOT_RUN: click(findTestObject("Object Repository/object_reservationCalendar/CO_close"))

2019-12-13 13:54:53 - [TEST_STEP][PASSED] - click(findTestObject("Object Repository/object_reservation/timeCheckin")): Object: 'Object Repository/object_reservation/timeCheckin' is clicked on

2019-12-13 13:54:54 - [MESSAGE][PASSED] - Object: 'Object Repository/object_reservation/timeCheckin' is clicked on

2019-12-13 13:54:54 - [TEST_STEP][PASSED] - switch (var_checkinT): null

2019-12-13 13:54:54 - [TEST_STEP][PASSED] - case "800":: null

2019-12-13 13:54:54 - [TEST_STEP][PASSED] - click(findTestObject("Object Repository/Page_Paradise 4 Paws  Dog Boarding Cat Boarding Norwalk Pooch Hotel/time_800am_ci")): Object: 'Object Repository/Page_Paradise 4 Paws  Dog Boarding Cat Boarding Norwalk Pooch Hotel/time_800am_ci' is clicked on

2019-12-13 13:54:55 - [MESSAGE][PASSED] - Object: 'Object Repository/Page_Paradise 4 Paws  Dog Boarding Cat Boarding Norwalk Pooch Hotel/time_800am_ci' is clicked on

2019-12-13 13:54:55 - [TEST_STEP][PASSED] - break: null

2019-12-13 13:54:55 - [TEST_STEP][PASSED] - click(findTestObject("Object Repository/object_reservation/timeCheckOut")): Object: 'Object Repository/object_reservation/timeCheckOut' is clicked on

2019-12-13 13:54:55 - [MESSAGE][PASSED] - Object: 'Object Repository/object_reservation/timeCheckOut' is clicked on

2019-12-13 13:54:55 - [TEST_STEP][PASSED] - switch (var_checkoutT): null

2019-12-13 13:54:55 - [TEST_STEP][PASSED] - case "1200":: null

2019-12-13 13:54:55 - [TEST_STEP][PASSED] - click(findTestObject("Object Repository/Page_Paradise 4 Paws  Dog Boarding Cat Boarding Norwalk Pooch Hotel/time_1200pm_co")): Object: 'Object Repository/Page_Paradise 4 Paws  Dog Boarding Cat Boarding Norwalk Pooch Hotel/time_1200pm_co' is clicked on

2019-12-13 13:54:56 - [MESSAGE][PASSED] - Object: 'Object Repository/Page_Paradise 4 Paws  Dog Boarding Cat Boarding Norwalk Pooch Hotel/time_1200pm_co' is clicked on

2019-12-13 13:54:56 - [TEST_STEP][PASSED] - break: null

2019-12-13 13:54:56 - [TEST_STEP][PASSED] - delay(2): Delayed 2 second(s)

2019-12-13 13:54:58 - [MESSAGE][PASSED] - Delayed 2 second(s)

2019-12-13 13:54:58 - [TEST_STEP][PASSED] - if (arryPets.size() == 1): null

2019-12-13 13:54:58 - [TEST_STEP][PASSED] - else if (arryPets.size() == 2): Object: 'Object Repository/object_reservation/div_Zeus' is clicked on

2019-12-13 13:54:58 - [TEST_STEP][PASSED] - click(findTestObject("object_reservation/Page_Paradise 4 Paws  Dog Boarding Cat Boarding Norwalk Pooch Hotel/div_Ares")): Object: 'Object Repository/object_reservation/Page_Paradise 4 Paws  Dog Boarding Cat Boarding Norwalk Pooch Hotel/div_Ares' is clicked on

2019-12-13 13:55:00 - [MESSAGE][PASSED] - Object: 'Object Repository/object_reservation/Page_Paradise 4 Paws  Dog Boarding Cat Boarding Norwalk Pooch Hotel/div_Ares' is clicked on

2019-12-13 13:55:00 - [TEST_STEP][PASSED] - click(findTestObject("object_reservation/div_Zeus")): Object: 'Object Repository/object_reservation/div_Zeus' is clicked on

2019-12-13 13:55:05 - [MESSAGE][PASSED] - Object: 'Object Repository/object_reservation/div_Zeus' is clicked on

2019-12-13 13:55:05 - [TEST_STEP][NOT_RUN] - click(findTestObject("object_reservations/i_Day_fa fa-circle-o ng-scope")): NOT_RUN: click(findTestObject("object_reservations/i_Day_fa fa-circle-o ng-scope"))

2019-12-13 13:55:05 - [MESSAGE][NOT_RUN] - NOT_RUN: click(findTestObject("object_reservations/i_Day_fa fa-circle-o ng-scope"))

2019-12-13 13:55:05 - [TEST_STEP][PASSED] - if (flagBoar == "1" || flagBoar == "2"): Object: 'Object Repository/object_reservation/div_suite_rad_deluxe' is clicked on

2019-12-13 13:55:05 - [TEST_STEP][PASSED] - click(findTestObject("Object Repository/object_reservation/div_suite_rad_deluxe")): Object: 'Object Repository/object_reservation/div_suite_rad_deluxe' is clicked on

2019-12-13 13:55:09 - [MESSAGE][PASSED] - Object: 'Object Repository/object_reservation/div_suite_rad_deluxe' is clicked on

2019-12-13 13:55:09 - [TEST_STEP][PASSED] - click(findTestObject("Object Repository/object_reservation/btn_next2")): Object: 'Object Repository/object_reservation/btn_next2' is clicked on

2019-12-13 13:55:12 - [MESSAGE][PASSED] - Object: 'Object Repository/object_reservation/btn_next2' is clicked on

2019-12-13 13:55:12 - [TEST_STEP][PASSED] - delay(3): Delayed 3 second(s)

2019-12-13 13:55:15 - [MESSAGE][PASSED] - Delayed 3 second(s)

2019-12-13 13:55:15 - [TEST_STEP][PASSED] - if (flagBoar == "1"): Object: 'Object Repository/object_reservation/button_DeclineThisPromo' is clicked on

2019-12-13 13:55:15 - [TEST_STEP][PASSED] - click(findTestObject("Object Repository/object_reservation/button_DeclineThisPromo")): Object: 'Object Repository/object_reservation/button_DeclineThisPromo' is clicked on

2019-12-13 13:55:16 - [MESSAGE][PASSED] - Object: 'Object Repository/object_reservation/button_DeclineThisPromo' is clicked on

2019-12-13 13:55:16 - [TEST_STEP][PASSED] - delay(2): Delayed 2 second(s)

2019-12-13 13:55:18 - [MESSAGE][PASSED] - Delayed 2 second(s)

2019-12-13 13:55:18 - [TEST_STEP][PASSED] - click(findTestObject("Object Repository/object_reservation/btn_next2")): Object: 'Object Repository/object_reservation/btn_next2' is clicked on

2019-12-13 13:55:18 - [MESSAGE][PASSED] - Object: 'Object Repository/object_reservation/btn_next2' is clicked on

2019-12-13 13:55:18 - [TEST_STEP][PASSED] - click(findTestObject("Object Repository/object_reservation/button_Submit Reservation")): Object: 'Object Repository/object_reservation/button_Submit Reservation' is clicked on

2019-12-13 13:55:20 - [MESSAGE][PASSED] - Object: 'Object Repository/object_reservation/button_Submit Reservation' is clicked on

2019-12-13 13:55:20 - [TEST_STEP][PASSED] - delay(2): Delayed 2 second(s)

2019-12-13 13:55:22 - [MESSAGE][PASSED] - Delayed 2 second(s)

2019-12-13 13:55:22 - [TEST_STEP][PASSED] - if (flagBoar == "2" && var_repeatingEvery == "Daily" || var_repeatingEvery == "Monthly" || var_repeatingEvery == "Weekly"): null

2019-12-13 13:55:22 - [TEST_STEP][PASSED] - else: null

2019-12-13 13:55:22 - [TEST_STEP][PASSED] - delay(2): Delayed 2 second(s)

2019-12-13 13:55:24 - [MESSAGE][PASSED] - Delayed 2 second(s)

2019-12-13 13:55:24 - [TEST_STEP][PASSED] - click(findTestObject("Object Repository/object_reservation/button_Return To Reservation")): Object: 'Object Repository/object_reservation/button_Return To Reservation' is clicked on

2019-12-13 13:55:27 - [MESSAGE][PASSED] - Object: 'Object Repository/object_reservation/button_Return To Reservation' is clicked on

2019-12-13 13:55:27 - [TEST_STEP][PASSED] - delay(6): Delayed 6 second(s)

2019-12-13 13:55:33 - [MESSAGE][PASSED] - Delayed 6 second(s)

2019-12-13 13:55:33 - [TEST_STEP][PASSED] - click(findTestObject("Object Repository/object_reservation/Page_Paradise 4 Paws  Dog Boarding Cat Boar_35fe2b/button_Go to CheckOut")): Object: 'Object Repository/object_reservation/Page_Paradise 4 Paws  Dog Boarding Cat Boar_35fe2b/button_Go to CheckOut' is clicked on

2019-12-13 13:55:34 - [MESSAGE][PASSED] - Object: 'Object Repository/object_reservation/Page_Paradise 4 Paws  Dog Boarding Cat Boar_35fe2b/button_Go to CheckOut' is clicked on

2019-12-13 13:55:34 - [TEST_STEP][PASSED] - delay(2): Delayed 2 second(s)

2019-12-13 13:55:36 - [MESSAGE][PASSED] - Delayed 2 second(s)

2019-12-13 13:55:36 - [TEST_STEP][PASSED] - log.logInfo(getText(findTestObject("Object Repository/object_reservation/Page_Paradise 4 Paws  Dog Boarding Cat Boar_35fe2b/span_( BK )"))): ( BK )

2019-12-13 13:55:36 - [MESSAGE][PASSED] - Text of object 'Object Repository/object_reservation/Page_Paradise 4 Paws  Dog Boarding Cat Boar_35fe2b/span_( BK )' is: '( BK )'

2019-12-13 13:55:36 - [MESSAGE][INFO] - ( BK )

2019-12-13 13:55:36 - [TEST_STEP][PASSED] - log.logInfo("--BK TEST2--"): --BK TEST2--

2019-12-13 13:55:36 - [MESSAGE][INFO] - --BK TEST2--

2019-12-13 13:55:36 - [TEST_STEP][PASSED] - var_url = getUrl(): Current window's url is: 'https://p4p-qa-bg.aws.paradise4paws.com/frontdesk/checkout/1702421/?parent_id=122350'

2019-12-13 13:55:36 - [MESSAGE][PASSED] - Current window's url is: 'https://p4p-qa-bg.aws.paradise4paws.com/frontdesk/checkout/1702421/?parent_id=122350'

2019-12-13 13:55:36 - [TEST_STEP][PASSED] - log.logInfo(var_url): https://p4p-qa-bg.aws.paradise4paws.com/frontdesk/checkout/1702421/?parent_id=122350

2019-12-13 13:55:36 - [MESSAGE][INFO] - https://p4p-qa-bg.aws.paradise4paws.com/frontdesk/checkout/1702421/?parent_id=122350

2019-12-13 13:55:36 - [TEST_STEP][PASSED] - arrayUrl = var_url.split("/"): null

2019-12-13 13:55:36 - [TEST_STEP][PASSED] - log.logInfo(arrayUrl[5]): 1702421

2019-12-13 13:55:36 - [MESSAGE][INFO] - 1702421

2019-12-13 13:55:36 - [TEST_STEP][PASSED] - var = t: null]]></system-out>
         <system-err><![CDATA[2019-12-13 13:54:17 - [TEST_CASE][ERROR] - Test Cases/p4p_newReservation: Test Cases/p4p_newReservation FAILED.
Reason:
groovy.lang.MissingPropertyException: No such property: t for class: java.lang.String
	at p4p_newReservation.run(p4p_newReservation:702)
	at com.kms.katalon.core.main.ScriptEngine.run(ScriptEngine.java:194)
	at com.kms.katalon.core.main.ScriptEngine.runScriptAsRawText(ScriptEngine.java:119)
	at com.kms.katalon.core.main.TestCaseExecutor.runScript(TestCaseExecutor.java:337)
	at com.kms.katalon.core.main.TestCaseExecutor.doExecute(TestCaseExecutor.java:328)
	at com.kms.katalon.core.main.TestCaseExecutor.processExecutionPhase(TestCaseExecutor.java:307)
	at com.kms.katalon.core.main.TestCaseExecutor.accessMainPhase(TestCaseExecutor.java:299)
	at com.kms.katalon.core.main.TestCaseExecutor.execute(TestCaseExecutor.java:233)
	at com.kms.katalon.core.main.TestSuiteExecutor.accessTestCaseMainPhase(TestSuiteExecutor.java:169)
	at com.kms.katalon.core.main.TestSuiteExecutor.accessTestSuiteMainPhase(TestSuiteExecutor.java:142)
	at com.kms.katalon.core.main.TestSuiteExecutor.execute(TestSuiteExecutor.java:91)
	at com.kms.katalon.core.main.TestCaseMain.startTestSuite(TestCaseMain.java:157)
	at com.kms.katalon.core.main.TestCaseMain$startTestSuite$0.call(Unknown Source)
	at TempTestSuite1576266783029.run(TempTestSuite1576266783029.groovy:36)]]></system-err>
      </testcase>
      <system-out><![CDATA[2019-12-13 13:53:04 - [TEST_SUITE][ERROR] - ts_newReservationBoarding: Test Cases/p4p_newReservation FAILED.
Reason:
groovy.lang.MissingPropertyException: No such property: t for class: java.lang.String
	at p4p_newReservation.run(p4p_newReservation:702)
	at com.kms.katalon.core.main.ScriptEngine.run(ScriptEngine.java:194)
	at com.kms.katalon.core.main.ScriptEngine.runScriptAsRawText(ScriptEngine.java:119)
	at com.kms.katalon.core.main.TestCaseExecutor.runScript(TestCaseExecutor.java:337)
	at com.kms.katalon.core.main.TestCaseExecutor.doExecute(TestCaseExecutor.java:328)
	at com.kms.katalon.core.main.TestCaseExecutor.processExecutionPhase(TestCaseExecutor.java:307)
	at com.kms.katalon.core.main.TestCaseExecutor.accessMainPhase(TestCaseExecutor.java:299)
	at com.kms.katalon.core.main.TestCaseExecutor.execute(TestCaseExecutor.java:233)
	at com.kms.katalon.core.main.TestSuiteExecutor.accessTestCaseMainPhase(TestSuiteExecutor.java:169)
	at com.kms.katalon.core.main.TestSuiteExecutor.accessTestSuiteMainPhase(TestSuiteExecutor.java:142)
	at com.kms.katalon.core.main.TestSuiteExecutor.execute(TestSuiteExecutor.java:91)
	at com.kms.katalon.core.main.TestCaseMain.startTestSuite(TestCaseMain.java:157)
	at com.kms.katalon.core.main.TestCaseMain$startTestSuite$0.call(Unknown Source)
	at TempTestSuite1576266783029.run(TempTestSuite1576266783029.groovy:36)]]></system-out>
      <system-err><![CDATA[2019-12-13 13:53:04 - [TEST_SUITE][ERROR] - ts_newReservationBoarding: Test Cases/p4p_newReservation FAILED.
Reason:
groovy.lang.MissingPropertyException: No such property: t for class: java.lang.String
	at p4p_newReservation.run(p4p_newReservation:702)
	at com.kms.katalon.core.main.ScriptEngine.run(ScriptEngine.java:194)
	at com.kms.katalon.core.main.ScriptEngine.runScriptAsRawText(ScriptEngine.java:119)
	at com.kms.katalon.core.main.TestCaseExecutor.runScript(TestCaseExecutor.java:337)
	at com.kms.katalon.core.main.TestCaseExecutor.doExecute(TestCaseExecutor.java:328)
	at com.kms.katalon.core.main.TestCaseExecutor.processExecutionPhase(TestCaseExecutor.java:307)
	at com.kms.katalon.core.main.TestCaseExecutor.accessMainPhase(TestCaseExecutor.java:299)
	at com.kms.katalon.core.main.TestCaseExecutor.execute(TestCaseExecutor.java:233)
	at com.kms.katalon.core.main.TestSuiteExecutor.accessTestCaseMainPhase(TestSuiteExecutor.java:169)
	at com.kms.katalon.core.main.TestSuiteExecutor.accessTestSuiteMainPhase(TestSuiteExecutor.java:142)
	at com.kms.katalon.core.main.TestSuiteExecutor.execute(TestSuiteExecutor.java:91)
	at com.kms.katalon.core.main.TestCaseMain.startTestSuite(TestCaseMain.java:157)
	at com.kms.katalon.core.main.TestCaseMain$startTestSuite$0.call(Unknown Source)
	at TempTestSuite1576266783029.run(TempTestSuite1576266783029.groovy:36)]]></system-err>
   </testsuite>
</testsuites>
