<?xml version="1.0" encoding="UTF-8"?>
<testsuites name="ts_cancelReservationEdit" time="41.959" tests="2" failures="0" errors="2">
   <testsuite name="ts_cancelReservationEdit" tests="2" failures="0" errors="2" time="41.959" timestamp="2019-12-15 17:32:26" hostname="leonardo-arkusmty - leonardoarkusmty-Inspiron-5577" id="Test Suites/ts_cancelReservationEdit">
      <properties>
         <property name="deviceName" value=""/>
         <property name="devicePlatform" value=""/>
         <property name="logFolder" value="/home/leonardo-arkusmty/Documents/workspaceKatalon/p4ptest/Reports/20191215_173225/ts_cancelReservationEdit/20191215_173225"/>
         <property name="logFiles" value="/home/leonardo-arkusmty/Documents/workspaceKatalon/p4ptest/Reports/20191215_173225/ts_cancelReservationEdit/20191215_173225/execution0.log"/>
         <property name="attachments" value=""/>
         <property name="hostName" value="leonardo-arkusmty - leonardoarkusmty-Inspiron-5577"/>
         <property name="os" value="Linux 64bit"/>
         <property name="katalonVersion" value="7.0.8.1"/>
         <property name="browser" value="Firefox 70.0"/>
         <property name="hostAddress" value="127.0.1.1"/>
         <property name="sessionId" value="22c04a5e-074d-42e5-bffb-0ae05da7160c"/>
         <property name="seleniumVersion" value="3.141.59"/>
         <property name="proxyInformation" value="ProxyInformation{proxyOption=NO_PROXY, proxyServerType=HTTP, password=, proxyServerAddress=, proxyServerPort=0}"/>
         <property name="platform" value="Linux"/>
      </properties>
      <testcase name="Test Cases/p4p_cancelReserEdit" time="14.345" classname="Test Cases/p4p_cancelReserEdit" status="ERROR">
         <error type="ERROR" message="Test Cases/p4p_cancelReserEdit FAILED.
Reason:
groovy.lang.MissingPropertyException: No such property: var_searchParent for class: Script1575908897768
	at p4p_cancelReserEdit.run(p4p_cancelReserEdit:54)
	at com.kms.katalon.core.main.ScriptEngine.run(ScriptEngine.java:194)
	at com.kms.katalon.core.main.ScriptEngine.runScriptAsRawText(ScriptEngine.java:119)
	at com.kms.katalon.core.main.TestCaseExecutor.runScript(TestCaseExecutor.java:337)
	at com.kms.katalon.core.main.TestCaseExecutor.doExecute(TestCaseExecutor.java:328)
	at com.kms.katalon.core.main.TestCaseExecutor.processExecutionPhase(TestCaseExecutor.java:307)
	at com.kms.katalon.core.main.TestCaseExecutor.accessMainPhase(TestCaseExecutor.java:299)
	at com.kms.katalon.core.main.TestCaseExecutor.execute(TestCaseExecutor.java:233)
	at com.kms.katalon.core.main.TestSuiteExecutor.accessTestCaseMainPhase(TestSuiteExecutor.java:169)
	at com.kms.katalon.core.main.TestSuiteExecutor.accessTestSuiteMainPhase(TestSuiteExecutor.java:142)
	at com.kms.katalon.core.main.TestSuiteExecutor.execute(TestSuiteExecutor.java:91)
	at com.kms.katalon.core.main.TestCaseMain.startTestSuite(TestCaseMain.java:157)
	at com.kms.katalon.core.main.TestCaseMain$startTestSuite$0.call(Unknown Source)
	at TempTestSuite1576452745541.run(TempTestSuite1576452745541.groovy:36)
"/>
         <system-out><![CDATA[2019-12-15 17:32:27 - [TEST_CASE][ERROR] - Test Cases/p4p_cancelReserEdit: Test Cases/p4p_cancelReserEdit FAILED.
Reason:
groovy.lang.MissingPropertyException: No such property: var_searchParent for class: Script1575908897768
	at p4p_cancelReserEdit.run(p4p_cancelReserEdit:54)
	at com.kms.katalon.core.main.ScriptEngine.run(ScriptEngine.java:194)
	at com.kms.katalon.core.main.ScriptEngine.runScriptAsRawText(ScriptEngine.java:119)
	at com.kms.katalon.core.main.TestCaseExecutor.runScript(TestCaseExecutor.java:337)
	at com.kms.katalon.core.main.TestCaseExecutor.doExecute(TestCaseExecutor.java:328)
	at com.kms.katalon.core.main.TestCaseExecutor.processExecutionPhase(TestCaseExecutor.java:307)
	at com.kms.katalon.core.main.TestCaseExecutor.accessMainPhase(TestCaseExecutor.java:299)
	at com.kms.katalon.core.main.TestCaseExecutor.execute(TestCaseExecutor.java:233)
	at com.kms.katalon.core.main.TestSuiteExecutor.accessTestCaseMainPhase(TestSuiteExecutor.java:169)
	at com.kms.katalon.core.main.TestSuiteExecutor.accessTestSuiteMainPhase(TestSuiteExecutor.java:142)
	at com.kms.katalon.core.main.TestSuiteExecutor.execute(TestSuiteExecutor.java:91)
	at com.kms.katalon.core.main.TestCaseMain.startTestSuite(TestCaseMain.java:157)
	at com.kms.katalon.core.main.TestCaseMain$startTestSuite$0.call(Unknown Source)
	at TempTestSuite1576452745541.run(TempTestSuite1576452745541.groovy:36)


2019-12-15 17:32:27 - [TEST_STEP][NOT_RUN] - click(findTestObject("object_accountInformation/a_TEST GABRIEL PROD")): NOT_RUN: click(findTestObject("object_accountInformation/a_TEST GABRIEL PROD"))

2019-12-15 17:32:27 - [MESSAGE][NOT_RUN] - NOT_RUN: click(findTestObject("object_accountInformation/a_TEST GABRIEL PROD"))

2019-12-15 17:32:27 - [TEST_STEP][NOT_RUN] - delay(2): NOT_RUN: delay(2)

2019-12-15 17:32:27 - [MESSAGE][NOT_RUN] - NOT_RUN: delay(2)

2019-12-15 17:32:27 - [TEST_STEP][NOT_RUN] - click(findTestObject("Page_Paradise 4 Paws_2/button_EditReservationCanc")): NOT_RUN: click(findTestObject("Page_Paradise 4 Paws_2/button_EditReservationCanc"))

2019-12-15 17:32:27 - [MESSAGE][NOT_RUN] - NOT_RUN: click(findTestObject("Page_Paradise 4 Paws_2/button_EditReservationCanc"))

2019-12-15 17:32:27 - [TEST_STEP][NOT_RUN] - delay(2): NOT_RUN: delay(2)

2019-12-15 17:32:27 - [MESSAGE][NOT_RUN] - NOT_RUN: delay(2)

2019-12-15 17:32:27 - [TEST_STEP][NOT_RUN] - click(findTestObject("object_reservation/btn_next")): NOT_RUN: click(findTestObject("object_reservation/btn_next"))

2019-12-15 17:32:27 - [MESSAGE][NOT_RUN] - NOT_RUN: click(findTestObject("object_reservation/btn_next"))

2019-12-15 17:32:27 - [TEST_STEP][NOT_RUN] - delay(2): NOT_RUN: delay(2)

2019-12-15 17:32:27 - [MESSAGE][NOT_RUN] - NOT_RUN: delay(2)

2019-12-15 17:32:27 - [TEST_STEP][NOT_RUN] - click(findTestObject("object_reservation/btn_next")): NOT_RUN: click(findTestObject("object_reservation/btn_next"))

2019-12-15 17:32:27 - [MESSAGE][NOT_RUN] - NOT_RUN: click(findTestObject("object_reservation/btn_next"))

2019-12-15 17:32:27 - [TEST_STEP][NOT_RUN] - delay(2): NOT_RUN: delay(2)

2019-12-15 17:32:27 - [MESSAGE][NOT_RUN] - NOT_RUN: delay(2)

2019-12-15 17:32:27 - [TEST_STEP][NOT_RUN] - click(findTestObject("object_reservation/btn_cancelReservation")): NOT_RUN: click(findTestObject("object_reservation/btn_cancelReservation"))

2019-12-15 17:32:27 - [MESSAGE][NOT_RUN] - NOT_RUN: click(findTestObject("object_reservation/btn_cancelReservation"))

2019-12-15 17:32:27 - [TEST_STEP][NOT_RUN] - click(findTestObject("object_reservation/btn_cancelthisreservation")): NOT_RUN: click(findTestObject("object_reservation/btn_cancelthisreservation"))

2019-12-15 17:32:27 - [MESSAGE][NOT_RUN] - NOT_RUN: click(findTestObject("object_reservation/btn_cancelthisreservation"))

2019-12-15 17:32:27 - [TEST_STEP][NOT_RUN] - delay(2): NOT_RUN: delay(2)

2019-12-15 17:32:27 - [MESSAGE][NOT_RUN] - NOT_RUN: delay(2)

2019-12-15 17:32:27 - [TEST_STEP][PASSED] - openBrowser("https://p4p-qa-bg.aws.paradise4paws.com/login/"): Browser is opened with url: 'https://p4p-qa-bg.aws.paradise4paws.com/login/'

2019-12-15 17:32:27 - [MESSAGE][INFO] - Starting 'Firefox' driver

2019-12-15 17:32:27 - [MESSAGE][INFO] - Action delay is set to 0 seconds

2019-12-15 17:32:31 - [MESSAGE][PASSED] - Browser is opened with url: 'https://p4p-qa-bg.aws.paradise4paws.com/login/'

2019-12-15 17:32:31 - [TEST_STEP][PASSED] - setText(findTestObject("Object Repository/object_login/input_user"), var_user): Text 'jegchavez@gmail.com' is set on object 'Object Repository/object_login/input_user'

2019-12-15 17:32:32 - [MESSAGE][PASSED] - Text 'jegchavez@gmail.com' is set on object 'Object Repository/object_login/input_user'

2019-12-15 17:32:32 - [TEST_STEP][PASSED] - setText(findTestObject("Object Repository/object_login/input_pass"), var_pass): Text 'admin1' is set on object 'Object Repository/object_login/input_pass'

2019-12-15 17:32:33 - [MESSAGE][PASSED] - Text 'admin1' is set on object 'Object Repository/object_login/input_pass'

2019-12-15 17:32:33 - [TEST_STEP][PASSED] - delay(2): Delayed 2 second(s)

2019-12-15 17:32:35 - [MESSAGE][PASSED] - Delayed 2 second(s)

2019-12-15 17:32:35 - [TEST_STEP][PASSED] - verifyElementClickable(findTestObject("Object Repository/object_login/btn_login")): Object 'Object Repository/object_login/btn_login' is clickable

2019-12-15 17:32:35 - [MESSAGE][PASSED] - Object 'Object Repository/object_login/btn_login' is clickable

2019-12-15 17:32:35 - [TEST_STEP][PASSED] - click(findTestObject("Object Repository/object_login/btn_login")): Object: 'Object Repository/object_login/btn_login' is clicked on

2019-12-15 17:32:39 - [MESSAGE][PASSED] - Object: 'Object Repository/object_login/btn_login' is clicked on

2019-12-15 17:32:39 - [TEST_STEP][PASSED] - delay(2): Delayed 2 second(s)

2019-12-15 17:32:41 - [MESSAGE][PASSED] - Delayed 2 second(s)

2019-12-15 17:32:41 - [TEST_STEP][PASSED] - setText(findTestObject("Object Repository/object_dashboard_emp/input_search"), var_searchParent): null]]></system-out>
         <system-err><![CDATA[2019-12-15 17:32:27 - [TEST_CASE][ERROR] - Test Cases/p4p_cancelReserEdit: Test Cases/p4p_cancelReserEdit FAILED.
Reason:
groovy.lang.MissingPropertyException: No such property: var_searchParent for class: Script1575908897768
	at p4p_cancelReserEdit.run(p4p_cancelReserEdit:54)
	at com.kms.katalon.core.main.ScriptEngine.run(ScriptEngine.java:194)
	at com.kms.katalon.core.main.ScriptEngine.runScriptAsRawText(ScriptEngine.java:119)
	at com.kms.katalon.core.main.TestCaseExecutor.runScript(TestCaseExecutor.java:337)
	at com.kms.katalon.core.main.TestCaseExecutor.doExecute(TestCaseExecutor.java:328)
	at com.kms.katalon.core.main.TestCaseExecutor.processExecutionPhase(TestCaseExecutor.java:307)
	at com.kms.katalon.core.main.TestCaseExecutor.accessMainPhase(TestCaseExecutor.java:299)
	at com.kms.katalon.core.main.TestCaseExecutor.execute(TestCaseExecutor.java:233)
	at com.kms.katalon.core.main.TestSuiteExecutor.accessTestCaseMainPhase(TestSuiteExecutor.java:169)
	at com.kms.katalon.core.main.TestSuiteExecutor.accessTestSuiteMainPhase(TestSuiteExecutor.java:142)
	at com.kms.katalon.core.main.TestSuiteExecutor.execute(TestSuiteExecutor.java:91)
	at com.kms.katalon.core.main.TestCaseMain.startTestSuite(TestCaseMain.java:157)
	at com.kms.katalon.core.main.TestCaseMain$startTestSuite$0.call(Unknown Source)
	at TempTestSuite1576452745541.run(TempTestSuite1576452745541.groovy:36)]]></system-err>
      </testcase>
      <testcase name="Test Cases/p4p_cancelReserEdit" time="22.643" classname="Test Cases/p4p_cancelReserEdit" status="ERROR">
         <error type="ERROR" message="Test Cases/p4p_cancelReserEdit FAILED.
Reason:
groovy.lang.MissingPropertyException: No such property: var_searchParent for class: Script1575908897768
	at p4p_cancelReserEdit.run(p4p_cancelReserEdit:54)
	at com.kms.katalon.core.main.ScriptEngine.run(ScriptEngine.java:194)
	at com.kms.katalon.core.main.ScriptEngine.runScriptAsRawText(ScriptEngine.java:119)
	at com.kms.katalon.core.main.TestCaseExecutor.runScript(TestCaseExecutor.java:337)
	at com.kms.katalon.core.main.TestCaseExecutor.doExecute(TestCaseExecutor.java:328)
	at com.kms.katalon.core.main.TestCaseExecutor.processExecutionPhase(TestCaseExecutor.java:307)
	at com.kms.katalon.core.main.TestCaseExecutor.accessMainPhase(TestCaseExecutor.java:299)
	at com.kms.katalon.core.main.TestCaseExecutor.execute(TestCaseExecutor.java:233)
	at com.kms.katalon.core.main.TestSuiteExecutor.accessTestCaseMainPhase(TestSuiteExecutor.java:169)
	at com.kms.katalon.core.main.TestSuiteExecutor.accessTestSuiteMainPhase(TestSuiteExecutor.java:142)
	at com.kms.katalon.core.main.TestSuiteExecutor.execute(TestSuiteExecutor.java:91)
	at com.kms.katalon.core.main.TestCaseMain.startTestSuite(TestCaseMain.java:157)
	at com.kms.katalon.core.main.TestCaseMain$startTestSuite$0.call(Unknown Source)
	at TempTestSuite1576452745541.run(TempTestSuite1576452745541.groovy:36)
"/>
         <system-out><![CDATA[2019-12-15 17:32:41 - [TEST_CASE][ERROR] - Test Cases/p4p_cancelReserEdit: Test Cases/p4p_cancelReserEdit FAILED.
Reason:
groovy.lang.MissingPropertyException: No such property: var_searchParent for class: Script1575908897768
	at p4p_cancelReserEdit.run(p4p_cancelReserEdit:54)
	at com.kms.katalon.core.main.ScriptEngine.run(ScriptEngine.java:194)
	at com.kms.katalon.core.main.ScriptEngine.runScriptAsRawText(ScriptEngine.java:119)
	at com.kms.katalon.core.main.TestCaseExecutor.runScript(TestCaseExecutor.java:337)
	at com.kms.katalon.core.main.TestCaseExecutor.doExecute(TestCaseExecutor.java:328)
	at com.kms.katalon.core.main.TestCaseExecutor.processExecutionPhase(TestCaseExecutor.java:307)
	at com.kms.katalon.core.main.TestCaseExecutor.accessMainPhase(TestCaseExecutor.java:299)
	at com.kms.katalon.core.main.TestCaseExecutor.execute(TestCaseExecutor.java:233)
	at com.kms.katalon.core.main.TestSuiteExecutor.accessTestCaseMainPhase(TestSuiteExecutor.java:169)
	at com.kms.katalon.core.main.TestSuiteExecutor.accessTestSuiteMainPhase(TestSuiteExecutor.java:142)
	at com.kms.katalon.core.main.TestSuiteExecutor.execute(TestSuiteExecutor.java:91)
	at com.kms.katalon.core.main.TestCaseMain.startTestSuite(TestCaseMain.java:157)
	at com.kms.katalon.core.main.TestCaseMain$startTestSuite$0.call(Unknown Source)
	at TempTestSuite1576452745541.run(TempTestSuite1576452745541.groovy:36)


2019-12-15 17:32:41 - [TEST_STEP][NOT_RUN] - click(findTestObject("object_accountInformation/a_TEST GABRIEL PROD")): NOT_RUN: click(findTestObject("object_accountInformation/a_TEST GABRIEL PROD"))

2019-12-15 17:32:41 - [MESSAGE][NOT_RUN] - NOT_RUN: click(findTestObject("object_accountInformation/a_TEST GABRIEL PROD"))

2019-12-15 17:32:41 - [TEST_STEP][NOT_RUN] - delay(2): NOT_RUN: delay(2)

2019-12-15 17:32:41 - [MESSAGE][NOT_RUN] - NOT_RUN: delay(2)

2019-12-15 17:32:41 - [TEST_STEP][NOT_RUN] - click(findTestObject("Page_Paradise 4 Paws_2/button_EditReservationCanc")): NOT_RUN: click(findTestObject("Page_Paradise 4 Paws_2/button_EditReservationCanc"))

2019-12-15 17:32:41 - [MESSAGE][NOT_RUN] - NOT_RUN: click(findTestObject("Page_Paradise 4 Paws_2/button_EditReservationCanc"))

2019-12-15 17:32:41 - [TEST_STEP][NOT_RUN] - delay(2): NOT_RUN: delay(2)

2019-12-15 17:32:41 - [MESSAGE][NOT_RUN] - NOT_RUN: delay(2)

2019-12-15 17:32:41 - [TEST_STEP][NOT_RUN] - click(findTestObject("object_reservation/btn_next")): NOT_RUN: click(findTestObject("object_reservation/btn_next"))

2019-12-15 17:32:41 - [MESSAGE][NOT_RUN] - NOT_RUN: click(findTestObject("object_reservation/btn_next"))

2019-12-15 17:32:41 - [TEST_STEP][NOT_RUN] - delay(2): NOT_RUN: delay(2)

2019-12-15 17:32:41 - [MESSAGE][NOT_RUN] - NOT_RUN: delay(2)

2019-12-15 17:32:41 - [TEST_STEP][NOT_RUN] - click(findTestObject("object_reservation/btn_next")): NOT_RUN: click(findTestObject("object_reservation/btn_next"))

2019-12-15 17:32:41 - [MESSAGE][NOT_RUN] - NOT_RUN: click(findTestObject("object_reservation/btn_next"))

2019-12-15 17:32:41 - [TEST_STEP][NOT_RUN] - delay(2): NOT_RUN: delay(2)

2019-12-15 17:32:41 - [MESSAGE][NOT_RUN] - NOT_RUN: delay(2)

2019-12-15 17:32:41 - [TEST_STEP][NOT_RUN] - click(findTestObject("object_reservation/btn_cancelReservation")): NOT_RUN: click(findTestObject("object_reservation/btn_cancelReservation"))

2019-12-15 17:32:41 - [MESSAGE][NOT_RUN] - NOT_RUN: click(findTestObject("object_reservation/btn_cancelReservation"))

2019-12-15 17:32:41 - [TEST_STEP][NOT_RUN] - click(findTestObject("object_reservation/btn_cancelthisreservation")): NOT_RUN: click(findTestObject("object_reservation/btn_cancelthisreservation"))

2019-12-15 17:32:41 - [MESSAGE][NOT_RUN] - NOT_RUN: click(findTestObject("object_reservation/btn_cancelthisreservation"))

2019-12-15 17:32:41 - [TEST_STEP][NOT_RUN] - delay(2): NOT_RUN: delay(2)

2019-12-15 17:32:41 - [MESSAGE][NOT_RUN] - NOT_RUN: delay(2)

2019-12-15 17:32:41 - [TEST_STEP][PASSED] - openBrowser("https://p4p-qa-bg.aws.paradise4paws.com/login/"): Browser is opened with url: 'https://p4p-qa-bg.aws.paradise4paws.com/login/'

2019-12-15 17:32:41 - [MESSAGE][WARNING] - A browser is already opened. Closing browser and opening a new one

2019-12-15 17:32:52 - [MESSAGE][INFO] - Starting 'Firefox' driver

2019-12-15 17:32:55 - [MESSAGE][PASSED] - Browser is opened with url: 'https://p4p-qa-bg.aws.paradise4paws.com/login/'

2019-12-15 17:32:55 - [TEST_STEP][PASSED] - setText(findTestObject("Object Repository/object_login/input_user"), var_user): Text 'jegchavez@gmail.com' is set on object 'Object Repository/object_login/input_user'

2019-12-15 17:32:56 - [MESSAGE][PASSED] - Text 'jegchavez@gmail.com' is set on object 'Object Repository/object_login/input_user'

2019-12-15 17:32:56 - [TEST_STEP][PASSED] - setText(findTestObject("Object Repository/object_login/input_pass"), var_pass): Text 'admin1' is set on object 'Object Repository/object_login/input_pass'

2019-12-15 17:32:56 - [MESSAGE][PASSED] - Text 'admin1' is set on object 'Object Repository/object_login/input_pass'

2019-12-15 17:32:56 - [TEST_STEP][PASSED] - delay(2): Delayed 2 second(s)

2019-12-15 17:32:58 - [MESSAGE][PASSED] - Delayed 2 second(s)

2019-12-15 17:32:58 - [TEST_STEP][PASSED] - verifyElementClickable(findTestObject("Object Repository/object_login/btn_login")): Object 'Object Repository/object_login/btn_login' is clickable

2019-12-15 17:32:59 - [MESSAGE][PASSED] - Object 'Object Repository/object_login/btn_login' is clickable

2019-12-15 17:32:59 - [TEST_STEP][PASSED] - click(findTestObject("Object Repository/object_login/btn_login")): Object: 'Object Repository/object_login/btn_login' is clicked on

2019-12-15 17:33:02 - [MESSAGE][PASSED] - Object: 'Object Repository/object_login/btn_login' is clicked on

2019-12-15 17:33:02 - [TEST_STEP][PASSED] - delay(2): Delayed 2 second(s)

2019-12-15 17:33:04 - [MESSAGE][PASSED] - Delayed 2 second(s)

2019-12-15 17:33:04 - [TEST_STEP][PASSED] - setText(findTestObject("Object Repository/object_dashboard_emp/input_search"), var_searchParent): null]]></system-out>
         <system-err><![CDATA[2019-12-15 17:32:41 - [TEST_CASE][ERROR] - Test Cases/p4p_cancelReserEdit: Test Cases/p4p_cancelReserEdit FAILED.
Reason:
groovy.lang.MissingPropertyException: No such property: var_searchParent for class: Script1575908897768
	at p4p_cancelReserEdit.run(p4p_cancelReserEdit:54)
	at com.kms.katalon.core.main.ScriptEngine.run(ScriptEngine.java:194)
	at com.kms.katalon.core.main.ScriptEngine.runScriptAsRawText(ScriptEngine.java:119)
	at com.kms.katalon.core.main.TestCaseExecutor.runScript(TestCaseExecutor.java:337)
	at com.kms.katalon.core.main.TestCaseExecutor.doExecute(TestCaseExecutor.java:328)
	at com.kms.katalon.core.main.TestCaseExecutor.processExecutionPhase(TestCaseExecutor.java:307)
	at com.kms.katalon.core.main.TestCaseExecutor.accessMainPhase(TestCaseExecutor.java:299)
	at com.kms.katalon.core.main.TestCaseExecutor.execute(TestCaseExecutor.java:233)
	at com.kms.katalon.core.main.TestSuiteExecutor.accessTestCaseMainPhase(TestSuiteExecutor.java:169)
	at com.kms.katalon.core.main.TestSuiteExecutor.accessTestSuiteMainPhase(TestSuiteExecutor.java:142)
	at com.kms.katalon.core.main.TestSuiteExecutor.execute(TestSuiteExecutor.java:91)
	at com.kms.katalon.core.main.TestCaseMain.startTestSuite(TestCaseMain.java:157)
	at com.kms.katalon.core.main.TestCaseMain$startTestSuite$0.call(Unknown Source)
	at TempTestSuite1576452745541.run(TempTestSuite1576452745541.groovy:36)]]></system-err>
      </testcase>
      <system-out><![CDATA[2019-12-15 17:32:26 - [TEST_SUITE][ERROR] - ts_cancelReservationEdit: Test Cases/p4p_cancelReserEdit FAILED.
Reason:
groovy.lang.MissingPropertyException: No such property: var_searchParent for class: Script1575908897768
	at p4p_cancelReserEdit.run(p4p_cancelReserEdit:54)
	at com.kms.katalon.core.main.ScriptEngine.run(ScriptEngine.java:194)
	at com.kms.katalon.core.main.ScriptEngine.runScriptAsRawText(ScriptEngine.java:119)
	at com.kms.katalon.core.main.TestCaseExecutor.runScript(TestCaseExecutor.java:337)
	at com.kms.katalon.core.main.TestCaseExecutor.doExecute(TestCaseExecutor.java:328)
	at com.kms.katalon.core.main.TestCaseExecutor.processExecutionPhase(TestCaseExecutor.java:307)
	at com.kms.katalon.core.main.TestCaseExecutor.accessMainPhase(TestCaseExecutor.java:299)
	at com.kms.katalon.core.main.TestCaseExecutor.execute(TestCaseExecutor.java:233)
	at com.kms.katalon.core.main.TestSuiteExecutor.accessTestCaseMainPhase(TestSuiteExecutor.java:169)
	at com.kms.katalon.core.main.TestSuiteExecutor.accessTestSuiteMainPhase(TestSuiteExecutor.java:142)
	at com.kms.katalon.core.main.TestSuiteExecutor.execute(TestSuiteExecutor.java:91)
	at com.kms.katalon.core.main.TestCaseMain.startTestSuite(TestCaseMain.java:157)
	at com.kms.katalon.core.main.TestCaseMain$startTestSuite$0.call(Unknown Source)
	at TempTestSuite1576452745541.run(TempTestSuite1576452745541.groovy:36)]]></system-out>
      <system-err><![CDATA[2019-12-15 17:32:26 - [TEST_SUITE][ERROR] - ts_cancelReservationEdit: Test Cases/p4p_cancelReserEdit FAILED.
Reason:
groovy.lang.MissingPropertyException: No such property: var_searchParent for class: Script1575908897768
	at p4p_cancelReserEdit.run(p4p_cancelReserEdit:54)
	at com.kms.katalon.core.main.ScriptEngine.run(ScriptEngine.java:194)
	at com.kms.katalon.core.main.ScriptEngine.runScriptAsRawText(ScriptEngine.java:119)
	at com.kms.katalon.core.main.TestCaseExecutor.runScript(TestCaseExecutor.java:337)
	at com.kms.katalon.core.main.TestCaseExecutor.doExecute(TestCaseExecutor.java:328)
	at com.kms.katalon.core.main.TestCaseExecutor.processExecutionPhase(TestCaseExecutor.java:307)
	at com.kms.katalon.core.main.TestCaseExecutor.accessMainPhase(TestCaseExecutor.java:299)
	at com.kms.katalon.core.main.TestCaseExecutor.execute(TestCaseExecutor.java:233)
	at com.kms.katalon.core.main.TestSuiteExecutor.accessTestCaseMainPhase(TestSuiteExecutor.java:169)
	at com.kms.katalon.core.main.TestSuiteExecutor.accessTestSuiteMainPhase(TestSuiteExecutor.java:142)
	at com.kms.katalon.core.main.TestSuiteExecutor.execute(TestSuiteExecutor.java:91)
	at com.kms.katalon.core.main.TestCaseMain.startTestSuite(TestCaseMain.java:157)
	at com.kms.katalon.core.main.TestCaseMain$startTestSuite$0.call(Unknown Source)
	at TempTestSuite1576452745541.run(TempTestSuite1576452745541.groovy:36)]]></system-err>
   </testsuite>
</testsuites>
