<?xml version="1.0" encoding="UTF-8"?>
<testsuites name="ts_4_payment" time="386.53" tests="8" failures="2" errors="0">
   <testsuite name="ts_4_payment" tests="8" failures="2" errors="0" time="386.53" timestamp="2020-01-19 01:37:09" hostname="leonardo-arkusmty - leonardoarkusmty-Inspiron-5577" id="Test Suites/ts_4_payment">
      <properties>
         <property name="deviceName" value=""/>
         <property name="devicePlatform" value=""/>
         <property name="logFolder" value="/home/leonardo-arkusmty/Documents/workspaceKatalon/p4ptest/Reports/20200119_013708/ts_4_payment/20200119_013708"/>
         <property name="logFiles" value="/home/leonardo-arkusmty/Documents/workspaceKatalon/p4ptest/Reports/20200119_013708/ts_4_payment/20200119_013708/execution0.log"/>
         <property name="attachments" value="/home/leonardo-arkusmty/Documents/workspaceKatalon/p4ptest/Reports/20200119_013708/ts_4_payment/20200119_013708/1579419543528.png"/>
         <property name="hostName" value="leonardo-arkusmty - leonardoarkusmty-Inspiron-5577"/>
         <property name="os" value="Linux 64bit"/>
         <property name="katalonVersion" value="7.0.8.1"/>
         <property name="browser" value="Chrome 79.0.3945.88"/>
         <property name="hostAddress" value="127.0.1.1"/>
         <property name="sessionId" value="6c20f624b2efd768d8ee092e871b3740"/>
         <property name="seleniumVersion" value="3.141.59"/>
         <property name="proxyInformation" value="ProxyInformation{proxyOption=NO_PROXY, proxyServerType=HTTP, password=, proxyServerAddress=, proxyServerPort=0}"/>
         <property name="platform" value="Linux"/>
      </properties>
      <testcase name="Test Cases/p4p_4_payment_ ok" time="49.599" classname="Test Cases/p4p_4_payment_ ok" status="FAILED">
         <failure type="FAILED" message="Test Cases/p4p_4_payment_ ok FAILED.
Reason:
com.kms.katalon.core.exception.StepFailedException: Unable to click on object 'Object Repository/obj_paymentdetails/a_Pay (1)'
	at com.kms.katalon.core.webui.keyword.internal.WebUIKeywordMain.stepFailed(WebUIKeywordMain.groovy:64)
	at com.kms.katalon.core.webui.keyword.internal.WebUIKeywordMain.runKeyword(WebUIKeywordMain.groovy:26)
	at com.kms.katalon.core.webui.keyword.builtin.ClickKeyword.click(ClickKeyword.groovy:99)
	at com.kms.katalon.core.webui.keyword.builtin.ClickKeyword.execute(ClickKeyword.groovy:43)
	at com.kms.katalon.core.keyword.internal.KeywordExecutor.executeKeywordForPlatform(KeywordExecutor.groovy:60)
	at com.kms.katalon.core.webui.keyword.WebUiBuiltInKeywords.click(WebUiBuiltInKeywords.groovy:616)
	at com.kms.katalon.core.webui.keyword.WebUiBuiltInKeywords$click$3.call(Unknown Source)
	at p4p_4_payment_ ok.run(p4p_4_payment_ ok:59)
	at com.kms.katalon.core.main.ScriptEngine.run(ScriptEngine.java:194)
	at com.kms.katalon.core.main.ScriptEngine.runScriptAsRawText(ScriptEngine.java:119)
	at com.kms.katalon.core.main.TestCaseExecutor.runScript(TestCaseExecutor.java:337)
	at com.kms.katalon.core.main.TestCaseExecutor.doExecute(TestCaseExecutor.java:328)
	at com.kms.katalon.core.main.TestCaseExecutor.processExecutionPhase(TestCaseExecutor.java:307)
	at com.kms.katalon.core.main.TestCaseExecutor.accessMainPhase(TestCaseExecutor.java:299)
	at com.kms.katalon.core.main.TestCaseExecutor.execute(TestCaseExecutor.java:233)
	at com.kms.katalon.core.main.TestSuiteExecutor.accessTestCaseMainPhase(TestSuiteExecutor.java:169)
	at com.kms.katalon.core.main.TestSuiteExecutor.accessTestSuiteMainPhase(TestSuiteExecutor.java:142)
	at com.kms.katalon.core.main.TestSuiteExecutor.execute(TestSuiteExecutor.java:91)
	at com.kms.katalon.core.main.TestCaseMain.startTestSuite(TestCaseMain.java:157)
	at com.kms.katalon.core.main.TestCaseMain$startTestSuite$0.call(Unknown Source)
	at TempTestSuite1579419428568.run(TempTestSuite1579419428568.groovy:36)
Caused by: org.openqa.selenium.NoSuchWindowException: no such window: target window already closed
from unknown error: web view not found
  (Session info: chrome=79.0.3945.88)
Build info: version: '3.141.59', revision: 'e82be7d358', time: '2018-11-14T08:25:53'
System info: host: 'leonardoarkusmty-Inspiron-5577', ip: '127.0.1.1', os.name: 'Linux', os.arch: 'amd64', os.version: '4.15.0-74-generic', java.version: '1.8.0_232'
Driver info: com.kms.katalon.selenium.driver.CChromeDriver
Capabilities {acceptInsecureCerts: false, browserName: chrome, browserVersion: 79.0.3945.88, chrome: {chromedriverVersion: 79.0.3945.36 (3582db32b3389..., userDataDir: /tmp/.com.google.Chrome.3EWk9f}, goog:chromeOptions: {debuggerAddress: localhost:40887}, javascriptEnabled: true, networkConnectionEnabled: false, pageLoadStrategy: normal, platform: LINUX, platformName: LINUX, proxy: Proxy(), setWindowRect: true, strictFileInteractability: false, timeouts: {implicit: 0, pageLoad: 300000, script: 30000}, unhandledPromptBehavior: dismiss and notify}
Session ID: 4d814291f646a645dbc7530aef58ffea
*** Element info: {Using=xpath, value=//section[@id='checkout-billing']/ng-form/div[3]/div[2]/div/div/fieldset/table/tbody[2]/tr[4]/td[4]/a}
	at org.openqa.selenium.remote.http.W3CHttpResponseCodec.createException(W3CHttpResponseCodec.java:187)
	at org.openqa.selenium.remote.http.W3CHttpResponseCodec.decode(W3CHttpResponseCodec.java:122)
	at org.openqa.selenium.remote.http.W3CHttpResponseCodec.decode(W3CHttpResponseCodec.java:49)
	at org.openqa.selenium.remote.HttpCommandExecutor.execute(HttpCommandExecutor.java:158)
	at org.openqa.selenium.remote.service.DriverCommandExecutor.execute(DriverCommandExecutor.java:83)
	at org.openqa.selenium.remote.RemoteWebDriver.execute(RemoteWebDriver.java:552)
	at com.kms.katalon.selenium.driver.CChromeDriver.execute(CChromeDriver.java:19)
	at org.openqa.selenium.remote.RemoteWebDriver.findElements(RemoteWebDriver.java:353)
	at org.openqa.selenium.remote.RemoteWebDriver.findElementsByXPath(RemoteWebDriver.java:432)
	at org.openqa.selenium.By$ByXPath.findElements(By.java:348)
	at org.openqa.selenium.remote.RemoteWebDriver.findElements(RemoteWebDriver.java:311)
	at org.openqa.selenium.support.events.EventFiringWebDriver.lambda$new$1(EventFiringWebDriver.java:105)
	at com.sun.proxy.$Proxy11.findElements(Unknown Source)
	at org.openqa.selenium.support.events.EventFiringWebDriver.findElements(EventFiringWebDriver.java:182)
	at com.kms.katalon.core.webui.common.WebUiCommonHelper.findWebElements(WebUiCommonHelper.java:762)
	at com.kms.katalon.core.webui.common.WebUiCommonHelper.findWebElement(WebUiCommonHelper.java:1109)
	at com.kms.katalon.core.webui.keyword.internal.WebUIAbstractKeyword.findWebElement(WebUIAbstractKeyword.groovy:27)
	at com.kms.katalon.core.webui.keyword.internal.WebUIAbstractKeyword.findWebElement(WebUIAbstractKeyword.groovy:26)
	at com.kms.katalon.core.webui.keyword.builtin.ClickKeyword$_click_closure1.doCall(ClickKeyword.groovy:68)
	at com.kms.katalon.core.webui.keyword.builtin.ClickKeyword$_click_closure1.call(ClickKeyword.groovy)
	at com.kms.katalon.core.webui.keyword.internal.WebUIKeywordMain.runKeyword(WebUIKeywordMain.groovy:20)
	... 19 more
"/>
         <system-out><![CDATA[2020-01-19 01:37:10 - [TEST_CASE][FAILED] - Test Cases/p4p_4_payment_ ok: Test Cases/p4p_4_payment_ ok FAILED.
Reason:
com.kms.katalon.core.exception.StepFailedException: Unable to click on object 'Object Repository/obj_paymentdetails/a_Pay (1)'
	at com.kms.katalon.core.webui.keyword.internal.WebUIKeywordMain.stepFailed(WebUIKeywordMain.groovy:64)
	at com.kms.katalon.core.webui.keyword.internal.WebUIKeywordMain.runKeyword(WebUIKeywordMain.groovy:26)
	at com.kms.katalon.core.webui.keyword.builtin.ClickKeyword.click(ClickKeyword.groovy:99)
	at com.kms.katalon.core.webui.keyword.builtin.ClickKeyword.execute(ClickKeyword.groovy:43)
	at com.kms.katalon.core.keyword.internal.KeywordExecutor.executeKeywordForPlatform(KeywordExecutor.groovy:60)
	at com.kms.katalon.core.webui.keyword.WebUiBuiltInKeywords.click(WebUiBuiltInKeywords.groovy:616)
	at com.kms.katalon.core.webui.keyword.WebUiBuiltInKeywords$click$3.call(Unknown Source)
	at p4p_4_payment_ ok.run(p4p_4_payment_ ok:59)
	at com.kms.katalon.core.main.ScriptEngine.run(ScriptEngine.java:194)
	at com.kms.katalon.core.main.ScriptEngine.runScriptAsRawText(ScriptEngine.java:119)
	at com.kms.katalon.core.main.TestCaseExecutor.runScript(TestCaseExecutor.java:337)
	at com.kms.katalon.core.main.TestCaseExecutor.doExecute(TestCaseExecutor.java:328)
	at com.kms.katalon.core.main.TestCaseExecutor.processExecutionPhase(TestCaseExecutor.java:307)
	at com.kms.katalon.core.main.TestCaseExecutor.accessMainPhase(TestCaseExecutor.java:299)
	at com.kms.katalon.core.main.TestCaseExecutor.execute(TestCaseExecutor.java:233)
	at com.kms.katalon.core.main.TestSuiteExecutor.accessTestCaseMainPhase(TestSuiteExecutor.java:169)
	at com.kms.katalon.core.main.TestSuiteExecutor.accessTestSuiteMainPhase(TestSuiteExecutor.java:142)
	at com.kms.katalon.core.main.TestSuiteExecutor.execute(TestSuiteExecutor.java:91)
	at com.kms.katalon.core.main.TestCaseMain.startTestSuite(TestCaseMain.java:157)
	at com.kms.katalon.core.main.TestCaseMain$startTestSuite$0.call(Unknown Source)
	at TempTestSuite1579419428568.run(TempTestSuite1579419428568.groovy:36)
Caused by: org.openqa.selenium.NoSuchWindowException: no such window: target window already closed
from unknown error: web view not found
  (Session info: chrome=79.0.3945.88)
Build info: version: '3.141.59', revision: 'e82be7d358', time: '2018-11-14T08:25:53'
System info: host: 'leonardoarkusmty-Inspiron-5577', ip: '127.0.1.1', os.name: 'Linux', os.arch: 'amd64', os.version: '4.15.0-74-generic', java.version: '1.8.0_232'
Driver info: com.kms.katalon.selenium.driver.CChromeDriver
Capabilities {acceptInsecureCerts: false, browserName: chrome, browserVersion: 79.0.3945.88, chrome: {chromedriverVersion: 79.0.3945.36 (3582db32b3389..., userDataDir: /tmp/.com.google.Chrome.3EWk9f}, goog:chromeOptions: {debuggerAddress: localhost:40887}, javascriptEnabled: true, networkConnectionEnabled: false, pageLoadStrategy: normal, platform: LINUX, platformName: LINUX, proxy: Proxy(), setWindowRect: true, strictFileInteractability: false, timeouts: {implicit: 0, pageLoad: 300000, script: 30000}, unhandledPromptBehavior: dismiss and notify}
Session ID: 4d814291f646a645dbc7530aef58ffea
*** Element info: {Using=xpath, value=//section[@id='checkout-billing']/ng-form/div[3]/div[2]/div/div/fieldset/table/tbody[2]/tr[4]/td[4]/a}
	at org.openqa.selenium.remote.http.W3CHttpResponseCodec.createException(W3CHttpResponseCodec.java:187)
	at org.openqa.selenium.remote.http.W3CHttpResponseCodec.decode(W3CHttpResponseCodec.java:122)
	at org.openqa.selenium.remote.http.W3CHttpResponseCodec.decode(W3CHttpResponseCodec.java:49)
	at org.openqa.selenium.remote.HttpCommandExecutor.execute(HttpCommandExecutor.java:158)
	at org.openqa.selenium.remote.service.DriverCommandExecutor.execute(DriverCommandExecutor.java:83)
	at org.openqa.selenium.remote.RemoteWebDriver.execute(RemoteWebDriver.java:552)
	at com.kms.katalon.selenium.driver.CChromeDriver.execute(CChromeDriver.java:19)
	at org.openqa.selenium.remote.RemoteWebDriver.findElements(RemoteWebDriver.java:353)
	at org.openqa.selenium.remote.RemoteWebDriver.findElementsByXPath(RemoteWebDriver.java:432)
	at org.openqa.selenium.By$ByXPath.findElements(By.java:348)
	at org.openqa.selenium.remote.RemoteWebDriver.findElements(RemoteWebDriver.java:311)
	at org.openqa.selenium.support.events.EventFiringWebDriver.lambda$new$1(EventFiringWebDriver.java:105)
	at com.sun.proxy.$Proxy11.findElements(Unknown Source)
	at org.openqa.selenium.support.events.EventFiringWebDriver.findElements(EventFiringWebDriver.java:182)
	at com.kms.katalon.core.webui.common.WebUiCommonHelper.findWebElements(WebUiCommonHelper.java:762)
	at com.kms.katalon.core.webui.common.WebUiCommonHelper.findWebElement(WebUiCommonHelper.java:1109)
	at com.kms.katalon.core.webui.keyword.internal.WebUIAbstractKeyword.findWebElement(WebUIAbstractKeyword.groovy:27)
	at com.kms.katalon.core.webui.keyword.internal.WebUIAbstractKeyword.findWebElement(WebUIAbstractKeyword.groovy:26)
	at com.kms.katalon.core.webui.keyword.builtin.ClickKeyword$_click_closure1.doCall(ClickKeyword.groovy:68)
	at com.kms.katalon.core.webui.keyword.builtin.ClickKeyword$_click_closure1.call(ClickKeyword.groovy)
	at com.kms.katalon.core.webui.keyword.internal.WebUIKeywordMain.runKeyword(WebUIKeywordMain.groovy:20)
	... 19 more


2020-01-19 01:37:10 - [TEST_STEP][PASSED] - openBrowser("https://p4p-qa-bg.aws.paradise4paws.com/login/"): Browser is opened with url: 'https://p4p-qa-bg.aws.paradise4paws.com/login/'

2020-01-19 01:37:10 - [MESSAGE][INFO] - Starting 'Chrome' driver

2020-01-19 01:37:10 - [MESSAGE][INFO] - Action delay is set to 0 seconds

2020-01-19 01:37:13 - [MESSAGE][PASSED] - Browser is opened with url: 'https://p4p-qa-bg.aws.paradise4paws.com/login/'

2020-01-19 01:37:13 - [TEST_STEP][PASSED] - maximizeWindow(): Current window maximized

2020-01-19 01:37:13 - [MESSAGE][PASSED] - Current window maximized

2020-01-19 01:37:13 - [TEST_STEP][PASSED] - log = new com.kms.katalon.core.logging.KeywordLogger(): null

2020-01-19 01:37:13 - [TEST_STEP][PASSED] - fisNewRes = new java.io.FileInputStream(/home/leonardo-arkusmty/Desktop/P4P/DATA_AUTOMATINTESTING/data_1newReservationBoarding.xlsx): null

2020-01-19 01:37:13 - [TEST_STEP][PASSED] - fisInv = new java.io.FileInputStream(/home/leonardo-arkusmty/Desktop/P4P/DATA_AUTOMATINTESTING/data_3Invoices.xlsx): null

2020-01-19 01:37:13 - [TEST_STEP][PASSED] - workbookNewRes = new org.apache.poi.xssf.usermodel.XSSFWorkbook(fisNewRes): null

2020-01-19 01:37:14 - [TEST_STEP][PASSED] - workbookInv = new org.apache.poi.xssf.usermodel.XSSFWorkbook(fisInv): null

2020-01-19 01:37:14 - [TEST_STEP][PASSED] - sheetNewRes = workbookNewRes.getSheet("Sheet1"): null

2020-01-19 01:37:14 - [TEST_STEP][PASSED] - setText(findTestObject("obj_login/input_user"), var_user): Text 'jegchavez@gmail.com' is set on object 'Object Repository/obj_login/input_user'

2020-01-19 01:37:14 - [MESSAGE][PASSED] - Text 'jegchavez@gmail.com' is set on object 'Object Repository/obj_login/input_user'

2020-01-19 01:37:14 - [TEST_STEP][PASSED] - setText(findTestObject("obj_login/input_pass"), var_pass): Text 'admin1' is set on object 'Object Repository/obj_login/input_pass'

2020-01-19 01:37:15 - [MESSAGE][PASSED] - Text 'admin1' is set on object 'Object Repository/obj_login/input_pass'

2020-01-19 01:37:15 - [TEST_STEP][PASSED] - verifyElementClickable(findTestObject("obj_login/btn_login")): Object 'Object Repository/obj_login/btn_login' is clickable

2020-01-19 01:37:15 - [MESSAGE][PASSED] - Object 'Object Repository/obj_login/btn_login' is clickable

2020-01-19 01:37:15 - [TEST_STEP][PASSED] - click(findTestObject("obj_login/btn_login")): Object: 'Object Repository/obj_login/btn_login' is clicked on

2020-01-19 01:37:17 - [MESSAGE][PASSED] - Object: 'Object Repository/obj_login/btn_login' is clicked on

2020-01-19 01:37:17 - [TEST_STEP][PASSED] - setText(findTestObject("obj_dashboard_emp/input_search"), var_parent): Text 'leongarzagarza@hotmail.com' is set on object 'Object Repository/obj_dashboard_emp/input_search'

2020-01-19 01:37:17 - [MESSAGE][PASSED] - Text 'leongarzagarza@hotmail.com' is set on object 'Object Repository/obj_dashboard_emp/input_search'

2020-01-19 01:37:17 - [TEST_STEP][PASSED] - click(findTestObject("obj_dashboard_emp/btn_accountSearch"), STOP_ON_FAILURE): Object: 'Object Repository/obj_dashboard_emp/btn_accountSearch' is clicked on

2020-01-19 01:37:18 - [MESSAGE][PASSED] - Object: 'Object Repository/obj_dashboard_emp/btn_accountSearch' is clicked on

2020-01-19 01:37:18 - [TEST_STEP][PASSED] - click(findTestObject("obj_accountInformation/a_TEST GABRIEL PROD")): Object: 'Object Repository/obj_accountInformation/a_TEST GABRIEL PROD' is clicked on

2020-01-19 01:37:20 - [MESSAGE][PASSED] - Object: 'Object Repository/obj_accountInformation/a_TEST GABRIEL PROD' is clicked on

2020-01-19 01:37:20 - [TEST_STEP][PASSED] - click(findTestObject("obj_invoce/a_Invoices")): Object: 'Object Repository/obj_invoce/a_Invoices' is clicked on

2020-01-19 01:37:23 - [MESSAGE][PASSED] - Object: 'Object Repository/obj_invoce/a_Invoices' is clicked on

2020-01-19 01:37:23 - [TEST_STEP][PASSED] - delay(1): Delayed 1 second(s)

2020-01-19 01:37:24 - [MESSAGE][PASSED] - Delayed 1 second(s)

2020-01-19 01:37:24 - [TEST_STEP][NOT_RUN] - click(findTestObject("obj_invoce/a_1795112")): NOT_RUN: click(findTestObject("obj_invoce/a_1795112"))

2020-01-19 01:37:24 - [MESSAGE][NOT_RUN] - NOT_RUN: click(findTestObject("obj_invoce/a_1795112"))

2020-01-19 01:37:24 - [TEST_STEP][PASSED] - var_url = getUrl(): Current window's url is: 'https://p4p-qa-bg.aws.paradise4paws.com/accounts/profile/#/invoices/122350/'

2020-01-19 01:37:24 - [MESSAGE][PASSED] - Current window's url is: 'https://p4p-qa-bg.aws.paradise4paws.com/accounts/profile/#/invoices/122350/'

2020-01-19 01:37:24 - [TEST_STEP][PASSED] - arrayUrl = var_url.split("/"): null

2020-01-19 01:37:24 - [TEST_STEP][PASSED] - urlInvoice = arrayUrl[0] + "/" + arrayUrl[1] + "/" + arrayUrl[2] + "/" + arrayUrl[3] + "/" + arrayUrl[4] + "/" + arrayUrl[5] + "/" + "invoice" + "/" + arrayUrl[7] + "/" + var_invoice: null

2020-01-19 01:37:24 - [TEST_STEP][PASSED] - navigateToUrl(urlInvoice): Navigate to 'https://p4p-qa-bg.aws.paradise4paws.com/accounts/profile/#/invoice/122350/1795569' successfully

2020-01-19 01:37:25 - [MESSAGE][PASSED] - Navigate to 'https://p4p-qa-bg.aws.paradise4paws.com/accounts/profile/#/invoice/122350/1795569' successfully

2020-01-19 01:37:25 - [TEST_STEP][PASSED] - delay(4): Delayed 4 second(s)

2020-01-19 01:37:29 - [MESSAGE][PASSED] - Delayed 4 second(s)

2020-01-19 01:37:29 - [TEST_STEP][NOT_RUN] - click(findTestObject("Object Repository/obj_paymentdetails/newpay/Page_Paradise 4 Paws  Dog Boarding Cat Boar_145431/a_Pay")): NOT_RUN: click(findTestObject("Object Repository/obj_paymentdetails/newpay/Page_Paradise 4 Paws  Dog Boarding Cat Boar_145431/a_Pay"))

2020-01-19 01:37:29 - [MESSAGE][NOT_RUN] - NOT_RUN: click(findTestObject("Object Repository/obj_paymentdetails/newpay/Page_Paradise 4 Paws  Dog Boarding Cat Boar_145431/a_Pay"))

2020-01-19 01:37:29 - [TEST_STEP][FAILED] - click(findTestObject("obj_paymentdetails/a_Pay (1)")): Unable to click on object 'Object Repository/obj_paymentdetails/a_Pay (1)' (Root cause: com.kms.katalon.core.exception.StepFailedException: Unable to click on object 'Object Repository/obj_paymentdetails/a_Pay (1)'
	at com.kms.katalon.core.webui.keyword.internal.WebUIKeywordMain.stepFailed(WebUIKeywordMain.groovy:64)
	at com.kms.katalon.core.webui.keyword.internal.WebUIKeywordMain.runKeyword(WebUIKeywordMain.groovy:26)
	at com.kms.katalon.core.webui.keyword.builtin.ClickKeyword.click(ClickKeyword.groovy:99)
	at com.kms.katalon.core.webui.keyword.builtin.ClickKeyword.execute(ClickKeyword.groovy:43)
	at com.kms.katalon.core.keyword.internal.KeywordExecutor.executeKeywordForPlatform(KeywordExecutor.groovy:60)
	at com.kms.katalon.core.webui.keyword.WebUiBuiltInKeywords.click(WebUiBuiltInKeywords.groovy:616)
	at com.kms.katalon.core.webui.keyword.WebUiBuiltInKeywords$click$3.call(Unknown Source)
	at p4p_4_payment_ ok.run(p4p_4_payment_ ok:59)
	at com.kms.katalon.core.main.ScriptEngine.run(ScriptEngine.java:194)
	at com.kms.katalon.core.main.ScriptEngine.runScriptAsRawText(ScriptEngine.java:119)
	at com.kms.katalon.core.main.TestCaseExecutor.runScript(TestCaseExecutor.java:337)
	at com.kms.katalon.core.main.TestCaseExecutor.doExecute(TestCaseExecutor.java:328)
	at com.kms.katalon.core.main.TestCaseExecutor.processExecutionPhase(TestCaseExecutor.java:307)
	at com.kms.katalon.core.main.TestCaseExecutor.accessMainPhase(TestCaseExecutor.java:299)
	at com.kms.katalon.core.main.TestCaseExecutor.execute(TestCaseExecutor.java:233)
	at com.kms.katalon.core.main.TestSuiteExecutor.accessTestCaseMainPhase(TestSuiteExecutor.java:169)
	at com.kms.katalon.core.main.TestSuiteExecutor.accessTestSuiteMainPhase(TestSuiteExecutor.java:142)
	at com.kms.katalon.core.main.TestSuiteExecutor.execute(TestSuiteExecutor.java:91)
	at com.kms.katalon.core.main.TestCaseMain.startTestSuite(TestCaseMain.java:157)
	at com.kms.katalon.core.main.TestCaseMain$startTestSuite$0.call(Unknown Source)
	at TempTestSuite1579419428568.run(TempTestSuite1579419428568.groovy:36)
Caused by: org.openqa.selenium.NoSuchWindowException: no such window: target window already closed
from unknown error: web view not found
  (Session info: chrome=79.0.3945.88)
Build info: version: '3.141.59', revision: 'e82be7d358', time: '2018-11-14T08:25:53'
System info: host: 'leonardoarkusmty-Inspiron-5577', ip: '127.0.1.1', os.name: 'Linux', os.arch: 'amd64', os.version: '4.15.0-74-generic', java.version: '1.8.0_232'
Driver info: com.kms.katalon.selenium.driver.CChromeDriver
Capabilities {acceptInsecureCerts: false, browserName: chrome, browserVersion: 79.0.3945.88, chrome: {chromedriverVersion: 79.0.3945.36 (3582db32b3389..., userDataDir: /tmp/.com.google.Chrome.3EWk9f}, goog:chromeOptions: {debuggerAddress: localhost:40887}, javascriptEnabled: true, networkConnectionEnabled: false, pageLoadStrategy: normal, platform: LINUX, platformName: LINUX, proxy: Proxy(), setWindowRect: true, strictFileInteractability: false, timeouts: {implicit: 0, pageLoad: 300000, script: 30000}, unhandledPromptBehavior: dismiss and notify}
Session ID: 4d814291f646a645dbc7530aef58ffea
*** Element info: {Using=xpath, value=//section[@id='checkout-billing']/ng-form/div[3]/div[2]/div/div/fieldset/table/tbody[2]/tr[4]/td[4]/a}
	at org.openqa.selenium.remote.http.W3CHttpResponseCodec.createException(W3CHttpResponseCodec.java:187)
	at org.openqa.selenium.remote.http.W3CHttpResponseCodec.decode(W3CHttpResponseCodec.java:122)
	at org.openqa.selenium.remote.http.W3CHttpResponseCodec.decode(W3CHttpResponseCodec.java:49)
	at org.openqa.selenium.remote.HttpCommandExecutor.execute(HttpCommandExecutor.java:158)
	at org.openqa.selenium.remote.service.DriverCommandExecutor.execute(DriverCommandExecutor.java:83)
	at org.openqa.selenium.remote.RemoteWebDriver.execute(RemoteWebDriver.java:552)
	at com.kms.katalon.selenium.driver.CChromeDriver.execute(CChromeDriver.java:19)
	at org.openqa.selenium.remote.RemoteWebDriver.findElements(RemoteWebDriver.java:353)
	at org.openqa.selenium.remote.RemoteWebDriver.findElementsByXPath(RemoteWebDriver.java:432)
	at org.openqa.selenium.By$ByXPath.findElements(By.java:348)
	at org.openqa.selenium.remote.RemoteWebDriver.findElements(RemoteWebDriver.java:311)
	at org.openqa.selenium.support.events.EventFiringWebDriver.lambda$new$1(EventFiringWebDriver.java:105)
	at com.sun.proxy.$Proxy11.findElements(Unknown Source)
	at org.openqa.selenium.support.events.EventFiringWebDriver.findElements(EventFiringWebDriver.java:182)
	at com.kms.katalon.core.webui.common.WebUiCommonHelper.findWebElements(WebUiCommonHelper.java:762)
	at com.kms.katalon.core.webui.common.WebUiCommonHelper.findWebElement(WebUiCommonHelper.java:1109)
	at com.kms.katalon.core.webui.keyword.internal.WebUIAbstractKeyword.findWebElement(WebUIAbstractKeyword.groovy:27)
	at com.kms.katalon.core.webui.keyword.internal.WebUIAbstractKeyword.findWebElement(WebUIAbstractKeyword.groovy:26)
	at com.kms.katalon.core.webui.keyword.builtin.ClickKeyword$_click_closure1.doCall(ClickKeyword.groovy:68)
	at com.kms.katalon.core.webui.keyword.builtin.ClickKeyword$_click_closure1.call(ClickKeyword.groovy)
	at com.kms.katalon.core.webui.keyword.internal.WebUIKeywordMain.runKeyword(WebUIKeywordMain.groovy:20)
	at com.kms.katalon.core.webui.keyword.builtin.ClickKeyword.click(ClickKeyword.groovy:99)
	at com.kms.katalon.core.webui.keyword.builtin.ClickKeyword.execute(ClickKeyword.groovy:43)
	at com.kms.katalon.core.keyword.internal.KeywordExecutor.executeKeywordForPlatform(KeywordExecutor.groovy:60)
	at com.kms.katalon.core.webui.keyword.WebUiBuiltInKeywords.click(WebUiBuiltInKeywords.groovy:616)
	at com.kms.katalon.core.webui.keyword.WebUiBuiltInKeywords$click$3.call(Unknown Source)
	at Script1579192333520.run(Script1579192333520.groovy:59)
	... 13 more
)

2020-01-19 01:37:59 - [MESSAGE][WARNING] - Cannot take screenshot

2020-01-19 01:37:59 - [MESSAGE][FAILED] - Unable to click on object 'Object Repository/obj_paymentdetails/a_Pay (1)' (Root cause: com.kms.katalon.core.exception.StepFailedException: Unable to click on object 'Object Repository/obj_paymentdetails/a_Pay (1)'
	at com.kms.katalon.core.webui.keyword.internal.WebUIKeywordMain.stepFailed(WebUIKeywordMain.groovy:64)
	at com.kms.katalon.core.webui.keyword.internal.WebUIKeywordMain.runKeyword(WebUIKeywordMain.groovy:26)
	at com.kms.katalon.core.webui.keyword.builtin.ClickKeyword.click(ClickKeyword.groovy:99)
	at com.kms.katalon.core.webui.keyword.builtin.ClickKeyword.execute(ClickKeyword.groovy:43)
	at com.kms.katalon.core.keyword.internal.KeywordExecutor.executeKeywordForPlatform(KeywordExecutor.groovy:60)
	at com.kms.katalon.core.webui.keyword.WebUiBuiltInKeywords.click(WebUiBuiltInKeywords.groovy:616)
	at com.kms.katalon.core.webui.keyword.WebUiBuiltInKeywords$click$3.call(Unknown Source)
	at p4p_4_payment_ ok.run(p4p_4_payment_ ok:59)
	at com.kms.katalon.core.main.ScriptEngine.run(ScriptEngine.java:194)
	at com.kms.katalon.core.main.ScriptEngine.runScriptAsRawText(ScriptEngine.java:119)
	at com.kms.katalon.core.main.TestCaseExecutor.runScript(TestCaseExecutor.java:337)
	at com.kms.katalon.core.main.TestCaseExecutor.doExecute(TestCaseExecutor.java:328)
	at com.kms.katalon.core.main.TestCaseExecutor.processExecutionPhase(TestCaseExecutor.java:307)
	at com.kms.katalon.core.main.TestCaseExecutor.accessMainPhase(TestCaseExecutor.java:299)
	at com.kms.katalon.core.main.TestCaseExecutor.execute(TestCaseExecutor.java:233)
	at com.kms.katalon.core.main.TestSuiteExecutor.accessTestCaseMainPhase(TestSuiteExecutor.java:169)
	at com.kms.katalon.core.main.TestSuiteExecutor.accessTestSuiteMainPhase(TestSuiteExecutor.java:142)
	at com.kms.katalon.core.main.TestSuiteExecutor.execute(TestSuiteExecutor.java:91)
	at com.kms.katalon.core.main.TestCaseMain.startTestSuite(TestCaseMain.java:157)
	at com.kms.katalon.core.main.TestCaseMain$startTestSuite$0.call(Unknown Source)
	at TempTestSuite1579419428568.run(TempTestSuite1579419428568.groovy:36)
Caused by: org.openqa.selenium.NoSuchWindowException: no such window: target window already closed
from unknown error: web view not found
  (Session info: chrome=79.0.3945.88)
Build info: version: '3.141.59', revision: 'e82be7d358', time: '2018-11-14T08:25:53'
System info: host: 'leonardoarkusmty-Inspiron-5577', ip: '127.0.1.1', os.name: 'Linux', os.arch: 'amd64', os.version: '4.15.0-74-generic', java.version: '1.8.0_232'
Driver info: com.kms.katalon.selenium.driver.CChromeDriver
Capabilities {acceptInsecureCerts: false, browserName: chrome, browserVersion: 79.0.3945.88, chrome: {chromedriverVersion: 79.0.3945.36 (3582db32b3389..., userDataDir: /tmp/.com.google.Chrome.3EWk9f}, goog:chromeOptions: {debuggerAddress: localhost:40887}, javascriptEnabled: true, networkConnectionEnabled: false, pageLoadStrategy: normal, platform: LINUX, platformName: LINUX, proxy: Proxy(), setWindowRect: true, strictFileInteractability: false, timeouts: {implicit: 0, pageLoad: 300000, script: 30000}, unhandledPromptBehavior: dismiss and notify}
Session ID: 4d814291f646a645dbc7530aef58ffea
*** Element info: {Using=xpath, value=//section[@id='checkout-billing']/ng-form/div[3]/div[2]/div/div/fieldset/table/tbody[2]/tr[4]/td[4]/a}
	at org.openqa.selenium.remote.http.W3CHttpResponseCodec.createException(W3CHttpResponseCodec.java:187)
	at org.openqa.selenium.remote.http.W3CHttpResponseCodec.decode(W3CHttpResponseCodec.java:122)
	at org.openqa.selenium.remote.http.W3CHttpResponseCodec.decode(W3CHttpResponseCodec.java:49)
	at org.openqa.selenium.remote.HttpCommandExecutor.execute(HttpCommandExecutor.java:158)
	at org.openqa.selenium.remote.service.DriverCommandExecutor.execute(DriverCommandExecutor.java:83)
	at org.openqa.selenium.remote.RemoteWebDriver.execute(RemoteWebDriver.java:552)
	at com.kms.katalon.selenium.driver.CChromeDriver.execute(CChromeDriver.java:19)
	at org.openqa.selenium.remote.RemoteWebDriver.findElements(RemoteWebDriver.java:353)
	at org.openqa.selenium.remote.RemoteWebDriver.findElementsByXPath(RemoteWebDriver.java:432)
	at org.openqa.selenium.By$ByXPath.findElements(By.java:348)
	at org.openqa.selenium.remote.RemoteWebDriver.findElements(RemoteWebDriver.java:311)
	at org.openqa.selenium.support.events.EventFiringWebDriver.lambda$new$1(EventFiringWebDriver.java:105)
	at com.sun.proxy.$Proxy11.findElements(Unknown Source)
	at org.openqa.selenium.support.events.EventFiringWebDriver.findElements(EventFiringWebDriver.java:182)
	at com.kms.katalon.core.webui.common.WebUiCommonHelper.findWebElements(WebUiCommonHelper.java:762)
	at com.kms.katalon.core.webui.common.WebUiCommonHelper.findWebElement(WebUiCommonHelper.java:1109)
	at com.kms.katalon.core.webui.keyword.internal.WebUIAbstractKeyword.findWebElement(WebUIAbstractKeyword.groovy:27)
	at com.kms.katalon.core.webui.keyword.internal.WebUIAbstractKeyword.findWebElement(WebUIAbstractKeyword.groovy:26)
	at com.kms.katalon.core.webui.keyword.builtin.ClickKeyword$_click_closure1.doCall(ClickKeyword.groovy:68)
	at com.kms.katalon.core.webui.keyword.builtin.ClickKeyword$_click_closure1.call(ClickKeyword.groovy)
	at com.kms.katalon.core.webui.keyword.internal.WebUIKeywordMain.runKeyword(WebUIKeywordMain.groovy:20)
	at com.kms.katalon.core.webui.keyword.builtin.ClickKeyword.click(ClickKeyword.groovy:99)
	at com.kms.katalon.core.webui.keyword.builtin.ClickKeyword.execute(ClickKeyword.groovy:43)
	at com.kms.katalon.core.keyword.internal.KeywordExecutor.executeKeywordForPlatform(KeywordExecutor.groovy:60)
	at com.kms.katalon.core.webui.keyword.WebUiBuiltInKeywords.click(WebUiBuiltInKeywords.groovy:616)
	at com.kms.katalon.core.webui.keyword.WebUiBuiltInKeywords$click$3.call(Unknown Source)
	at Script1579192333520.run(Script1579192333520.groovy:59)
	... 13 more
)]]></system-out>
         <system-err><![CDATA[2020-01-19 01:37:10 - [TEST_CASE][FAILED] - Test Cases/p4p_4_payment_ ok: Test Cases/p4p_4_payment_ ok FAILED.
Reason:
com.kms.katalon.core.exception.StepFailedException: Unable to click on object 'Object Repository/obj_paymentdetails/a_Pay (1)'
	at com.kms.katalon.core.webui.keyword.internal.WebUIKeywordMain.stepFailed(WebUIKeywordMain.groovy:64)
	at com.kms.katalon.core.webui.keyword.internal.WebUIKeywordMain.runKeyword(WebUIKeywordMain.groovy:26)
	at com.kms.katalon.core.webui.keyword.builtin.ClickKeyword.click(ClickKeyword.groovy:99)
	at com.kms.katalon.core.webui.keyword.builtin.ClickKeyword.execute(ClickKeyword.groovy:43)
	at com.kms.katalon.core.keyword.internal.KeywordExecutor.executeKeywordForPlatform(KeywordExecutor.groovy:60)
	at com.kms.katalon.core.webui.keyword.WebUiBuiltInKeywords.click(WebUiBuiltInKeywords.groovy:616)
	at com.kms.katalon.core.webui.keyword.WebUiBuiltInKeywords$click$3.call(Unknown Source)
	at p4p_4_payment_ ok.run(p4p_4_payment_ ok:59)
	at com.kms.katalon.core.main.ScriptEngine.run(ScriptEngine.java:194)
	at com.kms.katalon.core.main.ScriptEngine.runScriptAsRawText(ScriptEngine.java:119)
	at com.kms.katalon.core.main.TestCaseExecutor.runScript(TestCaseExecutor.java:337)
	at com.kms.katalon.core.main.TestCaseExecutor.doExecute(TestCaseExecutor.java:328)
	at com.kms.katalon.core.main.TestCaseExecutor.processExecutionPhase(TestCaseExecutor.java:307)
	at com.kms.katalon.core.main.TestCaseExecutor.accessMainPhase(TestCaseExecutor.java:299)
	at com.kms.katalon.core.main.TestCaseExecutor.execute(TestCaseExecutor.java:233)
	at com.kms.katalon.core.main.TestSuiteExecutor.accessTestCaseMainPhase(TestSuiteExecutor.java:169)
	at com.kms.katalon.core.main.TestSuiteExecutor.accessTestSuiteMainPhase(TestSuiteExecutor.java:142)
	at com.kms.katalon.core.main.TestSuiteExecutor.execute(TestSuiteExecutor.java:91)
	at com.kms.katalon.core.main.TestCaseMain.startTestSuite(TestCaseMain.java:157)
	at com.kms.katalon.core.main.TestCaseMain$startTestSuite$0.call(Unknown Source)
	at TempTestSuite1579419428568.run(TempTestSuite1579419428568.groovy:36)
Caused by: org.openqa.selenium.NoSuchWindowException: no such window: target window already closed
from unknown error: web view not found
  (Session info: chrome=79.0.3945.88)
Build info: version: '3.141.59', revision: 'e82be7d358', time: '2018-11-14T08:25:53'
System info: host: 'leonardoarkusmty-Inspiron-5577', ip: '127.0.1.1', os.name: 'Linux', os.arch: 'amd64', os.version: '4.15.0-74-generic', java.version: '1.8.0_232'
Driver info: com.kms.katalon.selenium.driver.CChromeDriver
Capabilities {acceptInsecureCerts: false, browserName: chrome, browserVersion: 79.0.3945.88, chrome: {chromedriverVersion: 79.0.3945.36 (3582db32b3389..., userDataDir: /tmp/.com.google.Chrome.3EWk9f}, goog:chromeOptions: {debuggerAddress: localhost:40887}, javascriptEnabled: true, networkConnectionEnabled: false, pageLoadStrategy: normal, platform: LINUX, platformName: LINUX, proxy: Proxy(), setWindowRect: true, strictFileInteractability: false, timeouts: {implicit: 0, pageLoad: 300000, script: 30000}, unhandledPromptBehavior: dismiss and notify}
Session ID: 4d814291f646a645dbc7530aef58ffea
*** Element info: {Using=xpath, value=//section[@id='checkout-billing']/ng-form/div[3]/div[2]/div/div/fieldset/table/tbody[2]/tr[4]/td[4]/a}
	at org.openqa.selenium.remote.http.W3CHttpResponseCodec.createException(W3CHttpResponseCodec.java:187)
	at org.openqa.selenium.remote.http.W3CHttpResponseCodec.decode(W3CHttpResponseCodec.java:122)
	at org.openqa.selenium.remote.http.W3CHttpResponseCodec.decode(W3CHttpResponseCodec.java:49)
	at org.openqa.selenium.remote.HttpCommandExecutor.execute(HttpCommandExecutor.java:158)
	at org.openqa.selenium.remote.service.DriverCommandExecutor.execute(DriverCommandExecutor.java:83)
	at org.openqa.selenium.remote.RemoteWebDriver.execute(RemoteWebDriver.java:552)
	at com.kms.katalon.selenium.driver.CChromeDriver.execute(CChromeDriver.java:19)
	at org.openqa.selenium.remote.RemoteWebDriver.findElements(RemoteWebDriver.java:353)
	at org.openqa.selenium.remote.RemoteWebDriver.findElementsByXPath(RemoteWebDriver.java:432)
	at org.openqa.selenium.By$ByXPath.findElements(By.java:348)
	at org.openqa.selenium.remote.RemoteWebDriver.findElements(RemoteWebDriver.java:311)
	at org.openqa.selenium.support.events.EventFiringWebDriver.lambda$new$1(EventFiringWebDriver.java:105)
	at com.sun.proxy.$Proxy11.findElements(Unknown Source)
	at org.openqa.selenium.support.events.EventFiringWebDriver.findElements(EventFiringWebDriver.java:182)
	at com.kms.katalon.core.webui.common.WebUiCommonHelper.findWebElements(WebUiCommonHelper.java:762)
	at com.kms.katalon.core.webui.common.WebUiCommonHelper.findWebElement(WebUiCommonHelper.java:1109)
	at com.kms.katalon.core.webui.keyword.internal.WebUIAbstractKeyword.findWebElement(WebUIAbstractKeyword.groovy:27)
	at com.kms.katalon.core.webui.keyword.internal.WebUIAbstractKeyword.findWebElement(WebUIAbstractKeyword.groovy:26)
	at com.kms.katalon.core.webui.keyword.builtin.ClickKeyword$_click_closure1.doCall(ClickKeyword.groovy:68)
	at com.kms.katalon.core.webui.keyword.builtin.ClickKeyword$_click_closure1.call(ClickKeyword.groovy)
	at com.kms.katalon.core.webui.keyword.internal.WebUIKeywordMain.runKeyword(WebUIKeywordMain.groovy:20)
	... 19 more]]></system-err>
      </testcase>
      <testcase name="Test Cases/p4p_4_payment_ ok" time="63.639" classname="Test Cases/p4p_4_payment_ ok" status="FAILED">
         <failure type="FAILED" message="Test Cases/p4p_4_payment_ ok FAILED.
Reason:
com.kms.katalon.core.exception.StepFailedException: Unable to click on object 'Object Repository/obj_paymentdetails/a_Pay (1)'
	at com.kms.katalon.core.webui.keyword.internal.WebUIKeywordMain.stepFailed(WebUIKeywordMain.groovy:64)
	at com.kms.katalon.core.webui.keyword.internal.WebUIKeywordMain.runKeyword(WebUIKeywordMain.groovy:26)
	at com.kms.katalon.core.webui.keyword.builtin.ClickKeyword.click(ClickKeyword.groovy:99)
	at com.kms.katalon.core.webui.keyword.builtin.ClickKeyword.execute(ClickKeyword.groovy:43)
	at com.kms.katalon.core.keyword.internal.KeywordExecutor.executeKeywordForPlatform(KeywordExecutor.groovy:60)
	at com.kms.katalon.core.webui.keyword.WebUiBuiltInKeywords.click(WebUiBuiltInKeywords.groovy:616)
	at com.kms.katalon.core.webui.keyword.WebUiBuiltInKeywords$click$3.call(Unknown Source)
	at p4p_4_payment_ ok.run(p4p_4_payment_ ok:59)
	at com.kms.katalon.core.main.ScriptEngine.run(ScriptEngine.java:194)
	at com.kms.katalon.core.main.ScriptEngine.runScriptAsRawText(ScriptEngine.java:119)
	at com.kms.katalon.core.main.TestCaseExecutor.runScript(TestCaseExecutor.java:337)
	at com.kms.katalon.core.main.TestCaseExecutor.doExecute(TestCaseExecutor.java:328)
	at com.kms.katalon.core.main.TestCaseExecutor.processExecutionPhase(TestCaseExecutor.java:307)
	at com.kms.katalon.core.main.TestCaseExecutor.accessMainPhase(TestCaseExecutor.java:299)
	at com.kms.katalon.core.main.TestCaseExecutor.execute(TestCaseExecutor.java:233)
	at com.kms.katalon.core.main.TestSuiteExecutor.accessTestCaseMainPhase(TestSuiteExecutor.java:169)
	at com.kms.katalon.core.main.TestSuiteExecutor.accessTestSuiteMainPhase(TestSuiteExecutor.java:142)
	at com.kms.katalon.core.main.TestSuiteExecutor.execute(TestSuiteExecutor.java:91)
	at com.kms.katalon.core.main.TestCaseMain.startTestSuite(TestCaseMain.java:157)
	at com.kms.katalon.core.main.TestCaseMain$startTestSuite$0.call(Unknown Source)
	at TempTestSuite1579419428568.run(TempTestSuite1579419428568.groovy:36)
Caused by: com.kms.katalon.core.webui.exception.WebElementNotFoundException: Web element with id: 'Object Repository/obj_paymentdetails/a_Pay (1)' located by 'By.xpath: //section[@id='checkout-billing']/ng-form/div[3]/div[2]/div/div/fieldset/table/tbody[2]/tr[4]/td[4]/a' not found
	at com.kms.katalon.core.webui.common.WebUiCommonHelper.findWebElement(WebUiCommonHelper.java:1113)
	at com.kms.katalon.core.webui.keyword.internal.WebUIAbstractKeyword.findWebElement(WebUIAbstractKeyword.groovy:27)
	at com.kms.katalon.core.webui.keyword.internal.WebUIAbstractKeyword.findWebElement(WebUIAbstractKeyword.groovy:26)
	at com.kms.katalon.core.webui.keyword.builtin.ClickKeyword$_click_closure1.doCall(ClickKeyword.groovy:68)
	at com.kms.katalon.core.webui.keyword.builtin.ClickKeyword$_click_closure1.call(ClickKeyword.groovy)
	at com.kms.katalon.core.webui.keyword.internal.WebUIKeywordMain.runKeyword(WebUIKeywordMain.groovy:20)
	... 19 more
"/>
         <system-out><![CDATA[2020-01-19 01:38:00 - [TEST_CASE][FAILED] - Test Cases/p4p_4_payment_ ok: Test Cases/p4p_4_payment_ ok FAILED.
Reason:
com.kms.katalon.core.exception.StepFailedException: Unable to click on object 'Object Repository/obj_paymentdetails/a_Pay (1)'
	at com.kms.katalon.core.webui.keyword.internal.WebUIKeywordMain.stepFailed(WebUIKeywordMain.groovy:64)
	at com.kms.katalon.core.webui.keyword.internal.WebUIKeywordMain.runKeyword(WebUIKeywordMain.groovy:26)
	at com.kms.katalon.core.webui.keyword.builtin.ClickKeyword.click(ClickKeyword.groovy:99)
	at com.kms.katalon.core.webui.keyword.builtin.ClickKeyword.execute(ClickKeyword.groovy:43)
	at com.kms.katalon.core.keyword.internal.KeywordExecutor.executeKeywordForPlatform(KeywordExecutor.groovy:60)
	at com.kms.katalon.core.webui.keyword.WebUiBuiltInKeywords.click(WebUiBuiltInKeywords.groovy:616)
	at com.kms.katalon.core.webui.keyword.WebUiBuiltInKeywords$click$3.call(Unknown Source)
	at p4p_4_payment_ ok.run(p4p_4_payment_ ok:59)
	at com.kms.katalon.core.main.ScriptEngine.run(ScriptEngine.java:194)
	at com.kms.katalon.core.main.ScriptEngine.runScriptAsRawText(ScriptEngine.java:119)
	at com.kms.katalon.core.main.TestCaseExecutor.runScript(TestCaseExecutor.java:337)
	at com.kms.katalon.core.main.TestCaseExecutor.doExecute(TestCaseExecutor.java:328)
	at com.kms.katalon.core.main.TestCaseExecutor.processExecutionPhase(TestCaseExecutor.java:307)
	at com.kms.katalon.core.main.TestCaseExecutor.accessMainPhase(TestCaseExecutor.java:299)
	at com.kms.katalon.core.main.TestCaseExecutor.execute(TestCaseExecutor.java:233)
	at com.kms.katalon.core.main.TestSuiteExecutor.accessTestCaseMainPhase(TestSuiteExecutor.java:169)
	at com.kms.katalon.core.main.TestSuiteExecutor.accessTestSuiteMainPhase(TestSuiteExecutor.java:142)
	at com.kms.katalon.core.main.TestSuiteExecutor.execute(TestSuiteExecutor.java:91)
	at com.kms.katalon.core.main.TestCaseMain.startTestSuite(TestCaseMain.java:157)
	at com.kms.katalon.core.main.TestCaseMain$startTestSuite$0.call(Unknown Source)
	at TempTestSuite1579419428568.run(TempTestSuite1579419428568.groovy:36)
Caused by: com.kms.katalon.core.webui.exception.WebElementNotFoundException: Web element with id: 'Object Repository/obj_paymentdetails/a_Pay (1)' located by 'By.xpath: //section[@id='checkout-billing']/ng-form/div[3]/div[2]/div/div/fieldset/table/tbody[2]/tr[4]/td[4]/a' not found
	at com.kms.katalon.core.webui.common.WebUiCommonHelper.findWebElement(WebUiCommonHelper.java:1113)
	at com.kms.katalon.core.webui.keyword.internal.WebUIAbstractKeyword.findWebElement(WebUIAbstractKeyword.groovy:27)
	at com.kms.katalon.core.webui.keyword.internal.WebUIAbstractKeyword.findWebElement(WebUIAbstractKeyword.groovy:26)
	at com.kms.katalon.core.webui.keyword.builtin.ClickKeyword$_click_closure1.doCall(ClickKeyword.groovy:68)
	at com.kms.katalon.core.webui.keyword.builtin.ClickKeyword$_click_closure1.call(ClickKeyword.groovy)
	at com.kms.katalon.core.webui.keyword.internal.WebUIKeywordMain.runKeyword(WebUIKeywordMain.groovy:20)
	... 19 more


2020-01-19 01:38:00 - [TEST_STEP][PASSED] - openBrowser("https://p4p-qa-bg.aws.paradise4paws.com/login/"): Browser is opened with url: 'https://p4p-qa-bg.aws.paradise4paws.com/login/'

2020-01-19 01:38:00 - [MESSAGE][WARNING] - A browser is already opened. Closing browser and opening a new one

2020-01-19 01:38:00 - [MESSAGE][INFO] - Starting 'Chrome' driver

2020-01-19 01:38:03 - [MESSAGE][PASSED] - Browser is opened with url: 'https://p4p-qa-bg.aws.paradise4paws.com/login/'

2020-01-19 01:38:03 - [TEST_STEP][PASSED] - maximizeWindow(): Current window maximized

2020-01-19 01:38:03 - [MESSAGE][PASSED] - Current window maximized

2020-01-19 01:38:03 - [TEST_STEP][PASSED] - log = new com.kms.katalon.core.logging.KeywordLogger(): null

2020-01-19 01:38:03 - [TEST_STEP][PASSED] - fisNewRes = new java.io.FileInputStream(/home/leonardo-arkusmty/Desktop/P4P/DATA_AUTOMATINTESTING/data_1newReservationBoarding.xlsx): null

2020-01-19 01:38:03 - [TEST_STEP][PASSED] - fisInv = new java.io.FileInputStream(/home/leonardo-arkusmty/Desktop/P4P/DATA_AUTOMATINTESTING/data_3Invoices.xlsx): null

2020-01-19 01:38:03 - [TEST_STEP][PASSED] - workbookNewRes = new org.apache.poi.xssf.usermodel.XSSFWorkbook(fisNewRes): null

2020-01-19 01:38:03 - [TEST_STEP][PASSED] - workbookInv = new org.apache.poi.xssf.usermodel.XSSFWorkbook(fisInv): null

2020-01-19 01:38:03 - [TEST_STEP][PASSED] - sheetNewRes = workbookNewRes.getSheet("Sheet1"): null

2020-01-19 01:38:03 - [TEST_STEP][PASSED] - setText(findTestObject("obj_login/input_user"), var_user): Text 'jegchavez@gmail.com' is set on object 'Object Repository/obj_login/input_user'

2020-01-19 01:38:04 - [MESSAGE][PASSED] - Text 'jegchavez@gmail.com' is set on object 'Object Repository/obj_login/input_user'

2020-01-19 01:38:04 - [TEST_STEP][PASSED] - setText(findTestObject("obj_login/input_pass"), var_pass): Text 'admin1' is set on object 'Object Repository/obj_login/input_pass'

2020-01-19 01:38:04 - [MESSAGE][PASSED] - Text 'admin1' is set on object 'Object Repository/obj_login/input_pass'

2020-01-19 01:38:04 - [TEST_STEP][PASSED] - verifyElementClickable(findTestObject("obj_login/btn_login")): Object 'Object Repository/obj_login/btn_login' is clickable

2020-01-19 01:38:04 - [MESSAGE][PASSED] - Object 'Object Repository/obj_login/btn_login' is clickable

2020-01-19 01:38:04 - [TEST_STEP][PASSED] - click(findTestObject("obj_login/btn_login")): Object: 'Object Repository/obj_login/btn_login' is clicked on

2020-01-19 01:38:06 - [MESSAGE][PASSED] - Object: 'Object Repository/obj_login/btn_login' is clicked on

2020-01-19 01:38:06 - [TEST_STEP][PASSED] - setText(findTestObject("obj_dashboard_emp/input_search"), var_parent): Text 'leongarzagarza@hotmail.com' is set on object 'Object Repository/obj_dashboard_emp/input_search'

2020-01-19 01:38:07 - [MESSAGE][PASSED] - Text 'leongarzagarza@hotmail.com' is set on object 'Object Repository/obj_dashboard_emp/input_search'

2020-01-19 01:38:07 - [TEST_STEP][PASSED] - click(findTestObject("obj_dashboard_emp/btn_accountSearch"), STOP_ON_FAILURE): Object: 'Object Repository/obj_dashboard_emp/btn_accountSearch' is clicked on

2020-01-19 01:38:08 - [MESSAGE][PASSED] - Object: 'Object Repository/obj_dashboard_emp/btn_accountSearch' is clicked on

2020-01-19 01:38:08 - [TEST_STEP][PASSED] - click(findTestObject("obj_accountInformation/a_TEST GABRIEL PROD")): Object: 'Object Repository/obj_accountInformation/a_TEST GABRIEL PROD' is clicked on

2020-01-19 01:38:10 - [MESSAGE][PASSED] - Object: 'Object Repository/obj_accountInformation/a_TEST GABRIEL PROD' is clicked on

2020-01-19 01:38:10 - [TEST_STEP][PASSED] - click(findTestObject("obj_invoce/a_Invoices")): Object: 'Object Repository/obj_invoce/a_Invoices' is clicked on

2020-01-19 01:38:13 - [MESSAGE][PASSED] - Object: 'Object Repository/obj_invoce/a_Invoices' is clicked on

2020-01-19 01:38:13 - [TEST_STEP][PASSED] - delay(1): Delayed 1 second(s)

2020-01-19 01:38:14 - [MESSAGE][PASSED] - Delayed 1 second(s)

2020-01-19 01:38:14 - [TEST_STEP][NOT_RUN] - click(findTestObject("obj_invoce/a_1795112")): NOT_RUN: click(findTestObject("obj_invoce/a_1795112"))

2020-01-19 01:38:14 - [MESSAGE][NOT_RUN] - NOT_RUN: click(findTestObject("obj_invoce/a_1795112"))

2020-01-19 01:38:14 - [TEST_STEP][PASSED] - var_url = getUrl(): Current window's url is: 'https://p4p-qa-bg.aws.paradise4paws.com/accounts/profile/#/invoices/122350/'

2020-01-19 01:38:14 - [MESSAGE][PASSED] - Current window's url is: 'https://p4p-qa-bg.aws.paradise4paws.com/accounts/profile/#/invoices/122350/'

2020-01-19 01:38:14 - [TEST_STEP][PASSED] - arrayUrl = var_url.split("/"): null

2020-01-19 01:38:14 - [TEST_STEP][PASSED] - urlInvoice = arrayUrl[0] + "/" + arrayUrl[1] + "/" + arrayUrl[2] + "/" + arrayUrl[3] + "/" + arrayUrl[4] + "/" + arrayUrl[5] + "/" + "invoice" + "/" + arrayUrl[7] + "/" + var_invoice: null

2020-01-19 01:38:14 - [TEST_STEP][PASSED] - navigateToUrl(urlInvoice): Navigate to 'https://p4p-qa-bg.aws.paradise4paws.com/accounts/profile/#/invoice/122350/1795570' successfully

2020-01-19 01:38:14 - [MESSAGE][PASSED] - Navigate to 'https://p4p-qa-bg.aws.paradise4paws.com/accounts/profile/#/invoice/122350/1795570' successfully

2020-01-19 01:38:14 - [TEST_STEP][PASSED] - delay(4): Delayed 4 second(s)

2020-01-19 01:38:18 - [MESSAGE][PASSED] - Delayed 4 second(s)

2020-01-19 01:38:18 - [TEST_STEP][NOT_RUN] - click(findTestObject("Object Repository/obj_paymentdetails/newpay/Page_Paradise 4 Paws  Dog Boarding Cat Boar_145431/a_Pay")): NOT_RUN: click(findTestObject("Object Repository/obj_paymentdetails/newpay/Page_Paradise 4 Paws  Dog Boarding Cat Boar_145431/a_Pay"))

2020-01-19 01:38:18 - [MESSAGE][NOT_RUN] - NOT_RUN: click(findTestObject("Object Repository/obj_paymentdetails/newpay/Page_Paradise 4 Paws  Dog Boarding Cat Boar_145431/a_Pay"))

2020-01-19 01:38:18 - [TEST_STEP][FAILED] - click(findTestObject("obj_paymentdetails/a_Pay (1)")): Unable to click on object 'Object Repository/obj_paymentdetails/a_Pay (1)' (Root cause: com.kms.katalon.core.exception.StepFailedException: Unable to click on object 'Object Repository/obj_paymentdetails/a_Pay (1)'
	at com.kms.katalon.core.webui.keyword.internal.WebUIKeywordMain.stepFailed(WebUIKeywordMain.groovy:64)
	at com.kms.katalon.core.webui.keyword.internal.WebUIKeywordMain.runKeyword(WebUIKeywordMain.groovy:26)
	at com.kms.katalon.core.webui.keyword.builtin.ClickKeyword.click(ClickKeyword.groovy:99)
	at com.kms.katalon.core.webui.keyword.builtin.ClickKeyword.execute(ClickKeyword.groovy:43)
	at com.kms.katalon.core.keyword.internal.KeywordExecutor.executeKeywordForPlatform(KeywordExecutor.groovy:60)
	at com.kms.katalon.core.webui.keyword.WebUiBuiltInKeywords.click(WebUiBuiltInKeywords.groovy:616)
	at com.kms.katalon.core.webui.keyword.WebUiBuiltInKeywords$click$3.call(Unknown Source)
	at p4p_4_payment_ ok.run(p4p_4_payment_ ok:59)
	at com.kms.katalon.core.main.ScriptEngine.run(ScriptEngine.java:194)
	at com.kms.katalon.core.main.ScriptEngine.runScriptAsRawText(ScriptEngine.java:119)
	at com.kms.katalon.core.main.TestCaseExecutor.runScript(TestCaseExecutor.java:337)
	at com.kms.katalon.core.main.TestCaseExecutor.doExecute(TestCaseExecutor.java:328)
	at com.kms.katalon.core.main.TestCaseExecutor.processExecutionPhase(TestCaseExecutor.java:307)
	at com.kms.katalon.core.main.TestCaseExecutor.accessMainPhase(TestCaseExecutor.java:299)
	at com.kms.katalon.core.main.TestCaseExecutor.execute(TestCaseExecutor.java:233)
	at com.kms.katalon.core.main.TestSuiteExecutor.accessTestCaseMainPhase(TestSuiteExecutor.java:169)
	at com.kms.katalon.core.main.TestSuiteExecutor.accessTestSuiteMainPhase(TestSuiteExecutor.java:142)
	at com.kms.katalon.core.main.TestSuiteExecutor.execute(TestSuiteExecutor.java:91)
	at com.kms.katalon.core.main.TestCaseMain.startTestSuite(TestCaseMain.java:157)
	at com.kms.katalon.core.main.TestCaseMain$startTestSuite$0.call(Unknown Source)
	at TempTestSuite1579419428568.run(TempTestSuite1579419428568.groovy:36)
Caused by: com.kms.katalon.core.webui.exception.WebElementNotFoundException: Web element with id: 'Object Repository/obj_paymentdetails/a_Pay (1)' located by 'By.xpath: //section[@id='checkout-billing']/ng-form/div[3]/div[2]/div/div/fieldset/table/tbody[2]/tr[4]/td[4]/a' not found
	at com.kms.katalon.core.webui.common.WebUiCommonHelper.findWebElement(WebUiCommonHelper.java:1113)
	at com.kms.katalon.core.webui.keyword.internal.WebUIAbstractKeyword.findWebElement(WebUIAbstractKeyword.groovy:27)
	at com.kms.katalon.core.webui.keyword.internal.WebUIAbstractKeyword.findWebElement(WebUIAbstractKeyword.groovy:26)
	at com.kms.katalon.core.webui.keyword.builtin.ClickKeyword$_click_closure1.doCall(ClickKeyword.groovy:68)
	at com.kms.katalon.core.webui.keyword.builtin.ClickKeyword$_click_closure1.call(ClickKeyword.groovy)
	at com.kms.katalon.core.webui.keyword.internal.WebUIKeywordMain.runKeyword(WebUIKeywordMain.groovy:20)
	at com.kms.katalon.core.webui.keyword.builtin.ClickKeyword.click(ClickKeyword.groovy:99)
	at com.kms.katalon.core.webui.keyword.builtin.ClickKeyword.execute(ClickKeyword.groovy:43)
	at com.kms.katalon.core.keyword.internal.KeywordExecutor.executeKeywordForPlatform(KeywordExecutor.groovy:60)
	at com.kms.katalon.core.webui.keyword.WebUiBuiltInKeywords.click(WebUiBuiltInKeywords.groovy:616)
	at com.kms.katalon.core.webui.keyword.WebUiBuiltInKeywords$click$3.call(Unknown Source)
	at Script1579192333520.run(Script1579192333520.groovy:59)
	... 13 more
)

2020-01-19 01:39:03 - [MESSAGE][INFO] - Unable to find the element located by 'By.xpath: //section[@id='checkout-billing']/ng-form/div[3]/div[2]/div/div/fieldset/table/tbody[2]/tr[4]/td[4]/a'. Please recheck the objects properties to make sure the desired element is located. 

2020-01-19 01:39:03 - [MESSAGE][FAILED] - Unable to click on object 'Object Repository/obj_paymentdetails/a_Pay (1)' (Root cause: com.kms.katalon.core.exception.StepFailedException: Unable to click on object 'Object Repository/obj_paymentdetails/a_Pay (1)'
	at com.kms.katalon.core.webui.keyword.internal.WebUIKeywordMain.stepFailed(WebUIKeywordMain.groovy:64)
	at com.kms.katalon.core.webui.keyword.internal.WebUIKeywordMain.runKeyword(WebUIKeywordMain.groovy:26)
	at com.kms.katalon.core.webui.keyword.builtin.ClickKeyword.click(ClickKeyword.groovy:99)
	at com.kms.katalon.core.webui.keyword.builtin.ClickKeyword.execute(ClickKeyword.groovy:43)
	at com.kms.katalon.core.keyword.internal.KeywordExecutor.executeKeywordForPlatform(KeywordExecutor.groovy:60)
	at com.kms.katalon.core.webui.keyword.WebUiBuiltInKeywords.click(WebUiBuiltInKeywords.groovy:616)
	at com.kms.katalon.core.webui.keyword.WebUiBuiltInKeywords$click$3.call(Unknown Source)
	at p4p_4_payment_ ok.run(p4p_4_payment_ ok:59)
	at com.kms.katalon.core.main.ScriptEngine.run(ScriptEngine.java:194)
	at com.kms.katalon.core.main.ScriptEngine.runScriptAsRawText(ScriptEngine.java:119)
	at com.kms.katalon.core.main.TestCaseExecutor.runScript(TestCaseExecutor.java:337)
	at com.kms.katalon.core.main.TestCaseExecutor.doExecute(TestCaseExecutor.java:328)
	at com.kms.katalon.core.main.TestCaseExecutor.processExecutionPhase(TestCaseExecutor.java:307)
	at com.kms.katalon.core.main.TestCaseExecutor.accessMainPhase(TestCaseExecutor.java:299)
	at com.kms.katalon.core.main.TestCaseExecutor.execute(TestCaseExecutor.java:233)
	at com.kms.katalon.core.main.TestSuiteExecutor.accessTestCaseMainPhase(TestSuiteExecutor.java:169)
	at com.kms.katalon.core.main.TestSuiteExecutor.accessTestSuiteMainPhase(TestSuiteExecutor.java:142)
	at com.kms.katalon.core.main.TestSuiteExecutor.execute(TestSuiteExecutor.java:91)
	at com.kms.katalon.core.main.TestCaseMain.startTestSuite(TestCaseMain.java:157)
	at com.kms.katalon.core.main.TestCaseMain$startTestSuite$0.call(Unknown Source)
	at TempTestSuite1579419428568.run(TempTestSuite1579419428568.groovy:36)
Caused by: com.kms.katalon.core.webui.exception.WebElementNotFoundException: Web element with id: 'Object Repository/obj_paymentdetails/a_Pay (1)' located by 'By.xpath: //section[@id='checkout-billing']/ng-form/div[3]/div[2]/div/div/fieldset/table/tbody[2]/tr[4]/td[4]/a' not found
	at com.kms.katalon.core.webui.common.WebUiCommonHelper.findWebElement(WebUiCommonHelper.java:1113)
	at com.kms.katalon.core.webui.keyword.internal.WebUIAbstractKeyword.findWebElement(WebUIAbstractKeyword.groovy:27)
	at com.kms.katalon.core.webui.keyword.internal.WebUIAbstractKeyword.findWebElement(WebUIAbstractKeyword.groovy:26)
	at com.kms.katalon.core.webui.keyword.builtin.ClickKeyword$_click_closure1.doCall(ClickKeyword.groovy:68)
	at com.kms.katalon.core.webui.keyword.builtin.ClickKeyword$_click_closure1.call(ClickKeyword.groovy)
	at com.kms.katalon.core.webui.keyword.internal.WebUIKeywordMain.runKeyword(WebUIKeywordMain.groovy:20)
	at com.kms.katalon.core.webui.keyword.builtin.ClickKeyword.click(ClickKeyword.groovy:99)
	at com.kms.katalon.core.webui.keyword.builtin.ClickKeyword.execute(ClickKeyword.groovy:43)
	at com.kms.katalon.core.keyword.internal.KeywordExecutor.executeKeywordForPlatform(KeywordExecutor.groovy:60)
	at com.kms.katalon.core.webui.keyword.WebUiBuiltInKeywords.click(WebUiBuiltInKeywords.groovy:616)
	at com.kms.katalon.core.webui.keyword.WebUiBuiltInKeywords$click$3.call(Unknown Source)
	at Script1579192333520.run(Script1579192333520.groovy:59)
	... 13 more
)
[[ATTACHMENT|/home/leonardo-arkusmty/Documents/workspaceKatalon/p4ptest/Reports/20200119_013708/ts_4_payment/20200119_013708/1579419543528.png]]]]></system-out>
         <system-err><![CDATA[2020-01-19 01:38:00 - [TEST_CASE][FAILED] - Test Cases/p4p_4_payment_ ok: Test Cases/p4p_4_payment_ ok FAILED.
Reason:
com.kms.katalon.core.exception.StepFailedException: Unable to click on object 'Object Repository/obj_paymentdetails/a_Pay (1)'
	at com.kms.katalon.core.webui.keyword.internal.WebUIKeywordMain.stepFailed(WebUIKeywordMain.groovy:64)
	at com.kms.katalon.core.webui.keyword.internal.WebUIKeywordMain.runKeyword(WebUIKeywordMain.groovy:26)
	at com.kms.katalon.core.webui.keyword.builtin.ClickKeyword.click(ClickKeyword.groovy:99)
	at com.kms.katalon.core.webui.keyword.builtin.ClickKeyword.execute(ClickKeyword.groovy:43)
	at com.kms.katalon.core.keyword.internal.KeywordExecutor.executeKeywordForPlatform(KeywordExecutor.groovy:60)
	at com.kms.katalon.core.webui.keyword.WebUiBuiltInKeywords.click(WebUiBuiltInKeywords.groovy:616)
	at com.kms.katalon.core.webui.keyword.WebUiBuiltInKeywords$click$3.call(Unknown Source)
	at p4p_4_payment_ ok.run(p4p_4_payment_ ok:59)
	at com.kms.katalon.core.main.ScriptEngine.run(ScriptEngine.java:194)
	at com.kms.katalon.core.main.ScriptEngine.runScriptAsRawText(ScriptEngine.java:119)
	at com.kms.katalon.core.main.TestCaseExecutor.runScript(TestCaseExecutor.java:337)
	at com.kms.katalon.core.main.TestCaseExecutor.doExecute(TestCaseExecutor.java:328)
	at com.kms.katalon.core.main.TestCaseExecutor.processExecutionPhase(TestCaseExecutor.java:307)
	at com.kms.katalon.core.main.TestCaseExecutor.accessMainPhase(TestCaseExecutor.java:299)
	at com.kms.katalon.core.main.TestCaseExecutor.execute(TestCaseExecutor.java:233)
	at com.kms.katalon.core.main.TestSuiteExecutor.accessTestCaseMainPhase(TestSuiteExecutor.java:169)
	at com.kms.katalon.core.main.TestSuiteExecutor.accessTestSuiteMainPhase(TestSuiteExecutor.java:142)
	at com.kms.katalon.core.main.TestSuiteExecutor.execute(TestSuiteExecutor.java:91)
	at com.kms.katalon.core.main.TestCaseMain.startTestSuite(TestCaseMain.java:157)
	at com.kms.katalon.core.main.TestCaseMain$startTestSuite$0.call(Unknown Source)
	at TempTestSuite1579419428568.run(TempTestSuite1579419428568.groovy:36)
Caused by: com.kms.katalon.core.webui.exception.WebElementNotFoundException: Web element with id: 'Object Repository/obj_paymentdetails/a_Pay (1)' located by 'By.xpath: //section[@id='checkout-billing']/ng-form/div[3]/div[2]/div/div/fieldset/table/tbody[2]/tr[4]/td[4]/a' not found
	at com.kms.katalon.core.webui.common.WebUiCommonHelper.findWebElement(WebUiCommonHelper.java:1113)
	at com.kms.katalon.core.webui.keyword.internal.WebUIAbstractKeyword.findWebElement(WebUIAbstractKeyword.groovy:27)
	at com.kms.katalon.core.webui.keyword.internal.WebUIAbstractKeyword.findWebElement(WebUIAbstractKeyword.groovy:26)
	at com.kms.katalon.core.webui.keyword.builtin.ClickKeyword$_click_closure1.doCall(ClickKeyword.groovy:68)
	at com.kms.katalon.core.webui.keyword.builtin.ClickKeyword$_click_closure1.call(ClickKeyword.groovy)
	at com.kms.katalon.core.webui.keyword.internal.WebUIKeywordMain.runKeyword(WebUIKeywordMain.groovy:20)
	... 19 more]]></system-err>
      </testcase>
      <testcase name="Test Cases/p4p_4_payment_ ok" time="33.412" classname="Test Cases/p4p_4_payment_ ok" status="PASSED">
         <system-out><![CDATA[2020-01-19 01:39:03 - [TEST_CASE][PASSED] - Test Cases/p4p_4_payment_ ok: Test Cases/p4p_4_payment_ ok

2020-01-19 01:39:03 - [TEST_STEP][PASSED] - openBrowser("https://p4p-qa-bg.aws.paradise4paws.com/login/"): Browser is opened with url: 'https://p4p-qa-bg.aws.paradise4paws.com/login/'

2020-01-19 01:39:03 - [MESSAGE][WARNING] - A browser is already opened. Closing browser and opening a new one

2020-01-19 01:39:03 - [MESSAGE][INFO] - Starting 'Chrome' driver

2020-01-19 01:39:08 - [MESSAGE][PASSED] - Browser is opened with url: 'https://p4p-qa-bg.aws.paradise4paws.com/login/'

2020-01-19 01:39:08 - [TEST_STEP][PASSED] - maximizeWindow(): Current window maximized

2020-01-19 01:39:08 - [MESSAGE][PASSED] - Current window maximized

2020-01-19 01:39:08 - [TEST_STEP][PASSED] - log = new com.kms.katalon.core.logging.KeywordLogger(): null

2020-01-19 01:39:08 - [TEST_STEP][PASSED] - fisNewRes = new java.io.FileInputStream(/home/leonardo-arkusmty/Desktop/P4P/DATA_AUTOMATINTESTING/data_1newReservationBoarding.xlsx): null

2020-01-19 01:39:08 - [TEST_STEP][PASSED] - fisInv = new java.io.FileInputStream(/home/leonardo-arkusmty/Desktop/P4P/DATA_AUTOMATINTESTING/data_3Invoices.xlsx): null

2020-01-19 01:39:08 - [TEST_STEP][PASSED] - workbookNewRes = new org.apache.poi.xssf.usermodel.XSSFWorkbook(fisNewRes): null

2020-01-19 01:39:08 - [TEST_STEP][PASSED] - workbookInv = new org.apache.poi.xssf.usermodel.XSSFWorkbook(fisInv): null

2020-01-19 01:39:08 - [TEST_STEP][PASSED] - sheetNewRes = workbookNewRes.getSheet("Sheet1"): null

2020-01-19 01:39:08 - [TEST_STEP][PASSED] - setText(findTestObject("obj_login/input_user"), var_user): Text 'jegchavez@gmail.com' is set on object 'Object Repository/obj_login/input_user'

2020-01-19 01:39:09 - [MESSAGE][PASSED] - Text 'jegchavez@gmail.com' is set on object 'Object Repository/obj_login/input_user'

2020-01-19 01:39:09 - [TEST_STEP][PASSED] - setText(findTestObject("obj_login/input_pass"), var_pass): Text 'admin1' is set on object 'Object Repository/obj_login/input_pass'

2020-01-19 01:39:09 - [MESSAGE][PASSED] - Text 'admin1' is set on object 'Object Repository/obj_login/input_pass'

2020-01-19 01:39:09 - [TEST_STEP][PASSED] - verifyElementClickable(findTestObject("obj_login/btn_login")): Object 'Object Repository/obj_login/btn_login' is clickable

2020-01-19 01:39:09 - [MESSAGE][PASSED] - Object 'Object Repository/obj_login/btn_login' is clickable

2020-01-19 01:39:09 - [TEST_STEP][PASSED] - click(findTestObject("obj_login/btn_login")): Object: 'Object Repository/obj_login/btn_login' is clicked on

2020-01-19 01:39:11 - [MESSAGE][PASSED] - Object: 'Object Repository/obj_login/btn_login' is clicked on

2020-01-19 01:39:11 - [TEST_STEP][PASSED] - setText(findTestObject("obj_dashboard_emp/input_search"), var_parent): Text 'leongarzagarza@hotmail.com' is set on object 'Object Repository/obj_dashboard_emp/input_search'

2020-01-19 01:39:11 - [MESSAGE][PASSED] - Text 'leongarzagarza@hotmail.com' is set on object 'Object Repository/obj_dashboard_emp/input_search'

2020-01-19 01:39:11 - [TEST_STEP][PASSED] - click(findTestObject("obj_dashboard_emp/btn_accountSearch"), STOP_ON_FAILURE): Object: 'Object Repository/obj_dashboard_emp/btn_accountSearch' is clicked on

2020-01-19 01:39:12 - [MESSAGE][PASSED] - Object: 'Object Repository/obj_dashboard_emp/btn_accountSearch' is clicked on

2020-01-19 01:39:12 - [TEST_STEP][PASSED] - click(findTestObject("obj_accountInformation/a_TEST GABRIEL PROD")): Object: 'Object Repository/obj_accountInformation/a_TEST GABRIEL PROD' is clicked on

2020-01-19 01:39:14 - [MESSAGE][PASSED] - Object: 'Object Repository/obj_accountInformation/a_TEST GABRIEL PROD' is clicked on

2020-01-19 01:39:14 - [TEST_STEP][PASSED] - click(findTestObject("obj_invoce/a_Invoices")): Object: 'Object Repository/obj_invoce/a_Invoices' is clicked on

2020-01-19 01:39:18 - [MESSAGE][PASSED] - Object: 'Object Repository/obj_invoce/a_Invoices' is clicked on

2020-01-19 01:39:18 - [TEST_STEP][PASSED] - delay(1): Delayed 1 second(s)

2020-01-19 01:39:19 - [MESSAGE][PASSED] - Delayed 1 second(s)

2020-01-19 01:39:19 - [TEST_STEP][NOT_RUN] - click(findTestObject("obj_invoce/a_1795112")): NOT_RUN: click(findTestObject("obj_invoce/a_1795112"))

2020-01-19 01:39:19 - [MESSAGE][NOT_RUN] - NOT_RUN: click(findTestObject("obj_invoce/a_1795112"))

2020-01-19 01:39:19 - [TEST_STEP][PASSED] - var_url = getUrl(): Current window's url is: 'https://p4p-qa-bg.aws.paradise4paws.com/accounts/profile/#/invoices/122350/'

2020-01-19 01:39:19 - [MESSAGE][PASSED] - Current window's url is: 'https://p4p-qa-bg.aws.paradise4paws.com/accounts/profile/#/invoices/122350/'

2020-01-19 01:39:19 - [TEST_STEP][PASSED] - arrayUrl = var_url.split("/"): null

2020-01-19 01:39:19 - [TEST_STEP][PASSED] - urlInvoice = arrayUrl[0] + "/" + arrayUrl[1] + "/" + arrayUrl[2] + "/" + arrayUrl[3] + "/" + arrayUrl[4] + "/" + arrayUrl[5] + "/" + "invoice" + "/" + arrayUrl[7] + "/" + var_invoice: null

2020-01-19 01:39:19 - [TEST_STEP][PASSED] - navigateToUrl(urlInvoice): Navigate to 'https://p4p-qa-bg.aws.paradise4paws.com/accounts/profile/#/invoice/122350/1795571' successfully

2020-01-19 01:39:19 - [MESSAGE][PASSED] - Navigate to 'https://p4p-qa-bg.aws.paradise4paws.com/accounts/profile/#/invoice/122350/1795571' successfully

2020-01-19 01:39:19 - [TEST_STEP][PASSED] - delay(4): Delayed 4 second(s)

2020-01-19 01:39:23 - [MESSAGE][PASSED] - Delayed 4 second(s)

2020-01-19 01:39:23 - [TEST_STEP][NOT_RUN] - click(findTestObject("Object Repository/obj_paymentdetails/newpay/Page_Paradise 4 Paws  Dog Boarding Cat Boar_145431/a_Pay")): NOT_RUN: click(findTestObject("Object Repository/obj_paymentdetails/newpay/Page_Paradise 4 Paws  Dog Boarding Cat Boar_145431/a_Pay"))

2020-01-19 01:39:23 - [MESSAGE][NOT_RUN] - NOT_RUN: click(findTestObject("Object Repository/obj_paymentdetails/newpay/Page_Paradise 4 Paws  Dog Boarding Cat Boar_145431/a_Pay"))

2020-01-19 01:39:23 - [TEST_STEP][PASSED] - click(findTestObject("obj_paymentdetails/a_Pay (1)")): Object: 'Object Repository/obj_paymentdetails/a_Pay (1)' is clicked on

2020-01-19 01:39:23 - [MESSAGE][PASSED] - Object: 'Object Repository/obj_paymentdetails/a_Pay (1)' is clicked on

2020-01-19 01:39:23 - [TEST_STEP][PASSED] - delay(1): Delayed 1 second(s)

2020-01-19 01:39:24 - [MESSAGE][PASSED] - Delayed 1 second(s)

2020-01-19 01:39:24 - [TEST_STEP][PASSED] - click(findTestObject("obj_paymentdetails/1_pay/rBtn_" + var_method)): Object: 'Object Repository/obj_paymentdetails/1_pay/rBtn_BY_CASH' is clicked on

2020-01-19 01:39:26 - [MESSAGE][PASSED] - Object: 'Object Repository/obj_paymentdetails/1_pay/rBtn_BY_CASH' is clicked on

2020-01-19 01:39:26 - [TEST_STEP][PASSED] - delay(1): Delayed 1 second(s)

2020-01-19 01:39:27 - [MESSAGE][PASSED] - Delayed 1 second(s)

2020-01-19 01:39:27 - [TEST_STEP][PASSED] - delay(1): Delayed 1 second(s)

2020-01-19 01:39:28 - [MESSAGE][PASSED] - Delayed 1 second(s)

2020-01-19 01:39:28 - [TEST_STEP][PASSED] - getText(findTestObject("obj_paymentdetails/1_pay/a_amountDue_1")): Text of object 'Object Repository/obj_paymentdetails/1_pay/a_amountDue_1' is: '$585.00'

2020-01-19 01:39:29 - [MESSAGE][PASSED] - Text of object 'Object Repository/obj_paymentdetails/1_pay/a_amountDue_1' is: '$585.00'

2020-01-19 01:39:29 - [TEST_STEP][PASSED] - getText(findTestObject("obj_paymentdetails/1_pay/a_amountDue_2")): Text of object 'Object Repository/obj_paymentdetails/1_pay/a_amountDue_2' is: '$585.00'

2020-01-19 01:39:29 - [MESSAGE][PASSED] - Text of object 'Object Repository/obj_paymentdetails/1_pay/a_amountDue_2' is: '$585.00'

2020-01-19 01:39:29 - [TEST_STEP][PASSED] - log.logInfo(getText(findTestObject("obj_paymentdetails/1_pay/a_amountDue_1"))): $585.00

2020-01-19 01:39:29 - [MESSAGE][PASSED] - Text of object 'Object Repository/obj_paymentdetails/1_pay/a_amountDue_1' is: '$585.00'

2020-01-19 01:39:29 - [MESSAGE][INFO] - $585.00

2020-01-19 01:39:29 - [TEST_STEP][PASSED] - log.logInfo(getText(findTestObject("obj_paymentdetails/1_pay/a_amountDue_2"))): $585.00

2020-01-19 01:39:29 - [MESSAGE][PASSED] - Text of object 'Object Repository/obj_paymentdetails/1_pay/a_amountDue_2' is: '$585.00'

2020-01-19 01:39:29 - [MESSAGE][INFO] - $585.00

2020-01-19 01:39:29 - [TEST_STEP][PASSED] - if (var_paybalance == "Y"): null

2020-01-19 01:39:29 - [TEST_STEP][PASSED] - else: Delayed 3 second(s)

2020-01-19 01:39:29 - [TEST_STEP][PASSED] - click(findTestObject("obj_paymentdetails/1_pay/rBtn__OtherAmount")): Object: 'Object Repository/obj_paymentdetails/1_pay/rBtn__OtherAmount' is clicked on

2020-01-19 01:39:30 - [MESSAGE][PASSED] - Object: 'Object Repository/obj_paymentdetails/1_pay/rBtn__OtherAmount' is clicked on

2020-01-19 01:39:30 - [TEST_STEP][PASSED] - setText(findTestObject("obj_paymentdetails/1_pay/input_AmounttoPay"), var_amountpay): Text '13' is set on object 'Object Repository/obj_paymentdetails/1_pay/input_AmounttoPay'

2020-01-19 01:39:30 - [MESSAGE][PASSED] - Text '13' is set on object 'Object Repository/obj_paymentdetails/1_pay/input_AmounttoPay'

2020-01-19 01:39:30 - [TEST_STEP][PASSED] - delay(3): Delayed 3 second(s)

2020-01-19 01:39:33 - [MESSAGE][PASSED] - Delayed 3 second(s)

2020-01-19 01:39:33 - [TEST_STEP][PASSED] - click(findTestObject("obj_paymentdetails/1_pay/btn_makeAPayment")): Object: 'Object Repository/obj_paymentdetails/1_pay/btn_makeAPayment' is clicked on

2020-01-19 01:39:34 - [MESSAGE][PASSED] - Object: 'Object Repository/obj_paymentdetails/1_pay/btn_makeAPayment' is clicked on

2020-01-19 01:39:34 - [TEST_STEP][PASSED] - delay(3): Delayed 3 second(s)

2020-01-19 01:39:37 - [MESSAGE][PASSED] - Delayed 3 second(s)]]></system-out>
         <system-err><![CDATA[]]></system-err>
      </testcase>
      <testcase name="Test Cases/p4p_4_payment_ ok" time="59.908" classname="Test Cases/p4p_4_payment_ ok" status="PASSED">
         <system-out><![CDATA[2020-01-19 01:39:37 - [TEST_CASE][PASSED] - Test Cases/p4p_4_payment_ ok: Test Cases/p4p_4_payment_ ok

2020-01-19 01:39:37 - [TEST_STEP][PASSED] - openBrowser("https://p4p-qa-bg.aws.paradise4paws.com/login/"): Browser is opened with url: 'https://p4p-qa-bg.aws.paradise4paws.com/login/'

2020-01-19 01:39:37 - [MESSAGE][WARNING] - A browser is already opened. Closing browser and opening a new one

2020-01-19 01:39:37 - [MESSAGE][INFO] - Starting 'Chrome' driver

2020-01-19 01:39:40 - [MESSAGE][PASSED] - Browser is opened with url: 'https://p4p-qa-bg.aws.paradise4paws.com/login/'

2020-01-19 01:39:40 - [TEST_STEP][PASSED] - maximizeWindow(): Current window maximized

2020-01-19 01:39:40 - [MESSAGE][PASSED] - Current window maximized

2020-01-19 01:39:40 - [TEST_STEP][PASSED] - log = new com.kms.katalon.core.logging.KeywordLogger(): null

2020-01-19 01:39:40 - [TEST_STEP][PASSED] - fisNewRes = new java.io.FileInputStream(/home/leonardo-arkusmty/Desktop/P4P/DATA_AUTOMATINTESTING/data_1newReservationBoarding.xlsx): null

2020-01-19 01:39:40 - [TEST_STEP][PASSED] - fisInv = new java.io.FileInputStream(/home/leonardo-arkusmty/Desktop/P4P/DATA_AUTOMATINTESTING/data_3Invoices.xlsx): null

2020-01-19 01:39:40 - [TEST_STEP][PASSED] - workbookNewRes = new org.apache.poi.xssf.usermodel.XSSFWorkbook(fisNewRes): null

2020-01-19 01:39:40 - [TEST_STEP][PASSED] - workbookInv = new org.apache.poi.xssf.usermodel.XSSFWorkbook(fisInv): null

2020-01-19 01:39:40 - [TEST_STEP][PASSED] - sheetNewRes = workbookNewRes.getSheet("Sheet1"): null

2020-01-19 01:39:40 - [TEST_STEP][PASSED] - setText(findTestObject("obj_login/input_user"), var_user): Text 'jegchavez@gmail.com' is set on object 'Object Repository/obj_login/input_user'

2020-01-19 01:39:40 - [MESSAGE][PASSED] - Text 'jegchavez@gmail.com' is set on object 'Object Repository/obj_login/input_user'

2020-01-19 01:39:40 - [TEST_STEP][PASSED] - setText(findTestObject("obj_login/input_pass"), var_pass): Text 'admin1' is set on object 'Object Repository/obj_login/input_pass'

2020-01-19 01:39:41 - [MESSAGE][PASSED] - Text 'admin1' is set on object 'Object Repository/obj_login/input_pass'

2020-01-19 01:39:41 - [TEST_STEP][PASSED] - verifyElementClickable(findTestObject("obj_login/btn_login")): Object 'Object Repository/obj_login/btn_login' is clickable

2020-01-19 01:39:41 - [MESSAGE][PASSED] - Object 'Object Repository/obj_login/btn_login' is clickable

2020-01-19 01:39:41 - [TEST_STEP][PASSED] - click(findTestObject("obj_login/btn_login")): Object: 'Object Repository/obj_login/btn_login' is clicked on

2020-01-19 01:39:42 - [MESSAGE][PASSED] - Object: 'Object Repository/obj_login/btn_login' is clicked on

2020-01-19 01:39:42 - [TEST_STEP][PASSED] - setText(findTestObject("obj_dashboard_emp/input_search"), var_parent): Text 'leongarzagarza@hotmail.com' is set on object 'Object Repository/obj_dashboard_emp/input_search'

2020-01-19 01:39:43 - [MESSAGE][PASSED] - Text 'leongarzagarza@hotmail.com' is set on object 'Object Repository/obj_dashboard_emp/input_search'

2020-01-19 01:39:43 - [TEST_STEP][PASSED] - click(findTestObject("obj_dashboard_emp/btn_accountSearch"), STOP_ON_FAILURE): Object: 'Object Repository/obj_dashboard_emp/btn_accountSearch' is clicked on

2020-01-19 01:39:44 - [MESSAGE][PASSED] - Object: 'Object Repository/obj_dashboard_emp/btn_accountSearch' is clicked on

2020-01-19 01:39:44 - [TEST_STEP][PASSED] - click(findTestObject("obj_accountInformation/a_TEST GABRIEL PROD")): Object: 'Object Repository/obj_accountInformation/a_TEST GABRIEL PROD' is clicked on

2020-01-19 01:39:46 - [MESSAGE][PASSED] - Object: 'Object Repository/obj_accountInformation/a_TEST GABRIEL PROD' is clicked on

2020-01-19 01:39:46 - [TEST_STEP][PASSED] - click(findTestObject("obj_invoce/a_Invoices")): Object: 'Object Repository/obj_invoce/a_Invoices' is clicked on

2020-01-19 01:39:50 - [MESSAGE][PASSED] - Object: 'Object Repository/obj_invoce/a_Invoices' is clicked on

2020-01-19 01:39:50 - [TEST_STEP][PASSED] - delay(1): Delayed 1 second(s)

2020-01-19 01:39:51 - [MESSAGE][PASSED] - Delayed 1 second(s)

2020-01-19 01:39:51 - [TEST_STEP][NOT_RUN] - click(findTestObject("obj_invoce/a_1795112")): NOT_RUN: click(findTestObject("obj_invoce/a_1795112"))

2020-01-19 01:39:51 - [MESSAGE][NOT_RUN] - NOT_RUN: click(findTestObject("obj_invoce/a_1795112"))

2020-01-19 01:39:51 - [TEST_STEP][PASSED] - var_url = getUrl(): Current window's url is: 'https://p4p-qa-bg.aws.paradise4paws.com/accounts/profile/#/invoices/122350/'

2020-01-19 01:39:51 - [MESSAGE][PASSED] - Current window's url is: 'https://p4p-qa-bg.aws.paradise4paws.com/accounts/profile/#/invoices/122350/'

2020-01-19 01:39:51 - [TEST_STEP][PASSED] - arrayUrl = var_url.split("/"): null

2020-01-19 01:39:51 - [TEST_STEP][PASSED] - urlInvoice = arrayUrl[0] + "/" + arrayUrl[1] + "/" + arrayUrl[2] + "/" + arrayUrl[3] + "/" + arrayUrl[4] + "/" + arrayUrl[5] + "/" + "invoice" + "/" + arrayUrl[7] + "/" + var_invoice: null

2020-01-19 01:39:51 - [TEST_STEP][PASSED] - navigateToUrl(urlInvoice): Navigate to 'https://p4p-qa-bg.aws.paradise4paws.com/accounts/profile/#/invoice/122350/1795532' successfully

2020-01-19 01:39:51 - [MESSAGE][PASSED] - Navigate to 'https://p4p-qa-bg.aws.paradise4paws.com/accounts/profile/#/invoice/122350/1795532' successfully

2020-01-19 01:39:51 - [TEST_STEP][PASSED] - delay(4): Delayed 4 second(s)

2020-01-19 01:39:55 - [MESSAGE][PASSED] - Delayed 4 second(s)

2020-01-19 01:39:55 - [TEST_STEP][NOT_RUN] - click(findTestObject("Object Repository/obj_paymentdetails/newpay/Page_Paradise 4 Paws  Dog Boarding Cat Boar_145431/a_Pay")): NOT_RUN: click(findTestObject("Object Repository/obj_paymentdetails/newpay/Page_Paradise 4 Paws  Dog Boarding Cat Boar_145431/a_Pay"))

2020-01-19 01:39:55 - [MESSAGE][NOT_RUN] - NOT_RUN: click(findTestObject("Object Repository/obj_paymentdetails/newpay/Page_Paradise 4 Paws  Dog Boarding Cat Boar_145431/a_Pay"))

2020-01-19 01:39:55 - [TEST_STEP][PASSED] - click(findTestObject("obj_paymentdetails/a_Pay (1)")): Object: 'Object Repository/obj_paymentdetails/a_Pay (1)' is clicked on

2020-01-19 01:39:55 - [MESSAGE][PASSED] - Object: 'Object Repository/obj_paymentdetails/a_Pay (1)' is clicked on

2020-01-19 01:39:55 - [TEST_STEP][PASSED] - delay(1): Delayed 1 second(s)

2020-01-19 01:39:56 - [MESSAGE][PASSED] - Delayed 1 second(s)

2020-01-19 01:39:56 - [TEST_STEP][PASSED] - click(findTestObject("obj_paymentdetails/1_pay/rBtn_" + var_method)): Object: 'Object Repository/obj_paymentdetails/1_pay/rBtn_CARD_PRESENT' is clicked on

2020-01-19 01:39:58 - [MESSAGE][PASSED] - Object: 'Object Repository/obj_paymentdetails/1_pay/rBtn_CARD_PRESENT' is clicked on

2020-01-19 01:39:58 - [TEST_STEP][PASSED] - delay(1): Delayed 1 second(s)

2020-01-19 01:39:59 - [MESSAGE][PASSED] - Delayed 1 second(s)

2020-01-19 01:39:59 - [TEST_STEP][PASSED] - delay(1): Delayed 1 second(s)

2020-01-19 01:40:00 - [MESSAGE][PASSED] - Delayed 1 second(s)

2020-01-19 01:40:00 - [TEST_STEP][PASSED] - getText(findTestObject("obj_paymentdetails/1_pay/a_amountDue_1")): Text of object 'Object Repository/obj_paymentdetails/1_pay/a_amountDue_1' is: '$117.00'

2020-01-19 01:40:00 - [MESSAGE][PASSED] - Text of object 'Object Repository/obj_paymentdetails/1_pay/a_amountDue_1' is: '$117.00'

2020-01-19 01:40:00 - [TEST_STEP][PASSED] - getText(findTestObject("obj_paymentdetails/1_pay/a_amountDue_2")): Text of object 'Object Repository/obj_paymentdetails/1_pay/a_amountDue_2' is: '$117.00'

2020-01-19 01:40:01 - [MESSAGE][PASSED] - Text of object 'Object Repository/obj_paymentdetails/1_pay/a_amountDue_2' is: '$117.00'

2020-01-19 01:40:01 - [TEST_STEP][PASSED] - log.logInfo(getText(findTestObject("obj_paymentdetails/1_pay/a_amountDue_1"))): $117.00

2020-01-19 01:40:01 - [MESSAGE][PASSED] - Text of object 'Object Repository/obj_paymentdetails/1_pay/a_amountDue_1' is: '$117.00'

2020-01-19 01:40:01 - [MESSAGE][INFO] - $117.00

2020-01-19 01:40:01 - [TEST_STEP][PASSED] - log.logInfo(getText(findTestObject("obj_paymentdetails/1_pay/a_amountDue_2"))): $117.00

2020-01-19 01:40:01 - [MESSAGE][PASSED] - Text of object 'Object Repository/obj_paymentdetails/1_pay/a_amountDue_2' is: '$117.00'

2020-01-19 01:40:01 - [MESSAGE][INFO] - $117.00

2020-01-19 01:40:01 - [TEST_STEP][PASSED] - if (var_paybalance == "Y"): Object: 'Object Repository/obj_paymentdetails/1_pay/rBtn_PayBalance' is clicked on

2020-01-19 01:40:01 - [TEST_STEP][PASSED] - click(findTestObject("obj_paymentdetails/1_pay/rBtn_PayBalance")): Object: 'Object Repository/obj_paymentdetails/1_pay/rBtn_PayBalance' is clicked on

2020-01-19 01:40:01 - [MESSAGE][PASSED] - Object: 'Object Repository/obj_paymentdetails/1_pay/rBtn_PayBalance' is clicked on

2020-01-19 01:40:01 - [TEST_STEP][PASSED] - click(findTestObject("obj_paymentdetails/1_pay/btn_makeAPayment")): Object: 'Object Repository/obj_paymentdetails/1_pay/btn_makeAPayment' is clicked on

2020-01-19 01:40:34 - [MESSAGE][PASSED] - Object: 'Object Repository/obj_paymentdetails/1_pay/btn_makeAPayment' is clicked on

2020-01-19 01:40:34 - [TEST_STEP][PASSED] - delay(3): Delayed 3 second(s)

2020-01-19 01:40:37 - [MESSAGE][PASSED] - Delayed 3 second(s)]]></system-out>
         <system-err><![CDATA[]]></system-err>
      </testcase>
      <testcase name="Test Cases/p4p_4_payment_ ok" time="67.626" classname="Test Cases/p4p_4_payment_ ok" status="PASSED">
         <system-out><![CDATA[2020-01-19 01:40:37 - [TEST_CASE][PASSED] - Test Cases/p4p_4_payment_ ok: Test Cases/p4p_4_payment_ ok

2020-01-19 01:40:37 - [TEST_STEP][PASSED] - openBrowser("https://p4p-qa-bg.aws.paradise4paws.com/login/"): Browser is opened with url: 'https://p4p-qa-bg.aws.paradise4paws.com/login/'

2020-01-19 01:40:37 - [MESSAGE][WARNING] - A browser is already opened. Closing browser and opening a new one

2020-01-19 01:40:37 - [MESSAGE][INFO] - Starting 'Chrome' driver

2020-01-19 01:40:40 - [MESSAGE][PASSED] - Browser is opened with url: 'https://p4p-qa-bg.aws.paradise4paws.com/login/'

2020-01-19 01:40:40 - [TEST_STEP][PASSED] - maximizeWindow(): Current window maximized

2020-01-19 01:40:40 - [MESSAGE][PASSED] - Current window maximized

2020-01-19 01:40:40 - [TEST_STEP][PASSED] - log = new com.kms.katalon.core.logging.KeywordLogger(): null

2020-01-19 01:40:40 - [TEST_STEP][PASSED] - fisNewRes = new java.io.FileInputStream(/home/leonardo-arkusmty/Desktop/P4P/DATA_AUTOMATINTESTING/data_1newReservationBoarding.xlsx): null

2020-01-19 01:40:40 - [TEST_STEP][PASSED] - fisInv = new java.io.FileInputStream(/home/leonardo-arkusmty/Desktop/P4P/DATA_AUTOMATINTESTING/data_3Invoices.xlsx): null

2020-01-19 01:40:40 - [TEST_STEP][PASSED] - workbookNewRes = new org.apache.poi.xssf.usermodel.XSSFWorkbook(fisNewRes): null

2020-01-19 01:40:40 - [TEST_STEP][PASSED] - workbookInv = new org.apache.poi.xssf.usermodel.XSSFWorkbook(fisInv): null

2020-01-19 01:40:40 - [TEST_STEP][PASSED] - sheetNewRes = workbookNewRes.getSheet("Sheet1"): null

2020-01-19 01:40:40 - [TEST_STEP][PASSED] - setText(findTestObject("obj_login/input_user"), var_user): Text 'jegchavez@gmail.com' is set on object 'Object Repository/obj_login/input_user'

2020-01-19 01:40:41 - [MESSAGE][PASSED] - Text 'jegchavez@gmail.com' is set on object 'Object Repository/obj_login/input_user'

2020-01-19 01:40:41 - [TEST_STEP][PASSED] - setText(findTestObject("obj_login/input_pass"), var_pass): Text 'admin1' is set on object 'Object Repository/obj_login/input_pass'

2020-01-19 01:40:41 - [MESSAGE][PASSED] - Text 'admin1' is set on object 'Object Repository/obj_login/input_pass'

2020-01-19 01:40:41 - [TEST_STEP][PASSED] - verifyElementClickable(findTestObject("obj_login/btn_login")): Object 'Object Repository/obj_login/btn_login' is clickable

2020-01-19 01:40:42 - [MESSAGE][PASSED] - Object 'Object Repository/obj_login/btn_login' is clickable

2020-01-19 01:40:42 - [TEST_STEP][PASSED] - click(findTestObject("obj_login/btn_login")): Object: 'Object Repository/obj_login/btn_login' is clicked on

2020-01-19 01:40:43 - [MESSAGE][PASSED] - Object: 'Object Repository/obj_login/btn_login' is clicked on

2020-01-19 01:40:43 - [TEST_STEP][PASSED] - setText(findTestObject("obj_dashboard_emp/input_search"), var_parent): Text 'leongarzagarza@hotmail.com' is set on object 'Object Repository/obj_dashboard_emp/input_search'

2020-01-19 01:40:44 - [MESSAGE][PASSED] - Text 'leongarzagarza@hotmail.com' is set on object 'Object Repository/obj_dashboard_emp/input_search'

2020-01-19 01:40:44 - [TEST_STEP][PASSED] - click(findTestObject("obj_dashboard_emp/btn_accountSearch"), STOP_ON_FAILURE): Object: 'Object Repository/obj_dashboard_emp/btn_accountSearch' is clicked on

2020-01-19 01:40:49 - [MESSAGE][PASSED] - Object: 'Object Repository/obj_dashboard_emp/btn_accountSearch' is clicked on

2020-01-19 01:40:49 - [TEST_STEP][PASSED] - click(findTestObject("obj_accountInformation/a_TEST GABRIEL PROD")): Object: 'Object Repository/obj_accountInformation/a_TEST GABRIEL PROD' is clicked on

2020-01-19 01:40:51 - [MESSAGE][PASSED] - Object: 'Object Repository/obj_accountInformation/a_TEST GABRIEL PROD' is clicked on

2020-01-19 01:40:51 - [TEST_STEP][PASSED] - click(findTestObject("obj_invoce/a_Invoices")): Object: 'Object Repository/obj_invoce/a_Invoices' is clicked on

2020-01-19 01:40:54 - [MESSAGE][PASSED] - Object: 'Object Repository/obj_invoce/a_Invoices' is clicked on

2020-01-19 01:40:54 - [TEST_STEP][PASSED] - delay(1): Delayed 1 second(s)

2020-01-19 01:40:55 - [MESSAGE][PASSED] - Delayed 1 second(s)

2020-01-19 01:40:55 - [TEST_STEP][NOT_RUN] - click(findTestObject("obj_invoce/a_1795112")): NOT_RUN: click(findTestObject("obj_invoce/a_1795112"))

2020-01-19 01:40:55 - [MESSAGE][NOT_RUN] - NOT_RUN: click(findTestObject("obj_invoce/a_1795112"))

2020-01-19 01:40:55 - [TEST_STEP][PASSED] - var_url = getUrl(): Current window's url is: 'https://p4p-qa-bg.aws.paradise4paws.com/accounts/profile/#/invoices/122350/'

2020-01-19 01:40:55 - [MESSAGE][PASSED] - Current window's url is: 'https://p4p-qa-bg.aws.paradise4paws.com/accounts/profile/#/invoices/122350/'

2020-01-19 01:40:55 - [TEST_STEP][PASSED] - arrayUrl = var_url.split("/"): null

2020-01-19 01:40:55 - [TEST_STEP][PASSED] - urlInvoice = arrayUrl[0] + "/" + arrayUrl[1] + "/" + arrayUrl[2] + "/" + arrayUrl[3] + "/" + arrayUrl[4] + "/" + arrayUrl[5] + "/" + "invoice" + "/" + arrayUrl[7] + "/" + var_invoice: null

2020-01-19 01:40:55 - [TEST_STEP][PASSED] - navigateToUrl(urlInvoice): Navigate to 'https://p4p-qa-bg.aws.paradise4paws.com/accounts/profile/#/invoice/122350/1795533' successfully

2020-01-19 01:40:55 - [MESSAGE][PASSED] - Navigate to 'https://p4p-qa-bg.aws.paradise4paws.com/accounts/profile/#/invoice/122350/1795533' successfully

2020-01-19 01:40:55 - [TEST_STEP][PASSED] - delay(4): Delayed 4 second(s)

2020-01-19 01:40:59 - [MESSAGE][PASSED] - Delayed 4 second(s)

2020-01-19 01:40:59 - [TEST_STEP][NOT_RUN] - click(findTestObject("Object Repository/obj_paymentdetails/newpay/Page_Paradise 4 Paws  Dog Boarding Cat Boar_145431/a_Pay")): NOT_RUN: click(findTestObject("Object Repository/obj_paymentdetails/newpay/Page_Paradise 4 Paws  Dog Boarding Cat Boar_145431/a_Pay"))

2020-01-19 01:40:59 - [MESSAGE][NOT_RUN] - NOT_RUN: click(findTestObject("Object Repository/obj_paymentdetails/newpay/Page_Paradise 4 Paws  Dog Boarding Cat Boar_145431/a_Pay"))

2020-01-19 01:40:59 - [TEST_STEP][PASSED] - click(findTestObject("obj_paymentdetails/a_Pay (1)")): Object: 'Object Repository/obj_paymentdetails/a_Pay (1)' is clicked on

2020-01-19 01:41:00 - [MESSAGE][PASSED] - Object: 'Object Repository/obj_paymentdetails/a_Pay (1)' is clicked on

2020-01-19 01:41:00 - [TEST_STEP][PASSED] - delay(1): Delayed 1 second(s)

2020-01-19 01:41:01 - [MESSAGE][PASSED] - Delayed 1 second(s)

2020-01-19 01:41:01 - [TEST_STEP][PASSED] - click(findTestObject("obj_paymentdetails/1_pay/rBtn_" + var_method)): Object: 'Object Repository/obj_paymentdetails/1_pay/rBtn_CARD_NOT_PRESENT' is clicked on

2020-01-19 01:41:03 - [MESSAGE][PASSED] - Object: 'Object Repository/obj_paymentdetails/1_pay/rBtn_CARD_NOT_PRESENT' is clicked on

2020-01-19 01:41:03 - [TEST_STEP][PASSED] - delay(1): Delayed 1 second(s)

2020-01-19 01:41:04 - [MESSAGE][PASSED] - Delayed 1 second(s)

2020-01-19 01:41:04 - [TEST_STEP][PASSED] - delay(1): Delayed 1 second(s)

2020-01-19 01:41:05 - [MESSAGE][PASSED] - Delayed 1 second(s)

2020-01-19 01:41:05 - [TEST_STEP][PASSED] - getText(findTestObject("obj_paymentdetails/1_pay/a_amountDue_1")): Text of object 'Object Repository/obj_paymentdetails/1_pay/a_amountDue_1' is: '$59.00'

2020-01-19 01:41:05 - [MESSAGE][PASSED] - Text of object 'Object Repository/obj_paymentdetails/1_pay/a_amountDue_1' is: '$59.00'

2020-01-19 01:41:05 - [TEST_STEP][PASSED] - getText(findTestObject("obj_paymentdetails/1_pay/a_amountDue_2")): Text of object 'Object Repository/obj_paymentdetails/1_pay/a_amountDue_2' is: '$59.00'

2020-01-19 01:41:05 - [MESSAGE][PASSED] - Text of object 'Object Repository/obj_paymentdetails/1_pay/a_amountDue_2' is: '$59.00'

2020-01-19 01:41:05 - [TEST_STEP][PASSED] - log.logInfo(getText(findTestObject("obj_paymentdetails/1_pay/a_amountDue_1"))): $59.00

2020-01-19 01:41:06 - [MESSAGE][PASSED] - Text of object 'Object Repository/obj_paymentdetails/1_pay/a_amountDue_1' is: '$59.00'

2020-01-19 01:41:06 - [MESSAGE][INFO] - $59.00

2020-01-19 01:41:06 - [TEST_STEP][PASSED] - log.logInfo(getText(findTestObject("obj_paymentdetails/1_pay/a_amountDue_2"))): $59.00

2020-01-19 01:41:06 - [MESSAGE][PASSED] - Text of object 'Object Repository/obj_paymentdetails/1_pay/a_amountDue_2' is: '$59.00'

2020-01-19 01:41:06 - [MESSAGE][INFO] - $59.00

2020-01-19 01:41:06 - [TEST_STEP][PASSED] - if (var_paybalance == "Y"): null

2020-01-19 01:41:06 - [TEST_STEP][PASSED] - else: Delayed 3 second(s)

2020-01-19 01:41:06 - [TEST_STEP][PASSED] - click(findTestObject("obj_paymentdetails/1_pay/rBtn__OtherAmount")): Object: 'Object Repository/obj_paymentdetails/1_pay/rBtn__OtherAmount' is clicked on

2020-01-19 01:41:06 - [MESSAGE][PASSED] - Object: 'Object Repository/obj_paymentdetails/1_pay/rBtn__OtherAmount' is clicked on

2020-01-19 01:41:06 - [TEST_STEP][PASSED] - setText(findTestObject("obj_paymentdetails/1_pay/input_AmounttoPay"), var_amountpay): Text '170' is set on object 'Object Repository/obj_paymentdetails/1_pay/input_AmounttoPay'

2020-01-19 01:41:07 - [MESSAGE][PASSED] - Text '170' is set on object 'Object Repository/obj_paymentdetails/1_pay/input_AmounttoPay'

2020-01-19 01:41:07 - [TEST_STEP][PASSED] - delay(3): Delayed 3 second(s)

2020-01-19 01:41:10 - [MESSAGE][PASSED] - Delayed 3 second(s)

2020-01-19 01:41:10 - [TEST_STEP][PASSED] - click(findTestObject("obj_paymentdetails/1_pay/btn_makeAPayment")): Object: 'Object Repository/obj_paymentdetails/1_pay/btn_makeAPayment' is clicked on

2020-01-19 01:41:41 - [MESSAGE][PASSED] - Object: 'Object Repository/obj_paymentdetails/1_pay/btn_makeAPayment' is clicked on

2020-01-19 01:41:41 - [TEST_STEP][PASSED] - delay(3): Delayed 3 second(s)

2020-01-19 01:41:44 - [MESSAGE][PASSED] - Delayed 3 second(s)]]></system-out>
         <system-err><![CDATA[]]></system-err>
      </testcase>
      <testcase name="Test Cases/p4p_4_payment_ ok" time="28.183" classname="Test Cases/p4p_4_payment_ ok" status="PASSED">
         <system-out><![CDATA[2020-01-19 01:41:45 - [TEST_CASE][PASSED] - Test Cases/p4p_4_payment_ ok: Test Cases/p4p_4_payment_ ok

2020-01-19 01:41:45 - [TEST_STEP][PASSED] - openBrowser("https://p4p-qa-bg.aws.paradise4paws.com/login/"): Browser is opened with url: 'https://p4p-qa-bg.aws.paradise4paws.com/login/'

2020-01-19 01:41:45 - [MESSAGE][WARNING] - A browser is already opened. Closing browser and opening a new one

2020-01-19 01:41:45 - [MESSAGE][INFO] - Starting 'Chrome' driver

2020-01-19 01:41:47 - [MESSAGE][PASSED] - Browser is opened with url: 'https://p4p-qa-bg.aws.paradise4paws.com/login/'

2020-01-19 01:41:47 - [TEST_STEP][PASSED] - maximizeWindow(): Current window maximized

2020-01-19 01:41:47 - [MESSAGE][PASSED] - Current window maximized

2020-01-19 01:41:47 - [TEST_STEP][PASSED] - log = new com.kms.katalon.core.logging.KeywordLogger(): null

2020-01-19 01:41:47 - [TEST_STEP][PASSED] - fisNewRes = new java.io.FileInputStream(/home/leonardo-arkusmty/Desktop/P4P/DATA_AUTOMATINTESTING/data_1newReservationBoarding.xlsx): null

2020-01-19 01:41:47 - [TEST_STEP][PASSED] - fisInv = new java.io.FileInputStream(/home/leonardo-arkusmty/Desktop/P4P/DATA_AUTOMATINTESTING/data_3Invoices.xlsx): null

2020-01-19 01:41:47 - [TEST_STEP][PASSED] - workbookNewRes = new org.apache.poi.xssf.usermodel.XSSFWorkbook(fisNewRes): null

2020-01-19 01:41:47 - [TEST_STEP][PASSED] - workbookInv = new org.apache.poi.xssf.usermodel.XSSFWorkbook(fisInv): null

2020-01-19 01:41:47 - [TEST_STEP][PASSED] - sheetNewRes = workbookNewRes.getSheet("Sheet1"): null

2020-01-19 01:41:47 - [TEST_STEP][PASSED] - setText(findTestObject("obj_login/input_user"), var_user): Text 'jegchavez@gmail.com' is set on object 'Object Repository/obj_login/input_user'

2020-01-19 01:41:48 - [MESSAGE][PASSED] - Text 'jegchavez@gmail.com' is set on object 'Object Repository/obj_login/input_user'

2020-01-19 01:41:48 - [TEST_STEP][PASSED] - setText(findTestObject("obj_login/input_pass"), var_pass): Text 'admin1' is set on object 'Object Repository/obj_login/input_pass'

2020-01-19 01:41:49 - [MESSAGE][PASSED] - Text 'admin1' is set on object 'Object Repository/obj_login/input_pass'

2020-01-19 01:41:49 - [TEST_STEP][PASSED] - verifyElementClickable(findTestObject("obj_login/btn_login")): Object 'Object Repository/obj_login/btn_login' is clickable

2020-01-19 01:41:49 - [MESSAGE][PASSED] - Object 'Object Repository/obj_login/btn_login' is clickable

2020-01-19 01:41:49 - [TEST_STEP][PASSED] - click(findTestObject("obj_login/btn_login")): Object: 'Object Repository/obj_login/btn_login' is clicked on

2020-01-19 01:41:50 - [MESSAGE][PASSED] - Object: 'Object Repository/obj_login/btn_login' is clicked on

2020-01-19 01:41:50 - [TEST_STEP][PASSED] - setText(findTestObject("obj_dashboard_emp/input_search"), var_parent): Text 'leongarzagarza@hotmail.com' is set on object 'Object Repository/obj_dashboard_emp/input_search'

2020-01-19 01:41:51 - [MESSAGE][PASSED] - Text 'leongarzagarza@hotmail.com' is set on object 'Object Repository/obj_dashboard_emp/input_search'

2020-01-19 01:41:51 - [TEST_STEP][PASSED] - click(findTestObject("obj_dashboard_emp/btn_accountSearch"), STOP_ON_FAILURE): Object: 'Object Repository/obj_dashboard_emp/btn_accountSearch' is clicked on

2020-01-19 01:41:52 - [MESSAGE][PASSED] - Object: 'Object Repository/obj_dashboard_emp/btn_accountSearch' is clicked on

2020-01-19 01:41:52 - [TEST_STEP][PASSED] - click(findTestObject("obj_accountInformation/a_TEST GABRIEL PROD")): Object: 'Object Repository/obj_accountInformation/a_TEST GABRIEL PROD' is clicked on

2020-01-19 01:41:53 - [MESSAGE][PASSED] - Object: 'Object Repository/obj_accountInformation/a_TEST GABRIEL PROD' is clicked on

2020-01-19 01:41:53 - [TEST_STEP][PASSED] - click(findTestObject("obj_invoce/a_Invoices")): Object: 'Object Repository/obj_invoce/a_Invoices' is clicked on

2020-01-19 01:41:57 - [MESSAGE][PASSED] - Object: 'Object Repository/obj_invoce/a_Invoices' is clicked on

2020-01-19 01:41:57 - [TEST_STEP][PASSED] - delay(1): Delayed 1 second(s)

2020-01-19 01:41:58 - [MESSAGE][PASSED] - Delayed 1 second(s)

2020-01-19 01:41:58 - [TEST_STEP][NOT_RUN] - click(findTestObject("obj_invoce/a_1795112")): NOT_RUN: click(findTestObject("obj_invoce/a_1795112"))

2020-01-19 01:41:58 - [MESSAGE][NOT_RUN] - NOT_RUN: click(findTestObject("obj_invoce/a_1795112"))

2020-01-19 01:41:58 - [TEST_STEP][PASSED] - var_url = getUrl(): Current window's url is: 'https://p4p-qa-bg.aws.paradise4paws.com/accounts/profile/#/invoices/122350/'

2020-01-19 01:41:58 - [MESSAGE][PASSED] - Current window's url is: 'https://p4p-qa-bg.aws.paradise4paws.com/accounts/profile/#/invoices/122350/'

2020-01-19 01:41:58 - [TEST_STEP][PASSED] - arrayUrl = var_url.split("/"): null

2020-01-19 01:41:58 - [TEST_STEP][PASSED] - urlInvoice = arrayUrl[0] + "/" + arrayUrl[1] + "/" + arrayUrl[2] + "/" + arrayUrl[3] + "/" + arrayUrl[4] + "/" + arrayUrl[5] + "/" + "invoice" + "/" + arrayUrl[7] + "/" + var_invoice: null

2020-01-19 01:41:58 - [TEST_STEP][PASSED] - navigateToUrl(urlInvoice): Navigate to 'https://p4p-qa-bg.aws.paradise4paws.com/accounts/profile/#/invoice/122350/1795534' successfully

2020-01-19 01:41:58 - [MESSAGE][PASSED] - Navigate to 'https://p4p-qa-bg.aws.paradise4paws.com/accounts/profile/#/invoice/122350/1795534' successfully

2020-01-19 01:41:58 - [TEST_STEP][PASSED] - delay(4): Delayed 4 second(s)

2020-01-19 01:42:02 - [MESSAGE][PASSED] - Delayed 4 second(s)

2020-01-19 01:42:02 - [TEST_STEP][NOT_RUN] - click(findTestObject("Object Repository/obj_paymentdetails/newpay/Page_Paradise 4 Paws  Dog Boarding Cat Boar_145431/a_Pay")): NOT_RUN: click(findTestObject("Object Repository/obj_paymentdetails/newpay/Page_Paradise 4 Paws  Dog Boarding Cat Boar_145431/a_Pay"))

2020-01-19 01:42:02 - [MESSAGE][NOT_RUN] - NOT_RUN: click(findTestObject("Object Repository/obj_paymentdetails/newpay/Page_Paradise 4 Paws  Dog Boarding Cat Boar_145431/a_Pay"))

2020-01-19 01:42:02 - [TEST_STEP][PASSED] - click(findTestObject("obj_paymentdetails/a_Pay (1)")): Object: 'Object Repository/obj_paymentdetails/a_Pay (1)' is clicked on

2020-01-19 01:42:03 - [MESSAGE][PASSED] - Object: 'Object Repository/obj_paymentdetails/a_Pay (1)' is clicked on

2020-01-19 01:42:03 - [TEST_STEP][PASSED] - delay(1): Delayed 1 second(s)

2020-01-19 01:42:04 - [MESSAGE][PASSED] - Delayed 1 second(s)

2020-01-19 01:42:04 - [TEST_STEP][PASSED] - click(findTestObject("obj_paymentdetails/1_pay/rBtn_" + var_method)): Object: 'Object Repository/obj_paymentdetails/1_pay/rBtn_BY_CASH' is clicked on

2020-01-19 01:42:06 - [MESSAGE][PASSED] - Object: 'Object Repository/obj_paymentdetails/1_pay/rBtn_BY_CASH' is clicked on

2020-01-19 01:42:06 - [TEST_STEP][PASSED] - delay(1): Delayed 1 second(s)

2020-01-19 01:42:07 - [MESSAGE][PASSED] - Delayed 1 second(s)

2020-01-19 01:42:07 - [TEST_STEP][PASSED] - delay(1): Delayed 1 second(s)

2020-01-19 01:42:08 - [MESSAGE][PASSED] - Delayed 1 second(s)

2020-01-19 01:42:08 - [TEST_STEP][PASSED] - getText(findTestObject("obj_paymentdetails/1_pay/a_amountDue_1")): Text of object 'Object Repository/obj_paymentdetails/1_pay/a_amountDue_1' is: '$1,170.00'

2020-01-19 01:42:08 - [MESSAGE][PASSED] - Text of object 'Object Repository/obj_paymentdetails/1_pay/a_amountDue_1' is: '$1,170.00'

2020-01-19 01:42:08 - [TEST_STEP][PASSED] - getText(findTestObject("obj_paymentdetails/1_pay/a_amountDue_2")): Text of object 'Object Repository/obj_paymentdetails/1_pay/a_amountDue_2' is: '$1,170.00'

2020-01-19 01:42:08 - [MESSAGE][PASSED] - Text of object 'Object Repository/obj_paymentdetails/1_pay/a_amountDue_2' is: '$1,170.00'

2020-01-19 01:42:08 - [TEST_STEP][PASSED] - log.logInfo(getText(findTestObject("obj_paymentdetails/1_pay/a_amountDue_1"))): $1,170.00

2020-01-19 01:42:09 - [MESSAGE][PASSED] - Text of object 'Object Repository/obj_paymentdetails/1_pay/a_amountDue_1' is: '$1,170.00'

2020-01-19 01:42:09 - [MESSAGE][INFO] - $1,170.00

2020-01-19 01:42:09 - [TEST_STEP][PASSED] - log.logInfo(getText(findTestObject("obj_paymentdetails/1_pay/a_amountDue_2"))): $1,170.00

2020-01-19 01:42:09 - [MESSAGE][PASSED] - Text of object 'Object Repository/obj_paymentdetails/1_pay/a_amountDue_2' is: '$1,170.00'

2020-01-19 01:42:09 - [MESSAGE][INFO] - $1,170.00

2020-01-19 01:42:09 - [TEST_STEP][PASSED] - if (var_paybalance == "Y"): Object: 'Object Repository/obj_paymentdetails/1_pay/rBtn_PayBalance' is clicked on

2020-01-19 01:42:09 - [TEST_STEP][PASSED] - click(findTestObject("obj_paymentdetails/1_pay/rBtn_PayBalance")): Object: 'Object Repository/obj_paymentdetails/1_pay/rBtn_PayBalance' is clicked on

2020-01-19 01:42:09 - [MESSAGE][PASSED] - Object: 'Object Repository/obj_paymentdetails/1_pay/rBtn_PayBalance' is clicked on

2020-01-19 01:42:09 - [TEST_STEP][PASSED] - click(findTestObject("obj_paymentdetails/1_pay/btn_makeAPayment")): Object: 'Object Repository/obj_paymentdetails/1_pay/btn_makeAPayment' is clicked on

2020-01-19 01:42:10 - [MESSAGE][PASSED] - Object: 'Object Repository/obj_paymentdetails/1_pay/btn_makeAPayment' is clicked on

2020-01-19 01:42:10 - [TEST_STEP][PASSED] - delay(3): Delayed 3 second(s)

2020-01-19 01:42:13 - [MESSAGE][PASSED] - Delayed 3 second(s)]]></system-out>
         <system-err><![CDATA[]]></system-err>
      </testcase>
      <testcase name="Test Cases/p4p_4_payment_ ok" time="49.205" classname="Test Cases/p4p_4_payment_ ok" status="PASSED">
         <system-out><![CDATA[2020-01-19 01:42:13 - [TEST_CASE][PASSED] - Test Cases/p4p_4_payment_ ok: Test Cases/p4p_4_payment_ ok

2020-01-19 01:42:13 - [TEST_STEP][PASSED] - openBrowser("https://p4p-qa-bg.aws.paradise4paws.com/login/"): Browser is opened with url: 'https://p4p-qa-bg.aws.paradise4paws.com/login/'

2020-01-19 01:42:13 - [MESSAGE][WARNING] - A browser is already opened. Closing browser and opening a new one

2020-01-19 01:42:13 - [MESSAGE][INFO] - Starting 'Chrome' driver

2020-01-19 01:42:16 - [MESSAGE][PASSED] - Browser is opened with url: 'https://p4p-qa-bg.aws.paradise4paws.com/login/'

2020-01-19 01:42:16 - [TEST_STEP][PASSED] - maximizeWindow(): Current window maximized

2020-01-19 01:42:16 - [MESSAGE][PASSED] - Current window maximized

2020-01-19 01:42:16 - [TEST_STEP][PASSED] - log = new com.kms.katalon.core.logging.KeywordLogger(): null

2020-01-19 01:42:16 - [TEST_STEP][PASSED] - fisNewRes = new java.io.FileInputStream(/home/leonardo-arkusmty/Desktop/P4P/DATA_AUTOMATINTESTING/data_1newReservationBoarding.xlsx): null

2020-01-19 01:42:16 - [TEST_STEP][PASSED] - fisInv = new java.io.FileInputStream(/home/leonardo-arkusmty/Desktop/P4P/DATA_AUTOMATINTESTING/data_3Invoices.xlsx): null

2020-01-19 01:42:16 - [TEST_STEP][PASSED] - workbookNewRes = new org.apache.poi.xssf.usermodel.XSSFWorkbook(fisNewRes): null

2020-01-19 01:42:16 - [TEST_STEP][PASSED] - workbookInv = new org.apache.poi.xssf.usermodel.XSSFWorkbook(fisInv): null

2020-01-19 01:42:16 - [TEST_STEP][PASSED] - sheetNewRes = workbookNewRes.getSheet("Sheet1"): null

2020-01-19 01:42:16 - [TEST_STEP][PASSED] - setText(findTestObject("obj_login/input_user"), var_user): Text 'jegchavez@gmail.com' is set on object 'Object Repository/obj_login/input_user'

2020-01-19 01:42:16 - [MESSAGE][PASSED] - Text 'jegchavez@gmail.com' is set on object 'Object Repository/obj_login/input_user'

2020-01-19 01:42:16 - [TEST_STEP][PASSED] - setText(findTestObject("obj_login/input_pass"), var_pass): Text 'admin1' is set on object 'Object Repository/obj_login/input_pass'

2020-01-19 01:42:17 - [MESSAGE][PASSED] - Text 'admin1' is set on object 'Object Repository/obj_login/input_pass'

2020-01-19 01:42:17 - [TEST_STEP][PASSED] - verifyElementClickable(findTestObject("obj_login/btn_login")): Object 'Object Repository/obj_login/btn_login' is clickable

2020-01-19 01:42:17 - [MESSAGE][PASSED] - Object 'Object Repository/obj_login/btn_login' is clickable

2020-01-19 01:42:17 - [TEST_STEP][PASSED] - click(findTestObject("obj_login/btn_login")): Object: 'Object Repository/obj_login/btn_login' is clicked on

2020-01-19 01:42:18 - [MESSAGE][PASSED] - Object: 'Object Repository/obj_login/btn_login' is clicked on

2020-01-19 01:42:18 - [TEST_STEP][PASSED] - setText(findTestObject("obj_dashboard_emp/input_search"), var_parent): Text 'leongarzagarza@hotmail.com' is set on object 'Object Repository/obj_dashboard_emp/input_search'

2020-01-19 01:42:19 - [MESSAGE][PASSED] - Text 'leongarzagarza@hotmail.com' is set on object 'Object Repository/obj_dashboard_emp/input_search'

2020-01-19 01:42:19 - [TEST_STEP][PASSED] - click(findTestObject("obj_dashboard_emp/btn_accountSearch"), STOP_ON_FAILURE): Object: 'Object Repository/obj_dashboard_emp/btn_accountSearch' is clicked on

2020-01-19 01:42:21 - [MESSAGE][PASSED] - Object: 'Object Repository/obj_dashboard_emp/btn_accountSearch' is clicked on

2020-01-19 01:42:21 - [TEST_STEP][PASSED] - click(findTestObject("obj_accountInformation/a_TEST GABRIEL PROD")): Object: 'Object Repository/obj_accountInformation/a_TEST GABRIEL PROD' is clicked on

2020-01-19 01:42:22 - [MESSAGE][PASSED] - Object: 'Object Repository/obj_accountInformation/a_TEST GABRIEL PROD' is clicked on

2020-01-19 01:42:22 - [TEST_STEP][PASSED] - click(findTestObject("obj_invoce/a_Invoices")): Object: 'Object Repository/obj_invoce/a_Invoices' is clicked on

2020-01-19 01:42:26 - [MESSAGE][PASSED] - Object: 'Object Repository/obj_invoce/a_Invoices' is clicked on

2020-01-19 01:42:26 - [TEST_STEP][PASSED] - delay(1): Delayed 1 second(s)

2020-01-19 01:42:27 - [MESSAGE][PASSED] - Delayed 1 second(s)

2020-01-19 01:42:27 - [TEST_STEP][NOT_RUN] - click(findTestObject("obj_invoce/a_1795112")): NOT_RUN: click(findTestObject("obj_invoce/a_1795112"))

2020-01-19 01:42:27 - [MESSAGE][NOT_RUN] - NOT_RUN: click(findTestObject("obj_invoce/a_1795112"))

2020-01-19 01:42:27 - [TEST_STEP][PASSED] - var_url = getUrl(): Current window's url is: 'https://p4p-qa-bg.aws.paradise4paws.com/accounts/profile/#/invoices/122350/'

2020-01-19 01:42:27 - [MESSAGE][PASSED] - Current window's url is: 'https://p4p-qa-bg.aws.paradise4paws.com/accounts/profile/#/invoices/122350/'

2020-01-19 01:42:27 - [TEST_STEP][PASSED] - arrayUrl = var_url.split("/"): null

2020-01-19 01:42:27 - [TEST_STEP][PASSED] - urlInvoice = arrayUrl[0] + "/" + arrayUrl[1] + "/" + arrayUrl[2] + "/" + arrayUrl[3] + "/" + arrayUrl[4] + "/" + arrayUrl[5] + "/" + "invoice" + "/" + arrayUrl[7] + "/" + var_invoice: null

2020-01-19 01:42:27 - [TEST_STEP][PASSED] - navigateToUrl(urlInvoice): Navigate to 'https://p4p-qa-bg.aws.paradise4paws.com/accounts/profile/#/invoice/122350/1795537' successfully

2020-01-19 01:42:27 - [MESSAGE][PASSED] - Navigate to 'https://p4p-qa-bg.aws.paradise4paws.com/accounts/profile/#/invoice/122350/1795537' successfully

2020-01-19 01:42:27 - [TEST_STEP][PASSED] - delay(4): Delayed 4 second(s)

2020-01-19 01:42:31 - [MESSAGE][PASSED] - Delayed 4 second(s)

2020-01-19 01:42:31 - [TEST_STEP][NOT_RUN] - click(findTestObject("Object Repository/obj_paymentdetails/newpay/Page_Paradise 4 Paws  Dog Boarding Cat Boar_145431/a_Pay")): NOT_RUN: click(findTestObject("Object Repository/obj_paymentdetails/newpay/Page_Paradise 4 Paws  Dog Boarding Cat Boar_145431/a_Pay"))

2020-01-19 01:42:31 - [MESSAGE][NOT_RUN] - NOT_RUN: click(findTestObject("Object Repository/obj_paymentdetails/newpay/Page_Paradise 4 Paws  Dog Boarding Cat Boar_145431/a_Pay"))

2020-01-19 01:42:31 - [TEST_STEP][PASSED] - click(findTestObject("obj_paymentdetails/a_Pay (1)")): Object: 'Object Repository/obj_paymentdetails/a_Pay (1)' is clicked on

2020-01-19 01:42:32 - [MESSAGE][PASSED] - Object: 'Object Repository/obj_paymentdetails/a_Pay (1)' is clicked on

2020-01-19 01:42:32 - [TEST_STEP][PASSED] - delay(1): Delayed 1 second(s)

2020-01-19 01:42:33 - [MESSAGE][PASSED] - Delayed 1 second(s)

2020-01-19 01:42:33 - [TEST_STEP][PASSED] - click(findTestObject("obj_paymentdetails/1_pay/rBtn_" + var_method)): Object: 'Object Repository/obj_paymentdetails/1_pay/rBtn_BY_CASH' is clicked on

2020-01-19 01:42:35 - [MESSAGE][PASSED] - Object: 'Object Repository/obj_paymentdetails/1_pay/rBtn_BY_CASH' is clicked on

2020-01-19 01:42:35 - [TEST_STEP][PASSED] - delay(1): Delayed 1 second(s)

2020-01-19 01:42:36 - [MESSAGE][PASSED] - Delayed 1 second(s)

2020-01-19 01:42:36 - [TEST_STEP][PASSED] - delay(1): Delayed 1 second(s)

2020-01-19 01:42:37 - [MESSAGE][PASSED] - Delayed 1 second(s)

2020-01-19 01:42:37 - [TEST_STEP][PASSED] - getText(findTestObject("obj_paymentdetails/1_pay/a_amountDue_1")): Text of object 'Object Repository/obj_paymentdetails/1_pay/a_amountDue_1' is: '$156.00'

2020-01-19 01:42:39 - [MESSAGE][PASSED] - Text of object 'Object Repository/obj_paymentdetails/1_pay/a_amountDue_1' is: '$156.00'

2020-01-19 01:42:39 - [TEST_STEP][PASSED] - getText(findTestObject("obj_paymentdetails/1_pay/a_amountDue_2")): Text of object 'Object Repository/obj_paymentdetails/1_pay/a_amountDue_2' is: '$156.00'

2020-01-19 01:42:41 - [MESSAGE][PASSED] - Text of object 'Object Repository/obj_paymentdetails/1_pay/a_amountDue_2' is: '$156.00'

2020-01-19 01:42:41 - [TEST_STEP][PASSED] - log.logInfo(getText(findTestObject("obj_paymentdetails/1_pay/a_amountDue_1"))): $156.00

2020-01-19 01:42:43 - [MESSAGE][PASSED] - Text of object 'Object Repository/obj_paymentdetails/1_pay/a_amountDue_1' is: '$156.00'

2020-01-19 01:42:43 - [MESSAGE][INFO] - $156.00

2020-01-19 01:42:43 - [TEST_STEP][PASSED] - log.logInfo(getText(findTestObject("obj_paymentdetails/1_pay/a_amountDue_2"))): $156.00

2020-01-19 01:42:45 - [MESSAGE][PASSED] - Text of object 'Object Repository/obj_paymentdetails/1_pay/a_amountDue_2' is: '$156.00'

2020-01-19 01:42:45 - [MESSAGE][INFO] - $156.00

2020-01-19 01:42:45 - [TEST_STEP][PASSED] - if (var_paybalance == "Y"): Object: 'Object Repository/obj_paymentdetails/1_pay/rBtn_PayBalance' is clicked on

2020-01-19 01:42:45 - [TEST_STEP][PASSED] - click(findTestObject("obj_paymentdetails/1_pay/rBtn_PayBalance")): Object: 'Object Repository/obj_paymentdetails/1_pay/rBtn_PayBalance' is clicked on

2020-01-19 01:42:52 - [MESSAGE][PASSED] - Object: 'Object Repository/obj_paymentdetails/1_pay/rBtn_PayBalance' is clicked on

2020-01-19 01:42:52 - [TEST_STEP][PASSED] - click(findTestObject("obj_paymentdetails/1_pay/btn_makeAPayment")): Object: 'Object Repository/obj_paymentdetails/1_pay/btn_makeAPayment' is clicked on

2020-01-19 01:42:59 - [MESSAGE][PASSED] - Object: 'Object Repository/obj_paymentdetails/1_pay/btn_makeAPayment' is clicked on

2020-01-19 01:42:59 - [TEST_STEP][PASSED] - delay(3): Delayed 3 second(s)

2020-01-19 01:43:02 - [MESSAGE][PASSED] - Delayed 3 second(s)]]></system-out>
         <system-err><![CDATA[]]></system-err>
      </testcase>
      <testcase name="Test Cases/p4p_4_payment_ ok" time="33.761" classname="Test Cases/p4p_4_payment_ ok" status="PASSED">
         <system-out><![CDATA[2020-01-19 01:43:02 - [TEST_CASE][PASSED] - Test Cases/p4p_4_payment_ ok: Test Cases/p4p_4_payment_ ok

2020-01-19 01:43:02 - [TEST_STEP][PASSED] - openBrowser("https://p4p-qa-bg.aws.paradise4paws.com/login/"): Browser is opened with url: 'https://p4p-qa-bg.aws.paradise4paws.com/login/'

2020-01-19 01:43:02 - [MESSAGE][WARNING] - A browser is already opened. Closing browser and opening a new one

2020-01-19 01:43:02 - [MESSAGE][INFO] - Starting 'Chrome' driver

2020-01-19 01:43:06 - [MESSAGE][PASSED] - Browser is opened with url: 'https://p4p-qa-bg.aws.paradise4paws.com/login/'

2020-01-19 01:43:06 - [TEST_STEP][PASSED] - maximizeWindow(): Current window maximized

2020-01-19 01:43:06 - [MESSAGE][PASSED] - Current window maximized

2020-01-19 01:43:06 - [TEST_STEP][PASSED] - log = new com.kms.katalon.core.logging.KeywordLogger(): null

2020-01-19 01:43:06 - [TEST_STEP][PASSED] - fisNewRes = new java.io.FileInputStream(/home/leonardo-arkusmty/Desktop/P4P/DATA_AUTOMATINTESTING/data_1newReservationBoarding.xlsx): null

2020-01-19 01:43:06 - [TEST_STEP][PASSED] - fisInv = new java.io.FileInputStream(/home/leonardo-arkusmty/Desktop/P4P/DATA_AUTOMATINTESTING/data_3Invoices.xlsx): null

2020-01-19 01:43:06 - [TEST_STEP][PASSED] - workbookNewRes = new org.apache.poi.xssf.usermodel.XSSFWorkbook(fisNewRes): null

2020-01-19 01:43:06 - [TEST_STEP][PASSED] - workbookInv = new org.apache.poi.xssf.usermodel.XSSFWorkbook(fisInv): null

2020-01-19 01:43:06 - [TEST_STEP][PASSED] - sheetNewRes = workbookNewRes.getSheet("Sheet1"): null

2020-01-19 01:43:06 - [TEST_STEP][PASSED] - setText(findTestObject("obj_login/input_user"), var_user): Text 'jegchavez@gmail.com' is set on object 'Object Repository/obj_login/input_user'

2020-01-19 01:43:07 - [MESSAGE][PASSED] - Text 'jegchavez@gmail.com' is set on object 'Object Repository/obj_login/input_user'

2020-01-19 01:43:07 - [TEST_STEP][PASSED] - setText(findTestObject("obj_login/input_pass"), var_pass): Text 'admin1' is set on object 'Object Repository/obj_login/input_pass'

2020-01-19 01:43:07 - [MESSAGE][PASSED] - Text 'admin1' is set on object 'Object Repository/obj_login/input_pass'

2020-01-19 01:43:07 - [TEST_STEP][PASSED] - verifyElementClickable(findTestObject("obj_login/btn_login")): Object 'Object Repository/obj_login/btn_login' is clickable

2020-01-19 01:43:07 - [MESSAGE][PASSED] - Object 'Object Repository/obj_login/btn_login' is clickable

2020-01-19 01:43:07 - [TEST_STEP][PASSED] - click(findTestObject("obj_login/btn_login")): Object: 'Object Repository/obj_login/btn_login' is clicked on

2020-01-19 01:43:10 - [MESSAGE][PASSED] - Object: 'Object Repository/obj_login/btn_login' is clicked on

2020-01-19 01:43:10 - [TEST_STEP][PASSED] - setText(findTestObject("obj_dashboard_emp/input_search"), var_parent): Text 'leongarzagarza@hotmail.com' is set on object 'Object Repository/obj_dashboard_emp/input_search'

2020-01-19 01:43:11 - [MESSAGE][PASSED] - Text 'leongarzagarza@hotmail.com' is set on object 'Object Repository/obj_dashboard_emp/input_search'

2020-01-19 01:43:11 - [TEST_STEP][PASSED] - click(findTestObject("obj_dashboard_emp/btn_accountSearch"), STOP_ON_FAILURE): Object: 'Object Repository/obj_dashboard_emp/btn_accountSearch' is clicked on

2020-01-19 01:43:12 - [MESSAGE][PASSED] - Object: 'Object Repository/obj_dashboard_emp/btn_accountSearch' is clicked on

2020-01-19 01:43:12 - [TEST_STEP][PASSED] - click(findTestObject("obj_accountInformation/a_TEST GABRIEL PROD")): Object: 'Object Repository/obj_accountInformation/a_TEST GABRIEL PROD' is clicked on

2020-01-19 01:43:13 - [MESSAGE][PASSED] - Object: 'Object Repository/obj_accountInformation/a_TEST GABRIEL PROD' is clicked on

2020-01-19 01:43:13 - [TEST_STEP][PASSED] - click(findTestObject("obj_invoce/a_Invoices")): Object: 'Object Repository/obj_invoce/a_Invoices' is clicked on

2020-01-19 01:43:17 - [MESSAGE][PASSED] - Object: 'Object Repository/obj_invoce/a_Invoices' is clicked on

2020-01-19 01:43:17 - [TEST_STEP][PASSED] - delay(1): Delayed 1 second(s)

2020-01-19 01:43:18 - [MESSAGE][PASSED] - Delayed 1 second(s)

2020-01-19 01:43:18 - [TEST_STEP][NOT_RUN] - click(findTestObject("obj_invoce/a_1795112")): NOT_RUN: click(findTestObject("obj_invoce/a_1795112"))

2020-01-19 01:43:18 - [MESSAGE][NOT_RUN] - NOT_RUN: click(findTestObject("obj_invoce/a_1795112"))

2020-01-19 01:43:18 - [TEST_STEP][PASSED] - var_url = getUrl(): Current window's url is: 'https://p4p-qa-bg.aws.paradise4paws.com/accounts/profile/#/invoices/122350/'

2020-01-19 01:43:18 - [MESSAGE][PASSED] - Current window's url is: 'https://p4p-qa-bg.aws.paradise4paws.com/accounts/profile/#/invoices/122350/'

2020-01-19 01:43:18 - [TEST_STEP][PASSED] - arrayUrl = var_url.split("/"): null

2020-01-19 01:43:18 - [TEST_STEP][PASSED] - urlInvoice = arrayUrl[0] + "/" + arrayUrl[1] + "/" + arrayUrl[2] + "/" + arrayUrl[3] + "/" + arrayUrl[4] + "/" + arrayUrl[5] + "/" + "invoice" + "/" + arrayUrl[7] + "/" + var_invoice: null

2020-01-19 01:43:18 - [TEST_STEP][PASSED] - navigateToUrl(urlInvoice): Navigate to 'https://p4p-qa-bg.aws.paradise4paws.com/accounts/profile/#/invoice/122350/1795538' successfully

2020-01-19 01:43:18 - [MESSAGE][PASSED] - Navigate to 'https://p4p-qa-bg.aws.paradise4paws.com/accounts/profile/#/invoice/122350/1795538' successfully

2020-01-19 01:43:18 - [TEST_STEP][PASSED] - delay(4): Delayed 4 second(s)

2020-01-19 01:43:22 - [MESSAGE][PASSED] - Delayed 4 second(s)

2020-01-19 01:43:22 - [TEST_STEP][NOT_RUN] - click(findTestObject("Object Repository/obj_paymentdetails/newpay/Page_Paradise 4 Paws  Dog Boarding Cat Boar_145431/a_Pay")): NOT_RUN: click(findTestObject("Object Repository/obj_paymentdetails/newpay/Page_Paradise 4 Paws  Dog Boarding Cat Boar_145431/a_Pay"))

2020-01-19 01:43:22 - [MESSAGE][NOT_RUN] - NOT_RUN: click(findTestObject("Object Repository/obj_paymentdetails/newpay/Page_Paradise 4 Paws  Dog Boarding Cat Boar_145431/a_Pay"))

2020-01-19 01:43:22 - [TEST_STEP][PASSED] - click(findTestObject("obj_paymentdetails/a_Pay (1)")): Object: 'Object Repository/obj_paymentdetails/a_Pay (1)' is clicked on

2020-01-19 01:43:23 - [MESSAGE][PASSED] - Object: 'Object Repository/obj_paymentdetails/a_Pay (1)' is clicked on

2020-01-19 01:43:23 - [TEST_STEP][PASSED] - delay(1): Delayed 1 second(s)

2020-01-19 01:43:24 - [MESSAGE][PASSED] - Delayed 1 second(s)

2020-01-19 01:43:24 - [TEST_STEP][PASSED] - click(findTestObject("obj_paymentdetails/1_pay/rBtn_" + var_method)): Object: 'Object Repository/obj_paymentdetails/1_pay/rBtn_BY_CASH' is clicked on

2020-01-19 01:43:26 - [MESSAGE][PASSED] - Object: 'Object Repository/obj_paymentdetails/1_pay/rBtn_BY_CASH' is clicked on

2020-01-19 01:43:26 - [TEST_STEP][PASSED] - delay(1): Delayed 1 second(s)

2020-01-19 01:43:27 - [MESSAGE][PASSED] - Delayed 1 second(s)

2020-01-19 01:43:27 - [TEST_STEP][PASSED] - delay(1): Delayed 1 second(s)

2020-01-19 01:43:28 - [MESSAGE][PASSED] - Delayed 1 second(s)

2020-01-19 01:43:28 - [TEST_STEP][PASSED] - getText(findTestObject("obj_paymentdetails/1_pay/a_amountDue_1")): Text of object 'Object Repository/obj_paymentdetails/1_pay/a_amountDue_1' is: '$86.00'

2020-01-19 01:43:28 - [MESSAGE][PASSED] - Text of object 'Object Repository/obj_paymentdetails/1_pay/a_amountDue_1' is: '$86.00'

2020-01-19 01:43:28 - [TEST_STEP][PASSED] - getText(findTestObject("obj_paymentdetails/1_pay/a_amountDue_2")): Text of object 'Object Repository/obj_paymentdetails/1_pay/a_amountDue_2' is: '$86.00'

2020-01-19 01:43:28 - [MESSAGE][PASSED] - Text of object 'Object Repository/obj_paymentdetails/1_pay/a_amountDue_2' is: '$86.00'

2020-01-19 01:43:28 - [TEST_STEP][PASSED] - log.logInfo(getText(findTestObject("obj_paymentdetails/1_pay/a_amountDue_1"))): $86.00

2020-01-19 01:43:28 - [MESSAGE][PASSED] - Text of object 'Object Repository/obj_paymentdetails/1_pay/a_amountDue_1' is: '$86.00'

2020-01-19 01:43:28 - [MESSAGE][INFO] - $86.00

2020-01-19 01:43:28 - [TEST_STEP][PASSED] - log.logInfo(getText(findTestObject("obj_paymentdetails/1_pay/a_amountDue_2"))): $86.00

2020-01-19 01:43:29 - [MESSAGE][PASSED] - Text of object 'Object Repository/obj_paymentdetails/1_pay/a_amountDue_2' is: '$86.00'

2020-01-19 01:43:29 - [MESSAGE][INFO] - $86.00

2020-01-19 01:43:29 - [TEST_STEP][PASSED] - if (var_paybalance == "Y"): null

2020-01-19 01:43:29 - [TEST_STEP][PASSED] - else: Delayed 3 second(s)

2020-01-19 01:43:29 - [TEST_STEP][PASSED] - click(findTestObject("obj_paymentdetails/1_pay/rBtn__OtherAmount")): Object: 'Object Repository/obj_paymentdetails/1_pay/rBtn__OtherAmount' is clicked on

2020-01-19 01:43:29 - [MESSAGE][PASSED] - Object: 'Object Repository/obj_paymentdetails/1_pay/rBtn__OtherAmount' is clicked on

2020-01-19 01:43:29 - [TEST_STEP][PASSED] - setText(findTestObject("obj_paymentdetails/1_pay/input_AmounttoPay"), var_amountpay): Text '85' is set on object 'Object Repository/obj_paymentdetails/1_pay/input_AmounttoPay'

2020-01-19 01:43:30 - [MESSAGE][PASSED] - Text '85' is set on object 'Object Repository/obj_paymentdetails/1_pay/input_AmounttoPay'

2020-01-19 01:43:30 - [TEST_STEP][PASSED] - delay(3): Delayed 3 second(s)

2020-01-19 01:43:33 - [MESSAGE][PASSED] - Delayed 3 second(s)

2020-01-19 01:43:33 - [TEST_STEP][PASSED] - click(findTestObject("obj_paymentdetails/1_pay/btn_makeAPayment")): Object: 'Object Repository/obj_paymentdetails/1_pay/btn_makeAPayment' is clicked on

2020-01-19 01:43:33 - [MESSAGE][PASSED] - Object: 'Object Repository/obj_paymentdetails/1_pay/btn_makeAPayment' is clicked on

2020-01-19 01:43:33 - [TEST_STEP][PASSED] - delay(3): Delayed 3 second(s)

2020-01-19 01:43:36 - [MESSAGE][PASSED] - Delayed 3 second(s)]]></system-out>
         <system-err><![CDATA[]]></system-err>
      </testcase>
      <system-out><![CDATA[2020-01-19 01:37:09 - [TEST_SUITE][FAILED] - ts_4_payment: Test Cases/p4p_4_payment_ ok FAILED.
Reason:
com.kms.katalon.core.exception.StepFailedException: Unable to click on object 'Object Repository/obj_paymentdetails/a_Pay (1)'
	at com.kms.katalon.core.webui.keyword.internal.WebUIKeywordMain.stepFailed(WebUIKeywordMain.groovy:64)
	at com.kms.katalon.core.webui.keyword.internal.WebUIKeywordMain.runKeyword(WebUIKeywordMain.groovy:26)
	at com.kms.katalon.core.webui.keyword.builtin.ClickKeyword.click(ClickKeyword.groovy:99)
	at com.kms.katalon.core.webui.keyword.builtin.ClickKeyword.execute(ClickKeyword.groovy:43)
	at com.kms.katalon.core.keyword.internal.KeywordExecutor.executeKeywordForPlatform(KeywordExecutor.groovy:60)
	at com.kms.katalon.core.webui.keyword.WebUiBuiltInKeywords.click(WebUiBuiltInKeywords.groovy:616)
	at com.kms.katalon.core.webui.keyword.WebUiBuiltInKeywords$click$3.call(Unknown Source)
	at p4p_4_payment_ ok.run(p4p_4_payment_ ok:59)
	at com.kms.katalon.core.main.ScriptEngine.run(ScriptEngine.java:194)
	at com.kms.katalon.core.main.ScriptEngine.runScriptAsRawText(ScriptEngine.java:119)
	at com.kms.katalon.core.main.TestCaseExecutor.runScript(TestCaseExecutor.java:337)
	at com.kms.katalon.core.main.TestCaseExecutor.doExecute(TestCaseExecutor.java:328)
	at com.kms.katalon.core.main.TestCaseExecutor.processExecutionPhase(TestCaseExecutor.java:307)
	at com.kms.katalon.core.main.TestCaseExecutor.accessMainPhase(TestCaseExecutor.java:299)
	at com.kms.katalon.core.main.TestCaseExecutor.execute(TestCaseExecutor.java:233)
	at com.kms.katalon.core.main.TestSuiteExecutor.accessTestCaseMainPhase(TestSuiteExecutor.java:169)
	at com.kms.katalon.core.main.TestSuiteExecutor.accessTestSuiteMainPhase(TestSuiteExecutor.java:142)
	at com.kms.katalon.core.main.TestSuiteExecutor.execute(TestSuiteExecutor.java:91)
	at com.kms.katalon.core.main.TestCaseMain.startTestSuite(TestCaseMain.java:157)
	at com.kms.katalon.core.main.TestCaseMain$startTestSuite$0.call(Unknown Source)
	at TempTestSuite1579419428568.run(TempTestSuite1579419428568.groovy:36)
Caused by: org.openqa.selenium.NoSuchWindowException: no such window: target window already closed
from unknown error: web view not found
  (Session info: chrome=79.0.3945.88)
Build info: version: '3.141.59', revision: 'e82be7d358', time: '2018-11-14T08:25:53'
System info: host: 'leonardoarkusmty-Inspiron-5577', ip: '127.0.1.1', os.name: 'Linux', os.arch: 'amd64', os.version: '4.15.0-74-generic', java.version: '1.8.0_232'
Driver info: com.kms.katalon.selenium.driver.CChromeDriver
Capabilities {acceptInsecureCerts: false, browserName: chrome, browserVersion: 79.0.3945.88, chrome: {chromedriverVersion: 79.0.3945.36 (3582db32b3389..., userDataDir: /tmp/.com.google.Chrome.3EWk9f}, goog:chromeOptions: {debuggerAddress: localhost:40887}, javascriptEnabled: true, networkConnectionEnabled: false, pageLoadStrategy: normal, platform: LINUX, platformName: LINUX, proxy: Proxy(), setWindowRect: true, strictFileInteractability: false, timeouts: {implicit: 0, pageLoad: 300000, script: 30000}, unhandledPromptBehavior: dismiss and notify}
Session ID: 4d814291f646a645dbc7530aef58ffea
*** Element info: {Using=xpath, value=//section[@id='checkout-billing']/ng-form/div[3]/div[2]/div/div/fieldset/table/tbody[2]/tr[4]/td[4]/a}
	at org.openqa.selenium.remote.http.W3CHttpResponseCodec.createException(W3CHttpResponseCodec.java:187)
	at org.openqa.selenium.remote.http.W3CHttpResponseCodec.decode(W3CHttpResponseCodec.java:122)
	at org.openqa.selenium.remote.http.W3CHttpResponseCodec.decode(W3CHttpResponseCodec.java:49)
	at org.openqa.selenium.remote.HttpCommandExecutor.execute(HttpCommandExecutor.java:158)
	at org.openqa.selenium.remote.service.DriverCommandExecutor.execute(DriverCommandExecutor.java:83)
	at org.openqa.selenium.remote.RemoteWebDriver.execute(RemoteWebDriver.java:552)
	at com.kms.katalon.selenium.driver.CChromeDriver.execute(CChromeDriver.java:19)
	at org.openqa.selenium.remote.RemoteWebDriver.findElements(RemoteWebDriver.java:353)
	at org.openqa.selenium.remote.RemoteWebDriver.findElementsByXPath(RemoteWebDriver.java:432)
	at org.openqa.selenium.By$ByXPath.findElements(By.java:348)
	at org.openqa.selenium.remote.RemoteWebDriver.findElements(RemoteWebDriver.java:311)
	at org.openqa.selenium.support.events.EventFiringWebDriver.lambda$new$1(EventFiringWebDriver.java:105)
	at com.sun.proxy.$Proxy11.findElements(Unknown Source)
	at org.openqa.selenium.support.events.EventFiringWebDriver.findElements(EventFiringWebDriver.java:182)
	at com.kms.katalon.core.webui.common.WebUiCommonHelper.findWebElements(WebUiCommonHelper.java:762)
	at com.kms.katalon.core.webui.common.WebUiCommonHelper.findWebElement(WebUiCommonHelper.java:1109)
	at com.kms.katalon.core.webui.keyword.internal.WebUIAbstractKeyword.findWebElement(WebUIAbstractKeyword.groovy:27)
	at com.kms.katalon.core.webui.keyword.internal.WebUIAbstractKeyword.findWebElement(WebUIAbstractKeyword.groovy:26)
	at com.kms.katalon.core.webui.keyword.builtin.ClickKeyword$_click_closure1.doCall(ClickKeyword.groovy:68)
	at com.kms.katalon.core.webui.keyword.builtin.ClickKeyword$_click_closure1.call(ClickKeyword.groovy)
	at com.kms.katalon.core.webui.keyword.internal.WebUIKeywordMain.runKeyword(WebUIKeywordMain.groovy:20)
	... 19 more]]></system-out>
      <system-err><![CDATA[2020-01-19 01:37:09 - [TEST_SUITE][FAILED] - ts_4_payment: Test Cases/p4p_4_payment_ ok FAILED.
Reason:
com.kms.katalon.core.exception.StepFailedException: Unable to click on object 'Object Repository/obj_paymentdetails/a_Pay (1)'
	at com.kms.katalon.core.webui.keyword.internal.WebUIKeywordMain.stepFailed(WebUIKeywordMain.groovy:64)
	at com.kms.katalon.core.webui.keyword.internal.WebUIKeywordMain.runKeyword(WebUIKeywordMain.groovy:26)
	at com.kms.katalon.core.webui.keyword.builtin.ClickKeyword.click(ClickKeyword.groovy:99)
	at com.kms.katalon.core.webui.keyword.builtin.ClickKeyword.execute(ClickKeyword.groovy:43)
	at com.kms.katalon.core.keyword.internal.KeywordExecutor.executeKeywordForPlatform(KeywordExecutor.groovy:60)
	at com.kms.katalon.core.webui.keyword.WebUiBuiltInKeywords.click(WebUiBuiltInKeywords.groovy:616)
	at com.kms.katalon.core.webui.keyword.WebUiBuiltInKeywords$click$3.call(Unknown Source)
	at p4p_4_payment_ ok.run(p4p_4_payment_ ok:59)
	at com.kms.katalon.core.main.ScriptEngine.run(ScriptEngine.java:194)
	at com.kms.katalon.core.main.ScriptEngine.runScriptAsRawText(ScriptEngine.java:119)
	at com.kms.katalon.core.main.TestCaseExecutor.runScript(TestCaseExecutor.java:337)
	at com.kms.katalon.core.main.TestCaseExecutor.doExecute(TestCaseExecutor.java:328)
	at com.kms.katalon.core.main.TestCaseExecutor.processExecutionPhase(TestCaseExecutor.java:307)
	at com.kms.katalon.core.main.TestCaseExecutor.accessMainPhase(TestCaseExecutor.java:299)
	at com.kms.katalon.core.main.TestCaseExecutor.execute(TestCaseExecutor.java:233)
	at com.kms.katalon.core.main.TestSuiteExecutor.accessTestCaseMainPhase(TestSuiteExecutor.java:169)
	at com.kms.katalon.core.main.TestSuiteExecutor.accessTestSuiteMainPhase(TestSuiteExecutor.java:142)
	at com.kms.katalon.core.main.TestSuiteExecutor.execute(TestSuiteExecutor.java:91)
	at com.kms.katalon.core.main.TestCaseMain.startTestSuite(TestCaseMain.java:157)
	at com.kms.katalon.core.main.TestCaseMain$startTestSuite$0.call(Unknown Source)
	at TempTestSuite1579419428568.run(TempTestSuite1579419428568.groovy:36)
Caused by: org.openqa.selenium.NoSuchWindowException: no such window: target window already closed
from unknown error: web view not found
  (Session info: chrome=79.0.3945.88)
Build info: version: '3.141.59', revision: 'e82be7d358', time: '2018-11-14T08:25:53'
System info: host: 'leonardoarkusmty-Inspiron-5577', ip: '127.0.1.1', os.name: 'Linux', os.arch: 'amd64', os.version: '4.15.0-74-generic', java.version: '1.8.0_232'
Driver info: com.kms.katalon.selenium.driver.CChromeDriver
Capabilities {acceptInsecureCerts: false, browserName: chrome, browserVersion: 79.0.3945.88, chrome: {chromedriverVersion: 79.0.3945.36 (3582db32b3389..., userDataDir: /tmp/.com.google.Chrome.3EWk9f}, goog:chromeOptions: {debuggerAddress: localhost:40887}, javascriptEnabled: true, networkConnectionEnabled: false, pageLoadStrategy: normal, platform: LINUX, platformName: LINUX, proxy: Proxy(), setWindowRect: true, strictFileInteractability: false, timeouts: {implicit: 0, pageLoad: 300000, script: 30000}, unhandledPromptBehavior: dismiss and notify}
Session ID: 4d814291f646a645dbc7530aef58ffea
*** Element info: {Using=xpath, value=//section[@id='checkout-billing']/ng-form/div[3]/div[2]/div/div/fieldset/table/tbody[2]/tr[4]/td[4]/a}
	at org.openqa.selenium.remote.http.W3CHttpResponseCodec.createException(W3CHttpResponseCodec.java:187)
	at org.openqa.selenium.remote.http.W3CHttpResponseCodec.decode(W3CHttpResponseCodec.java:122)
	at org.openqa.selenium.remote.http.W3CHttpResponseCodec.decode(W3CHttpResponseCodec.java:49)
	at org.openqa.selenium.remote.HttpCommandExecutor.execute(HttpCommandExecutor.java:158)
	at org.openqa.selenium.remote.service.DriverCommandExecutor.execute(DriverCommandExecutor.java:83)
	at org.openqa.selenium.remote.RemoteWebDriver.execute(RemoteWebDriver.java:552)
	at com.kms.katalon.selenium.driver.CChromeDriver.execute(CChromeDriver.java:19)
	at org.openqa.selenium.remote.RemoteWebDriver.findElements(RemoteWebDriver.java:353)
	at org.openqa.selenium.remote.RemoteWebDriver.findElementsByXPath(RemoteWebDriver.java:432)
	at org.openqa.selenium.By$ByXPath.findElements(By.java:348)
	at org.openqa.selenium.remote.RemoteWebDriver.findElements(RemoteWebDriver.java:311)
	at org.openqa.selenium.support.events.EventFiringWebDriver.lambda$new$1(EventFiringWebDriver.java:105)
	at com.sun.proxy.$Proxy11.findElements(Unknown Source)
	at org.openqa.selenium.support.events.EventFiringWebDriver.findElements(EventFiringWebDriver.java:182)
	at com.kms.katalon.core.webui.common.WebUiCommonHelper.findWebElements(WebUiCommonHelper.java:762)
	at com.kms.katalon.core.webui.common.WebUiCommonHelper.findWebElement(WebUiCommonHelper.java:1109)
	at com.kms.katalon.core.webui.keyword.internal.WebUIAbstractKeyword.findWebElement(WebUIAbstractKeyword.groovy:27)
	at com.kms.katalon.core.webui.keyword.internal.WebUIAbstractKeyword.findWebElement(WebUIAbstractKeyword.groovy:26)
	at com.kms.katalon.core.webui.keyword.builtin.ClickKeyword$_click_closure1.doCall(ClickKeyword.groovy:68)
	at com.kms.katalon.core.webui.keyword.builtin.ClickKeyword$_click_closure1.call(ClickKeyword.groovy)
	at com.kms.katalon.core.webui.keyword.internal.WebUIKeywordMain.runKeyword(WebUIKeywordMain.groovy:20)
	... 19 more]]></system-err>
   </testsuite>
</testsuites>
