<?xml version="1.0" encoding="UTF-8"?>
<testsuites name="ts_newReservation" time="32.122" tests="1" failures="0" errors="1">
   <testsuite name="ts_newReservation" tests="1" failures="0" errors="1" time="32.122" timestamp="2019-12-08 04:56:16" hostname="leonardo-arkusmty - leonardoarkusmty-Inspiron-5577" id="Test Suites/ts_newReservation">
      <properties>
         <property name="deviceName" value=""/>
         <property name="devicePlatform" value=""/>
         <property name="logFolder" value="/home/leonardo-arkusmty/Documents/workspaceKatalon/p4ptest/Reports/20191208_045614/ts_newReservation/20191208_045614"/>
         <property name="logFiles" value="/home/leonardo-arkusmty/Documents/workspaceKatalon/p4ptest/Reports/20191208_045614/ts_newReservation/20191208_045614/execution0.log"/>
         <property name="attachments" value=""/>
         <property name="hostName" value="leonardo-arkusmty - leonardoarkusmty-Inspiron-5577"/>
         <property name="os" value="Linux 64bit"/>
         <property name="katalonVersion" value="7.0.8.1"/>
         <property name="browser" value="Firefox 70.0"/>
         <property name="hostAddress" value="127.0.1.1"/>
         <property name="sessionId" value="ea5128f9-f4b1-4cf9-b996-cb230c2b31a1"/>
         <property name="seleniumVersion" value="3.141.59"/>
         <property name="proxyInformation" value="ProxyInformation{proxyOption=NO_PROXY, proxyServerType=HTTP, password=, proxyServerAddress=, proxyServerPort=0}"/>
         <property name="platform" value="Linux"/>
      </properties>
      <testcase name="Test Cases/p4p_newReservation" time="28.14" classname="Test Cases/p4p_newReservation" status="ERROR">
         <error type="ERROR" message="Test Cases/p4p_newReservation FAILED.
Reason:
groovy.lang.MissingMethodException: No signature of method: com.kms.katalon.core.logging.KeywordLogger.logInfo() is applicable for argument types: (java.math.BigDecimal) values: [1100.0]
Possible solutions: logInfo(java.lang.String), logInfo(java.lang.String, java.util.Map), notify(), logError(java.lang.String)
	at p4p_newReservation.run(p4p_newReservation:58)
	at com.kms.katalon.core.main.ScriptEngine.run(ScriptEngine.java:194)
	at com.kms.katalon.core.main.ScriptEngine.runScriptAsRawText(ScriptEngine.java:119)
	at com.kms.katalon.core.main.TestCaseExecutor.runScript(TestCaseExecutor.java:337)
	at com.kms.katalon.core.main.TestCaseExecutor.doExecute(TestCaseExecutor.java:328)
	at com.kms.katalon.core.main.TestCaseExecutor.processExecutionPhase(TestCaseExecutor.java:307)
	at com.kms.katalon.core.main.TestCaseExecutor.accessMainPhase(TestCaseExecutor.java:299)
	at com.kms.katalon.core.main.TestCaseExecutor.execute(TestCaseExecutor.java:233)
	at com.kms.katalon.core.main.TestSuiteExecutor.accessTestCaseMainPhase(TestSuiteExecutor.java:169)
	at com.kms.katalon.core.main.TestSuiteExecutor.accessTestSuiteMainPhase(TestSuiteExecutor.java:142)
	at com.kms.katalon.core.main.TestSuiteExecutor.execute(TestSuiteExecutor.java:91)
	at com.kms.katalon.core.main.TestCaseMain.startTestSuite(TestCaseMain.java:157)
	at com.kms.katalon.core.main.TestCaseMain$startTestSuite$0.call(Unknown Source)
	at TempTestSuite1575802574880.run(TempTestSuite1575802574880.groovy:36)
"/>
         <system-out><![CDATA[2019-12-08 04:56:16 - [TEST_CASE][ERROR] - Test Cases/p4p_newReservation: Test Cases/p4p_newReservation FAILED.
Reason:
groovy.lang.MissingMethodException: No signature of method: com.kms.katalon.core.logging.KeywordLogger.logInfo() is applicable for argument types: (java.math.BigDecimal) values: [1100.0]
Possible solutions: logInfo(java.lang.String), logInfo(java.lang.String, java.util.Map), notify(), logError(java.lang.String)
	at p4p_newReservation.run(p4p_newReservation:58)
	at com.kms.katalon.core.main.ScriptEngine.run(ScriptEngine.java:194)
	at com.kms.katalon.core.main.ScriptEngine.runScriptAsRawText(ScriptEngine.java:119)
	at com.kms.katalon.core.main.TestCaseExecutor.runScript(TestCaseExecutor.java:337)
	at com.kms.katalon.core.main.TestCaseExecutor.doExecute(TestCaseExecutor.java:328)
	at com.kms.katalon.core.main.TestCaseExecutor.processExecutionPhase(TestCaseExecutor.java:307)
	at com.kms.katalon.core.main.TestCaseExecutor.accessMainPhase(TestCaseExecutor.java:299)
	at com.kms.katalon.core.main.TestCaseExecutor.execute(TestCaseExecutor.java:233)
	at com.kms.katalon.core.main.TestSuiteExecutor.accessTestCaseMainPhase(TestSuiteExecutor.java:169)
	at com.kms.katalon.core.main.TestSuiteExecutor.accessTestSuiteMainPhase(TestSuiteExecutor.java:142)
	at com.kms.katalon.core.main.TestSuiteExecutor.execute(TestSuiteExecutor.java:91)
	at com.kms.katalon.core.main.TestCaseMain.startTestSuite(TestCaseMain.java:157)
	at com.kms.katalon.core.main.TestCaseMain$startTestSuite$0.call(Unknown Source)
	at TempTestSuite1575802574880.run(TempTestSuite1575802574880.groovy:36)


2019-12-08 04:56:16 - [TEST_STEP][PASSED] - openBrowser("https://p4p-qa-bg.aws.paradise4paws.com/login/"): Browser is opened with url: 'https://p4p-qa-bg.aws.paradise4paws.com/login/'

2019-12-08 04:56:17 - [MESSAGE][INFO] - Starting 'Firefox' driver

2019-12-08 04:56:17 - [MESSAGE][INFO] - Action delay is set to 0 seconds

2019-12-08 04:56:20 - [MESSAGE][PASSED] - Browser is opened with url: 'https://p4p-qa-bg.aws.paradise4paws.com/login/'

2019-12-08 04:56:20 - [TEST_STEP][PASSED] - setText(findTestObject("object_login/input_user"), var_user): Text 'jegchavez@gmail.com' is set on object 'Object Repository/object_login/input_user'

2019-12-08 04:56:21 - [MESSAGE][PASSED] - Text 'jegchavez@gmail.com' is set on object 'Object Repository/object_login/input_user'

2019-12-08 04:56:21 - [TEST_STEP][PASSED] - setText(findTestObject("object_login/input_pass"), var_pass): Text 'admin1' is set on object 'Object Repository/object_login/input_pass'

2019-12-08 04:56:22 - [MESSAGE][PASSED] - Text 'admin1' is set on object 'Object Repository/object_login/input_pass'

2019-12-08 04:56:22 - [TEST_STEP][PASSED] - delay(2): Delayed 2 second(s)

2019-12-08 04:56:24 - [MESSAGE][PASSED] - Delayed 2 second(s)

2019-12-08 04:56:24 - [TEST_STEP][PASSED] - verifyElementClickable(findTestObject("object_login/btn_login")): Object 'Object Repository/object_login/btn_login' is clickable

2019-12-08 04:56:24 - [MESSAGE][PASSED] - Object 'Object Repository/object_login/btn_login' is clickable

2019-12-08 04:56:24 - [TEST_STEP][PASSED] - click(findTestObject("object_login/btn_login")): Object: 'Object Repository/object_login/btn_login' is clicked on

2019-12-08 04:56:27 - [MESSAGE][PASSED] - Object: 'Object Repository/object_login/btn_login' is clicked on

2019-12-08 04:56:27 - [TEST_STEP][PASSED] - delay(2): Delayed 2 second(s)

2019-12-08 04:56:29 - [MESSAGE][PASSED] - Delayed 2 second(s)

2019-12-08 04:56:29 - [TEST_STEP][PASSED] - setText(findTestObject("object_dashboard_emp/input_search"), var_mailParent): Text 'jegchavez@hotmail.com' is set on object 'Object Repository/object_dashboard_emp/input_search'

2019-12-08 04:56:29 - [MESSAGE][PASSED] - Text 'jegchavez@hotmail.com' is set on object 'Object Repository/object_dashboard_emp/input_search'

2019-12-08 04:56:29 - [TEST_STEP][PASSED] - click(findTestObject("object_dashboard_emp/btn_accountSearch"), STOP_ON_FAILURE): Object: 'Object Repository/object_dashboard_emp/btn_accountSearch' is clicked on

2019-12-08 04:56:30 - [MESSAGE][PASSED] - Object: 'Object Repository/object_dashboard_emp/btn_accountSearch' is clicked on

2019-12-08 04:56:30 - [TEST_STEP][PASSED] - delay(3): Delayed 3 second(s)

2019-12-08 04:56:33 - [MESSAGE][PASSED] - Delayed 3 second(s)

2019-12-08 04:56:33 - [TEST_STEP][PASSED] - click(findTestObject("object_accountInformation/a_TEST GABRIEL PROD")): Object: 'Object Repository/object_accountInformation/a_TEST GABRIEL PROD' is clicked on

2019-12-08 04:56:37 - [MESSAGE][PASSED] - Object: 'Object Repository/object_accountInformation/a_TEST GABRIEL PROD' is clicked on

2019-12-08 04:56:37 - [TEST_STEP][PASSED] - delay(3): Delayed 3 second(s)

2019-12-08 04:56:40 - [MESSAGE][PASSED] - Delayed 3 second(s)

2019-12-08 04:56:40 - [TEST_STEP][PASSED] - click(findTestObject("object_profile/a_addReservation")): Object: 'Object Repository/object_profile/a_addReservation' is clicked on

2019-12-08 04:56:41 - [MESSAGE][PASSED] - Object: 'Object Repository/object_profile/a_addReservation' is clicked on

2019-12-08 04:56:41 - [TEST_STEP][NOT_RUN] - use(TimeCategory, { -> ... }): NOT_RUN: use(TimeCategory, { -> ... })

2019-12-08 04:56:41 - [MESSAGE][NOT_RUN] - NOT_RUN: use(TimeCategory, { -> ... })

2019-12-08 04:56:41 - [TEST_STEP][PASSED] - delay(3): Delayed 3 second(s)

2019-12-08 04:56:44 - [MESSAGE][PASSED] - Delayed 3 second(s)

2019-12-08 04:56:44 - [TEST_STEP][PASSED] - log = new com.kms.katalon.core.logging.KeywordLogger(): null

2019-12-08 04:56:44 - [TEST_STEP][PASSED] - log.logInfo(var_checkinD): 29,12,2019

2019-12-08 04:56:44 - [MESSAGE][INFO] - 29,12,2019

2019-12-08 04:56:44 - [TEST_STEP][PASSED] - log.logInfo(var_checkoutD): 30,12,2019

2019-12-08 04:56:44 - [MESSAGE][INFO] - 30,12,2019

2019-12-08 04:56:44 - [TEST_STEP][PASSED] - log.logInfo(var_checkinT): null]]></system-out>
         <system-err><![CDATA[2019-12-08 04:56:16 - [TEST_CASE][ERROR] - Test Cases/p4p_newReservation: Test Cases/p4p_newReservation FAILED.
Reason:
groovy.lang.MissingMethodException: No signature of method: com.kms.katalon.core.logging.KeywordLogger.logInfo() is applicable for argument types: (java.math.BigDecimal) values: [1100.0]
Possible solutions: logInfo(java.lang.String), logInfo(java.lang.String, java.util.Map), notify(), logError(java.lang.String)
	at p4p_newReservation.run(p4p_newReservation:58)
	at com.kms.katalon.core.main.ScriptEngine.run(ScriptEngine.java:194)
	at com.kms.katalon.core.main.ScriptEngine.runScriptAsRawText(ScriptEngine.java:119)
	at com.kms.katalon.core.main.TestCaseExecutor.runScript(TestCaseExecutor.java:337)
	at com.kms.katalon.core.main.TestCaseExecutor.doExecute(TestCaseExecutor.java:328)
	at com.kms.katalon.core.main.TestCaseExecutor.processExecutionPhase(TestCaseExecutor.java:307)
	at com.kms.katalon.core.main.TestCaseExecutor.accessMainPhase(TestCaseExecutor.java:299)
	at com.kms.katalon.core.main.TestCaseExecutor.execute(TestCaseExecutor.java:233)
	at com.kms.katalon.core.main.TestSuiteExecutor.accessTestCaseMainPhase(TestSuiteExecutor.java:169)
	at com.kms.katalon.core.main.TestSuiteExecutor.accessTestSuiteMainPhase(TestSuiteExecutor.java:142)
	at com.kms.katalon.core.main.TestSuiteExecutor.execute(TestSuiteExecutor.java:91)
	at com.kms.katalon.core.main.TestCaseMain.startTestSuite(TestCaseMain.java:157)
	at com.kms.katalon.core.main.TestCaseMain$startTestSuite$0.call(Unknown Source)
	at TempTestSuite1575802574880.run(TempTestSuite1575802574880.groovy:36)]]></system-err>
      </testcase>
      <system-out><![CDATA[2019-12-08 04:56:16 - [TEST_SUITE][ERROR] - ts_newReservation: Test Cases/p4p_newReservation FAILED.
Reason:
groovy.lang.MissingMethodException: No signature of method: com.kms.katalon.core.logging.KeywordLogger.logInfo() is applicable for argument types: (java.math.BigDecimal) values: [1100.0]
Possible solutions: logInfo(java.lang.String), logInfo(java.lang.String, java.util.Map), notify(), logError(java.lang.String)
	at p4p_newReservation.run(p4p_newReservation:58)
	at com.kms.katalon.core.main.ScriptEngine.run(ScriptEngine.java:194)
	at com.kms.katalon.core.main.ScriptEngine.runScriptAsRawText(ScriptEngine.java:119)
	at com.kms.katalon.core.main.TestCaseExecutor.runScript(TestCaseExecutor.java:337)
	at com.kms.katalon.core.main.TestCaseExecutor.doExecute(TestCaseExecutor.java:328)
	at com.kms.katalon.core.main.TestCaseExecutor.processExecutionPhase(TestCaseExecutor.java:307)
	at com.kms.katalon.core.main.TestCaseExecutor.accessMainPhase(TestCaseExecutor.java:299)
	at com.kms.katalon.core.main.TestCaseExecutor.execute(TestCaseExecutor.java:233)
	at com.kms.katalon.core.main.TestSuiteExecutor.accessTestCaseMainPhase(TestSuiteExecutor.java:169)
	at com.kms.katalon.core.main.TestSuiteExecutor.accessTestSuiteMainPhase(TestSuiteExecutor.java:142)
	at com.kms.katalon.core.main.TestSuiteExecutor.execute(TestSuiteExecutor.java:91)
	at com.kms.katalon.core.main.TestCaseMain.startTestSuite(TestCaseMain.java:157)
	at com.kms.katalon.core.main.TestCaseMain$startTestSuite$0.call(Unknown Source)
	at TempTestSuite1575802574880.run(TempTestSuite1575802574880.groovy:36)]]></system-out>
      <system-err><![CDATA[2019-12-08 04:56:16 - [TEST_SUITE][ERROR] - ts_newReservation: Test Cases/p4p_newReservation FAILED.
Reason:
groovy.lang.MissingMethodException: No signature of method: com.kms.katalon.core.logging.KeywordLogger.logInfo() is applicable for argument types: (java.math.BigDecimal) values: [1100.0]
Possible solutions: logInfo(java.lang.String), logInfo(java.lang.String, java.util.Map), notify(), logError(java.lang.String)
	at p4p_newReservation.run(p4p_newReservation:58)
	at com.kms.katalon.core.main.ScriptEngine.run(ScriptEngine.java:194)
	at com.kms.katalon.core.main.ScriptEngine.runScriptAsRawText(ScriptEngine.java:119)
	at com.kms.katalon.core.main.TestCaseExecutor.runScript(TestCaseExecutor.java:337)
	at com.kms.katalon.core.main.TestCaseExecutor.doExecute(TestCaseExecutor.java:328)
	at com.kms.katalon.core.main.TestCaseExecutor.processExecutionPhase(TestCaseExecutor.java:307)
	at com.kms.katalon.core.main.TestCaseExecutor.accessMainPhase(TestCaseExecutor.java:299)
	at com.kms.katalon.core.main.TestCaseExecutor.execute(TestCaseExecutor.java:233)
	at com.kms.katalon.core.main.TestSuiteExecutor.accessTestCaseMainPhase(TestSuiteExecutor.java:169)
	at com.kms.katalon.core.main.TestSuiteExecutor.accessTestSuiteMainPhase(TestSuiteExecutor.java:142)
	at com.kms.katalon.core.main.TestSuiteExecutor.execute(TestSuiteExecutor.java:91)
	at com.kms.katalon.core.main.TestCaseMain.startTestSuite(TestCaseMain.java:157)
	at com.kms.katalon.core.main.TestCaseMain$startTestSuite$0.call(Unknown Source)
	at TempTestSuite1575802574880.run(TempTestSuite1575802574880.groovy:36)]]></system-err>
   </testsuite>
</testsuites>
