<?xml version="1.0" encoding="UTF-8"?>
<testsuites name="ts_1_newReservationBoarding" time="2.865" tests="8" failures="0" errors="8">
   <testsuite name="ts_1_newReservationBoarding" tests="8" failures="0" errors="8" time="2.865" timestamp="2020-01-19 23:57:14" hostname="leonardo-arkusmty - leonardoarkusmty-Inspiron-5577" id="Test Suites/ts_1_newReservationBoarding">
      <properties>
         <property name="deviceName" value=""/>
         <property name="devicePlatform" value=""/>
         <property name="logFolder" value="/home/leonardo-arkusmty/Documents/workspaceKatalon/p4ptest/Reports/20200119_235713/ts_1_newReservationBoarding/20200119_235713"/>
         <property name="logFiles" value="/home/leonardo-arkusmty/Documents/workspaceKatalon/p4ptest/Reports/20200119_235713/ts_1_newReservationBoarding/20200119_235713/execution0.log"/>
         <property name="attachments" value=""/>
         <property name="hostName" value="leonardo-arkusmty - leonardoarkusmty-Inspiron-5577"/>
         <property name="hostAddress" value="127.0.1.1"/>
         <property name="os" value="Linux 64bit"/>
         <property name="katalonVersion" value="7.0.8.1"/>
      </properties>
      <testcase name="Test Cases/p4p_1_newReservationBoarding" time="1.209" classname="Test Cases/p4p_1_newReservationBoarding" status="ERROR">
         <error type="ERROR" message="Test Cases/p4p_1_newReservationBoarding FAILED.
Reason:
groovy.lang.MissingMethodException: No signature of method: com.kms.katalon.core.logging.KeywordLogger.logInfo() is applicable for argument types: (java.lang.Integer) values: [1]
Possible solutions: logInfo(java.lang.String), logInfo(java.lang.String, java.util.Map), notify(), logError(java.lang.String)
	at p4p_1_newReservationBoarding.run(p4p_1_newReservationBoarding:54)
	at com.kms.katalon.core.main.ScriptEngine.run(ScriptEngine.java:194)
	at com.kms.katalon.core.main.ScriptEngine.runScriptAsRawText(ScriptEngine.java:119)
	at com.kms.katalon.core.main.TestCaseExecutor.runScript(TestCaseExecutor.java:337)
	at com.kms.katalon.core.main.TestCaseExecutor.doExecute(TestCaseExecutor.java:328)
	at com.kms.katalon.core.main.TestCaseExecutor.processExecutionPhase(TestCaseExecutor.java:307)
	at com.kms.katalon.core.main.TestCaseExecutor.accessMainPhase(TestCaseExecutor.java:299)
	at com.kms.katalon.core.main.TestCaseExecutor.execute(TestCaseExecutor.java:233)
	at com.kms.katalon.core.main.TestSuiteExecutor.accessTestCaseMainPhase(TestSuiteExecutor.java:169)
	at com.kms.katalon.core.main.TestSuiteExecutor.accessTestSuiteMainPhase(TestSuiteExecutor.java:142)
	at com.kms.katalon.core.main.TestSuiteExecutor.execute(TestSuiteExecutor.java:91)
	at com.kms.katalon.core.main.TestCaseMain.startTestSuite(TestCaseMain.java:157)
	at com.kms.katalon.core.main.TestCaseMain$startTestSuite$0.call(Unknown Source)
	at TempTestSuite1579499833415.run(TempTestSuite1579499833415.groovy:36)
"/>
         <system-out><![CDATA[2020-01-19 23:57:15 - [TEST_CASE][ERROR] - Test Cases/p4p_1_newReservationBoarding: Test Cases/p4p_1_newReservationBoarding FAILED.
Reason:
groovy.lang.MissingMethodException: No signature of method: com.kms.katalon.core.logging.KeywordLogger.logInfo() is applicable for argument types: (java.lang.Integer) values: [1]
Possible solutions: logInfo(java.lang.String), logInfo(java.lang.String, java.util.Map), notify(), logError(java.lang.String)
	at p4p_1_newReservationBoarding.run(p4p_1_newReservationBoarding:54)
	at com.kms.katalon.core.main.ScriptEngine.run(ScriptEngine.java:194)
	at com.kms.katalon.core.main.ScriptEngine.runScriptAsRawText(ScriptEngine.java:119)
	at com.kms.katalon.core.main.TestCaseExecutor.runScript(TestCaseExecutor.java:337)
	at com.kms.katalon.core.main.TestCaseExecutor.doExecute(TestCaseExecutor.java:328)
	at com.kms.katalon.core.main.TestCaseExecutor.processExecutionPhase(TestCaseExecutor.java:307)
	at com.kms.katalon.core.main.TestCaseExecutor.accessMainPhase(TestCaseExecutor.java:299)
	at com.kms.katalon.core.main.TestCaseExecutor.execute(TestCaseExecutor.java:233)
	at com.kms.katalon.core.main.TestSuiteExecutor.accessTestCaseMainPhase(TestSuiteExecutor.java:169)
	at com.kms.katalon.core.main.TestSuiteExecutor.accessTestSuiteMainPhase(TestSuiteExecutor.java:142)
	at com.kms.katalon.core.main.TestSuiteExecutor.execute(TestSuiteExecutor.java:91)
	at com.kms.katalon.core.main.TestCaseMain.startTestSuite(TestCaseMain.java:157)
	at com.kms.katalon.core.main.TestCaseMain$startTestSuite$0.call(Unknown Source)
	at TempTestSuite1579499833415.run(TempTestSuite1579499833415.groovy:36)


2020-01-19 23:57:15 - [TEST_STEP][PASSED] - flagBoar = "0": null

2020-01-19 23:57:15 - [TEST_STEP][PASSED] - log = new com.kms.katalon.core.logging.KeywordLogger(): null

2020-01-19 23:57:15 - [TEST_STEP][PASSED] - fisNewRes = new java.io.FileInputStream(/home/leonardo-arkusmty/Desktop/P4P/DATA_AUTOMATINTESTING/data_1newReservationBoarding.xlsx): null

2020-01-19 23:57:15 - [TEST_STEP][PASSED] - workbookNewRes = new org.apache.poi.xssf.usermodel.XSSFWorkbook(fisNewRes): null

2020-01-19 23:57:16 - [TEST_STEP][PASSED] - sheetNewRes = workbookNewRes.getSheet("Sheet1"): null

2020-01-19 23:57:16 - [TEST_STEP][PASSED] - rowCount = var_row: null

2020-01-19 23:57:16 - [TEST_STEP][PASSED] - var = Integer.parseInt(var_idRowRes): null

2020-01-19 23:57:16 - [TEST_STEP][PASSED] - rowNewRes = sheetNewRes.getRow(var): null

2020-01-19 23:57:16 - [TEST_STEP][PASSED] - today = new java.util.Date(): null

2020-01-19 23:57:16 - [TEST_STEP][PASSED] - todaysDate4 = today.format("dd/MM/yyyy/HH/mm"): null

2020-01-19 23:57:16 - [TEST_STEP][PASSED] - date = todaysDate4.split("/"): null

2020-01-19 23:57:16 - [TEST_STEP][PASSED] - log.logInfo(date[0]): 19

2020-01-19 23:57:16 - [MESSAGE][INFO] - 19

2020-01-19 23:57:16 - [TEST_STEP][PASSED] - log.logInfo(date[1]): 01

2020-01-19 23:57:16 - [MESSAGE][INFO] - 01

2020-01-19 23:57:16 - [TEST_STEP][PASSED] - intMesRes = Integer.parseInt(date[1]): null

2020-01-19 23:57:16 - [TEST_STEP][PASSED] - log.logInfo(intMesRes): null]]></system-out>
         <system-err><![CDATA[2020-01-19 23:57:15 - [TEST_CASE][ERROR] - Test Cases/p4p_1_newReservationBoarding: Test Cases/p4p_1_newReservationBoarding FAILED.
Reason:
groovy.lang.MissingMethodException: No signature of method: com.kms.katalon.core.logging.KeywordLogger.logInfo() is applicable for argument types: (java.lang.Integer) values: [1]
Possible solutions: logInfo(java.lang.String), logInfo(java.lang.String, java.util.Map), notify(), logError(java.lang.String)
	at p4p_1_newReservationBoarding.run(p4p_1_newReservationBoarding:54)
	at com.kms.katalon.core.main.ScriptEngine.run(ScriptEngine.java:194)
	at com.kms.katalon.core.main.ScriptEngine.runScriptAsRawText(ScriptEngine.java:119)
	at com.kms.katalon.core.main.TestCaseExecutor.runScript(TestCaseExecutor.java:337)
	at com.kms.katalon.core.main.TestCaseExecutor.doExecute(TestCaseExecutor.java:328)
	at com.kms.katalon.core.main.TestCaseExecutor.processExecutionPhase(TestCaseExecutor.java:307)
	at com.kms.katalon.core.main.TestCaseExecutor.accessMainPhase(TestCaseExecutor.java:299)
	at com.kms.katalon.core.main.TestCaseExecutor.execute(TestCaseExecutor.java:233)
	at com.kms.katalon.core.main.TestSuiteExecutor.accessTestCaseMainPhase(TestSuiteExecutor.java:169)
	at com.kms.katalon.core.main.TestSuiteExecutor.accessTestSuiteMainPhase(TestSuiteExecutor.java:142)
	at com.kms.katalon.core.main.TestSuiteExecutor.execute(TestSuiteExecutor.java:91)
	at com.kms.katalon.core.main.TestCaseMain.startTestSuite(TestCaseMain.java:157)
	at com.kms.katalon.core.main.TestCaseMain$startTestSuite$0.call(Unknown Source)
	at TempTestSuite1579499833415.run(TempTestSuite1579499833415.groovy:36)]]></system-err>
      </testcase>
      <testcase name="Test Cases/p4p_1_newReservationBoarding" time="0.128" classname="Test Cases/p4p_1_newReservationBoarding" status="ERROR">
         <error type="ERROR" message="Test Cases/p4p_1_newReservationBoarding FAILED.
Reason:
groovy.lang.MissingMethodException: No signature of method: com.kms.katalon.core.logging.KeywordLogger.logInfo() is applicable for argument types: (java.lang.Integer) values: [1]
Possible solutions: logInfo(java.lang.String), logInfo(java.lang.String, java.util.Map), notify(), logError(java.lang.String)
	at p4p_1_newReservationBoarding.run(p4p_1_newReservationBoarding:54)
	at com.kms.katalon.core.main.ScriptEngine.run(ScriptEngine.java:194)
	at com.kms.katalon.core.main.ScriptEngine.runScriptAsRawText(ScriptEngine.java:119)
	at com.kms.katalon.core.main.TestCaseExecutor.runScript(TestCaseExecutor.java:337)
	at com.kms.katalon.core.main.TestCaseExecutor.doExecute(TestCaseExecutor.java:328)
	at com.kms.katalon.core.main.TestCaseExecutor.processExecutionPhase(TestCaseExecutor.java:307)
	at com.kms.katalon.core.main.TestCaseExecutor.accessMainPhase(TestCaseExecutor.java:299)
	at com.kms.katalon.core.main.TestCaseExecutor.execute(TestCaseExecutor.java:233)
	at com.kms.katalon.core.main.TestSuiteExecutor.accessTestCaseMainPhase(TestSuiteExecutor.java:169)
	at com.kms.katalon.core.main.TestSuiteExecutor.accessTestSuiteMainPhase(TestSuiteExecutor.java:142)
	at com.kms.katalon.core.main.TestSuiteExecutor.execute(TestSuiteExecutor.java:91)
	at com.kms.katalon.core.main.TestCaseMain.startTestSuite(TestCaseMain.java:157)
	at com.kms.katalon.core.main.TestCaseMain$startTestSuite$0.call(Unknown Source)
	at TempTestSuite1579499833415.run(TempTestSuite1579499833415.groovy:36)
"/>
         <system-out><![CDATA[2020-01-19 23:57:16 - [TEST_CASE][ERROR] - Test Cases/p4p_1_newReservationBoarding: Test Cases/p4p_1_newReservationBoarding FAILED.
Reason:
groovy.lang.MissingMethodException: No signature of method: com.kms.katalon.core.logging.KeywordLogger.logInfo() is applicable for argument types: (java.lang.Integer) values: [1]
Possible solutions: logInfo(java.lang.String), logInfo(java.lang.String, java.util.Map), notify(), logError(java.lang.String)
	at p4p_1_newReservationBoarding.run(p4p_1_newReservationBoarding:54)
	at com.kms.katalon.core.main.ScriptEngine.run(ScriptEngine.java:194)
	at com.kms.katalon.core.main.ScriptEngine.runScriptAsRawText(ScriptEngine.java:119)
	at com.kms.katalon.core.main.TestCaseExecutor.runScript(TestCaseExecutor.java:337)
	at com.kms.katalon.core.main.TestCaseExecutor.doExecute(TestCaseExecutor.java:328)
	at com.kms.katalon.core.main.TestCaseExecutor.processExecutionPhase(TestCaseExecutor.java:307)
	at com.kms.katalon.core.main.TestCaseExecutor.accessMainPhase(TestCaseExecutor.java:299)
	at com.kms.katalon.core.main.TestCaseExecutor.execute(TestCaseExecutor.java:233)
	at com.kms.katalon.core.main.TestSuiteExecutor.accessTestCaseMainPhase(TestSuiteExecutor.java:169)
	at com.kms.katalon.core.main.TestSuiteExecutor.accessTestSuiteMainPhase(TestSuiteExecutor.java:142)
	at com.kms.katalon.core.main.TestSuiteExecutor.execute(TestSuiteExecutor.java:91)
	at com.kms.katalon.core.main.TestCaseMain.startTestSuite(TestCaseMain.java:157)
	at com.kms.katalon.core.main.TestCaseMain$startTestSuite$0.call(Unknown Source)
	at TempTestSuite1579499833415.run(TempTestSuite1579499833415.groovy:36)


2020-01-19 23:57:16 - [TEST_STEP][PASSED] - flagBoar = "0": null

2020-01-19 23:57:16 - [TEST_STEP][PASSED] - log = new com.kms.katalon.core.logging.KeywordLogger(): null

2020-01-19 23:57:16 - [TEST_STEP][PASSED] - fisNewRes = new java.io.FileInputStream(/home/leonardo-arkusmty/Desktop/P4P/DATA_AUTOMATINTESTING/data_1newReservationBoarding.xlsx): null

2020-01-19 23:57:16 - [TEST_STEP][PASSED] - workbookNewRes = new org.apache.poi.xssf.usermodel.XSSFWorkbook(fisNewRes): null

2020-01-19 23:57:16 - [TEST_STEP][PASSED] - sheetNewRes = workbookNewRes.getSheet("Sheet1"): null

2020-01-19 23:57:16 - [TEST_STEP][PASSED] - rowCount = var_row: null

2020-01-19 23:57:16 - [TEST_STEP][PASSED] - var = Integer.parseInt(var_idRowRes): null

2020-01-19 23:57:16 - [TEST_STEP][PASSED] - rowNewRes = sheetNewRes.getRow(var): null

2020-01-19 23:57:16 - [TEST_STEP][PASSED] - today = new java.util.Date(): null

2020-01-19 23:57:16 - [TEST_STEP][PASSED] - todaysDate4 = today.format("dd/MM/yyyy/HH/mm"): null

2020-01-19 23:57:16 - [TEST_STEP][PASSED] - date = todaysDate4.split("/"): null

2020-01-19 23:57:16 - [TEST_STEP][PASSED] - log.logInfo(date[0]): 19

2020-01-19 23:57:16 - [MESSAGE][INFO] - 19

2020-01-19 23:57:16 - [TEST_STEP][PASSED] - log.logInfo(date[1]): 01

2020-01-19 23:57:16 - [MESSAGE][INFO] - 01

2020-01-19 23:57:16 - [TEST_STEP][PASSED] - intMesRes = Integer.parseInt(date[1]): null

2020-01-19 23:57:16 - [TEST_STEP][PASSED] - log.logInfo(intMesRes): null]]></system-out>
         <system-err><![CDATA[2020-01-19 23:57:16 - [TEST_CASE][ERROR] - Test Cases/p4p_1_newReservationBoarding: Test Cases/p4p_1_newReservationBoarding FAILED.
Reason:
groovy.lang.MissingMethodException: No signature of method: com.kms.katalon.core.logging.KeywordLogger.logInfo() is applicable for argument types: (java.lang.Integer) values: [1]
Possible solutions: logInfo(java.lang.String), logInfo(java.lang.String, java.util.Map), notify(), logError(java.lang.String)
	at p4p_1_newReservationBoarding.run(p4p_1_newReservationBoarding:54)
	at com.kms.katalon.core.main.ScriptEngine.run(ScriptEngine.java:194)
	at com.kms.katalon.core.main.ScriptEngine.runScriptAsRawText(ScriptEngine.java:119)
	at com.kms.katalon.core.main.TestCaseExecutor.runScript(TestCaseExecutor.java:337)
	at com.kms.katalon.core.main.TestCaseExecutor.doExecute(TestCaseExecutor.java:328)
	at com.kms.katalon.core.main.TestCaseExecutor.processExecutionPhase(TestCaseExecutor.java:307)
	at com.kms.katalon.core.main.TestCaseExecutor.accessMainPhase(TestCaseExecutor.java:299)
	at com.kms.katalon.core.main.TestCaseExecutor.execute(TestCaseExecutor.java:233)
	at com.kms.katalon.core.main.TestSuiteExecutor.accessTestCaseMainPhase(TestSuiteExecutor.java:169)
	at com.kms.katalon.core.main.TestSuiteExecutor.accessTestSuiteMainPhase(TestSuiteExecutor.java:142)
	at com.kms.katalon.core.main.TestSuiteExecutor.execute(TestSuiteExecutor.java:91)
	at com.kms.katalon.core.main.TestCaseMain.startTestSuite(TestCaseMain.java:157)
	at com.kms.katalon.core.main.TestCaseMain$startTestSuite$0.call(Unknown Source)
	at TempTestSuite1579499833415.run(TempTestSuite1579499833415.groovy:36)]]></system-err>
      </testcase>
      <testcase name="Test Cases/p4p_1_newReservationBoarding" time="0.115" classname="Test Cases/p4p_1_newReservationBoarding" status="ERROR">
         <error type="ERROR" message="Test Cases/p4p_1_newReservationBoarding FAILED.
Reason:
groovy.lang.MissingMethodException: No signature of method: com.kms.katalon.core.logging.KeywordLogger.logInfo() is applicable for argument types: (java.lang.Integer) values: [1]
Possible solutions: logInfo(java.lang.String), logInfo(java.lang.String, java.util.Map), notify(), logError(java.lang.String)
	at p4p_1_newReservationBoarding.run(p4p_1_newReservationBoarding:54)
	at com.kms.katalon.core.main.ScriptEngine.run(ScriptEngine.java:194)
	at com.kms.katalon.core.main.ScriptEngine.runScriptAsRawText(ScriptEngine.java:119)
	at com.kms.katalon.core.main.TestCaseExecutor.runScript(TestCaseExecutor.java:337)
	at com.kms.katalon.core.main.TestCaseExecutor.doExecute(TestCaseExecutor.java:328)
	at com.kms.katalon.core.main.TestCaseExecutor.processExecutionPhase(TestCaseExecutor.java:307)
	at com.kms.katalon.core.main.TestCaseExecutor.accessMainPhase(TestCaseExecutor.java:299)
	at com.kms.katalon.core.main.TestCaseExecutor.execute(TestCaseExecutor.java:233)
	at com.kms.katalon.core.main.TestSuiteExecutor.accessTestCaseMainPhase(TestSuiteExecutor.java:169)
	at com.kms.katalon.core.main.TestSuiteExecutor.accessTestSuiteMainPhase(TestSuiteExecutor.java:142)
	at com.kms.katalon.core.main.TestSuiteExecutor.execute(TestSuiteExecutor.java:91)
	at com.kms.katalon.core.main.TestCaseMain.startTestSuite(TestCaseMain.java:157)
	at com.kms.katalon.core.main.TestCaseMain$startTestSuite$0.call(Unknown Source)
	at TempTestSuite1579499833415.run(TempTestSuite1579499833415.groovy:36)
"/>
         <system-out><![CDATA[2020-01-19 23:57:16 - [TEST_CASE][ERROR] - Test Cases/p4p_1_newReservationBoarding: Test Cases/p4p_1_newReservationBoarding FAILED.
Reason:
groovy.lang.MissingMethodException: No signature of method: com.kms.katalon.core.logging.KeywordLogger.logInfo() is applicable for argument types: (java.lang.Integer) values: [1]
Possible solutions: logInfo(java.lang.String), logInfo(java.lang.String, java.util.Map), notify(), logError(java.lang.String)
	at p4p_1_newReservationBoarding.run(p4p_1_newReservationBoarding:54)
	at com.kms.katalon.core.main.ScriptEngine.run(ScriptEngine.java:194)
	at com.kms.katalon.core.main.ScriptEngine.runScriptAsRawText(ScriptEngine.java:119)
	at com.kms.katalon.core.main.TestCaseExecutor.runScript(TestCaseExecutor.java:337)
	at com.kms.katalon.core.main.TestCaseExecutor.doExecute(TestCaseExecutor.java:328)
	at com.kms.katalon.core.main.TestCaseExecutor.processExecutionPhase(TestCaseExecutor.java:307)
	at com.kms.katalon.core.main.TestCaseExecutor.accessMainPhase(TestCaseExecutor.java:299)
	at com.kms.katalon.core.main.TestCaseExecutor.execute(TestCaseExecutor.java:233)
	at com.kms.katalon.core.main.TestSuiteExecutor.accessTestCaseMainPhase(TestSuiteExecutor.java:169)
	at com.kms.katalon.core.main.TestSuiteExecutor.accessTestSuiteMainPhase(TestSuiteExecutor.java:142)
	at com.kms.katalon.core.main.TestSuiteExecutor.execute(TestSuiteExecutor.java:91)
	at com.kms.katalon.core.main.TestCaseMain.startTestSuite(TestCaseMain.java:157)
	at com.kms.katalon.core.main.TestCaseMain$startTestSuite$0.call(Unknown Source)
	at TempTestSuite1579499833415.run(TempTestSuite1579499833415.groovy:36)


2020-01-19 23:57:16 - [TEST_STEP][PASSED] - flagBoar = "0": null

2020-01-19 23:57:16 - [TEST_STEP][PASSED] - log = new com.kms.katalon.core.logging.KeywordLogger(): null

2020-01-19 23:57:16 - [TEST_STEP][PASSED] - fisNewRes = new java.io.FileInputStream(/home/leonardo-arkusmty/Desktop/P4P/DATA_AUTOMATINTESTING/data_1newReservationBoarding.xlsx): null

2020-01-19 23:57:16 - [TEST_STEP][PASSED] - workbookNewRes = new org.apache.poi.xssf.usermodel.XSSFWorkbook(fisNewRes): null

2020-01-19 23:57:16 - [TEST_STEP][PASSED] - sheetNewRes = workbookNewRes.getSheet("Sheet1"): null

2020-01-19 23:57:16 - [TEST_STEP][PASSED] - rowCount = var_row: null

2020-01-19 23:57:16 - [TEST_STEP][PASSED] - var = Integer.parseInt(var_idRowRes): null

2020-01-19 23:57:16 - [TEST_STEP][PASSED] - rowNewRes = sheetNewRes.getRow(var): null

2020-01-19 23:57:16 - [TEST_STEP][PASSED] - today = new java.util.Date(): null

2020-01-19 23:57:16 - [TEST_STEP][PASSED] - todaysDate4 = today.format("dd/MM/yyyy/HH/mm"): null

2020-01-19 23:57:16 - [TEST_STEP][PASSED] - date = todaysDate4.split("/"): null

2020-01-19 23:57:16 - [TEST_STEP][PASSED] - log.logInfo(date[0]): 19

2020-01-19 23:57:16 - [MESSAGE][INFO] - 19

2020-01-19 23:57:16 - [TEST_STEP][PASSED] - log.logInfo(date[1]): 01

2020-01-19 23:57:16 - [MESSAGE][INFO] - 01

2020-01-19 23:57:16 - [TEST_STEP][PASSED] - intMesRes = Integer.parseInt(date[1]): null

2020-01-19 23:57:16 - [TEST_STEP][PASSED] - log.logInfo(intMesRes): null]]></system-out>
         <system-err><![CDATA[2020-01-19 23:57:16 - [TEST_CASE][ERROR] - Test Cases/p4p_1_newReservationBoarding: Test Cases/p4p_1_newReservationBoarding FAILED.
Reason:
groovy.lang.MissingMethodException: No signature of method: com.kms.katalon.core.logging.KeywordLogger.logInfo() is applicable for argument types: (java.lang.Integer) values: [1]
Possible solutions: logInfo(java.lang.String), logInfo(java.lang.String, java.util.Map), notify(), logError(java.lang.String)
	at p4p_1_newReservationBoarding.run(p4p_1_newReservationBoarding:54)
	at com.kms.katalon.core.main.ScriptEngine.run(ScriptEngine.java:194)
	at com.kms.katalon.core.main.ScriptEngine.runScriptAsRawText(ScriptEngine.java:119)
	at com.kms.katalon.core.main.TestCaseExecutor.runScript(TestCaseExecutor.java:337)
	at com.kms.katalon.core.main.TestCaseExecutor.doExecute(TestCaseExecutor.java:328)
	at com.kms.katalon.core.main.TestCaseExecutor.processExecutionPhase(TestCaseExecutor.java:307)
	at com.kms.katalon.core.main.TestCaseExecutor.accessMainPhase(TestCaseExecutor.java:299)
	at com.kms.katalon.core.main.TestCaseExecutor.execute(TestCaseExecutor.java:233)
	at com.kms.katalon.core.main.TestSuiteExecutor.accessTestCaseMainPhase(TestSuiteExecutor.java:169)
	at com.kms.katalon.core.main.TestSuiteExecutor.accessTestSuiteMainPhase(TestSuiteExecutor.java:142)
	at com.kms.katalon.core.main.TestSuiteExecutor.execute(TestSuiteExecutor.java:91)
	at com.kms.katalon.core.main.TestCaseMain.startTestSuite(TestCaseMain.java:157)
	at com.kms.katalon.core.main.TestCaseMain$startTestSuite$0.call(Unknown Source)
	at TempTestSuite1579499833415.run(TempTestSuite1579499833415.groovy:36)]]></system-err>
      </testcase>
      <testcase name="Test Cases/p4p_1_newReservationBoarding" time="0.106" classname="Test Cases/p4p_1_newReservationBoarding" status="ERROR">
         <error type="ERROR" message="Test Cases/p4p_1_newReservationBoarding FAILED.
Reason:
groovy.lang.MissingMethodException: No signature of method: com.kms.katalon.core.logging.KeywordLogger.logInfo() is applicable for argument types: (java.lang.Integer) values: [1]
Possible solutions: logInfo(java.lang.String), logInfo(java.lang.String, java.util.Map), notify(), logError(java.lang.String)
	at p4p_1_newReservationBoarding.run(p4p_1_newReservationBoarding:54)
	at com.kms.katalon.core.main.ScriptEngine.run(ScriptEngine.java:194)
	at com.kms.katalon.core.main.ScriptEngine.runScriptAsRawText(ScriptEngine.java:119)
	at com.kms.katalon.core.main.TestCaseExecutor.runScript(TestCaseExecutor.java:337)
	at com.kms.katalon.core.main.TestCaseExecutor.doExecute(TestCaseExecutor.java:328)
	at com.kms.katalon.core.main.TestCaseExecutor.processExecutionPhase(TestCaseExecutor.java:307)
	at com.kms.katalon.core.main.TestCaseExecutor.accessMainPhase(TestCaseExecutor.java:299)
	at com.kms.katalon.core.main.TestCaseExecutor.execute(TestCaseExecutor.java:233)
	at com.kms.katalon.core.main.TestSuiteExecutor.accessTestCaseMainPhase(TestSuiteExecutor.java:169)
	at com.kms.katalon.core.main.TestSuiteExecutor.accessTestSuiteMainPhase(TestSuiteExecutor.java:142)
	at com.kms.katalon.core.main.TestSuiteExecutor.execute(TestSuiteExecutor.java:91)
	at com.kms.katalon.core.main.TestCaseMain.startTestSuite(TestCaseMain.java:157)
	at com.kms.katalon.core.main.TestCaseMain$startTestSuite$0.call(Unknown Source)
	at TempTestSuite1579499833415.run(TempTestSuite1579499833415.groovy:36)
"/>
         <system-out><![CDATA[2020-01-19 23:57:16 - [TEST_CASE][ERROR] - Test Cases/p4p_1_newReservationBoarding: Test Cases/p4p_1_newReservationBoarding FAILED.
Reason:
groovy.lang.MissingMethodException: No signature of method: com.kms.katalon.core.logging.KeywordLogger.logInfo() is applicable for argument types: (java.lang.Integer) values: [1]
Possible solutions: logInfo(java.lang.String), logInfo(java.lang.String, java.util.Map), notify(), logError(java.lang.String)
	at p4p_1_newReservationBoarding.run(p4p_1_newReservationBoarding:54)
	at com.kms.katalon.core.main.ScriptEngine.run(ScriptEngine.java:194)
	at com.kms.katalon.core.main.ScriptEngine.runScriptAsRawText(ScriptEngine.java:119)
	at com.kms.katalon.core.main.TestCaseExecutor.runScript(TestCaseExecutor.java:337)
	at com.kms.katalon.core.main.TestCaseExecutor.doExecute(TestCaseExecutor.java:328)
	at com.kms.katalon.core.main.TestCaseExecutor.processExecutionPhase(TestCaseExecutor.java:307)
	at com.kms.katalon.core.main.TestCaseExecutor.accessMainPhase(TestCaseExecutor.java:299)
	at com.kms.katalon.core.main.TestCaseExecutor.execute(TestCaseExecutor.java:233)
	at com.kms.katalon.core.main.TestSuiteExecutor.accessTestCaseMainPhase(TestSuiteExecutor.java:169)
	at com.kms.katalon.core.main.TestSuiteExecutor.accessTestSuiteMainPhase(TestSuiteExecutor.java:142)
	at com.kms.katalon.core.main.TestSuiteExecutor.execute(TestSuiteExecutor.java:91)
	at com.kms.katalon.core.main.TestCaseMain.startTestSuite(TestCaseMain.java:157)
	at com.kms.katalon.core.main.TestCaseMain$startTestSuite$0.call(Unknown Source)
	at TempTestSuite1579499833415.run(TempTestSuite1579499833415.groovy:36)


2020-01-19 23:57:16 - [TEST_STEP][PASSED] - flagBoar = "0": null

2020-01-19 23:57:16 - [TEST_STEP][PASSED] - log = new com.kms.katalon.core.logging.KeywordLogger(): null

2020-01-19 23:57:16 - [TEST_STEP][PASSED] - fisNewRes = new java.io.FileInputStream(/home/leonardo-arkusmty/Desktop/P4P/DATA_AUTOMATINTESTING/data_1newReservationBoarding.xlsx): null

2020-01-19 23:57:16 - [TEST_STEP][PASSED] - workbookNewRes = new org.apache.poi.xssf.usermodel.XSSFWorkbook(fisNewRes): null

2020-01-19 23:57:16 - [TEST_STEP][PASSED] - sheetNewRes = workbookNewRes.getSheet("Sheet1"): null

2020-01-19 23:57:16 - [TEST_STEP][PASSED] - rowCount = var_row: null

2020-01-19 23:57:16 - [TEST_STEP][PASSED] - var = Integer.parseInt(var_idRowRes): null

2020-01-19 23:57:16 - [TEST_STEP][PASSED] - rowNewRes = sheetNewRes.getRow(var): null

2020-01-19 23:57:16 - [TEST_STEP][PASSED] - today = new java.util.Date(): null

2020-01-19 23:57:16 - [TEST_STEP][PASSED] - todaysDate4 = today.format("dd/MM/yyyy/HH/mm"): null

2020-01-19 23:57:16 - [TEST_STEP][PASSED] - date = todaysDate4.split("/"): null

2020-01-19 23:57:16 - [TEST_STEP][PASSED] - log.logInfo(date[0]): 19

2020-01-19 23:57:16 - [MESSAGE][INFO] - 19

2020-01-19 23:57:16 - [TEST_STEP][PASSED] - log.logInfo(date[1]): 01

2020-01-19 23:57:16 - [MESSAGE][INFO] - 01

2020-01-19 23:57:16 - [TEST_STEP][PASSED] - intMesRes = Integer.parseInt(date[1]): null

2020-01-19 23:57:16 - [TEST_STEP][PASSED] - log.logInfo(intMesRes): null]]></system-out>
         <system-err><![CDATA[2020-01-19 23:57:16 - [TEST_CASE][ERROR] - Test Cases/p4p_1_newReservationBoarding: Test Cases/p4p_1_newReservationBoarding FAILED.
Reason:
groovy.lang.MissingMethodException: No signature of method: com.kms.katalon.core.logging.KeywordLogger.logInfo() is applicable for argument types: (java.lang.Integer) values: [1]
Possible solutions: logInfo(java.lang.String), logInfo(java.lang.String, java.util.Map), notify(), logError(java.lang.String)
	at p4p_1_newReservationBoarding.run(p4p_1_newReservationBoarding:54)
	at com.kms.katalon.core.main.ScriptEngine.run(ScriptEngine.java:194)
	at com.kms.katalon.core.main.ScriptEngine.runScriptAsRawText(ScriptEngine.java:119)
	at com.kms.katalon.core.main.TestCaseExecutor.runScript(TestCaseExecutor.java:337)
	at com.kms.katalon.core.main.TestCaseExecutor.doExecute(TestCaseExecutor.java:328)
	at com.kms.katalon.core.main.TestCaseExecutor.processExecutionPhase(TestCaseExecutor.java:307)
	at com.kms.katalon.core.main.TestCaseExecutor.accessMainPhase(TestCaseExecutor.java:299)
	at com.kms.katalon.core.main.TestCaseExecutor.execute(TestCaseExecutor.java:233)
	at com.kms.katalon.core.main.TestSuiteExecutor.accessTestCaseMainPhase(TestSuiteExecutor.java:169)
	at com.kms.katalon.core.main.TestSuiteExecutor.accessTestSuiteMainPhase(TestSuiteExecutor.java:142)
	at com.kms.katalon.core.main.TestSuiteExecutor.execute(TestSuiteExecutor.java:91)
	at com.kms.katalon.core.main.TestCaseMain.startTestSuite(TestCaseMain.java:157)
	at com.kms.katalon.core.main.TestCaseMain$startTestSuite$0.call(Unknown Source)
	at TempTestSuite1579499833415.run(TempTestSuite1579499833415.groovy:36)]]></system-err>
      </testcase>
      <testcase name="Test Cases/p4p_1_newReservationBoarding" time="0.101" classname="Test Cases/p4p_1_newReservationBoarding" status="ERROR">
         <error type="ERROR" message="Test Cases/p4p_1_newReservationBoarding FAILED.
Reason:
groovy.lang.MissingMethodException: No signature of method: com.kms.katalon.core.logging.KeywordLogger.logInfo() is applicable for argument types: (java.lang.Integer) values: [1]
Possible solutions: logInfo(java.lang.String), logInfo(java.lang.String, java.util.Map), notify(), logError(java.lang.String)
	at p4p_1_newReservationBoarding.run(p4p_1_newReservationBoarding:54)
	at com.kms.katalon.core.main.ScriptEngine.run(ScriptEngine.java:194)
	at com.kms.katalon.core.main.ScriptEngine.runScriptAsRawText(ScriptEngine.java:119)
	at com.kms.katalon.core.main.TestCaseExecutor.runScript(TestCaseExecutor.java:337)
	at com.kms.katalon.core.main.TestCaseExecutor.doExecute(TestCaseExecutor.java:328)
	at com.kms.katalon.core.main.TestCaseExecutor.processExecutionPhase(TestCaseExecutor.java:307)
	at com.kms.katalon.core.main.TestCaseExecutor.accessMainPhase(TestCaseExecutor.java:299)
	at com.kms.katalon.core.main.TestCaseExecutor.execute(TestCaseExecutor.java:233)
	at com.kms.katalon.core.main.TestSuiteExecutor.accessTestCaseMainPhase(TestSuiteExecutor.java:169)
	at com.kms.katalon.core.main.TestSuiteExecutor.accessTestSuiteMainPhase(TestSuiteExecutor.java:142)
	at com.kms.katalon.core.main.TestSuiteExecutor.execute(TestSuiteExecutor.java:91)
	at com.kms.katalon.core.main.TestCaseMain.startTestSuite(TestCaseMain.java:157)
	at com.kms.katalon.core.main.TestCaseMain$startTestSuite$0.call(Unknown Source)
	at TempTestSuite1579499833415.run(TempTestSuite1579499833415.groovy:36)
"/>
         <system-out><![CDATA[2020-01-19 23:57:16 - [TEST_CASE][ERROR] - Test Cases/p4p_1_newReservationBoarding: Test Cases/p4p_1_newReservationBoarding FAILED.
Reason:
groovy.lang.MissingMethodException: No signature of method: com.kms.katalon.core.logging.KeywordLogger.logInfo() is applicable for argument types: (java.lang.Integer) values: [1]
Possible solutions: logInfo(java.lang.String), logInfo(java.lang.String, java.util.Map), notify(), logError(java.lang.String)
	at p4p_1_newReservationBoarding.run(p4p_1_newReservationBoarding:54)
	at com.kms.katalon.core.main.ScriptEngine.run(ScriptEngine.java:194)
	at com.kms.katalon.core.main.ScriptEngine.runScriptAsRawText(ScriptEngine.java:119)
	at com.kms.katalon.core.main.TestCaseExecutor.runScript(TestCaseExecutor.java:337)
	at com.kms.katalon.core.main.TestCaseExecutor.doExecute(TestCaseExecutor.java:328)
	at com.kms.katalon.core.main.TestCaseExecutor.processExecutionPhase(TestCaseExecutor.java:307)
	at com.kms.katalon.core.main.TestCaseExecutor.accessMainPhase(TestCaseExecutor.java:299)
	at com.kms.katalon.core.main.TestCaseExecutor.execute(TestCaseExecutor.java:233)
	at com.kms.katalon.core.main.TestSuiteExecutor.accessTestCaseMainPhase(TestSuiteExecutor.java:169)
	at com.kms.katalon.core.main.TestSuiteExecutor.accessTestSuiteMainPhase(TestSuiteExecutor.java:142)
	at com.kms.katalon.core.main.TestSuiteExecutor.execute(TestSuiteExecutor.java:91)
	at com.kms.katalon.core.main.TestCaseMain.startTestSuite(TestCaseMain.java:157)
	at com.kms.katalon.core.main.TestCaseMain$startTestSuite$0.call(Unknown Source)
	at TempTestSuite1579499833415.run(TempTestSuite1579499833415.groovy:36)


2020-01-19 23:57:17 - [TEST_STEP][PASSED] - flagBoar = "0": null

2020-01-19 23:57:17 - [TEST_STEP][PASSED] - log = new com.kms.katalon.core.logging.KeywordLogger(): null

2020-01-19 23:57:17 - [TEST_STEP][PASSED] - fisNewRes = new java.io.FileInputStream(/home/leonardo-arkusmty/Desktop/P4P/DATA_AUTOMATINTESTING/data_1newReservationBoarding.xlsx): null

2020-01-19 23:57:17 - [TEST_STEP][PASSED] - workbookNewRes = new org.apache.poi.xssf.usermodel.XSSFWorkbook(fisNewRes): null

2020-01-19 23:57:17 - [TEST_STEP][PASSED] - sheetNewRes = workbookNewRes.getSheet("Sheet1"): null

2020-01-19 23:57:17 - [TEST_STEP][PASSED] - rowCount = var_row: null

2020-01-19 23:57:17 - [TEST_STEP][PASSED] - var = Integer.parseInt(var_idRowRes): null

2020-01-19 23:57:17 - [TEST_STEP][PASSED] - rowNewRes = sheetNewRes.getRow(var): null

2020-01-19 23:57:17 - [TEST_STEP][PASSED] - today = new java.util.Date(): null

2020-01-19 23:57:17 - [TEST_STEP][PASSED] - todaysDate4 = today.format("dd/MM/yyyy/HH/mm"): null

2020-01-19 23:57:17 - [TEST_STEP][PASSED] - date = todaysDate4.split("/"): null

2020-01-19 23:57:17 - [TEST_STEP][PASSED] - log.logInfo(date[0]): 19

2020-01-19 23:57:17 - [MESSAGE][INFO] - 19

2020-01-19 23:57:17 - [TEST_STEP][PASSED] - log.logInfo(date[1]): 01

2020-01-19 23:57:17 - [MESSAGE][INFO] - 01

2020-01-19 23:57:17 - [TEST_STEP][PASSED] - intMesRes = Integer.parseInt(date[1]): null

2020-01-19 23:57:17 - [TEST_STEP][PASSED] - log.logInfo(intMesRes): null]]></system-out>
         <system-err><![CDATA[2020-01-19 23:57:16 - [TEST_CASE][ERROR] - Test Cases/p4p_1_newReservationBoarding: Test Cases/p4p_1_newReservationBoarding FAILED.
Reason:
groovy.lang.MissingMethodException: No signature of method: com.kms.katalon.core.logging.KeywordLogger.logInfo() is applicable for argument types: (java.lang.Integer) values: [1]
Possible solutions: logInfo(java.lang.String), logInfo(java.lang.String, java.util.Map), notify(), logError(java.lang.String)
	at p4p_1_newReservationBoarding.run(p4p_1_newReservationBoarding:54)
	at com.kms.katalon.core.main.ScriptEngine.run(ScriptEngine.java:194)
	at com.kms.katalon.core.main.ScriptEngine.runScriptAsRawText(ScriptEngine.java:119)
	at com.kms.katalon.core.main.TestCaseExecutor.runScript(TestCaseExecutor.java:337)
	at com.kms.katalon.core.main.TestCaseExecutor.doExecute(TestCaseExecutor.java:328)
	at com.kms.katalon.core.main.TestCaseExecutor.processExecutionPhase(TestCaseExecutor.java:307)
	at com.kms.katalon.core.main.TestCaseExecutor.accessMainPhase(TestCaseExecutor.java:299)
	at com.kms.katalon.core.main.TestCaseExecutor.execute(TestCaseExecutor.java:233)
	at com.kms.katalon.core.main.TestSuiteExecutor.accessTestCaseMainPhase(TestSuiteExecutor.java:169)
	at com.kms.katalon.core.main.TestSuiteExecutor.accessTestSuiteMainPhase(TestSuiteExecutor.java:142)
	at com.kms.katalon.core.main.TestSuiteExecutor.execute(TestSuiteExecutor.java:91)
	at com.kms.katalon.core.main.TestCaseMain.startTestSuite(TestCaseMain.java:157)
	at com.kms.katalon.core.main.TestCaseMain$startTestSuite$0.call(Unknown Source)
	at TempTestSuite1579499833415.run(TempTestSuite1579499833415.groovy:36)]]></system-err>
      </testcase>
      <testcase name="Test Cases/p4p_1_newReservationBoarding" time="0.105" classname="Test Cases/p4p_1_newReservationBoarding" status="ERROR">
         <error type="ERROR" message="Test Cases/p4p_1_newReservationBoarding FAILED.
Reason:
groovy.lang.MissingMethodException: No signature of method: com.kms.katalon.core.logging.KeywordLogger.logInfo() is applicable for argument types: (java.lang.Integer) values: [1]
Possible solutions: logInfo(java.lang.String), logInfo(java.lang.String, java.util.Map), notify(), logError(java.lang.String)
	at p4p_1_newReservationBoarding.run(p4p_1_newReservationBoarding:54)
	at com.kms.katalon.core.main.ScriptEngine.run(ScriptEngine.java:194)
	at com.kms.katalon.core.main.ScriptEngine.runScriptAsRawText(ScriptEngine.java:119)
	at com.kms.katalon.core.main.TestCaseExecutor.runScript(TestCaseExecutor.java:337)
	at com.kms.katalon.core.main.TestCaseExecutor.doExecute(TestCaseExecutor.java:328)
	at com.kms.katalon.core.main.TestCaseExecutor.processExecutionPhase(TestCaseExecutor.java:307)
	at com.kms.katalon.core.main.TestCaseExecutor.accessMainPhase(TestCaseExecutor.java:299)
	at com.kms.katalon.core.main.TestCaseExecutor.execute(TestCaseExecutor.java:233)
	at com.kms.katalon.core.main.TestSuiteExecutor.accessTestCaseMainPhase(TestSuiteExecutor.java:169)
	at com.kms.katalon.core.main.TestSuiteExecutor.accessTestSuiteMainPhase(TestSuiteExecutor.java:142)
	at com.kms.katalon.core.main.TestSuiteExecutor.execute(TestSuiteExecutor.java:91)
	at com.kms.katalon.core.main.TestCaseMain.startTestSuite(TestCaseMain.java:157)
	at com.kms.katalon.core.main.TestCaseMain$startTestSuite$0.call(Unknown Source)
	at TempTestSuite1579499833415.run(TempTestSuite1579499833415.groovy:36)
"/>
         <system-out><![CDATA[2020-01-19 23:57:17 - [TEST_CASE][ERROR] - Test Cases/p4p_1_newReservationBoarding: Test Cases/p4p_1_newReservationBoarding FAILED.
Reason:
groovy.lang.MissingMethodException: No signature of method: com.kms.katalon.core.logging.KeywordLogger.logInfo() is applicable for argument types: (java.lang.Integer) values: [1]
Possible solutions: logInfo(java.lang.String), logInfo(java.lang.String, java.util.Map), notify(), logError(java.lang.String)
	at p4p_1_newReservationBoarding.run(p4p_1_newReservationBoarding:54)
	at com.kms.katalon.core.main.ScriptEngine.run(ScriptEngine.java:194)
	at com.kms.katalon.core.main.ScriptEngine.runScriptAsRawText(ScriptEngine.java:119)
	at com.kms.katalon.core.main.TestCaseExecutor.runScript(TestCaseExecutor.java:337)
	at com.kms.katalon.core.main.TestCaseExecutor.doExecute(TestCaseExecutor.java:328)
	at com.kms.katalon.core.main.TestCaseExecutor.processExecutionPhase(TestCaseExecutor.java:307)
	at com.kms.katalon.core.main.TestCaseExecutor.accessMainPhase(TestCaseExecutor.java:299)
	at com.kms.katalon.core.main.TestCaseExecutor.execute(TestCaseExecutor.java:233)
	at com.kms.katalon.core.main.TestSuiteExecutor.accessTestCaseMainPhase(TestSuiteExecutor.java:169)
	at com.kms.katalon.core.main.TestSuiteExecutor.accessTestSuiteMainPhase(TestSuiteExecutor.java:142)
	at com.kms.katalon.core.main.TestSuiteExecutor.execute(TestSuiteExecutor.java:91)
	at com.kms.katalon.core.main.TestCaseMain.startTestSuite(TestCaseMain.java:157)
	at com.kms.katalon.core.main.TestCaseMain$startTestSuite$0.call(Unknown Source)
	at TempTestSuite1579499833415.run(TempTestSuite1579499833415.groovy:36)


2020-01-19 23:57:17 - [TEST_STEP][PASSED] - flagBoar = "0": null

2020-01-19 23:57:17 - [TEST_STEP][PASSED] - log = new com.kms.katalon.core.logging.KeywordLogger(): null

2020-01-19 23:57:17 - [TEST_STEP][PASSED] - fisNewRes = new java.io.FileInputStream(/home/leonardo-arkusmty/Desktop/P4P/DATA_AUTOMATINTESTING/data_1newReservationBoarding.xlsx): null

2020-01-19 23:57:17 - [TEST_STEP][PASSED] - workbookNewRes = new org.apache.poi.xssf.usermodel.XSSFWorkbook(fisNewRes): null

2020-01-19 23:57:17 - [TEST_STEP][PASSED] - sheetNewRes = workbookNewRes.getSheet("Sheet1"): null

2020-01-19 23:57:17 - [TEST_STEP][PASSED] - rowCount = var_row: null

2020-01-19 23:57:17 - [TEST_STEP][PASSED] - var = Integer.parseInt(var_idRowRes): null

2020-01-19 23:57:17 - [TEST_STEP][PASSED] - rowNewRes = sheetNewRes.getRow(var): null

2020-01-19 23:57:17 - [TEST_STEP][PASSED] - today = new java.util.Date(): null

2020-01-19 23:57:17 - [TEST_STEP][PASSED] - todaysDate4 = today.format("dd/MM/yyyy/HH/mm"): null

2020-01-19 23:57:17 - [TEST_STEP][PASSED] - date = todaysDate4.split("/"): null

2020-01-19 23:57:17 - [TEST_STEP][PASSED] - log.logInfo(date[0]): 19

2020-01-19 23:57:17 - [MESSAGE][INFO] - 19

2020-01-19 23:57:17 - [TEST_STEP][PASSED] - log.logInfo(date[1]): 01

2020-01-19 23:57:17 - [MESSAGE][INFO] - 01

2020-01-19 23:57:17 - [TEST_STEP][PASSED] - intMesRes = Integer.parseInt(date[1]): null

2020-01-19 23:57:17 - [TEST_STEP][PASSED] - log.logInfo(intMesRes): null]]></system-out>
         <system-err><![CDATA[2020-01-19 23:57:17 - [TEST_CASE][ERROR] - Test Cases/p4p_1_newReservationBoarding: Test Cases/p4p_1_newReservationBoarding FAILED.
Reason:
groovy.lang.MissingMethodException: No signature of method: com.kms.katalon.core.logging.KeywordLogger.logInfo() is applicable for argument types: (java.lang.Integer) values: [1]
Possible solutions: logInfo(java.lang.String), logInfo(java.lang.String, java.util.Map), notify(), logError(java.lang.String)
	at p4p_1_newReservationBoarding.run(p4p_1_newReservationBoarding:54)
	at com.kms.katalon.core.main.ScriptEngine.run(ScriptEngine.java:194)
	at com.kms.katalon.core.main.ScriptEngine.runScriptAsRawText(ScriptEngine.java:119)
	at com.kms.katalon.core.main.TestCaseExecutor.runScript(TestCaseExecutor.java:337)
	at com.kms.katalon.core.main.TestCaseExecutor.doExecute(TestCaseExecutor.java:328)
	at com.kms.katalon.core.main.TestCaseExecutor.processExecutionPhase(TestCaseExecutor.java:307)
	at com.kms.katalon.core.main.TestCaseExecutor.accessMainPhase(TestCaseExecutor.java:299)
	at com.kms.katalon.core.main.TestCaseExecutor.execute(TestCaseExecutor.java:233)
	at com.kms.katalon.core.main.TestSuiteExecutor.accessTestCaseMainPhase(TestSuiteExecutor.java:169)
	at com.kms.katalon.core.main.TestSuiteExecutor.accessTestSuiteMainPhase(TestSuiteExecutor.java:142)
	at com.kms.katalon.core.main.TestSuiteExecutor.execute(TestSuiteExecutor.java:91)
	at com.kms.katalon.core.main.TestCaseMain.startTestSuite(TestCaseMain.java:157)
	at com.kms.katalon.core.main.TestCaseMain$startTestSuite$0.call(Unknown Source)
	at TempTestSuite1579499833415.run(TempTestSuite1579499833415.groovy:36)]]></system-err>
      </testcase>
      <testcase name="Test Cases/p4p_1_newReservationBoarding" time="0.076" classname="Test Cases/p4p_1_newReservationBoarding" status="ERROR">
         <error type="ERROR" message="Test Cases/p4p_1_newReservationBoarding FAILED.
Reason:
groovy.lang.MissingMethodException: No signature of method: com.kms.katalon.core.logging.KeywordLogger.logInfo() is applicable for argument types: (java.lang.Integer) values: [1]
Possible solutions: logInfo(java.lang.String), logInfo(java.lang.String, java.util.Map), notify(), logError(java.lang.String)
	at p4p_1_newReservationBoarding.run(p4p_1_newReservationBoarding:54)
	at com.kms.katalon.core.main.ScriptEngine.run(ScriptEngine.java:194)
	at com.kms.katalon.core.main.ScriptEngine.runScriptAsRawText(ScriptEngine.java:119)
	at com.kms.katalon.core.main.TestCaseExecutor.runScript(TestCaseExecutor.java:337)
	at com.kms.katalon.core.main.TestCaseExecutor.doExecute(TestCaseExecutor.java:328)
	at com.kms.katalon.core.main.TestCaseExecutor.processExecutionPhase(TestCaseExecutor.java:307)
	at com.kms.katalon.core.main.TestCaseExecutor.accessMainPhase(TestCaseExecutor.java:299)
	at com.kms.katalon.core.main.TestCaseExecutor.execute(TestCaseExecutor.java:233)
	at com.kms.katalon.core.main.TestSuiteExecutor.accessTestCaseMainPhase(TestSuiteExecutor.java:169)
	at com.kms.katalon.core.main.TestSuiteExecutor.accessTestSuiteMainPhase(TestSuiteExecutor.java:142)
	at com.kms.katalon.core.main.TestSuiteExecutor.execute(TestSuiteExecutor.java:91)
	at com.kms.katalon.core.main.TestCaseMain.startTestSuite(TestCaseMain.java:157)
	at com.kms.katalon.core.main.TestCaseMain$startTestSuite$0.call(Unknown Source)
	at TempTestSuite1579499833415.run(TempTestSuite1579499833415.groovy:36)
"/>
         <system-out><![CDATA[2020-01-19 23:57:17 - [TEST_CASE][ERROR] - Test Cases/p4p_1_newReservationBoarding: Test Cases/p4p_1_newReservationBoarding FAILED.
Reason:
groovy.lang.MissingMethodException: No signature of method: com.kms.katalon.core.logging.KeywordLogger.logInfo() is applicable for argument types: (java.lang.Integer) values: [1]
Possible solutions: logInfo(java.lang.String), logInfo(java.lang.String, java.util.Map), notify(), logError(java.lang.String)
	at p4p_1_newReservationBoarding.run(p4p_1_newReservationBoarding:54)
	at com.kms.katalon.core.main.ScriptEngine.run(ScriptEngine.java:194)
	at com.kms.katalon.core.main.ScriptEngine.runScriptAsRawText(ScriptEngine.java:119)
	at com.kms.katalon.core.main.TestCaseExecutor.runScript(TestCaseExecutor.java:337)
	at com.kms.katalon.core.main.TestCaseExecutor.doExecute(TestCaseExecutor.java:328)
	at com.kms.katalon.core.main.TestCaseExecutor.processExecutionPhase(TestCaseExecutor.java:307)
	at com.kms.katalon.core.main.TestCaseExecutor.accessMainPhase(TestCaseExecutor.java:299)
	at com.kms.katalon.core.main.TestCaseExecutor.execute(TestCaseExecutor.java:233)
	at com.kms.katalon.core.main.TestSuiteExecutor.accessTestCaseMainPhase(TestSuiteExecutor.java:169)
	at com.kms.katalon.core.main.TestSuiteExecutor.accessTestSuiteMainPhase(TestSuiteExecutor.java:142)
	at com.kms.katalon.core.main.TestSuiteExecutor.execute(TestSuiteExecutor.java:91)
	at com.kms.katalon.core.main.TestCaseMain.startTestSuite(TestCaseMain.java:157)
	at com.kms.katalon.core.main.TestCaseMain$startTestSuite$0.call(Unknown Source)
	at TempTestSuite1579499833415.run(TempTestSuite1579499833415.groovy:36)


2020-01-19 23:57:17 - [TEST_STEP][PASSED] - flagBoar = "0": null

2020-01-19 23:57:17 - [TEST_STEP][PASSED] - log = new com.kms.katalon.core.logging.KeywordLogger(): null

2020-01-19 23:57:17 - [TEST_STEP][PASSED] - fisNewRes = new java.io.FileInputStream(/home/leonardo-arkusmty/Desktop/P4P/DATA_AUTOMATINTESTING/data_1newReservationBoarding.xlsx): null

2020-01-19 23:57:17 - [TEST_STEP][PASSED] - workbookNewRes = new org.apache.poi.xssf.usermodel.XSSFWorkbook(fisNewRes): null

2020-01-19 23:57:17 - [TEST_STEP][PASSED] - sheetNewRes = workbookNewRes.getSheet("Sheet1"): null

2020-01-19 23:57:17 - [TEST_STEP][PASSED] - rowCount = var_row: null

2020-01-19 23:57:17 - [TEST_STEP][PASSED] - var = Integer.parseInt(var_idRowRes): null

2020-01-19 23:57:17 - [TEST_STEP][PASSED] - rowNewRes = sheetNewRes.getRow(var): null

2020-01-19 23:57:17 - [TEST_STEP][PASSED] - today = new java.util.Date(): null

2020-01-19 23:57:17 - [TEST_STEP][PASSED] - todaysDate4 = today.format("dd/MM/yyyy/HH/mm"): null

2020-01-19 23:57:17 - [TEST_STEP][PASSED] - date = todaysDate4.split("/"): null

2020-01-19 23:57:17 - [TEST_STEP][PASSED] - log.logInfo(date[0]): 19

2020-01-19 23:57:17 - [MESSAGE][INFO] - 19

2020-01-19 23:57:17 - [TEST_STEP][PASSED] - log.logInfo(date[1]): 01

2020-01-19 23:57:17 - [MESSAGE][INFO] - 01

2020-01-19 23:57:17 - [TEST_STEP][PASSED] - intMesRes = Integer.parseInt(date[1]): null

2020-01-19 23:57:17 - [TEST_STEP][PASSED] - log.logInfo(intMesRes): null]]></system-out>
         <system-err><![CDATA[2020-01-19 23:57:17 - [TEST_CASE][ERROR] - Test Cases/p4p_1_newReservationBoarding: Test Cases/p4p_1_newReservationBoarding FAILED.
Reason:
groovy.lang.MissingMethodException: No signature of method: com.kms.katalon.core.logging.KeywordLogger.logInfo() is applicable for argument types: (java.lang.Integer) values: [1]
Possible solutions: logInfo(java.lang.String), logInfo(java.lang.String, java.util.Map), notify(), logError(java.lang.String)
	at p4p_1_newReservationBoarding.run(p4p_1_newReservationBoarding:54)
	at com.kms.katalon.core.main.ScriptEngine.run(ScriptEngine.java:194)
	at com.kms.katalon.core.main.ScriptEngine.runScriptAsRawText(ScriptEngine.java:119)
	at com.kms.katalon.core.main.TestCaseExecutor.runScript(TestCaseExecutor.java:337)
	at com.kms.katalon.core.main.TestCaseExecutor.doExecute(TestCaseExecutor.java:328)
	at com.kms.katalon.core.main.TestCaseExecutor.processExecutionPhase(TestCaseExecutor.java:307)
	at com.kms.katalon.core.main.TestCaseExecutor.accessMainPhase(TestCaseExecutor.java:299)
	at com.kms.katalon.core.main.TestCaseExecutor.execute(TestCaseExecutor.java:233)
	at com.kms.katalon.core.main.TestSuiteExecutor.accessTestCaseMainPhase(TestSuiteExecutor.java:169)
	at com.kms.katalon.core.main.TestSuiteExecutor.accessTestSuiteMainPhase(TestSuiteExecutor.java:142)
	at com.kms.katalon.core.main.TestSuiteExecutor.execute(TestSuiteExecutor.java:91)
	at com.kms.katalon.core.main.TestCaseMain.startTestSuite(TestCaseMain.java:157)
	at com.kms.katalon.core.main.TestCaseMain$startTestSuite$0.call(Unknown Source)
	at TempTestSuite1579499833415.run(TempTestSuite1579499833415.groovy:36)]]></system-err>
      </testcase>
      <testcase name="Test Cases/p4p_1_newReservationBoarding" time="0.077" classname="Test Cases/p4p_1_newReservationBoarding" status="ERROR">
         <error type="ERROR" message="Test Cases/p4p_1_newReservationBoarding FAILED.
Reason:
groovy.lang.MissingMethodException: No signature of method: com.kms.katalon.core.logging.KeywordLogger.logInfo() is applicable for argument types: (java.lang.Integer) values: [1]
Possible solutions: logInfo(java.lang.String), logInfo(java.lang.String, java.util.Map), notify(), logError(java.lang.String)
	at p4p_1_newReservationBoarding.run(p4p_1_newReservationBoarding:54)
	at com.kms.katalon.core.main.ScriptEngine.run(ScriptEngine.java:194)
	at com.kms.katalon.core.main.ScriptEngine.runScriptAsRawText(ScriptEngine.java:119)
	at com.kms.katalon.core.main.TestCaseExecutor.runScript(TestCaseExecutor.java:337)
	at com.kms.katalon.core.main.TestCaseExecutor.doExecute(TestCaseExecutor.java:328)
	at com.kms.katalon.core.main.TestCaseExecutor.processExecutionPhase(TestCaseExecutor.java:307)
	at com.kms.katalon.core.main.TestCaseExecutor.accessMainPhase(TestCaseExecutor.java:299)
	at com.kms.katalon.core.main.TestCaseExecutor.execute(TestCaseExecutor.java:233)
	at com.kms.katalon.core.main.TestSuiteExecutor.accessTestCaseMainPhase(TestSuiteExecutor.java:169)
	at com.kms.katalon.core.main.TestSuiteExecutor.accessTestSuiteMainPhase(TestSuiteExecutor.java:142)
	at com.kms.katalon.core.main.TestSuiteExecutor.execute(TestSuiteExecutor.java:91)
	at com.kms.katalon.core.main.TestCaseMain.startTestSuite(TestCaseMain.java:157)
	at com.kms.katalon.core.main.TestCaseMain$startTestSuite$0.call(Unknown Source)
	at TempTestSuite1579499833415.run(TempTestSuite1579499833415.groovy:36)
"/>
         <system-out><![CDATA[2020-01-19 23:57:17 - [TEST_CASE][ERROR] - Test Cases/p4p_1_newReservationBoarding: Test Cases/p4p_1_newReservationBoarding FAILED.
Reason:
groovy.lang.MissingMethodException: No signature of method: com.kms.katalon.core.logging.KeywordLogger.logInfo() is applicable for argument types: (java.lang.Integer) values: [1]
Possible solutions: logInfo(java.lang.String), logInfo(java.lang.String, java.util.Map), notify(), logError(java.lang.String)
	at p4p_1_newReservationBoarding.run(p4p_1_newReservationBoarding:54)
	at com.kms.katalon.core.main.ScriptEngine.run(ScriptEngine.java:194)
	at com.kms.katalon.core.main.ScriptEngine.runScriptAsRawText(ScriptEngine.java:119)
	at com.kms.katalon.core.main.TestCaseExecutor.runScript(TestCaseExecutor.java:337)
	at com.kms.katalon.core.main.TestCaseExecutor.doExecute(TestCaseExecutor.java:328)
	at com.kms.katalon.core.main.TestCaseExecutor.processExecutionPhase(TestCaseExecutor.java:307)
	at com.kms.katalon.core.main.TestCaseExecutor.accessMainPhase(TestCaseExecutor.java:299)
	at com.kms.katalon.core.main.TestCaseExecutor.execute(TestCaseExecutor.java:233)
	at com.kms.katalon.core.main.TestSuiteExecutor.accessTestCaseMainPhase(TestSuiteExecutor.java:169)
	at com.kms.katalon.core.main.TestSuiteExecutor.accessTestSuiteMainPhase(TestSuiteExecutor.java:142)
	at com.kms.katalon.core.main.TestSuiteExecutor.execute(TestSuiteExecutor.java:91)
	at com.kms.katalon.core.main.TestCaseMain.startTestSuite(TestCaseMain.java:157)
	at com.kms.katalon.core.main.TestCaseMain$startTestSuite$0.call(Unknown Source)
	at TempTestSuite1579499833415.run(TempTestSuite1579499833415.groovy:36)


2020-01-19 23:57:17 - [TEST_STEP][PASSED] - flagBoar = "0": null

2020-01-19 23:57:17 - [TEST_STEP][PASSED] - log = new com.kms.katalon.core.logging.KeywordLogger(): null

2020-01-19 23:57:17 - [TEST_STEP][PASSED] - fisNewRes = new java.io.FileInputStream(/home/leonardo-arkusmty/Desktop/P4P/DATA_AUTOMATINTESTING/data_1newReservationBoarding.xlsx): null

2020-01-19 23:57:17 - [TEST_STEP][PASSED] - workbookNewRes = new org.apache.poi.xssf.usermodel.XSSFWorkbook(fisNewRes): null

2020-01-19 23:57:17 - [TEST_STEP][PASSED] - sheetNewRes = workbookNewRes.getSheet("Sheet1"): null

2020-01-19 23:57:17 - [TEST_STEP][PASSED] - rowCount = var_row: null

2020-01-19 23:57:17 - [TEST_STEP][PASSED] - var = Integer.parseInt(var_idRowRes): null

2020-01-19 23:57:17 - [TEST_STEP][PASSED] - rowNewRes = sheetNewRes.getRow(var): null

2020-01-19 23:57:17 - [TEST_STEP][PASSED] - today = new java.util.Date(): null

2020-01-19 23:57:17 - [TEST_STEP][PASSED] - todaysDate4 = today.format("dd/MM/yyyy/HH/mm"): null

2020-01-19 23:57:17 - [TEST_STEP][PASSED] - date = todaysDate4.split("/"): null

2020-01-19 23:57:17 - [TEST_STEP][PASSED] - log.logInfo(date[0]): 19

2020-01-19 23:57:17 - [MESSAGE][INFO] - 19

2020-01-19 23:57:17 - [TEST_STEP][PASSED] - log.logInfo(date[1]): 01

2020-01-19 23:57:17 - [MESSAGE][INFO] - 01

2020-01-19 23:57:17 - [TEST_STEP][PASSED] - intMesRes = Integer.parseInt(date[1]): null

2020-01-19 23:57:17 - [TEST_STEP][PASSED] - log.logInfo(intMesRes): null]]></system-out>
         <system-err><![CDATA[2020-01-19 23:57:17 - [TEST_CASE][ERROR] - Test Cases/p4p_1_newReservationBoarding: Test Cases/p4p_1_newReservationBoarding FAILED.
Reason:
groovy.lang.MissingMethodException: No signature of method: com.kms.katalon.core.logging.KeywordLogger.logInfo() is applicable for argument types: (java.lang.Integer) values: [1]
Possible solutions: logInfo(java.lang.String), logInfo(java.lang.String, java.util.Map), notify(), logError(java.lang.String)
	at p4p_1_newReservationBoarding.run(p4p_1_newReservationBoarding:54)
	at com.kms.katalon.core.main.ScriptEngine.run(ScriptEngine.java:194)
	at com.kms.katalon.core.main.ScriptEngine.runScriptAsRawText(ScriptEngine.java:119)
	at com.kms.katalon.core.main.TestCaseExecutor.runScript(TestCaseExecutor.java:337)
	at com.kms.katalon.core.main.TestCaseExecutor.doExecute(TestCaseExecutor.java:328)
	at com.kms.katalon.core.main.TestCaseExecutor.processExecutionPhase(TestCaseExecutor.java:307)
	at com.kms.katalon.core.main.TestCaseExecutor.accessMainPhase(TestCaseExecutor.java:299)
	at com.kms.katalon.core.main.TestCaseExecutor.execute(TestCaseExecutor.java:233)
	at com.kms.katalon.core.main.TestSuiteExecutor.accessTestCaseMainPhase(TestSuiteExecutor.java:169)
	at com.kms.katalon.core.main.TestSuiteExecutor.accessTestSuiteMainPhase(TestSuiteExecutor.java:142)
	at com.kms.katalon.core.main.TestSuiteExecutor.execute(TestSuiteExecutor.java:91)
	at com.kms.katalon.core.main.TestCaseMain.startTestSuite(TestCaseMain.java:157)
	at com.kms.katalon.core.main.TestCaseMain$startTestSuite$0.call(Unknown Source)
	at TempTestSuite1579499833415.run(TempTestSuite1579499833415.groovy:36)]]></system-err>
      </testcase>
      <system-out><![CDATA[2020-01-19 23:57:14 - [TEST_SUITE][ERROR] - ts_1_newReservationBoarding: Test Cases/p4p_1_newReservationBoarding FAILED.
Reason:
groovy.lang.MissingMethodException: No signature of method: com.kms.katalon.core.logging.KeywordLogger.logInfo() is applicable for argument types: (java.lang.Integer) values: [1]
Possible solutions: logInfo(java.lang.String), logInfo(java.lang.String, java.util.Map), notify(), logError(java.lang.String)
	at p4p_1_newReservationBoarding.run(p4p_1_newReservationBoarding:54)
	at com.kms.katalon.core.main.ScriptEngine.run(ScriptEngine.java:194)
	at com.kms.katalon.core.main.ScriptEngine.runScriptAsRawText(ScriptEngine.java:119)
	at com.kms.katalon.core.main.TestCaseExecutor.runScript(TestCaseExecutor.java:337)
	at com.kms.katalon.core.main.TestCaseExecutor.doExecute(TestCaseExecutor.java:328)
	at com.kms.katalon.core.main.TestCaseExecutor.processExecutionPhase(TestCaseExecutor.java:307)
	at com.kms.katalon.core.main.TestCaseExecutor.accessMainPhase(TestCaseExecutor.java:299)
	at com.kms.katalon.core.main.TestCaseExecutor.execute(TestCaseExecutor.java:233)
	at com.kms.katalon.core.main.TestSuiteExecutor.accessTestCaseMainPhase(TestSuiteExecutor.java:169)
	at com.kms.katalon.core.main.TestSuiteExecutor.accessTestSuiteMainPhase(TestSuiteExecutor.java:142)
	at com.kms.katalon.core.main.TestSuiteExecutor.execute(TestSuiteExecutor.java:91)
	at com.kms.katalon.core.main.TestCaseMain.startTestSuite(TestCaseMain.java:157)
	at com.kms.katalon.core.main.TestCaseMain$startTestSuite$0.call(Unknown Source)
	at TempTestSuite1579499833415.run(TempTestSuite1579499833415.groovy:36)]]></system-out>
      <system-err><![CDATA[2020-01-19 23:57:14 - [TEST_SUITE][ERROR] - ts_1_newReservationBoarding: Test Cases/p4p_1_newReservationBoarding FAILED.
Reason:
groovy.lang.MissingMethodException: No signature of method: com.kms.katalon.core.logging.KeywordLogger.logInfo() is applicable for argument types: (java.lang.Integer) values: [1]
Possible solutions: logInfo(java.lang.String), logInfo(java.lang.String, java.util.Map), notify(), logError(java.lang.String)
	at p4p_1_newReservationBoarding.run(p4p_1_newReservationBoarding:54)
	at com.kms.katalon.core.main.ScriptEngine.run(ScriptEngine.java:194)
	at com.kms.katalon.core.main.ScriptEngine.runScriptAsRawText(ScriptEngine.java:119)
	at com.kms.katalon.core.main.TestCaseExecutor.runScript(TestCaseExecutor.java:337)
	at com.kms.katalon.core.main.TestCaseExecutor.doExecute(TestCaseExecutor.java:328)
	at com.kms.katalon.core.main.TestCaseExecutor.processExecutionPhase(TestCaseExecutor.java:307)
	at com.kms.katalon.core.main.TestCaseExecutor.accessMainPhase(TestCaseExecutor.java:299)
	at com.kms.katalon.core.main.TestCaseExecutor.execute(TestCaseExecutor.java:233)
	at com.kms.katalon.core.main.TestSuiteExecutor.accessTestCaseMainPhase(TestSuiteExecutor.java:169)
	at com.kms.katalon.core.main.TestSuiteExecutor.accessTestSuiteMainPhase(TestSuiteExecutor.java:142)
	at com.kms.katalon.core.main.TestSuiteExecutor.execute(TestSuiteExecutor.java:91)
	at com.kms.katalon.core.main.TestCaseMain.startTestSuite(TestCaseMain.java:157)
	at com.kms.katalon.core.main.TestCaseMain$startTestSuite$0.call(Unknown Source)
	at TempTestSuite1579499833415.run(TempTestSuite1579499833415.groovy:36)]]></system-err>
   </testsuite>
</testsuites>
