<?xml version="1.0" encoding="UTF-8"?>
<testsuites name="ts_newReservationBoarding" time="1.356" tests="3" failures="0" errors="3">
   <testsuite name="ts_newReservationBoarding" tests="3" failures="0" errors="3" time="1.356" timestamp="2019-12-19 11:33:10" hostname="leonardo-arkusmty - leonardoarkusmty-Inspiron-5577" id="Test Suites/ts_newReservationBoarding">
      <properties>
         <property name="deviceName" value=""/>
         <property name="devicePlatform" value=""/>
         <property name="logFolder" value="/home/leonardo-arkusmty/Documents/workspaceKatalon/p4ptest/Reports/20191219_113309/ts_newReservationBoarding/20191219_113309"/>
         <property name="logFiles" value="/home/leonardo-arkusmty/Documents/workspaceKatalon/p4ptest/Reports/20191219_113309/ts_newReservationBoarding/20191219_113309/execution0.log"/>
         <property name="attachments" value=""/>
         <property name="hostName" value="leonardo-arkusmty - leonardoarkusmty-Inspiron-5577"/>
         <property name="hostAddress" value="127.0.1.1"/>
         <property name="os" value="Linux 64bit"/>
         <property name="katalonVersion" value="7.0.8.1"/>
      </properties>
      <testcase name="Test Cases/p4p_newReservationBoarding" time="0.439" classname="Test Cases/p4p_newReservationBoarding" status="ERROR">
         <error type="ERROR" message="Test Cases/p4p_newReservationBoarding FAILED.
Reason:
org.codehaus.groovy.control.MultipleCompilationErrorsException: startup failed:
file:/home/leonardo-arkusmty/Documents/workspaceKatalon/p4ptest/Scripts/p4p_newReservationBoarding/Script1576482987688.groovy: 594: The current scope already contains a variable of the name fosCan
 @ line 594, column 20.
   		FileOutputStream fosCan = new FileOutputStream('/home/leonardo-arkusmty/Desktop/P4P/DATA_AUTOMATINTESTING/data_2cancelReservation.xlsx')
                      ^

file:/home/leonardo-arkusmty/Documents/workspaceKatalon/p4ptest/Scripts/p4p_newReservationBoarding/Script1576482987688.groovy: 640: The current scope already contains a variable of the name fosCan
 @ line 640, column 19.
   	FileOutputStream fosCan = new FileOutputStream('/home/leonardo-arkusmty/Desktop/P4P/DATA_AUTOMATINTESTING/data_2cancelReservation.xlsx')
                     ^

2 errors

	at com.kms.katalon.core.main.ScriptEngine.getScript(ScriptEngine.java:199)
	at com.kms.katalon.core.main.ScriptEngine.run(ScriptEngine.java:194)
	at com.kms.katalon.core.main.ScriptEngine.runScriptAsRawText(ScriptEngine.java:119)
	at com.kms.katalon.core.main.TestCaseExecutor.runScript(TestCaseExecutor.java:337)
	at com.kms.katalon.core.main.TestCaseExecutor.doExecute(TestCaseExecutor.java:328)
	at com.kms.katalon.core.main.TestCaseExecutor.processExecutionPhase(TestCaseExecutor.java:307)
	at com.kms.katalon.core.main.TestCaseExecutor.accessMainPhase(TestCaseExecutor.java:299)
	at com.kms.katalon.core.main.TestCaseExecutor.execute(TestCaseExecutor.java:233)
	at com.kms.katalon.core.main.TestSuiteExecutor.accessTestCaseMainPhase(TestSuiteExecutor.java:169)
	at com.kms.katalon.core.main.TestSuiteExecutor.accessTestSuiteMainPhase(TestSuiteExecutor.java:142)
	at com.kms.katalon.core.main.TestSuiteExecutor.execute(TestSuiteExecutor.java:91)
	at com.kms.katalon.core.main.TestCaseMain.startTestSuite(TestCaseMain.java:157)
	at com.kms.katalon.core.main.TestCaseMain$startTestSuite$0.call(Unknown Source)
	at TempTestSuite1576776789156.run(TempTestSuite1576776789156.groovy:36)
"/>
         <system-out><![CDATA[2019-12-19 11:33:10 - [TEST_CASE][ERROR] - Test Cases/p4p_newReservationBoarding: Test Cases/p4p_newReservationBoarding FAILED.
Reason:
org.codehaus.groovy.control.MultipleCompilationErrorsException: startup failed:
file:/home/leonardo-arkusmty/Documents/workspaceKatalon/p4ptest/Scripts/p4p_newReservationBoarding/Script1576482987688.groovy: 594: The current scope already contains a variable of the name fosCan
 @ line 594, column 20.
   		FileOutputStream fosCan = new FileOutputStream('/home/leonardo-arkusmty/Desktop/P4P/DATA_AUTOMATINTESTING/data_2cancelReservation.xlsx')
                      ^

file:/home/leonardo-arkusmty/Documents/workspaceKatalon/p4ptest/Scripts/p4p_newReservationBoarding/Script1576482987688.groovy: 640: The current scope already contains a variable of the name fosCan
 @ line 640, column 19.
   	FileOutputStream fosCan = new FileOutputStream('/home/leonardo-arkusmty/Desktop/P4P/DATA_AUTOMATINTESTING/data_2cancelReservation.xlsx')
                     ^

2 errors

	at com.kms.katalon.core.main.ScriptEngine.getScript(ScriptEngine.java:199)
	at com.kms.katalon.core.main.ScriptEngine.run(ScriptEngine.java:194)
	at com.kms.katalon.core.main.ScriptEngine.runScriptAsRawText(ScriptEngine.java:119)
	at com.kms.katalon.core.main.TestCaseExecutor.runScript(TestCaseExecutor.java:337)
	at com.kms.katalon.core.main.TestCaseExecutor.doExecute(TestCaseExecutor.java:328)
	at com.kms.katalon.core.main.TestCaseExecutor.processExecutionPhase(TestCaseExecutor.java:307)
	at com.kms.katalon.core.main.TestCaseExecutor.accessMainPhase(TestCaseExecutor.java:299)
	at com.kms.katalon.core.main.TestCaseExecutor.execute(TestCaseExecutor.java:233)
	at com.kms.katalon.core.main.TestSuiteExecutor.accessTestCaseMainPhase(TestSuiteExecutor.java:169)
	at com.kms.katalon.core.main.TestSuiteExecutor.accessTestSuiteMainPhase(TestSuiteExecutor.java:142)
	at com.kms.katalon.core.main.TestSuiteExecutor.execute(TestSuiteExecutor.java:91)
	at com.kms.katalon.core.main.TestCaseMain.startTestSuite(TestCaseMain.java:157)
	at com.kms.katalon.core.main.TestCaseMain$startTestSuite$0.call(Unknown Source)
	at TempTestSuite1576776789156.run(TempTestSuite1576776789156.groovy:36)]]></system-out>
         <system-err><![CDATA[2019-12-19 11:33:10 - [TEST_CASE][ERROR] - Test Cases/p4p_newReservationBoarding: Test Cases/p4p_newReservationBoarding FAILED.
Reason:
org.codehaus.groovy.control.MultipleCompilationErrorsException: startup failed:
file:/home/leonardo-arkusmty/Documents/workspaceKatalon/p4ptest/Scripts/p4p_newReservationBoarding/Script1576482987688.groovy: 594: The current scope already contains a variable of the name fosCan
 @ line 594, column 20.
   		FileOutputStream fosCan = new FileOutputStream('/home/leonardo-arkusmty/Desktop/P4P/DATA_AUTOMATINTESTING/data_2cancelReservation.xlsx')
                      ^

file:/home/leonardo-arkusmty/Documents/workspaceKatalon/p4ptest/Scripts/p4p_newReservationBoarding/Script1576482987688.groovy: 640: The current scope already contains a variable of the name fosCan
 @ line 640, column 19.
   	FileOutputStream fosCan = new FileOutputStream('/home/leonardo-arkusmty/Desktop/P4P/DATA_AUTOMATINTESTING/data_2cancelReservation.xlsx')
                     ^

2 errors

	at com.kms.katalon.core.main.ScriptEngine.getScript(ScriptEngine.java:199)
	at com.kms.katalon.core.main.ScriptEngine.run(ScriptEngine.java:194)
	at com.kms.katalon.core.main.ScriptEngine.runScriptAsRawText(ScriptEngine.java:119)
	at com.kms.katalon.core.main.TestCaseExecutor.runScript(TestCaseExecutor.java:337)
	at com.kms.katalon.core.main.TestCaseExecutor.doExecute(TestCaseExecutor.java:328)
	at com.kms.katalon.core.main.TestCaseExecutor.processExecutionPhase(TestCaseExecutor.java:307)
	at com.kms.katalon.core.main.TestCaseExecutor.accessMainPhase(TestCaseExecutor.java:299)
	at com.kms.katalon.core.main.TestCaseExecutor.execute(TestCaseExecutor.java:233)
	at com.kms.katalon.core.main.TestSuiteExecutor.accessTestCaseMainPhase(TestSuiteExecutor.java:169)
	at com.kms.katalon.core.main.TestSuiteExecutor.accessTestSuiteMainPhase(TestSuiteExecutor.java:142)
	at com.kms.katalon.core.main.TestSuiteExecutor.execute(TestSuiteExecutor.java:91)
	at com.kms.katalon.core.main.TestCaseMain.startTestSuite(TestCaseMain.java:157)
	at com.kms.katalon.core.main.TestCaseMain$startTestSuite$0.call(Unknown Source)
	at TempTestSuite1576776789156.run(TempTestSuite1576776789156.groovy:36)]]></system-err>
      </testcase>
      <testcase name="Test Cases/p4p_newReservationBoarding" time="0.212" classname="Test Cases/p4p_newReservationBoarding" status="ERROR">
         <error type="ERROR" message="Test Cases/p4p_newReservationBoarding FAILED.
Reason:
org.codehaus.groovy.control.MultipleCompilationErrorsException: startup failed:
file:/home/leonardo-arkusmty/Documents/workspaceKatalon/p4ptest/Scripts/p4p_newReservationBoarding/Script1576482987688.groovy: 594: The current scope already contains a variable of the name fosCan
 @ line 594, column 20.
   		FileOutputStream fosCan = new FileOutputStream('/home/leonardo-arkusmty/Desktop/P4P/DATA_AUTOMATINTESTING/data_2cancelReservation.xlsx')
                      ^

file:/home/leonardo-arkusmty/Documents/workspaceKatalon/p4ptest/Scripts/p4p_newReservationBoarding/Script1576482987688.groovy: 640: The current scope already contains a variable of the name fosCan
 @ line 640, column 19.
   	FileOutputStream fosCan = new FileOutputStream('/home/leonardo-arkusmty/Desktop/P4P/DATA_AUTOMATINTESTING/data_2cancelReservation.xlsx')
                     ^

2 errors

	at com.kms.katalon.core.main.ScriptEngine.getScript(ScriptEngine.java:199)
	at com.kms.katalon.core.main.ScriptEngine.run(ScriptEngine.java:194)
	at com.kms.katalon.core.main.ScriptEngine.runScriptAsRawText(ScriptEngine.java:119)
	at com.kms.katalon.core.main.TestCaseExecutor.runScript(TestCaseExecutor.java:337)
	at com.kms.katalon.core.main.TestCaseExecutor.doExecute(TestCaseExecutor.java:328)
	at com.kms.katalon.core.main.TestCaseExecutor.processExecutionPhase(TestCaseExecutor.java:307)
	at com.kms.katalon.core.main.TestCaseExecutor.accessMainPhase(TestCaseExecutor.java:299)
	at com.kms.katalon.core.main.TestCaseExecutor.execute(TestCaseExecutor.java:233)
	at com.kms.katalon.core.main.TestSuiteExecutor.accessTestCaseMainPhase(TestSuiteExecutor.java:169)
	at com.kms.katalon.core.main.TestSuiteExecutor.accessTestSuiteMainPhase(TestSuiteExecutor.java:142)
	at com.kms.katalon.core.main.TestSuiteExecutor.execute(TestSuiteExecutor.java:91)
	at com.kms.katalon.core.main.TestCaseMain.startTestSuite(TestCaseMain.java:157)
	at com.kms.katalon.core.main.TestCaseMain$startTestSuite$0.call(Unknown Source)
	at TempTestSuite1576776789156.run(TempTestSuite1576776789156.groovy:36)
"/>
         <system-out><![CDATA[2019-12-19 11:33:11 - [TEST_CASE][ERROR] - Test Cases/p4p_newReservationBoarding: Test Cases/p4p_newReservationBoarding FAILED.
Reason:
org.codehaus.groovy.control.MultipleCompilationErrorsException: startup failed:
file:/home/leonardo-arkusmty/Documents/workspaceKatalon/p4ptest/Scripts/p4p_newReservationBoarding/Script1576482987688.groovy: 594: The current scope already contains a variable of the name fosCan
 @ line 594, column 20.
   		FileOutputStream fosCan = new FileOutputStream('/home/leonardo-arkusmty/Desktop/P4P/DATA_AUTOMATINTESTING/data_2cancelReservation.xlsx')
                      ^

file:/home/leonardo-arkusmty/Documents/workspaceKatalon/p4ptest/Scripts/p4p_newReservationBoarding/Script1576482987688.groovy: 640: The current scope already contains a variable of the name fosCan
 @ line 640, column 19.
   	FileOutputStream fosCan = new FileOutputStream('/home/leonardo-arkusmty/Desktop/P4P/DATA_AUTOMATINTESTING/data_2cancelReservation.xlsx')
                     ^

2 errors

	at com.kms.katalon.core.main.ScriptEngine.getScript(ScriptEngine.java:199)
	at com.kms.katalon.core.main.ScriptEngine.run(ScriptEngine.java:194)
	at com.kms.katalon.core.main.ScriptEngine.runScriptAsRawText(ScriptEngine.java:119)
	at com.kms.katalon.core.main.TestCaseExecutor.runScript(TestCaseExecutor.java:337)
	at com.kms.katalon.core.main.TestCaseExecutor.doExecute(TestCaseExecutor.java:328)
	at com.kms.katalon.core.main.TestCaseExecutor.processExecutionPhase(TestCaseExecutor.java:307)
	at com.kms.katalon.core.main.TestCaseExecutor.accessMainPhase(TestCaseExecutor.java:299)
	at com.kms.katalon.core.main.TestCaseExecutor.execute(TestCaseExecutor.java:233)
	at com.kms.katalon.core.main.TestSuiteExecutor.accessTestCaseMainPhase(TestSuiteExecutor.java:169)
	at com.kms.katalon.core.main.TestSuiteExecutor.accessTestSuiteMainPhase(TestSuiteExecutor.java:142)
	at com.kms.katalon.core.main.TestSuiteExecutor.execute(TestSuiteExecutor.java:91)
	at com.kms.katalon.core.main.TestCaseMain.startTestSuite(TestCaseMain.java:157)
	at com.kms.katalon.core.main.TestCaseMain$startTestSuite$0.call(Unknown Source)
	at TempTestSuite1576776789156.run(TempTestSuite1576776789156.groovy:36)]]></system-out>
         <system-err><![CDATA[2019-12-19 11:33:11 - [TEST_CASE][ERROR] - Test Cases/p4p_newReservationBoarding: Test Cases/p4p_newReservationBoarding FAILED.
Reason:
org.codehaus.groovy.control.MultipleCompilationErrorsException: startup failed:
file:/home/leonardo-arkusmty/Documents/workspaceKatalon/p4ptest/Scripts/p4p_newReservationBoarding/Script1576482987688.groovy: 594: The current scope already contains a variable of the name fosCan
 @ line 594, column 20.
   		FileOutputStream fosCan = new FileOutputStream('/home/leonardo-arkusmty/Desktop/P4P/DATA_AUTOMATINTESTING/data_2cancelReservation.xlsx')
                      ^

file:/home/leonardo-arkusmty/Documents/workspaceKatalon/p4ptest/Scripts/p4p_newReservationBoarding/Script1576482987688.groovy: 640: The current scope already contains a variable of the name fosCan
 @ line 640, column 19.
   	FileOutputStream fosCan = new FileOutputStream('/home/leonardo-arkusmty/Desktop/P4P/DATA_AUTOMATINTESTING/data_2cancelReservation.xlsx')
                     ^

2 errors

	at com.kms.katalon.core.main.ScriptEngine.getScript(ScriptEngine.java:199)
	at com.kms.katalon.core.main.ScriptEngine.run(ScriptEngine.java:194)
	at com.kms.katalon.core.main.ScriptEngine.runScriptAsRawText(ScriptEngine.java:119)
	at com.kms.katalon.core.main.TestCaseExecutor.runScript(TestCaseExecutor.java:337)
	at com.kms.katalon.core.main.TestCaseExecutor.doExecute(TestCaseExecutor.java:328)
	at com.kms.katalon.core.main.TestCaseExecutor.processExecutionPhase(TestCaseExecutor.java:307)
	at com.kms.katalon.core.main.TestCaseExecutor.accessMainPhase(TestCaseExecutor.java:299)
	at com.kms.katalon.core.main.TestCaseExecutor.execute(TestCaseExecutor.java:233)
	at com.kms.katalon.core.main.TestSuiteExecutor.accessTestCaseMainPhase(TestSuiteExecutor.java:169)
	at com.kms.katalon.core.main.TestSuiteExecutor.accessTestSuiteMainPhase(TestSuiteExecutor.java:142)
	at com.kms.katalon.core.main.TestSuiteExecutor.execute(TestSuiteExecutor.java:91)
	at com.kms.katalon.core.main.TestCaseMain.startTestSuite(TestCaseMain.java:157)
	at com.kms.katalon.core.main.TestCaseMain$startTestSuite$0.call(Unknown Source)
	at TempTestSuite1576776789156.run(TempTestSuite1576776789156.groovy:36)]]></system-err>
      </testcase>
      <testcase name="Test Cases/p4p_newReservationBoarding" time="0.211" classname="Test Cases/p4p_newReservationBoarding" status="ERROR">
         <error type="ERROR" message="Test Cases/p4p_newReservationBoarding FAILED.
Reason:
org.codehaus.groovy.control.MultipleCompilationErrorsException: startup failed:
file:/home/leonardo-arkusmty/Documents/workspaceKatalon/p4ptest/Scripts/p4p_newReservationBoarding/Script1576482987688.groovy: 594: The current scope already contains a variable of the name fosCan
 @ line 594, column 20.
   		FileOutputStream fosCan = new FileOutputStream('/home/leonardo-arkusmty/Desktop/P4P/DATA_AUTOMATINTESTING/data_2cancelReservation.xlsx')
                      ^

file:/home/leonardo-arkusmty/Documents/workspaceKatalon/p4ptest/Scripts/p4p_newReservationBoarding/Script1576482987688.groovy: 640: The current scope already contains a variable of the name fosCan
 @ line 640, column 19.
   	FileOutputStream fosCan = new FileOutputStream('/home/leonardo-arkusmty/Desktop/P4P/DATA_AUTOMATINTESTING/data_2cancelReservation.xlsx')
                     ^

2 errors

	at com.kms.katalon.core.main.ScriptEngine.getScript(ScriptEngine.java:199)
	at com.kms.katalon.core.main.ScriptEngine.run(ScriptEngine.java:194)
	at com.kms.katalon.core.main.ScriptEngine.runScriptAsRawText(ScriptEngine.java:119)
	at com.kms.katalon.core.main.TestCaseExecutor.runScript(TestCaseExecutor.java:337)
	at com.kms.katalon.core.main.TestCaseExecutor.doExecute(TestCaseExecutor.java:328)
	at com.kms.katalon.core.main.TestCaseExecutor.processExecutionPhase(TestCaseExecutor.java:307)
	at com.kms.katalon.core.main.TestCaseExecutor.accessMainPhase(TestCaseExecutor.java:299)
	at com.kms.katalon.core.main.TestCaseExecutor.execute(TestCaseExecutor.java:233)
	at com.kms.katalon.core.main.TestSuiteExecutor.accessTestCaseMainPhase(TestSuiteExecutor.java:169)
	at com.kms.katalon.core.main.TestSuiteExecutor.accessTestSuiteMainPhase(TestSuiteExecutor.java:142)
	at com.kms.katalon.core.main.TestSuiteExecutor.execute(TestSuiteExecutor.java:91)
	at com.kms.katalon.core.main.TestCaseMain.startTestSuite(TestCaseMain.java:157)
	at com.kms.katalon.core.main.TestCaseMain$startTestSuite$0.call(Unknown Source)
	at TempTestSuite1576776789156.run(TempTestSuite1576776789156.groovy:36)
"/>
         <system-out><![CDATA[2019-12-19 11:33:11 - [TEST_CASE][ERROR] - Test Cases/p4p_newReservationBoarding: Test Cases/p4p_newReservationBoarding FAILED.
Reason:
org.codehaus.groovy.control.MultipleCompilationErrorsException: startup failed:
file:/home/leonardo-arkusmty/Documents/workspaceKatalon/p4ptest/Scripts/p4p_newReservationBoarding/Script1576482987688.groovy: 594: The current scope already contains a variable of the name fosCan
 @ line 594, column 20.
   		FileOutputStream fosCan = new FileOutputStream('/home/leonardo-arkusmty/Desktop/P4P/DATA_AUTOMATINTESTING/data_2cancelReservation.xlsx')
                      ^

file:/home/leonardo-arkusmty/Documents/workspaceKatalon/p4ptest/Scripts/p4p_newReservationBoarding/Script1576482987688.groovy: 640: The current scope already contains a variable of the name fosCan
 @ line 640, column 19.
   	FileOutputStream fosCan = new FileOutputStream('/home/leonardo-arkusmty/Desktop/P4P/DATA_AUTOMATINTESTING/data_2cancelReservation.xlsx')
                     ^

2 errors

	at com.kms.katalon.core.main.ScriptEngine.getScript(ScriptEngine.java:199)
	at com.kms.katalon.core.main.ScriptEngine.run(ScriptEngine.java:194)
	at com.kms.katalon.core.main.ScriptEngine.runScriptAsRawText(ScriptEngine.java:119)
	at com.kms.katalon.core.main.TestCaseExecutor.runScript(TestCaseExecutor.java:337)
	at com.kms.katalon.core.main.TestCaseExecutor.doExecute(TestCaseExecutor.java:328)
	at com.kms.katalon.core.main.TestCaseExecutor.processExecutionPhase(TestCaseExecutor.java:307)
	at com.kms.katalon.core.main.TestCaseExecutor.accessMainPhase(TestCaseExecutor.java:299)
	at com.kms.katalon.core.main.TestCaseExecutor.execute(TestCaseExecutor.java:233)
	at com.kms.katalon.core.main.TestSuiteExecutor.accessTestCaseMainPhase(TestSuiteExecutor.java:169)
	at com.kms.katalon.core.main.TestSuiteExecutor.accessTestSuiteMainPhase(TestSuiteExecutor.java:142)
	at com.kms.katalon.core.main.TestSuiteExecutor.execute(TestSuiteExecutor.java:91)
	at com.kms.katalon.core.main.TestCaseMain.startTestSuite(TestCaseMain.java:157)
	at com.kms.katalon.core.main.TestCaseMain$startTestSuite$0.call(Unknown Source)
	at TempTestSuite1576776789156.run(TempTestSuite1576776789156.groovy:36)]]></system-out>
         <system-err><![CDATA[2019-12-19 11:33:11 - [TEST_CASE][ERROR] - Test Cases/p4p_newReservationBoarding: Test Cases/p4p_newReservationBoarding FAILED.
Reason:
org.codehaus.groovy.control.MultipleCompilationErrorsException: startup failed:
file:/home/leonardo-arkusmty/Documents/workspaceKatalon/p4ptest/Scripts/p4p_newReservationBoarding/Script1576482987688.groovy: 594: The current scope already contains a variable of the name fosCan
 @ line 594, column 20.
   		FileOutputStream fosCan = new FileOutputStream('/home/leonardo-arkusmty/Desktop/P4P/DATA_AUTOMATINTESTING/data_2cancelReservation.xlsx')
                      ^

file:/home/leonardo-arkusmty/Documents/workspaceKatalon/p4ptest/Scripts/p4p_newReservationBoarding/Script1576482987688.groovy: 640: The current scope already contains a variable of the name fosCan
 @ line 640, column 19.
   	FileOutputStream fosCan = new FileOutputStream('/home/leonardo-arkusmty/Desktop/P4P/DATA_AUTOMATINTESTING/data_2cancelReservation.xlsx')
                     ^

2 errors

	at com.kms.katalon.core.main.ScriptEngine.getScript(ScriptEngine.java:199)
	at com.kms.katalon.core.main.ScriptEngine.run(ScriptEngine.java:194)
	at com.kms.katalon.core.main.ScriptEngine.runScriptAsRawText(ScriptEngine.java:119)
	at com.kms.katalon.core.main.TestCaseExecutor.runScript(TestCaseExecutor.java:337)
	at com.kms.katalon.core.main.TestCaseExecutor.doExecute(TestCaseExecutor.java:328)
	at com.kms.katalon.core.main.TestCaseExecutor.processExecutionPhase(TestCaseExecutor.java:307)
	at com.kms.katalon.core.main.TestCaseExecutor.accessMainPhase(TestCaseExecutor.java:299)
	at com.kms.katalon.core.main.TestCaseExecutor.execute(TestCaseExecutor.java:233)
	at com.kms.katalon.core.main.TestSuiteExecutor.accessTestCaseMainPhase(TestSuiteExecutor.java:169)
	at com.kms.katalon.core.main.TestSuiteExecutor.accessTestSuiteMainPhase(TestSuiteExecutor.java:142)
	at com.kms.katalon.core.main.TestSuiteExecutor.execute(TestSuiteExecutor.java:91)
	at com.kms.katalon.core.main.TestCaseMain.startTestSuite(TestCaseMain.java:157)
	at com.kms.katalon.core.main.TestCaseMain$startTestSuite$0.call(Unknown Source)
	at TempTestSuite1576776789156.run(TempTestSuite1576776789156.groovy:36)]]></system-err>
      </testcase>
      <system-out><![CDATA[2019-12-19 11:33:10 - [TEST_SUITE][ERROR] - ts_newReservationBoarding: Test Cases/p4p_newReservationBoarding FAILED.
Reason:
org.codehaus.groovy.control.MultipleCompilationErrorsException: startup failed:
file:/home/leonardo-arkusmty/Documents/workspaceKatalon/p4ptest/Scripts/p4p_newReservationBoarding/Script1576482987688.groovy: 594: The current scope already contains a variable of the name fosCan
 @ line 594, column 20.
   		FileOutputStream fosCan = new FileOutputStream('/home/leonardo-arkusmty/Desktop/P4P/DATA_AUTOMATINTESTING/data_2cancelReservation.xlsx')
                      ^

file:/home/leonardo-arkusmty/Documents/workspaceKatalon/p4ptest/Scripts/p4p_newReservationBoarding/Script1576482987688.groovy: 640: The current scope already contains a variable of the name fosCan
 @ line 640, column 19.
   	FileOutputStream fosCan = new FileOutputStream('/home/leonardo-arkusmty/Desktop/P4P/DATA_AUTOMATINTESTING/data_2cancelReservation.xlsx')
                     ^

2 errors

	at com.kms.katalon.core.main.ScriptEngine.getScript(ScriptEngine.java:199)
	at com.kms.katalon.core.main.ScriptEngine.run(ScriptEngine.java:194)
	at com.kms.katalon.core.main.ScriptEngine.runScriptAsRawText(ScriptEngine.java:119)
	at com.kms.katalon.core.main.TestCaseExecutor.runScript(TestCaseExecutor.java:337)
	at com.kms.katalon.core.main.TestCaseExecutor.doExecute(TestCaseExecutor.java:328)
	at com.kms.katalon.core.main.TestCaseExecutor.processExecutionPhase(TestCaseExecutor.java:307)
	at com.kms.katalon.core.main.TestCaseExecutor.accessMainPhase(TestCaseExecutor.java:299)
	at com.kms.katalon.core.main.TestCaseExecutor.execute(TestCaseExecutor.java:233)
	at com.kms.katalon.core.main.TestSuiteExecutor.accessTestCaseMainPhase(TestSuiteExecutor.java:169)
	at com.kms.katalon.core.main.TestSuiteExecutor.accessTestSuiteMainPhase(TestSuiteExecutor.java:142)
	at com.kms.katalon.core.main.TestSuiteExecutor.execute(TestSuiteExecutor.java:91)
	at com.kms.katalon.core.main.TestCaseMain.startTestSuite(TestCaseMain.java:157)
	at com.kms.katalon.core.main.TestCaseMain$startTestSuite$0.call(Unknown Source)
	at TempTestSuite1576776789156.run(TempTestSuite1576776789156.groovy:36)]]></system-out>
      <system-err><![CDATA[2019-12-19 11:33:10 - [TEST_SUITE][ERROR] - ts_newReservationBoarding: Test Cases/p4p_newReservationBoarding FAILED.
Reason:
org.codehaus.groovy.control.MultipleCompilationErrorsException: startup failed:
file:/home/leonardo-arkusmty/Documents/workspaceKatalon/p4ptest/Scripts/p4p_newReservationBoarding/Script1576482987688.groovy: 594: The current scope already contains a variable of the name fosCan
 @ line 594, column 20.
   		FileOutputStream fosCan = new FileOutputStream('/home/leonardo-arkusmty/Desktop/P4P/DATA_AUTOMATINTESTING/data_2cancelReservation.xlsx')
                      ^

file:/home/leonardo-arkusmty/Documents/workspaceKatalon/p4ptest/Scripts/p4p_newReservationBoarding/Script1576482987688.groovy: 640: The current scope already contains a variable of the name fosCan
 @ line 640, column 19.
   	FileOutputStream fosCan = new FileOutputStream('/home/leonardo-arkusmty/Desktop/P4P/DATA_AUTOMATINTESTING/data_2cancelReservation.xlsx')
                     ^

2 errors

	at com.kms.katalon.core.main.ScriptEngine.getScript(ScriptEngine.java:199)
	at com.kms.katalon.core.main.ScriptEngine.run(ScriptEngine.java:194)
	at com.kms.katalon.core.main.ScriptEngine.runScriptAsRawText(ScriptEngine.java:119)
	at com.kms.katalon.core.main.TestCaseExecutor.runScript(TestCaseExecutor.java:337)
	at com.kms.katalon.core.main.TestCaseExecutor.doExecute(TestCaseExecutor.java:328)
	at com.kms.katalon.core.main.TestCaseExecutor.processExecutionPhase(TestCaseExecutor.java:307)
	at com.kms.katalon.core.main.TestCaseExecutor.accessMainPhase(TestCaseExecutor.java:299)
	at com.kms.katalon.core.main.TestCaseExecutor.execute(TestCaseExecutor.java:233)
	at com.kms.katalon.core.main.TestSuiteExecutor.accessTestCaseMainPhase(TestSuiteExecutor.java:169)
	at com.kms.katalon.core.main.TestSuiteExecutor.accessTestSuiteMainPhase(TestSuiteExecutor.java:142)
	at com.kms.katalon.core.main.TestSuiteExecutor.execute(TestSuiteExecutor.java:91)
	at com.kms.katalon.core.main.TestCaseMain.startTestSuite(TestCaseMain.java:157)
	at com.kms.katalon.core.main.TestCaseMain$startTestSuite$0.call(Unknown Source)
	at TempTestSuite1576776789156.run(TempTestSuite1576776789156.groovy:36)]]></system-err>
   </testsuite>
</testsuites>
