<?xml version="1.0" encoding="UTF-8"?>
<testsuites name="ts_1_newReservationBoarding" time="700.026" tests="4" failures="4" errors="0">
   <testsuite name="ts_1_newReservationBoarding" tests="4" failures="4" errors="0" time="700.026" timestamp="2020-01-16 17:44:51" hostname="leonardo-arkusmty - leonardoarkusmty-Inspiron-5577" id="Test Suites/ts_1_newReservationBoarding">
      <properties>
         <property name="deviceName" value=""/>
         <property name="devicePlatform" value=""/>
         <property name="logFolder" value="/home/leonardo-arkusmty/Documents/workspaceKatalon/p4ptest/Reports/20200116_174449/ts_1_newReservationBoarding/20200116_174449"/>
         <property name="logFiles" value="/home/leonardo-arkusmty/Documents/workspaceKatalon/p4ptest/Reports/20200116_174449/ts_1_newReservationBoarding/20200116_174449/execution0.log"/>
         <property name="attachments" value="/home/leonardo-arkusmty/Documents/workspaceKatalon/p4ptest/Reports/20200116_174449/ts_1_newReservationBoarding/20200116_174449/1579218366826.png, /home/leonardo-arkusmty/Documents/workspaceKatalon/p4ptest/Reports/20200116_174449/ts_1_newReservationBoarding/20200116_174449/1579218578452.png, /home/leonardo-arkusmty/Documents/workspaceKatalon/p4ptest/Reports/20200116_174449/ts_1_newReservationBoarding/20200116_174449/1579218788633.png, /home/leonardo-arkusmty/Documents/workspaceKatalon/p4ptest/Reports/20200116_174449/ts_1_newReservationBoarding/20200116_174449/1579218928409.png"/>
         <property name="hostName" value="leonardo-arkusmty - leonardoarkusmty-Inspiron-5577"/>
         <property name="os" value="Linux 64bit"/>
         <property name="katalonVersion" value="7.0.8.1"/>
         <property name="browser" value="Chrome 79.0.3945.88"/>
         <property name="hostAddress" value="127.0.1.1"/>
         <property name="sessionId" value="7dce957968f36ebf8f25e30eba15cf0d"/>
         <property name="seleniumVersion" value="3.141.59"/>
         <property name="proxyInformation" value="ProxyInformation{proxyOption=NO_PROXY, proxyServerType=HTTP, password=, proxyServerAddress=, proxyServerPort=0}"/>
         <property name="platform" value="Linux"/>
      </properties>
      <testcase name="Test Cases/p4p_1_newReservationBoarding" time="208.304" classname="Test Cases/p4p_1_newReservationBoarding" status="FAILED">
         <failure type="FAILED" message="Test Cases/p4p_1_newReservationBoarding FAILED.
Reason:
com.kms.katalon.core.exception.StepFailedException: Unable to get text of object 'Object Repository/obj_reservation/4_/span_requiresdeposit' (Root cause: com.kms.katalon.core.exception.StepFailedException: Unable to get text of object 'Object Repository/obj_reservation/4_/span_requiresdeposit'
	at com.kms.katalon.core.webui.keyword.internal.WebUIKeywordMain.stepFailed(WebUIKeywordMain.groovy:64)
	at com.kms.katalon.core.webui.keyword.internal.WebUIKeywordMain.runKeyword(WebUIKeywordMain.groovy:26)
	at com.kms.katalon.core.webui.keyword.builtin.GetTextKeyword.getText(GetTextKeyword.groovy:88)
	at com.kms.katalon.core.webui.keyword.builtin.GetTextKeyword.execute(GetTextKeyword.groovy:67)
	at com.kms.katalon.core.keyword.internal.KeywordExecutor.executeKeywordForPlatform(KeywordExecutor.groovy:60)
	at com.kms.katalon.core.webui.keyword.WebUiBuiltInKeywords.getText(WebUiBuiltInKeywords.groovy:874)
	at com.kms.katalon.core.webui.keyword.WebUiBuiltInKeywords$getText$4.call(Unknown Source)
	at p4p_1_newReservationBoarding.run(p4p_1_newReservationBoarding:108)
	at com.kms.katalon.core.main.ScriptEngine.run(ScriptEngine.java:194)
	at com.kms.katalon.core.main.ScriptEngine.runScriptAsRawText(ScriptEngine.java:119)
	at com.kms.katalon.core.main.TestCaseExecutor.runScript(TestCaseExecutor.java:337)
	at com.kms.katalon.core.main.TestCaseExecutor.doExecute(TestCaseExecutor.java:328)
	at com.kms.katalon.core.main.TestCaseExecutor.processExecutionPhase(TestCaseExecutor.java:307)
	at com.kms.katalon.core.main.TestCaseExecutor.accessMainPhase(TestCaseExecutor.java:299)
	at com.kms.katalon.core.main.TestCaseExecutor.execute(TestCaseExecutor.java:233)
	at com.kms.katalon.core.main.TestSuiteExecutor.accessTestCaseMainPhase(TestSuiteExecutor.java:169)
	at com.kms.katalon.core.main.TestSuiteExecutor.accessTestSuiteMainPhase(TestSuiteExecutor.java:142)
	at com.kms.katalon.core.main.TestSuiteExecutor.execute(TestSuiteExecutor.java:91)
	at com.kms.katalon.core.main.TestCaseMain.startTestSuite(TestCaseMain.java:157)
	at com.kms.katalon.core.main.TestCaseMain$startTestSuite$0.call(Unknown Source)
	at TempTestSuite1579218289966.run(TempTestSuite1579218289966.groovy:36)
Caused by: com.kms.katalon.core.webui.exception.WebElementNotFoundException: Web element with id: 'Object Repository/obj_reservation/4_/span_requiresdeposit' located by 'By.xpath: //div[@id='wrapper']/div/div/div[3]/fieldset/div/p4p-reservations-wizard/div/div[2]/div/overview/p4p-reservation-overview-section/div[2]/div/form/div[6]/div/p/span' not found
	at com.kms.katalon.core.webui.common.WebUiCommonHelper.findWebElement(WebUiCommonHelper.java:1113)
	at com.kms.katalon.core.webui.keyword.internal.WebUIAbstractKeyword.findWebElement(WebUIAbstractKeyword.groovy:27)
	at com.kms.katalon.core.webui.keyword.internal.WebUIAbstractKeyword.findWebElement(WebUIAbstractKeyword.groovy:26)
	at com.kms.katalon.core.webui.keyword.builtin.GetTextKeyword$_getText_closure1.doCall(GetTextKeyword.groovy:78)
	at com.kms.katalon.core.webui.keyword.builtin.GetTextKeyword$_getText_closure1.call(GetTextKeyword.groovy)
	at com.kms.katalon.core.webui.keyword.internal.WebUIKeywordMain.runKeyword(WebUIKeywordMain.groovy:20)
	at com.kms.katalon.core.webui.keyword.builtin.GetTextKeyword.getText(GetTextKeyword.groovy:88)
	at com.kms.katalon.core.webui.keyword.builtin.GetTextKeyword.execute(GetTextKeyword.groovy:67)
	at com.kms.katalon.core.keyword.internal.KeywordExecutor.executeKeywordForPlatform(KeywordExecutor.groovy:60)
	at com.kms.katalon.core.webui.keyword.WebUiBuiltInKeywords.getText(WebUiBuiltInKeywords.groovy:874)
	at com.kms.katalon.core.webui.keyword.WebUiBuiltInKeywords$getText$4.call(Unknown Source)
	at Script1579191965857.run(Script1579191965857.groovy:108)
	... 13 more
)
	at com.kms.katalon.core.keyword.internal.KeywordMain.stepFailed(KeywordMain.groovy:39)
	at com.kms.katalon.core.webui.keyword.internal.WebUIKeywordMain.stepFailed(WebUIKeywordMain.groovy:64)
	at com.kms.katalon.core.webui.keyword.internal.WebUIKeywordMain.runKeyword(WebUIKeywordMain.groovy:26)
	at com.kms.katalon.core.webui.keyword.builtin.GetTextKeyword.getText(GetTextKeyword.groovy:88)
	at com.kms.katalon.core.webui.keyword.builtin.GetTextKeyword.execute(GetTextKeyword.groovy:67)
	at com.kms.katalon.core.keyword.internal.KeywordExecutor.executeKeywordForPlatform(KeywordExecutor.groovy:60)
	at com.kms.katalon.core.webui.keyword.WebUiBuiltInKeywords.getText(WebUiBuiltInKeywords.groovy:874)
	at com.kms.katalon.core.webui.keyword.WebUiBuiltInKeywords$getText$4.call(Unknown Source)
	at p4p_1_newReservationBoarding.run(p4p_1_newReservationBoarding:108)
	at com.kms.katalon.core.main.ScriptEngine.run(ScriptEngine.java:194)
	at com.kms.katalon.core.main.ScriptEngine.runScriptAsRawText(ScriptEngine.java:119)
	at com.kms.katalon.core.main.TestCaseExecutor.runScript(TestCaseExecutor.java:337)
	at com.kms.katalon.core.main.TestCaseExecutor.doExecute(TestCaseExecutor.java:328)
	at com.kms.katalon.core.main.TestCaseExecutor.processExecutionPhase(TestCaseExecutor.java:307)
	at com.kms.katalon.core.main.TestCaseExecutor.accessMainPhase(TestCaseExecutor.java:299)
	at com.kms.katalon.core.main.TestCaseExecutor.execute(TestCaseExecutor.java:233)
	at com.kms.katalon.core.main.TestSuiteExecutor.accessTestCaseMainPhase(TestSuiteExecutor.java:169)
	at com.kms.katalon.core.main.TestSuiteExecutor.accessTestSuiteMainPhase(TestSuiteExecutor.java:142)
	at com.kms.katalon.core.main.TestSuiteExecutor.execute(TestSuiteExecutor.java:91)
	at com.kms.katalon.core.main.TestCaseMain.startTestSuite(TestCaseMain.java:157)
	at com.kms.katalon.core.main.TestCaseMain$startTestSuite$0.call(Unknown Source)
	at TempTestSuite1579218289966.run(TempTestSuite1579218289966.groovy:36)
Caused by: com.kms.katalon.core.exception.StepFailedException: Unable to get text of object 'Object Repository/obj_reservation/4_/span_requiresdeposit'
	... 21 more
Caused by: com.kms.katalon.core.webui.exception.WebElementNotFoundException: Web element with id: 'Object Repository/obj_reservation/4_/span_requiresdeposit' located by 'By.xpath: //div[@id='wrapper']/div/div/div[3]/fieldset/div/p4p-reservations-wizard/div/div[2]/div/overview/p4p-reservation-overview-section/div[2]/div/form/div[6]/div/p/span' not found
	at com.kms.katalon.core.webui.common.WebUiCommonHelper.findWebElement(WebUiCommonHelper.java:1113)
	at com.kms.katalon.core.webui.keyword.internal.WebUIAbstractKeyword.findWebElement(WebUIAbstractKeyword.groovy:27)
	at com.kms.katalon.core.webui.keyword.internal.WebUIAbstractKeyword.findWebElement(WebUIAbstractKeyword.groovy:26)
	at com.kms.katalon.core.webui.keyword.builtin.GetTextKeyword$_getText_closure1.doCall(GetTextKeyword.groovy:78)
	at com.kms.katalon.core.webui.keyword.builtin.GetTextKeyword$_getText_closure1.call(GetTextKeyword.groovy)
	at com.kms.katalon.core.webui.keyword.internal.WebUIKeywordMain.runKeyword(WebUIKeywordMain.groovy:20)
	... 19 more
"/>
         <system-out><![CDATA[2020-01-16 17:44:51 - [TEST_CASE][FAILED] - Test Cases/p4p_1_newReservationBoarding: Test Cases/p4p_1_newReservationBoarding FAILED.
Reason:
com.kms.katalon.core.exception.StepFailedException: Unable to get text of object 'Object Repository/obj_reservation/4_/span_requiresdeposit' (Root cause: com.kms.katalon.core.exception.StepFailedException: Unable to get text of object 'Object Repository/obj_reservation/4_/span_requiresdeposit'
	at com.kms.katalon.core.webui.keyword.internal.WebUIKeywordMain.stepFailed(WebUIKeywordMain.groovy:64)
	at com.kms.katalon.core.webui.keyword.internal.WebUIKeywordMain.runKeyword(WebUIKeywordMain.groovy:26)
	at com.kms.katalon.core.webui.keyword.builtin.GetTextKeyword.getText(GetTextKeyword.groovy:88)
	at com.kms.katalon.core.webui.keyword.builtin.GetTextKeyword.execute(GetTextKeyword.groovy:67)
	at com.kms.katalon.core.keyword.internal.KeywordExecutor.executeKeywordForPlatform(KeywordExecutor.groovy:60)
	at com.kms.katalon.core.webui.keyword.WebUiBuiltInKeywords.getText(WebUiBuiltInKeywords.groovy:874)
	at com.kms.katalon.core.webui.keyword.WebUiBuiltInKeywords$getText$4.call(Unknown Source)
	at p4p_1_newReservationBoarding.run(p4p_1_newReservationBoarding:108)
	at com.kms.katalon.core.main.ScriptEngine.run(ScriptEngine.java:194)
	at com.kms.katalon.core.main.ScriptEngine.runScriptAsRawText(ScriptEngine.java:119)
	at com.kms.katalon.core.main.TestCaseExecutor.runScript(TestCaseExecutor.java:337)
	at com.kms.katalon.core.main.TestCaseExecutor.doExecute(TestCaseExecutor.java:328)
	at com.kms.katalon.core.main.TestCaseExecutor.processExecutionPhase(TestCaseExecutor.java:307)
	at com.kms.katalon.core.main.TestCaseExecutor.accessMainPhase(TestCaseExecutor.java:299)
	at com.kms.katalon.core.main.TestCaseExecutor.execute(TestCaseExecutor.java:233)
	at com.kms.katalon.core.main.TestSuiteExecutor.accessTestCaseMainPhase(TestSuiteExecutor.java:169)
	at com.kms.katalon.core.main.TestSuiteExecutor.accessTestSuiteMainPhase(TestSuiteExecutor.java:142)
	at com.kms.katalon.core.main.TestSuiteExecutor.execute(TestSuiteExecutor.java:91)
	at com.kms.katalon.core.main.TestCaseMain.startTestSuite(TestCaseMain.java:157)
	at com.kms.katalon.core.main.TestCaseMain$startTestSuite$0.call(Unknown Source)
	at TempTestSuite1579218289966.run(TempTestSuite1579218289966.groovy:36)
Caused by: com.kms.katalon.core.webui.exception.WebElementNotFoundException: Web element with id: 'Object Repository/obj_reservation/4_/span_requiresdeposit' located by 'By.xpath: //div[@id='wrapper']/div/div/div[3]/fieldset/div/p4p-reservations-wizard/div/div[2]/div/overview/p4p-reservation-overview-section/div[2]/div/form/div[6]/div/p/span' not found
	at com.kms.katalon.core.webui.common.WebUiCommonHelper.findWebElement(WebUiCommonHelper.java:1113)
	at com.kms.katalon.core.webui.keyword.internal.WebUIAbstractKeyword.findWebElement(WebUIAbstractKeyword.groovy:27)
	at com.kms.katalon.core.webui.keyword.internal.WebUIAbstractKeyword.findWebElement(WebUIAbstractKeyword.groovy:26)
	at com.kms.katalon.core.webui.keyword.builtin.GetTextKeyword$_getText_closure1.doCall(GetTextKeyword.groovy:78)
	at com.kms.katalon.core.webui.keyword.builtin.GetTextKeyword$_getText_closure1.call(GetTextKeyword.groovy)
	at com.kms.katalon.core.webui.keyword.internal.WebUIKeywordMain.runKeyword(WebUIKeywordMain.groovy:20)
	at com.kms.katalon.core.webui.keyword.builtin.GetTextKeyword.getText(GetTextKeyword.groovy:88)
	at com.kms.katalon.core.webui.keyword.builtin.GetTextKeyword.execute(GetTextKeyword.groovy:67)
	at com.kms.katalon.core.keyword.internal.KeywordExecutor.executeKeywordForPlatform(KeywordExecutor.groovy:60)
	at com.kms.katalon.core.webui.keyword.WebUiBuiltInKeywords.getText(WebUiBuiltInKeywords.groovy:874)
	at com.kms.katalon.core.webui.keyword.WebUiBuiltInKeywords$getText$4.call(Unknown Source)
	at Script1579191965857.run(Script1579191965857.groovy:108)
	... 13 more
)
	at com.kms.katalon.core.keyword.internal.KeywordMain.stepFailed(KeywordMain.groovy:39)
	at com.kms.katalon.core.webui.keyword.internal.WebUIKeywordMain.stepFailed(WebUIKeywordMain.groovy:64)
	at com.kms.katalon.core.webui.keyword.internal.WebUIKeywordMain.runKeyword(WebUIKeywordMain.groovy:26)
	at com.kms.katalon.core.webui.keyword.builtin.GetTextKeyword.getText(GetTextKeyword.groovy:88)
	at com.kms.katalon.core.webui.keyword.builtin.GetTextKeyword.execute(GetTextKeyword.groovy:67)
	at com.kms.katalon.core.keyword.internal.KeywordExecutor.executeKeywordForPlatform(KeywordExecutor.groovy:60)
	at com.kms.katalon.core.webui.keyword.WebUiBuiltInKeywords.getText(WebUiBuiltInKeywords.groovy:874)
	at com.kms.katalon.core.webui.keyword.WebUiBuiltInKeywords$getText$4.call(Unknown Source)
	at p4p_1_newReservationBoarding.run(p4p_1_newReservationBoarding:108)
	at com.kms.katalon.core.main.ScriptEngine.run(ScriptEngine.java:194)
	at com.kms.katalon.core.main.ScriptEngine.runScriptAsRawText(ScriptEngine.java:119)
	at com.kms.katalon.core.main.TestCaseExecutor.runScript(TestCaseExecutor.java:337)
	at com.kms.katalon.core.main.TestCaseExecutor.doExecute(TestCaseExecutor.java:328)
	at com.kms.katalon.core.main.TestCaseExecutor.processExecutionPhase(TestCaseExecutor.java:307)
	at com.kms.katalon.core.main.TestCaseExecutor.accessMainPhase(TestCaseExecutor.java:299)
	at com.kms.katalon.core.main.TestCaseExecutor.execute(TestCaseExecutor.java:233)
	at com.kms.katalon.core.main.TestSuiteExecutor.accessTestCaseMainPhase(TestSuiteExecutor.java:169)
	at com.kms.katalon.core.main.TestSuiteExecutor.accessTestSuiteMainPhase(TestSuiteExecutor.java:142)
	at com.kms.katalon.core.main.TestSuiteExecutor.execute(TestSuiteExecutor.java:91)
	at com.kms.katalon.core.main.TestCaseMain.startTestSuite(TestCaseMain.java:157)
	at com.kms.katalon.core.main.TestCaseMain$startTestSuite$0.call(Unknown Source)
	at TempTestSuite1579218289966.run(TempTestSuite1579218289966.groovy:36)
Caused by: com.kms.katalon.core.exception.StepFailedException: Unable to get text of object 'Object Repository/obj_reservation/4_/span_requiresdeposit'
	... 21 more
Caused by: com.kms.katalon.core.webui.exception.WebElementNotFoundException: Web element with id: 'Object Repository/obj_reservation/4_/span_requiresdeposit' located by 'By.xpath: //div[@id='wrapper']/div/div/div[3]/fieldset/div/p4p-reservations-wizard/div/div[2]/div/overview/p4p-reservation-overview-section/div[2]/div/form/div[6]/div/p/span' not found
	at com.kms.katalon.core.webui.common.WebUiCommonHelper.findWebElement(WebUiCommonHelper.java:1113)
	at com.kms.katalon.core.webui.keyword.internal.WebUIAbstractKeyword.findWebElement(WebUIAbstractKeyword.groovy:27)
	at com.kms.katalon.core.webui.keyword.internal.WebUIAbstractKeyword.findWebElement(WebUIAbstractKeyword.groovy:26)
	at com.kms.katalon.core.webui.keyword.builtin.GetTextKeyword$_getText_closure1.doCall(GetTextKeyword.groovy:78)
	at com.kms.katalon.core.webui.keyword.builtin.GetTextKeyword$_getText_closure1.call(GetTextKeyword.groovy)
	at com.kms.katalon.core.webui.keyword.internal.WebUIKeywordMain.runKeyword(WebUIKeywordMain.groovy:20)
	... 19 more


2020-01-16 17:44:52 - [TEST_STEP][PASSED] - flagBoar = "0": null

2020-01-16 17:44:52 - [TEST_STEP][PASSED] - log = new com.kms.katalon.core.logging.KeywordLogger(): null

2020-01-16 17:44:52 - [TEST_STEP][PASSED] - fisNewRes = new java.io.FileInputStream(/home/leonardo-arkusmty/Desktop/P4P/DATA_AUTOMATINTESTING/data_1newReservationBoarding.xlsx): null

2020-01-16 17:44:52 - [TEST_STEP][PASSED] - fisInv = new java.io.FileInputStream(/home/leonardo-arkusmty/Desktop/P4P/DATA_AUTOMATINTESTING/data_3Invoices.xlsx): null

2020-01-16 17:44:52 - [TEST_STEP][PASSED] - workbookNewRes = new org.apache.poi.xssf.usermodel.XSSFWorkbook(fisNewRes): null

2020-01-16 17:44:52 - [TEST_STEP][PASSED] - workbookInv = new org.apache.poi.xssf.usermodel.XSSFWorkbook(fisInv): null

2020-01-16 17:44:52 - [TEST_STEP][PASSED] - sheetNewRes = workbookNewRes.getSheet("Sheet1"): null

2020-01-16 17:44:52 - [TEST_STEP][PASSED] - sheetInv = workbookInv.getSheet("Sheet1"): null

2020-01-16 17:44:52 - [TEST_STEP][PASSED] - rowCount = var_row: null

2020-01-16 17:44:52 - [TEST_STEP][PASSED] - var = Integer.parseInt(var_idRowRes): null

2020-01-16 17:44:52 - [TEST_STEP][PASSED] - rowNewRes = sheetNewRes.getRow(var): null

2020-01-16 17:44:52 - [TEST_STEP][PASSED] - rowInv = sheetInv.getRow(var): null

2020-01-16 17:44:52 - [TEST_STEP][PASSED] - today = new java.util.Date(): null

2020-01-16 17:44:52 - [TEST_STEP][PASSED] - todaysDate1 = today.format("yyyy"): null

2020-01-16 17:44:52 - [TEST_STEP][PASSED] - todaysDate2 = today.format("mm"): null

2020-01-16 17:44:52 - [TEST_STEP][PASSED] - todaysDate3 = today.format("dd"): null

2020-01-16 17:44:52 - [TEST_STEP][PASSED] - todaysDate4 = today.format("mmm/dd/yyyy"): null

2020-01-16 17:44:52 - [TEST_STEP][PASSED] - todaysDate5 = today.format("dd/mm/yyyy"): null

2020-01-16 17:44:52 - [TEST_STEP][PASSED] - nowTime = today.format("hhmm"): null

2020-01-16 17:44:52 - [TEST_STEP][PASSED] - dateCI = var_checkinD.split(","): null

2020-01-16 17:44:52 - [TEST_STEP][PASSED] - dateCO = var_checkoutD.split(","): null

2020-01-16 17:44:52 - [TEST_STEP][PASSED] - arryPets = var_pets.split(","): null

2020-01-16 17:44:52 - [TEST_STEP][PASSED] - openBrowser("https://p4p-qa-bg.aws.paradise4paws.com/login/"): Browser is opened with url: 'https://p4p-qa-bg.aws.paradise4paws.com/login/'

2020-01-16 17:44:52 - [MESSAGE][INFO] - Starting 'Chrome' driver

2020-01-16 17:44:52 - [MESSAGE][INFO] - Action delay is set to 0 seconds

2020-01-16 17:44:56 - [MESSAGE][PASSED] - Browser is opened with url: 'https://p4p-qa-bg.aws.paradise4paws.com/login/'

2020-01-16 17:44:56 - [TEST_STEP][PASSED] - maximizeWindow(): Current window maximized

2020-01-16 17:44:56 - [MESSAGE][PASSED] - Current window maximized

2020-01-16 17:44:56 - [TEST_STEP][PASSED] - setText(findTestObject("obj_login/input_user"), var_user): Text 'jegchavez@gmail.com' is set on object 'Object Repository/obj_login/input_user'

2020-01-16 17:44:56 - [MESSAGE][PASSED] - Text 'jegchavez@gmail.com' is set on object 'Object Repository/obj_login/input_user'

2020-01-16 17:44:56 - [TEST_STEP][PASSED] - setText(findTestObject("obj_login/input_pass"), var_pass): Text 'admin1' is set on object 'Object Repository/obj_login/input_pass'

2020-01-16 17:44:57 - [MESSAGE][PASSED] - Text 'admin1' is set on object 'Object Repository/obj_login/input_pass'

2020-01-16 17:44:57 - [TEST_STEP][PASSED] - delay(1): Delayed 1 second(s)

2020-01-16 17:44:58 - [MESSAGE][PASSED] - Delayed 1 second(s)

2020-01-16 17:44:58 - [TEST_STEP][PASSED] - verifyElementClickable(findTestObject("obj_login/btn_login")): Object 'Object Repository/obj_login/btn_login' is clickable

2020-01-16 17:44:58 - [MESSAGE][PASSED] - Object 'Object Repository/obj_login/btn_login' is clickable

2020-01-16 17:44:58 - [TEST_STEP][PASSED] - click(findTestObject("obj_login/btn_login")): Object: 'Object Repository/obj_login/btn_login' is clicked on

2020-01-16 17:44:59 - [MESSAGE][PASSED] - Object: 'Object Repository/obj_login/btn_login' is clicked on

2020-01-16 17:44:59 - [TEST_STEP][PASSED] - setText(findTestObject("obj_dashboard_emp/input_search"), var_searchParent): Text 'katalon 1' is set on object 'Object Repository/obj_dashboard_emp/input_search'

2020-01-16 17:45:01 - [MESSAGE][PASSED] - Text 'katalon 1' is set on object 'Object Repository/obj_dashboard_emp/input_search'

2020-01-16 17:45:01 - [TEST_STEP][PASSED] - click(findTestObject("obj_dashboard_emp/btn_accountSearch")): Object: 'Object Repository/obj_dashboard_emp/btn_accountSearch' is clicked on

2020-01-16 17:45:01 - [MESSAGE][PASSED] - Object: 'Object Repository/obj_dashboard_emp/btn_accountSearch' is clicked on

2020-01-16 17:45:01 - [TEST_STEP][PASSED] - click(findTestObject("obj_accountInformation/a_TEST GABRIEL PROD")): Object: 'Object Repository/obj_accountInformation/a_TEST GABRIEL PROD' is clicked on

2020-01-16 17:45:03 - [MESSAGE][PASSED] - Object: 'Object Repository/obj_accountInformation/a_TEST GABRIEL PROD' is clicked on

2020-01-16 17:45:03 - [TEST_STEP][PASSED] - click(findTestObject("obj_profile/a_addReservation")): Object: 'Object Repository/obj_profile/a_addReservation' is clicked on

2020-01-16 17:45:07 - [MESSAGE][PASSED] - Object: 'Object Repository/obj_profile/a_addReservation' is clicked on

2020-01-16 17:45:07 - [TEST_STEP][PASSED] - click(findTestObject("obj_reservation/4_/btn_Boarding")): Object: 'Object Repository/obj_reservation/4_/btn_Boarding' is clicked on

2020-01-16 17:45:08 - [MESSAGE][PASSED] - Object: 'Object Repository/obj_reservation/4_/btn_Boarding' is clicked on

2020-01-16 17:45:08 - [TEST_STEP][PASSED] - flagBoar = "1": null

2020-01-16 17:45:08 - [TEST_STEP][PASSED] - click(findTestObject("obj_reservation/4_/i_location")): Object: 'Object Repository/obj_reservation/4_/i_location' is clicked on

2020-01-16 17:45:11 - [MESSAGE][PASSED] - Object: 'Object Repository/obj_reservation/4_/i_location' is clicked on

2020-01-16 17:45:11 - [TEST_STEP][PASSED] - click(findTestObject("obj_reservation/2_facility/i_" + var_idFacility + "_facility")): Object: 'Object Repository/obj_reservation/2_facility/i_3_facility' is clicked on

2020-01-16 17:45:11 - [MESSAGE][PASSED] - Object: 'Object Repository/obj_reservation/2_facility/i_3_facility' is clicked on

2020-01-16 17:45:11 - [TEST_STEP][PASSED] - click(findTestObject("obj_reservation/4_/dateCheckIn")): Object: 'Object Repository/obj_reservation/4_/dateCheckIn' is clicked on

2020-01-16 17:45:14 - [MESSAGE][PASSED] - Object: 'Object Repository/obj_reservation/4_/dateCheckIn' is clicked on

2020-01-16 17:45:14 - [TEST_STEP][PASSED] - click(findTestObject("obj_reservation/3_date2020/0120/CI/button_" + dateCI[0] + "01_ci")): Object: 'Object Repository/obj_reservation/3_date2020/0120/CI/button_2701_ci' is clicked on

2020-01-16 17:45:15 - [MESSAGE][PASSED] - Object: 'Object Repository/obj_reservation/3_date2020/0120/CI/button_2701_ci' is clicked on

2020-01-16 17:45:15 - [TEST_STEP][PASSED] - if (flagBoar == "1"): Object: 'Object Repository/obj_reservation/3_date2020/0120/CO/button_2801_co' is clicked on

2020-01-16 17:45:15 - [TEST_STEP][PASSED] - click(findTestObject("obj_reservation/4_/dateCheckOut")): Object: 'Object Repository/obj_reservation/4_/dateCheckOut' is clicked on

2020-01-16 17:45:16 - [MESSAGE][PASSED] - Object: 'Object Repository/obj_reservation/4_/dateCheckOut' is clicked on

2020-01-16 17:45:16 - [TEST_STEP][PASSED] - click(findTestObject("obj_reservation/3_date2020/0120/CO/button_" + dateCO[0] + "01_co")): Object: 'Object Repository/obj_reservation/3_date2020/0120/CO/button_2801_co' is clicked on

2020-01-16 17:45:17 - [MESSAGE][PASSED] - Object: 'Object Repository/obj_reservation/3_date2020/0120/CO/button_2801_co' is clicked on

2020-01-16 17:45:17 - [TEST_STEP][PASSED] - if (var_checkinT.size() == 1): null

2020-01-16 17:45:17 - [TEST_STEP][PASSED] - if (var_checkinT.size() == 2): null

2020-01-16 17:45:17 - [TEST_STEP][PASSED] - if (var_checkinT.size() == 3): null

2020-01-16 17:45:17 - [TEST_STEP][PASSED] - var_checkinT = "0" + var_checkinT: null

2020-01-16 17:45:17 - [TEST_STEP][PASSED] - click(findTestObject("obj_reservation/4_/timeCheckin")): Object: 'Object Repository/obj_reservation/4_/timeCheckin' is clicked on

2020-01-16 17:45:18 - [MESSAGE][PASSED] - Object: 'Object Repository/obj_reservation/4_/timeCheckin' is clicked on

2020-01-16 17:45:18 - [TEST_STEP][PASSED] - click(findTestObject("obj_reservation/0_horas/CI/time_" + var_checkinT + "_ci")): Object: 'Object Repository/obj_reservation/0_horas/CI/time_0800_ci' is clicked on

2020-01-16 17:45:19 - [MESSAGE][PASSED] - Object: 'Object Repository/obj_reservation/0_horas/CI/time_0800_ci' is clicked on

2020-01-16 17:45:19 - [TEST_STEP][PASSED] - click(findTestObject("obj_reservation/4_/timeCheckOut")): Object: 'Object Repository/obj_reservation/4_/timeCheckOut' is clicked on

2020-01-16 17:45:20 - [MESSAGE][PASSED] - Object: 'Object Repository/obj_reservation/4_/timeCheckOut' is clicked on

2020-01-16 17:45:20 - [TEST_STEP][PASSED] - click(findTestObject("obj_reservation/0_horas/CO/time_" + var_checkoutT + "_co")): Object: 'Object Repository/obj_reservation/0_horas/CO/time_1130_co' is clicked on

2020-01-16 17:45:20 - [MESSAGE][PASSED] - Object: 'Object Repository/obj_reservation/0_horas/CO/time_1130_co' is clicked on

2020-01-16 17:45:20 - [TEST_STEP][PASSED] - if (arryPets.size() == 1): Object: 'Object Repository/obj_reservation/P4P_5/div_Ares' is clicked on

2020-01-16 17:45:20 - [TEST_STEP][PASSED] - click(findTestObject("obj_reservation/P4P_5/div_Ares")): Object: 'Object Repository/obj_reservation/P4P_5/div_Ares' is clicked on

2020-01-16 17:45:21 - [MESSAGE][PASSED] - Object: 'Object Repository/obj_reservation/P4P_5/div_Ares' is clicked on

2020-01-16 17:45:21 - [TEST_STEP][FAILED] - stringDeposit = getText(findTestObject("obj_reservation/4_/span_requiresdeposit"), CONTINUE_ON_FAILURE): Unable to get text of object 'Object Repository/obj_reservation/4_/span_requiresdeposit' (Root cause: com.kms.katalon.core.exception.StepFailedException: Unable to get text of object 'Object Repository/obj_reservation/4_/span_requiresdeposit'
	at com.kms.katalon.core.webui.keyword.internal.WebUIKeywordMain.stepFailed(WebUIKeywordMain.groovy:64)
	at com.kms.katalon.core.webui.keyword.internal.WebUIKeywordMain.runKeyword(WebUIKeywordMain.groovy:26)
	at com.kms.katalon.core.webui.keyword.builtin.GetTextKeyword.getText(GetTextKeyword.groovy:88)
	at com.kms.katalon.core.webui.keyword.builtin.GetTextKeyword.execute(GetTextKeyword.groovy:67)
	at com.kms.katalon.core.keyword.internal.KeywordExecutor.executeKeywordForPlatform(KeywordExecutor.groovy:60)
	at com.kms.katalon.core.webui.keyword.WebUiBuiltInKeywords.getText(WebUiBuiltInKeywords.groovy:874)
	at com.kms.katalon.core.webui.keyword.WebUiBuiltInKeywords$getText$4.call(Unknown Source)
	at p4p_1_newReservationBoarding.run(p4p_1_newReservationBoarding:108)
	at com.kms.katalon.core.main.ScriptEngine.run(ScriptEngine.java:194)
	at com.kms.katalon.core.main.ScriptEngine.runScriptAsRawText(ScriptEngine.java:119)
	at com.kms.katalon.core.main.TestCaseExecutor.runScript(TestCaseExecutor.java:337)
	at com.kms.katalon.core.main.TestCaseExecutor.doExecute(TestCaseExecutor.java:328)
	at com.kms.katalon.core.main.TestCaseExecutor.processExecutionPhase(TestCaseExecutor.java:307)
	at com.kms.katalon.core.main.TestCaseExecutor.accessMainPhase(TestCaseExecutor.java:299)
	at com.kms.katalon.core.main.TestCaseExecutor.execute(TestCaseExecutor.java:233)
	at com.kms.katalon.core.main.TestSuiteExecutor.accessTestCaseMainPhase(TestSuiteExecutor.java:169)
	at com.kms.katalon.core.main.TestSuiteExecutor.accessTestSuiteMainPhase(TestSuiteExecutor.java:142)
	at com.kms.katalon.core.main.TestSuiteExecutor.execute(TestSuiteExecutor.java:91)
	at com.kms.katalon.core.main.TestCaseMain.startTestSuite(TestCaseMain.java:157)
	at com.kms.katalon.core.main.TestCaseMain$startTestSuite$0.call(Unknown Source)
	at TempTestSuite1579218289966.run(TempTestSuite1579218289966.groovy:36)
Caused by: com.kms.katalon.core.webui.exception.WebElementNotFoundException: Web element with id: 'Object Repository/obj_reservation/4_/span_requiresdeposit' located by 'By.xpath: //div[@id='wrapper']/div/div/div[3]/fieldset/div/p4p-reservations-wizard/div/div[2]/div/overview/p4p-reservation-overview-section/div[2]/div/form/div[6]/div/p/span' not found
	at com.kms.katalon.core.webui.common.WebUiCommonHelper.findWebElement(WebUiCommonHelper.java:1113)
	at com.kms.katalon.core.webui.keyword.internal.WebUIAbstractKeyword.findWebElement(WebUIAbstractKeyword.groovy:27)
	at com.kms.katalon.core.webui.keyword.internal.WebUIAbstractKeyword.findWebElement(WebUIAbstractKeyword.groovy:26)
	at com.kms.katalon.core.webui.keyword.builtin.GetTextKeyword$_getText_closure1.doCall(GetTextKeyword.groovy:78)
	at com.kms.katalon.core.webui.keyword.builtin.GetTextKeyword$_getText_closure1.call(GetTextKeyword.groovy)
	at com.kms.katalon.core.webui.keyword.internal.WebUIKeywordMain.runKeyword(WebUIKeywordMain.groovy:20)
	at com.kms.katalon.core.webui.keyword.builtin.GetTextKeyword.getText(GetTextKeyword.groovy:88)
	at com.kms.katalon.core.webui.keyword.builtin.GetTextKeyword.execute(GetTextKeyword.groovy:67)
	at com.kms.katalon.core.keyword.internal.KeywordExecutor.executeKeywordForPlatform(KeywordExecutor.groovy:60)
	at com.kms.katalon.core.webui.keyword.WebUiBuiltInKeywords.getText(WebUiBuiltInKeywords.groovy:874)
	at com.kms.katalon.core.webui.keyword.WebUiBuiltInKeywords$getText$4.call(Unknown Source)
	at Script1579191965857.run(Script1579191965857.groovy:108)
	... 13 more
)

2020-01-16 17:46:06 - [MESSAGE][INFO] - Unable to find the element located by 'By.xpath: //div[@id='wrapper']/div/div/div[3]/fieldset/div/p4p-reservations-wizard/div/div[2]/div/overview/p4p-reservation-overview-section/div[2]/div/form/div[6]/div/p/span'. Please recheck the objects properties to make sure the desired element is located. 

2020-01-16 17:46:07 - [MESSAGE][FAILED] - Unable to get text of object 'Object Repository/obj_reservation/4_/span_requiresdeposit' (Root cause: com.kms.katalon.core.exception.StepFailedException: Unable to get text of object 'Object Repository/obj_reservation/4_/span_requiresdeposit'
	at com.kms.katalon.core.webui.keyword.internal.WebUIKeywordMain.stepFailed(WebUIKeywordMain.groovy:64)
	at com.kms.katalon.core.webui.keyword.internal.WebUIKeywordMain.runKeyword(WebUIKeywordMain.groovy:26)
	at com.kms.katalon.core.webui.keyword.builtin.GetTextKeyword.getText(GetTextKeyword.groovy:88)
	at com.kms.katalon.core.webui.keyword.builtin.GetTextKeyword.execute(GetTextKeyword.groovy:67)
	at com.kms.katalon.core.keyword.internal.KeywordExecutor.executeKeywordForPlatform(KeywordExecutor.groovy:60)
	at com.kms.katalon.core.webui.keyword.WebUiBuiltInKeywords.getText(WebUiBuiltInKeywords.groovy:874)
	at com.kms.katalon.core.webui.keyword.WebUiBuiltInKeywords$getText$4.call(Unknown Source)
	at p4p_1_newReservationBoarding.run(p4p_1_newReservationBoarding:108)
	at com.kms.katalon.core.main.ScriptEngine.run(ScriptEngine.java:194)
	at com.kms.katalon.core.main.ScriptEngine.runScriptAsRawText(ScriptEngine.java:119)
	at com.kms.katalon.core.main.TestCaseExecutor.runScript(TestCaseExecutor.java:337)
	at com.kms.katalon.core.main.TestCaseExecutor.doExecute(TestCaseExecutor.java:328)
	at com.kms.katalon.core.main.TestCaseExecutor.processExecutionPhase(TestCaseExecutor.java:307)
	at com.kms.katalon.core.main.TestCaseExecutor.accessMainPhase(TestCaseExecutor.java:299)
	at com.kms.katalon.core.main.TestCaseExecutor.execute(TestCaseExecutor.java:233)
	at com.kms.katalon.core.main.TestSuiteExecutor.accessTestCaseMainPhase(TestSuiteExecutor.java:169)
	at com.kms.katalon.core.main.TestSuiteExecutor.accessTestSuiteMainPhase(TestSuiteExecutor.java:142)
	at com.kms.katalon.core.main.TestSuiteExecutor.execute(TestSuiteExecutor.java:91)
	at com.kms.katalon.core.main.TestCaseMain.startTestSuite(TestCaseMain.java:157)
	at com.kms.katalon.core.main.TestCaseMain$startTestSuite$0.call(Unknown Source)
	at TempTestSuite1579218289966.run(TempTestSuite1579218289966.groovy:36)
Caused by: com.kms.katalon.core.webui.exception.WebElementNotFoundException: Web element with id: 'Object Repository/obj_reservation/4_/span_requiresdeposit' located by 'By.xpath: //div[@id='wrapper']/div/div/div[3]/fieldset/div/p4p-reservations-wizard/div/div[2]/div/overview/p4p-reservation-overview-section/div[2]/div/form/div[6]/div/p/span' not found
	at com.kms.katalon.core.webui.common.WebUiCommonHelper.findWebElement(WebUiCommonHelper.java:1113)
	at com.kms.katalon.core.webui.keyword.internal.WebUIAbstractKeyword.findWebElement(WebUIAbstractKeyword.groovy:27)
	at com.kms.katalon.core.webui.keyword.internal.WebUIAbstractKeyword.findWebElement(WebUIAbstractKeyword.groovy:26)
	at com.kms.katalon.core.webui.keyword.builtin.GetTextKeyword$_getText_closure1.doCall(GetTextKeyword.groovy:78)
	at com.kms.katalon.core.webui.keyword.builtin.GetTextKeyword$_getText_closure1.call(GetTextKeyword.groovy)
	at com.kms.katalon.core.webui.keyword.internal.WebUIKeywordMain.runKeyword(WebUIKeywordMain.groovy:20)
	at com.kms.katalon.core.webui.keyword.builtin.GetTextKeyword.getText(GetTextKeyword.groovy:88)
	at com.kms.katalon.core.webui.keyword.builtin.GetTextKeyword.execute(GetTextKeyword.groovy:67)
	at com.kms.katalon.core.keyword.internal.KeywordExecutor.executeKeywordForPlatform(KeywordExecutor.groovy:60)
	at com.kms.katalon.core.webui.keyword.WebUiBuiltInKeywords.getText(WebUiBuiltInKeywords.groovy:874)
	at com.kms.katalon.core.webui.keyword.WebUiBuiltInKeywords$getText$4.call(Unknown Source)
	at Script1579191965857.run(Script1579191965857.groovy:108)
	... 13 more
)
[[ATTACHMENT|/home/leonardo-arkusmty/Documents/workspaceKatalon/p4ptest/Reports/20200116_174449/ts_1_newReservationBoarding/20200116_174449/1579218366826.png]]

2020-01-16 17:46:07 - [TEST_STEP][PASSED] - varHoliday = 0: null

2020-01-16 17:46:07 - [TEST_STEP][PASSED] - if (stringDeposit != null): null

2020-01-16 17:46:07 - [TEST_STEP][PASSED] - try: Object: 'Object Repository/obj_reservation/4_/div_suite_rad_deluxe' is clicked on

2020-01-16 17:46:07 - [TEST_STEP][PASSED] - click(findTestObject("obj_reservation/4_/div_suite_rad_deluxe")): Object: 'Object Repository/obj_reservation/4_/div_suite_rad_deluxe' is clicked on

2020-01-16 17:46:07 - [MESSAGE][PASSED] - Object: 'Object Repository/obj_reservation/4_/div_suite_rad_deluxe' is clicked on

2020-01-16 17:46:07 - [TEST_STEP][PASSED] - click(findTestObject("obj_reservation/4_/btn_next2")): Object: 'Object Repository/obj_reservation/4_/btn_next2' is clicked on

2020-01-16 17:46:08 - [MESSAGE][PASSED] - Object: 'Object Repository/obj_reservation/4_/btn_next2' is clicked on

2020-01-16 17:46:08 - [TEST_STEP][PASSED] - click(findTestObject("obj_reservation/4_/btn_next2")): Object: 'Object Repository/obj_reservation/4_/btn_next2' is clicked on

2020-01-16 17:46:10 - [MESSAGE][PASSED] - Object: 'Object Repository/obj_reservation/4_/btn_next2' is clicked on

2020-01-16 17:46:10 - [TEST_STEP][PASSED] - click(findTestObject("obj_reservation/4_/button_Submit Reservation")): Object: 'Object Repository/obj_reservation/4_/button_Submit Reservation' is clicked on

2020-01-16 17:46:12 - [MESSAGE][PASSED] - Object: 'Object Repository/obj_reservation/4_/button_Submit Reservation' is clicked on

2020-01-16 17:46:12 - [TEST_STEP][PASSED] - if (flagBoar == "2" && var_repeatingEvery == "Daily" || var_repeatingEvery == "Monthly" || var_repeatingEvery == "Weekly"): null

2020-01-16 17:46:12 - [TEST_STEP][PASSED] - else: null

2020-01-16 17:46:12 - [TEST_STEP][PASSED] - try: Object: 'Object Repository/obj_reservation/4_/button_Return To Reservation' is clicked on

2020-01-16 17:46:12 - [TEST_STEP][PASSED] - click(findTestObject("obj_reservation/4_/button_Return To Reservation")): Object: 'Object Repository/obj_reservation/4_/button_Return To Reservation' is clicked on

2020-01-16 17:46:17 - [MESSAGE][PASSED] - Object: 'Object Repository/obj_reservation/4_/button_Return To Reservation' is clicked on

2020-01-16 17:46:17 - [TEST_STEP][PASSED] - click(findTestObject("obj_reservation/P4P_2/button_Go to CheckOut")): Object: 'Object Repository/obj_reservation/P4P_2/button_Go to CheckOut' is clicked on

2020-01-16 17:46:18 - [MESSAGE][PASSED] - Object: 'Object Repository/obj_reservation/P4P_2/button_Go to CheckOut' is clicked on

2020-01-16 17:46:18 - [TEST_STEP][PASSED] - var_url = getUrl(): Current window's url is: 'https://p4p-qa-bg.aws.paradise4paws.com/frontdesk/checkout/1702850/?parent_id=122352'

2020-01-16 17:46:19 - [MESSAGE][PASSED] - Current window's url is: 'https://p4p-qa-bg.aws.paradise4paws.com/frontdesk/checkout/1702850/?parent_id=122352'

2020-01-16 17:46:19 - [TEST_STEP][PASSED] - arrayUrl = var_url.split("/"): null

2020-01-16 17:46:19 - [TEST_STEP][PASSED] - verifyElementText(findTestObject("obj_reservation/P4P_2/span_( BK )"), "( BK )", STOP_ON_FAILURE): Actual text and expected text of test object 'Object Repository/obj_reservation/P4P_2/span_( BK )' are matched.

2020-01-16 17:46:20 - [MESSAGE][PASSED] - Actual text and expected text of test object 'Object Repository/obj_reservation/P4P_2/span_( BK )' are matched.

2020-01-16 17:46:20 - [TEST_STEP][PASSED] - log.logInfo(getText(findTestObject("obj_reservation/P4P_2/a_1795351"))): 1795521

2020-01-16 17:46:20 - [MESSAGE][PASSED] - Text of object 'Object Repository/obj_reservation/P4P_2/a_1795351' is: '1795521'

2020-01-16 17:46:20 - [MESSAGE][INFO] - 1795521

2020-01-16 17:46:20 - [TEST_STEP][PASSED] - cell = rowNewRes.createCell(16, 0): null

2020-01-16 17:46:20 - [TEST_STEP][PASSED] - cell.setCellType(CELL_TYPE_STRING): null

2020-01-16 17:46:20 - [TEST_STEP][PASSED] - cell.setCellValue(arrayUrl[5]): null

2020-01-16 17:46:20 - [TEST_STEP][PASSED] - varIdInv = getText(findTestObject("obj_reservation/P4P_2/a_1795351")).toString(): Text of object 'Object Repository/obj_reservation/P4P_2/a_1795351' is: '1795521'

2020-01-16 17:46:20 - [MESSAGE][PASSED] - Text of object 'Object Repository/obj_reservation/P4P_2/a_1795351' is: '1795521'

2020-01-16 17:46:20 - [TEST_STEP][PASSED] - celldInvoice = rowNewRes.createCell(17, 0): null

2020-01-16 17:46:20 - [TEST_STEP][PASSED] - celldInvoice.setCellType(CELL_TYPE_STRING): null

2020-01-16 17:46:20 - [TEST_STEP][PASSED] - celldInvoice.setCellValue(varIdInv): null

2020-01-16 17:46:20 - [TEST_STEP][PASSED] - cellStatus = rowNewRes.createCell(20, 0): null

2020-01-16 17:46:20 - [TEST_STEP][PASSED] - cellStatus.setCellType(CELL_TYPE_STRING): null

2020-01-16 17:46:21 - [TEST_STEP][PASSED] - cellStatus.setCellValue(getText(findTestObject("obj_reservation/P4P_2/span_( BK )"))): Text of object 'Object Repository/obj_reservation/P4P_2/span_( BK )' is: '( BK )'

2020-01-16 17:46:21 - [MESSAGE][PASSED] - Text of object 'Object Repository/obj_reservation/P4P_2/span_( BK )' is: '( BK )'

2020-01-16 17:46:21 - [TEST_STEP][PASSED] - cellHol = rowNewRes.createCell(18, 0): null

2020-01-16 17:46:21 - [TEST_STEP][PASSED] - cellHol.setCellType(CELL_TYPE_STRING): null

2020-01-16 17:46:21 - [TEST_STEP][PASSED] - cellInv3 = rowInv.createCell(3, 0): null

2020-01-16 17:46:21 - [TEST_STEP][PASSED] - cellInv3.setCellType(CELL_TYPE_STRING): null

2020-01-16 17:46:21 - [TEST_STEP][PASSED] - if (varHoliday == 1): null

2020-01-16 17:46:21 - [TEST_STEP][PASSED] - else: null

2020-01-16 17:46:21 - [TEST_STEP][PASSED] - cellHol.setCellValue("N"): null

2020-01-16 17:46:21 - [TEST_STEP][PASSED] - cellInv3.setCellValue("N"): null

2020-01-16 17:46:21 - [TEST_STEP][PASSED] - if (var == 1): null

2020-01-16 17:46:21 - [TEST_STEP][PASSED] - cellTime = rowNewRes.createCell(34, 0): null

2020-01-16 17:46:21 - [TEST_STEP][PASSED] - cellTime.setCellType(CELL_TYPE_STRING): null

2020-01-16 17:46:21 - [TEST_STEP][PASSED] - cellTime.setCellValue(nowTime): null

2020-01-16 17:46:21 - [TEST_STEP][PASSED] - log.logInfo(getText(findTestObject("obj_reservation/4_/1_co_date"))): 

2020-01-16 17:46:21 - [MESSAGE][PASSED] - Text of object 'Object Repository/obj_reservation/4_/1_co_date' is: ''

2020-01-16 17:46:21 - [MESSAGE][INFO] - 

2020-01-16 17:46:21 - [TEST_STEP][PASSED] - click(findTestObject("obj_reservation/4_/tab_checkIn")): Object: 'Object Repository/obj_reservation/4_/tab_checkIn' is clicked on

2020-01-16 17:46:22 - [MESSAGE][PASSED] - Object: 'Object Repository/obj_reservation/4_/tab_checkIn' is clicked on

2020-01-16 17:46:22 - [TEST_STEP][PASSED] - delay(2): Delayed 2 second(s)

2020-01-16 17:46:24 - [MESSAGE][PASSED] - Delayed 2 second(s)

2020-01-16 17:46:24 - [TEST_STEP][PASSED] - log.logInfo(getText(findTestObject("PP/input_CheckinDate_checkin"))): 

2020-01-16 17:46:25 - [MESSAGE][PASSED] - Text of object 'Object Repository/PP/input_CheckinDate_checkin' is: ''

2020-01-16 17:46:25 - [MESSAGE][INFO] - 

2020-01-16 17:46:25 - [TEST_STEP][PASSED] - click(findTestObject("obj_reservation/4_/tab_editReservation")): Object: 'Object Repository/obj_reservation/4_/tab_editReservation' is clicked on

2020-01-16 17:46:26 - [MESSAGE][PASSED] - Object: 'Object Repository/obj_reservation/4_/tab_editReservation' is clicked on

2020-01-16 17:46:26 - [TEST_STEP][PASSED] - delay(2): Delayed 2 second(s)

2020-01-16 17:46:28 - [MESSAGE][PASSED] - Delayed 2 second(s)

2020-01-16 17:46:28 - [TEST_STEP][PASSED] - log.logInfo(getText(findTestObject("PP/input_CheckinDate_edit"))): 

2020-01-16 17:46:32 - [MESSAGE][PASSED] - Text of object 'Object Repository/PP/input_CheckinDate_edit' is: ''

2020-01-16 17:46:32 - [MESSAGE][INFO] - 

2020-01-16 17:46:32 - [TEST_STEP][PASSED] - delay(12): Delayed 12 second(s)

2020-01-16 17:46:44 - [MESSAGE][PASSED] - Delayed 12 second(s)

2020-01-16 17:46:44 - [TEST_STEP][PASSED] - cellDCI = rowNewRes.createCell(22, 0): null

2020-01-16 17:46:44 - [TEST_STEP][PASSED] - cellDCI.setCellType(CELL_TYPE_STRING): null

2020-01-16 17:46:44 - [TEST_STEP][PASSED] - cellDCI.setCellValue(var_checkinD): null

2020-01-16 17:46:44 - [TEST_STEP][PASSED] - cellDCO = rowNewRes.createCell(23, 0): null

2020-01-16 17:46:44 - [TEST_STEP][PASSED] - cellDCO.setCellType(CELL_TYPE_STRING): null

2020-01-16 17:46:44 - [TEST_STEP][PASSED] - cellDCO.setCellValue(var_checkoutD): null

2020-01-16 17:46:44 - [TEST_STEP][PASSED] - cellDCI1 = rowNewRes.createCell(24, 0): null

2020-01-16 17:46:44 - [TEST_STEP][PASSED] - cellDCI1.setCellType(CELL_TYPE_STRING): null

2020-01-16 17:46:44 - [TEST_STEP][PASSED] - cellDCI1.setCellValue(var_checkinD): null

2020-01-16 17:46:44 - [TEST_STEP][PASSED] - cellDCO1 = rowNewRes.createCell(25, 0): null

2020-01-16 17:46:44 - [TEST_STEP][PASSED] - cellDCO1.setCellType(CELL_TYPE_STRING): null

2020-01-16 17:46:44 - [TEST_STEP][PASSED] - cellDCO1.setCellValue(var_checkoutD): null

2020-01-16 17:46:44 - [TEST_STEP][PASSED] - click(findTestObject("obj_reservation/4_/tab_checkOut")): Object: 'Object Repository/obj_reservation/4_/tab_checkOut' is clicked on

2020-01-16 17:46:45 - [MESSAGE][PASSED] - Object: 'Object Repository/obj_reservation/4_/tab_checkOut' is clicked on

2020-01-16 17:46:45 - [TEST_STEP][PASSED] - delay(2): Delayed 2 second(s)

2020-01-16 17:46:47 - [MESSAGE][PASSED] - Delayed 2 second(s)

2020-01-16 17:46:47 - [TEST_STEP][PASSED] - if (var_cancelRes == "Y"): null

2020-01-16 17:46:47 - [TEST_STEP][PASSED] - else: Text of object 'Object Repository/obj_reservation/P4P_2/span_( BK )' is: '( OUT )'

2020-01-16 17:46:47 - [TEST_STEP][PASSED] - click(findTestObject("obj_reservation/4_/tab_checkIn")): Object: 'Object Repository/obj_reservation/4_/tab_checkIn' is clicked on

2020-01-16 17:46:48 - [MESSAGE][PASSED] - Object: 'Object Repository/obj_reservation/4_/tab_checkIn' is clicked on

2020-01-16 17:46:48 - [TEST_STEP][PASSED] - delay(3): Delayed 3 second(s)

2020-01-16 17:46:51 - [MESSAGE][PASSED] - Delayed 3 second(s)

2020-01-16 17:46:51 - [TEST_STEP][PASSED] - click(findTestObject("obj_reservation/4_/button_CheckIn_tabCheckin")): Object: 'Object Repository/obj_reservation/4_/button_CheckIn_tabCheckin' is clicked on

2020-01-16 17:46:52 - [MESSAGE][PASSED] - Object: 'Object Repository/obj_reservation/4_/button_CheckIn_tabCheckin' is clicked on

2020-01-16 17:46:52 - [TEST_STEP][PASSED] - urlCO = getUrl(): Current window's url is: 'https://p4p-qa-bg.aws.paradise4paws.com/frontdesk/checkin/1702850/?parent_id=122352'

2020-01-16 17:46:52 - [MESSAGE][PASSED] - Current window's url is: 'https://p4p-qa-bg.aws.paradise4paws.com/frontdesk/checkin/1702850/?parent_id=122352'

2020-01-16 17:46:52 - [TEST_STEP][PASSED] - log.logInfo(urlCO): https://p4p-qa-bg.aws.paradise4paws.com/frontdesk/checkin/1702850/?parent_id=122352

2020-01-16 17:46:52 - [MESSAGE][INFO] - https://p4p-qa-bg.aws.paradise4paws.com/frontdesk/checkin/1702850/?parent_id=122352

2020-01-16 17:46:52 - [TEST_STEP][PASSED] - navigateToUrl(urlCO): Navigate to 'https://p4p-qa-bg.aws.paradise4paws.com/frontdesk/checkin/1702850/?parent_id=122352' successfully

2020-01-16 17:46:52 - [MESSAGE][PASSED] - Navigate to 'https://p4p-qa-bg.aws.paradise4paws.com/frontdesk/checkin/1702850/?parent_id=122352' successfully

2020-01-16 17:46:52 - [TEST_STEP][PASSED] - delay(2): Delayed 2 second(s)

2020-01-16 17:46:54 - [MESSAGE][PASSED] - Delayed 2 second(s)

2020-01-16 17:46:54 - [TEST_STEP][PASSED] - log.logInfo(getText(findTestObject("obj_reservation/P4P_2/span_( BK )"))): ( IN )

2020-01-16 17:46:55 - [MESSAGE][PASSED] - Text of object 'Object Repository/obj_reservation/P4P_2/span_( BK )' is: '( IN )'

2020-01-16 17:46:55 - [MESSAGE][INFO] - ( IN )

2020-01-16 17:46:55 - [TEST_STEP][PASSED] - delay(2): Delayed 2 second(s)

2020-01-16 17:46:57 - [MESSAGE][PASSED] - Delayed 2 second(s)

2020-01-16 17:46:57 - [TEST_STEP][PASSED] - cellIn = rowNewRes.createCell(28, 0): null

2020-01-16 17:46:57 - [TEST_STEP][PASSED] - cellIn.setCellType(CELL_TYPE_STRING): null

2020-01-16 17:46:57 - [TEST_STEP][PASSED] - cellIn.setCellValue(getText(findTestObject("obj_reservation/P4P_2/span_( BK )"))): Text of object 'Object Repository/obj_reservation/P4P_2/span_( BK )' is: '( IN )'

2020-01-16 17:46:57 - [MESSAGE][PASSED] - Text of object 'Object Repository/obj_reservation/P4P_2/span_( BK )' is: '( IN )'

2020-01-16 17:46:57 - [TEST_STEP][PASSED] - delay(2): Delayed 2 second(s)

2020-01-16 17:46:59 - [MESSAGE][PASSED] - Delayed 2 second(s)

2020-01-16 17:46:59 - [TEST_STEP][PASSED] - click(findTestObject("obj_reservation/4_/tab_checkOut")): Object: 'Object Repository/obj_reservation/4_/tab_checkOut' is clicked on

2020-01-16 17:47:01 - [MESSAGE][PASSED] - Object: 'Object Repository/obj_reservation/4_/tab_checkOut' is clicked on

2020-01-16 17:47:01 - [TEST_STEP][PASSED] - delay(60): Delayed 60 second(s)

2020-01-16 17:48:01 - [MESSAGE][PASSED] - Delayed 60 second(s)

2020-01-16 17:48:01 - [TEST_STEP][PASSED] - click(findTestObject("obj_reservation/4_/a_InitiateCheckout_tabCO")): Object: 'Object Repository/obj_reservation/4_/a_InitiateCheckout_tabCO' is clicked on

2020-01-16 17:48:01 - [MESSAGE][PASSED] - Object: 'Object Repository/obj_reservation/4_/a_InitiateCheckout_tabCO' is clicked on

2020-01-16 17:48:01 - [TEST_STEP][PASSED] - delay(8): Delayed 8 second(s)

2020-01-16 17:48:09 - [MESSAGE][PASSED] - Delayed 8 second(s)

2020-01-16 17:48:09 - [TEST_STEP][PASSED] - scrollToPosition(100, 99): Browser is scrolled to position x = 100, y = 99

2020-01-16 17:48:09 - [MESSAGE][PASSED] - Browser is scrolled to position x = 100, y = 99

2020-01-16 17:48:09 - [TEST_STEP][PASSED] - urlCO2 = getUrl(): Current window's url is: 'https://p4p-qa-bg.aws.paradise4paws.com/frontdesk/checkout/1702850/?parent_id=122352'

2020-01-16 17:48:09 - [MESSAGE][PASSED] - Current window's url is: 'https://p4p-qa-bg.aws.paradise4paws.com/frontdesk/checkout/1702850/?parent_id=122352'

2020-01-16 17:48:09 - [TEST_STEP][PASSED] - click(findTestObject("obj_reservation/4_/a_btnGO_tabCO")): Object: 'Object Repository/obj_reservation/4_/a_btnGO_tabCO' is clicked on

2020-01-16 17:48:09 - [MESSAGE][PASSED] - Object: 'Object Repository/obj_reservation/4_/a_btnGO_tabCO' is clicked on

2020-01-16 17:48:09 - [TEST_STEP][PASSED] - delay(4): Delayed 4 second(s)

2020-01-16 17:48:13 - [MESSAGE][PASSED] - Delayed 4 second(s)

2020-01-16 17:48:13 - [TEST_STEP][PASSED] - log.logInfo(urlCO2): https://p4p-qa-bg.aws.paradise4paws.com/frontdesk/checkout/1702850/?parent_id=122352

2020-01-16 17:48:13 - [MESSAGE][INFO] - https://p4p-qa-bg.aws.paradise4paws.com/frontdesk/checkout/1702850/?parent_id=122352

2020-01-16 17:48:13 - [TEST_STEP][PASSED] - navigateToUrl(urlCO2): Navigate to 'https://p4p-qa-bg.aws.paradise4paws.com/frontdesk/checkout/1702850/?parent_id=122352' successfully

2020-01-16 17:48:14 - [MESSAGE][PASSED] - Navigate to 'https://p4p-qa-bg.aws.paradise4paws.com/frontdesk/checkout/1702850/?parent_id=122352' successfully

2020-01-16 17:48:14 - [TEST_STEP][PASSED] - log.logInfo(getText(findTestObject("obj_reservation/P4P_2/span_( BK )"))): ( OUT )

2020-01-16 17:48:16 - [MESSAGE][PASSED] - Text of object 'Object Repository/obj_reservation/P4P_2/span_( BK )' is: '( OUT )'

2020-01-16 17:48:16 - [MESSAGE][INFO] - ( OUT )

2020-01-16 17:48:16 - [TEST_STEP][PASSED] - cellOut = rowNewRes.createCell(31, 0): null

2020-01-16 17:48:16 - [TEST_STEP][PASSED] - cellOut.setCellType(CELL_TYPE_STRING): null

2020-01-16 17:48:16 - [TEST_STEP][PASSED] - cellOut.setCellValue(getText(findTestObject("obj_reservation/P4P_2/span_( BK )"))): Text of object 'Object Repository/obj_reservation/P4P_2/span_( BK )' is: '( OUT )'

2020-01-16 17:48:16 - [MESSAGE][PASSED] - Text of object 'Object Repository/obj_reservation/P4P_2/span_( BK )' is: '( OUT )'

2020-01-16 17:48:16 - [TEST_STEP][PASSED] - delay(2): Delayed 2 second(s)

2020-01-16 17:48:18 - [MESSAGE][PASSED] - Delayed 2 second(s)

2020-01-16 17:48:18 - [TEST_STEP][PASSED] - fos = new java.io.FileOutputStream(/home/leonardo-arkusmty/Desktop/P4P/DATA_AUTOMATINTESTING/data_1newReservationBoarding.xlsx): null

2020-01-16 17:48:18 - [TEST_STEP][PASSED] - workbookNewRes.write(fos): null

2020-01-16 17:48:18 - [TEST_STEP][PASSED] - delay(1): Delayed 1 second(s)

2020-01-16 17:48:19 - [MESSAGE][PASSED] - Delayed 1 second(s)

2020-01-16 17:48:19 - [TEST_STEP][PASSED] - (var_row++): null]]></system-out>
         <system-err><![CDATA[2020-01-16 17:44:51 - [TEST_CASE][FAILED] - Test Cases/p4p_1_newReservationBoarding: Test Cases/p4p_1_newReservationBoarding FAILED.
Reason:
com.kms.katalon.core.exception.StepFailedException: Unable to get text of object 'Object Repository/obj_reservation/4_/span_requiresdeposit' (Root cause: com.kms.katalon.core.exception.StepFailedException: Unable to get text of object 'Object Repository/obj_reservation/4_/span_requiresdeposit'
	at com.kms.katalon.core.webui.keyword.internal.WebUIKeywordMain.stepFailed(WebUIKeywordMain.groovy:64)
	at com.kms.katalon.core.webui.keyword.internal.WebUIKeywordMain.runKeyword(WebUIKeywordMain.groovy:26)
	at com.kms.katalon.core.webui.keyword.builtin.GetTextKeyword.getText(GetTextKeyword.groovy:88)
	at com.kms.katalon.core.webui.keyword.builtin.GetTextKeyword.execute(GetTextKeyword.groovy:67)
	at com.kms.katalon.core.keyword.internal.KeywordExecutor.executeKeywordForPlatform(KeywordExecutor.groovy:60)
	at com.kms.katalon.core.webui.keyword.WebUiBuiltInKeywords.getText(WebUiBuiltInKeywords.groovy:874)
	at com.kms.katalon.core.webui.keyword.WebUiBuiltInKeywords$getText$4.call(Unknown Source)
	at p4p_1_newReservationBoarding.run(p4p_1_newReservationBoarding:108)
	at com.kms.katalon.core.main.ScriptEngine.run(ScriptEngine.java:194)
	at com.kms.katalon.core.main.ScriptEngine.runScriptAsRawText(ScriptEngine.java:119)
	at com.kms.katalon.core.main.TestCaseExecutor.runScript(TestCaseExecutor.java:337)
	at com.kms.katalon.core.main.TestCaseExecutor.doExecute(TestCaseExecutor.java:328)
	at com.kms.katalon.core.main.TestCaseExecutor.processExecutionPhase(TestCaseExecutor.java:307)
	at com.kms.katalon.core.main.TestCaseExecutor.accessMainPhase(TestCaseExecutor.java:299)
	at com.kms.katalon.core.main.TestCaseExecutor.execute(TestCaseExecutor.java:233)
	at com.kms.katalon.core.main.TestSuiteExecutor.accessTestCaseMainPhase(TestSuiteExecutor.java:169)
	at com.kms.katalon.core.main.TestSuiteExecutor.accessTestSuiteMainPhase(TestSuiteExecutor.java:142)
	at com.kms.katalon.core.main.TestSuiteExecutor.execute(TestSuiteExecutor.java:91)
	at com.kms.katalon.core.main.TestCaseMain.startTestSuite(TestCaseMain.java:157)
	at com.kms.katalon.core.main.TestCaseMain$startTestSuite$0.call(Unknown Source)
	at TempTestSuite1579218289966.run(TempTestSuite1579218289966.groovy:36)
Caused by: com.kms.katalon.core.webui.exception.WebElementNotFoundException: Web element with id: 'Object Repository/obj_reservation/4_/span_requiresdeposit' located by 'By.xpath: //div[@id='wrapper']/div/div/div[3]/fieldset/div/p4p-reservations-wizard/div/div[2]/div/overview/p4p-reservation-overview-section/div[2]/div/form/div[6]/div/p/span' not found
	at com.kms.katalon.core.webui.common.WebUiCommonHelper.findWebElement(WebUiCommonHelper.java:1113)
	at com.kms.katalon.core.webui.keyword.internal.WebUIAbstractKeyword.findWebElement(WebUIAbstractKeyword.groovy:27)
	at com.kms.katalon.core.webui.keyword.internal.WebUIAbstractKeyword.findWebElement(WebUIAbstractKeyword.groovy:26)
	at com.kms.katalon.core.webui.keyword.builtin.GetTextKeyword$_getText_closure1.doCall(GetTextKeyword.groovy:78)
	at com.kms.katalon.core.webui.keyword.builtin.GetTextKeyword$_getText_closure1.call(GetTextKeyword.groovy)
	at com.kms.katalon.core.webui.keyword.internal.WebUIKeywordMain.runKeyword(WebUIKeywordMain.groovy:20)
	at com.kms.katalon.core.webui.keyword.builtin.GetTextKeyword.getText(GetTextKeyword.groovy:88)
	at com.kms.katalon.core.webui.keyword.builtin.GetTextKeyword.execute(GetTextKeyword.groovy:67)
	at com.kms.katalon.core.keyword.internal.KeywordExecutor.executeKeywordForPlatform(KeywordExecutor.groovy:60)
	at com.kms.katalon.core.webui.keyword.WebUiBuiltInKeywords.getText(WebUiBuiltInKeywords.groovy:874)
	at com.kms.katalon.core.webui.keyword.WebUiBuiltInKeywords$getText$4.call(Unknown Source)
	at Script1579191965857.run(Script1579191965857.groovy:108)
	... 13 more
)
	at com.kms.katalon.core.keyword.internal.KeywordMain.stepFailed(KeywordMain.groovy:39)
	at com.kms.katalon.core.webui.keyword.internal.WebUIKeywordMain.stepFailed(WebUIKeywordMain.groovy:64)
	at com.kms.katalon.core.webui.keyword.internal.WebUIKeywordMain.runKeyword(WebUIKeywordMain.groovy:26)
	at com.kms.katalon.core.webui.keyword.builtin.GetTextKeyword.getText(GetTextKeyword.groovy:88)
	at com.kms.katalon.core.webui.keyword.builtin.GetTextKeyword.execute(GetTextKeyword.groovy:67)
	at com.kms.katalon.core.keyword.internal.KeywordExecutor.executeKeywordForPlatform(KeywordExecutor.groovy:60)
	at com.kms.katalon.core.webui.keyword.WebUiBuiltInKeywords.getText(WebUiBuiltInKeywords.groovy:874)
	at com.kms.katalon.core.webui.keyword.WebUiBuiltInKeywords$getText$4.call(Unknown Source)
	at p4p_1_newReservationBoarding.run(p4p_1_newReservationBoarding:108)
	at com.kms.katalon.core.main.ScriptEngine.run(ScriptEngine.java:194)
	at com.kms.katalon.core.main.ScriptEngine.runScriptAsRawText(ScriptEngine.java:119)
	at com.kms.katalon.core.main.TestCaseExecutor.runScript(TestCaseExecutor.java:337)
	at com.kms.katalon.core.main.TestCaseExecutor.doExecute(TestCaseExecutor.java:328)
	at com.kms.katalon.core.main.TestCaseExecutor.processExecutionPhase(TestCaseExecutor.java:307)
	at com.kms.katalon.core.main.TestCaseExecutor.accessMainPhase(TestCaseExecutor.java:299)
	at com.kms.katalon.core.main.TestCaseExecutor.execute(TestCaseExecutor.java:233)
	at com.kms.katalon.core.main.TestSuiteExecutor.accessTestCaseMainPhase(TestSuiteExecutor.java:169)
	at com.kms.katalon.core.main.TestSuiteExecutor.accessTestSuiteMainPhase(TestSuiteExecutor.java:142)
	at com.kms.katalon.core.main.TestSuiteExecutor.execute(TestSuiteExecutor.java:91)
	at com.kms.katalon.core.main.TestCaseMain.startTestSuite(TestCaseMain.java:157)
	at com.kms.katalon.core.main.TestCaseMain$startTestSuite$0.call(Unknown Source)
	at TempTestSuite1579218289966.run(TempTestSuite1579218289966.groovy:36)
Caused by: com.kms.katalon.core.exception.StepFailedException: Unable to get text of object 'Object Repository/obj_reservation/4_/span_requiresdeposit'
	... 21 more
Caused by: com.kms.katalon.core.webui.exception.WebElementNotFoundException: Web element with id: 'Object Repository/obj_reservation/4_/span_requiresdeposit' located by 'By.xpath: //div[@id='wrapper']/div/div/div[3]/fieldset/div/p4p-reservations-wizard/div/div[2]/div/overview/p4p-reservation-overview-section/div[2]/div/form/div[6]/div/p/span' not found
	at com.kms.katalon.core.webui.common.WebUiCommonHelper.findWebElement(WebUiCommonHelper.java:1113)
	at com.kms.katalon.core.webui.keyword.internal.WebUIAbstractKeyword.findWebElement(WebUIAbstractKeyword.groovy:27)
	at com.kms.katalon.core.webui.keyword.internal.WebUIAbstractKeyword.findWebElement(WebUIAbstractKeyword.groovy:26)
	at com.kms.katalon.core.webui.keyword.builtin.GetTextKeyword$_getText_closure1.doCall(GetTextKeyword.groovy:78)
	at com.kms.katalon.core.webui.keyword.builtin.GetTextKeyword$_getText_closure1.call(GetTextKeyword.groovy)
	at com.kms.katalon.core.webui.keyword.internal.WebUIKeywordMain.runKeyword(WebUIKeywordMain.groovy:20)
	... 19 more]]></system-err>
      </testcase>
      <testcase name="Test Cases/p4p_1_newReservationBoarding" time="213.397" classname="Test Cases/p4p_1_newReservationBoarding" status="FAILED">
         <failure type="FAILED" message="Test Cases/p4p_1_newReservationBoarding FAILED.
Reason:
com.kms.katalon.core.exception.StepFailedException: Unable to get text of object 'Object Repository/obj_reservation/4_/span_requiresdeposit' (Root cause: com.kms.katalon.core.exception.StepFailedException: Unable to get text of object 'Object Repository/obj_reservation/4_/span_requiresdeposit'
	at com.kms.katalon.core.webui.keyword.internal.WebUIKeywordMain.stepFailed(WebUIKeywordMain.groovy:64)
	at com.kms.katalon.core.webui.keyword.internal.WebUIKeywordMain.runKeyword(WebUIKeywordMain.groovy:26)
	at com.kms.katalon.core.webui.keyword.builtin.GetTextKeyword.getText(GetTextKeyword.groovy:88)
	at com.kms.katalon.core.webui.keyword.builtin.GetTextKeyword.execute(GetTextKeyword.groovy:67)
	at com.kms.katalon.core.keyword.internal.KeywordExecutor.executeKeywordForPlatform(KeywordExecutor.groovy:60)
	at com.kms.katalon.core.webui.keyword.WebUiBuiltInKeywords.getText(WebUiBuiltInKeywords.groovy:874)
	at com.kms.katalon.core.webui.keyword.WebUiBuiltInKeywords$getText$4.call(Unknown Source)
	at p4p_1_newReservationBoarding.run(p4p_1_newReservationBoarding:108)
	at com.kms.katalon.core.main.ScriptEngine.run(ScriptEngine.java:194)
	at com.kms.katalon.core.main.ScriptEngine.runScriptAsRawText(ScriptEngine.java:119)
	at com.kms.katalon.core.main.TestCaseExecutor.runScript(TestCaseExecutor.java:337)
	at com.kms.katalon.core.main.TestCaseExecutor.doExecute(TestCaseExecutor.java:328)
	at com.kms.katalon.core.main.TestCaseExecutor.processExecutionPhase(TestCaseExecutor.java:307)
	at com.kms.katalon.core.main.TestCaseExecutor.accessMainPhase(TestCaseExecutor.java:299)
	at com.kms.katalon.core.main.TestCaseExecutor.execute(TestCaseExecutor.java:233)
	at com.kms.katalon.core.main.TestSuiteExecutor.accessTestCaseMainPhase(TestSuiteExecutor.java:169)
	at com.kms.katalon.core.main.TestSuiteExecutor.accessTestSuiteMainPhase(TestSuiteExecutor.java:142)
	at com.kms.katalon.core.main.TestSuiteExecutor.execute(TestSuiteExecutor.java:91)
	at com.kms.katalon.core.main.TestCaseMain.startTestSuite(TestCaseMain.java:157)
	at com.kms.katalon.core.main.TestCaseMain$startTestSuite$0.call(Unknown Source)
	at TempTestSuite1579218289966.run(TempTestSuite1579218289966.groovy:36)
Caused by: com.kms.katalon.core.webui.exception.WebElementNotFoundException: Web element with id: 'Object Repository/obj_reservation/4_/span_requiresdeposit' located by 'By.xpath: //div[@id='wrapper']/div/div/div[3]/fieldset/div/p4p-reservations-wizard/div/div[2]/div/overview/p4p-reservation-overview-section/div[2]/div/form/div[6]/div/p/span' not found
	at com.kms.katalon.core.webui.common.WebUiCommonHelper.findWebElement(WebUiCommonHelper.java:1113)
	at com.kms.katalon.core.webui.keyword.internal.WebUIAbstractKeyword.findWebElement(WebUIAbstractKeyword.groovy:27)
	at com.kms.katalon.core.webui.keyword.internal.WebUIAbstractKeyword.findWebElement(WebUIAbstractKeyword.groovy:26)
	at com.kms.katalon.core.webui.keyword.builtin.GetTextKeyword$_getText_closure1.doCall(GetTextKeyword.groovy:78)
	at com.kms.katalon.core.webui.keyword.builtin.GetTextKeyword$_getText_closure1.call(GetTextKeyword.groovy)
	at com.kms.katalon.core.webui.keyword.internal.WebUIKeywordMain.runKeyword(WebUIKeywordMain.groovy:20)
	at com.kms.katalon.core.webui.keyword.builtin.GetTextKeyword.getText(GetTextKeyword.groovy:88)
	at com.kms.katalon.core.webui.keyword.builtin.GetTextKeyword.execute(GetTextKeyword.groovy:67)
	at com.kms.katalon.core.keyword.internal.KeywordExecutor.executeKeywordForPlatform(KeywordExecutor.groovy:60)
	at com.kms.katalon.core.webui.keyword.WebUiBuiltInKeywords.getText(WebUiBuiltInKeywords.groovy:874)
	at com.kms.katalon.core.webui.keyword.WebUiBuiltInKeywords$getText$4.call(Unknown Source)
	at Script1579191965857.run(Script1579191965857.groovy:108)
	... 13 more
)
	at com.kms.katalon.core.keyword.internal.KeywordMain.stepFailed(KeywordMain.groovy:39)
	at com.kms.katalon.core.webui.keyword.internal.WebUIKeywordMain.stepFailed(WebUIKeywordMain.groovy:64)
	at com.kms.katalon.core.webui.keyword.internal.WebUIKeywordMain.runKeyword(WebUIKeywordMain.groovy:26)
	at com.kms.katalon.core.webui.keyword.builtin.GetTextKeyword.getText(GetTextKeyword.groovy:88)
	at com.kms.katalon.core.webui.keyword.builtin.GetTextKeyword.execute(GetTextKeyword.groovy:67)
	at com.kms.katalon.core.keyword.internal.KeywordExecutor.executeKeywordForPlatform(KeywordExecutor.groovy:60)
	at com.kms.katalon.core.webui.keyword.WebUiBuiltInKeywords.getText(WebUiBuiltInKeywords.groovy:874)
	at com.kms.katalon.core.webui.keyword.WebUiBuiltInKeywords$getText$4.call(Unknown Source)
	at p4p_1_newReservationBoarding.run(p4p_1_newReservationBoarding:108)
	at com.kms.katalon.core.main.ScriptEngine.run(ScriptEngine.java:194)
	at com.kms.katalon.core.main.ScriptEngine.runScriptAsRawText(ScriptEngine.java:119)
	at com.kms.katalon.core.main.TestCaseExecutor.runScript(TestCaseExecutor.java:337)
	at com.kms.katalon.core.main.TestCaseExecutor.doExecute(TestCaseExecutor.java:328)
	at com.kms.katalon.core.main.TestCaseExecutor.processExecutionPhase(TestCaseExecutor.java:307)
	at com.kms.katalon.core.main.TestCaseExecutor.accessMainPhase(TestCaseExecutor.java:299)
	at com.kms.katalon.core.main.TestCaseExecutor.execute(TestCaseExecutor.java:233)
	at com.kms.katalon.core.main.TestSuiteExecutor.accessTestCaseMainPhase(TestSuiteExecutor.java:169)
	at com.kms.katalon.core.main.TestSuiteExecutor.accessTestSuiteMainPhase(TestSuiteExecutor.java:142)
	at com.kms.katalon.core.main.TestSuiteExecutor.execute(TestSuiteExecutor.java:91)
	at com.kms.katalon.core.main.TestCaseMain.startTestSuite(TestCaseMain.java:157)
	at com.kms.katalon.core.main.TestCaseMain$startTestSuite$0.call(Unknown Source)
	at TempTestSuite1579218289966.run(TempTestSuite1579218289966.groovy:36)
Caused by: com.kms.katalon.core.exception.StepFailedException: Unable to get text of object 'Object Repository/obj_reservation/4_/span_requiresdeposit'
	... 21 more
Caused by: com.kms.katalon.core.webui.exception.WebElementNotFoundException: Web element with id: 'Object Repository/obj_reservation/4_/span_requiresdeposit' located by 'By.xpath: //div[@id='wrapper']/div/div/div[3]/fieldset/div/p4p-reservations-wizard/div/div[2]/div/overview/p4p-reservation-overview-section/div[2]/div/form/div[6]/div/p/span' not found
	at com.kms.katalon.core.webui.common.WebUiCommonHelper.findWebElement(WebUiCommonHelper.java:1113)
	at com.kms.katalon.core.webui.keyword.internal.WebUIAbstractKeyword.findWebElement(WebUIAbstractKeyword.groovy:27)
	at com.kms.katalon.core.webui.keyword.internal.WebUIAbstractKeyword.findWebElement(WebUIAbstractKeyword.groovy:26)
	at com.kms.katalon.core.webui.keyword.builtin.GetTextKeyword$_getText_closure1.doCall(GetTextKeyword.groovy:78)
	at com.kms.katalon.core.webui.keyword.builtin.GetTextKeyword$_getText_closure1.call(GetTextKeyword.groovy)
	at com.kms.katalon.core.webui.keyword.internal.WebUIKeywordMain.runKeyword(WebUIKeywordMain.groovy:20)
	... 19 more
"/>
         <system-out><![CDATA[2020-01-16 17:48:19 - [TEST_CASE][FAILED] - Test Cases/p4p_1_newReservationBoarding: Test Cases/p4p_1_newReservationBoarding FAILED.
Reason:
com.kms.katalon.core.exception.StepFailedException: Unable to get text of object 'Object Repository/obj_reservation/4_/span_requiresdeposit' (Root cause: com.kms.katalon.core.exception.StepFailedException: Unable to get text of object 'Object Repository/obj_reservation/4_/span_requiresdeposit'
	at com.kms.katalon.core.webui.keyword.internal.WebUIKeywordMain.stepFailed(WebUIKeywordMain.groovy:64)
	at com.kms.katalon.core.webui.keyword.internal.WebUIKeywordMain.runKeyword(WebUIKeywordMain.groovy:26)
	at com.kms.katalon.core.webui.keyword.builtin.GetTextKeyword.getText(GetTextKeyword.groovy:88)
	at com.kms.katalon.core.webui.keyword.builtin.GetTextKeyword.execute(GetTextKeyword.groovy:67)
	at com.kms.katalon.core.keyword.internal.KeywordExecutor.executeKeywordForPlatform(KeywordExecutor.groovy:60)
	at com.kms.katalon.core.webui.keyword.WebUiBuiltInKeywords.getText(WebUiBuiltInKeywords.groovy:874)
	at com.kms.katalon.core.webui.keyword.WebUiBuiltInKeywords$getText$4.call(Unknown Source)
	at p4p_1_newReservationBoarding.run(p4p_1_newReservationBoarding:108)
	at com.kms.katalon.core.main.ScriptEngine.run(ScriptEngine.java:194)
	at com.kms.katalon.core.main.ScriptEngine.runScriptAsRawText(ScriptEngine.java:119)
	at com.kms.katalon.core.main.TestCaseExecutor.runScript(TestCaseExecutor.java:337)
	at com.kms.katalon.core.main.TestCaseExecutor.doExecute(TestCaseExecutor.java:328)
	at com.kms.katalon.core.main.TestCaseExecutor.processExecutionPhase(TestCaseExecutor.java:307)
	at com.kms.katalon.core.main.TestCaseExecutor.accessMainPhase(TestCaseExecutor.java:299)
	at com.kms.katalon.core.main.TestCaseExecutor.execute(TestCaseExecutor.java:233)
	at com.kms.katalon.core.main.TestSuiteExecutor.accessTestCaseMainPhase(TestSuiteExecutor.java:169)
	at com.kms.katalon.core.main.TestSuiteExecutor.accessTestSuiteMainPhase(TestSuiteExecutor.java:142)
	at com.kms.katalon.core.main.TestSuiteExecutor.execute(TestSuiteExecutor.java:91)
	at com.kms.katalon.core.main.TestCaseMain.startTestSuite(TestCaseMain.java:157)
	at com.kms.katalon.core.main.TestCaseMain$startTestSuite$0.call(Unknown Source)
	at TempTestSuite1579218289966.run(TempTestSuite1579218289966.groovy:36)
Caused by: com.kms.katalon.core.webui.exception.WebElementNotFoundException: Web element with id: 'Object Repository/obj_reservation/4_/span_requiresdeposit' located by 'By.xpath: //div[@id='wrapper']/div/div/div[3]/fieldset/div/p4p-reservations-wizard/div/div[2]/div/overview/p4p-reservation-overview-section/div[2]/div/form/div[6]/div/p/span' not found
	at com.kms.katalon.core.webui.common.WebUiCommonHelper.findWebElement(WebUiCommonHelper.java:1113)
	at com.kms.katalon.core.webui.keyword.internal.WebUIAbstractKeyword.findWebElement(WebUIAbstractKeyword.groovy:27)
	at com.kms.katalon.core.webui.keyword.internal.WebUIAbstractKeyword.findWebElement(WebUIAbstractKeyword.groovy:26)
	at com.kms.katalon.core.webui.keyword.builtin.GetTextKeyword$_getText_closure1.doCall(GetTextKeyword.groovy:78)
	at com.kms.katalon.core.webui.keyword.builtin.GetTextKeyword$_getText_closure1.call(GetTextKeyword.groovy)
	at com.kms.katalon.core.webui.keyword.internal.WebUIKeywordMain.runKeyword(WebUIKeywordMain.groovy:20)
	at com.kms.katalon.core.webui.keyword.builtin.GetTextKeyword.getText(GetTextKeyword.groovy:88)
	at com.kms.katalon.core.webui.keyword.builtin.GetTextKeyword.execute(GetTextKeyword.groovy:67)
	at com.kms.katalon.core.keyword.internal.KeywordExecutor.executeKeywordForPlatform(KeywordExecutor.groovy:60)
	at com.kms.katalon.core.webui.keyword.WebUiBuiltInKeywords.getText(WebUiBuiltInKeywords.groovy:874)
	at com.kms.katalon.core.webui.keyword.WebUiBuiltInKeywords$getText$4.call(Unknown Source)
	at Script1579191965857.run(Script1579191965857.groovy:108)
	... 13 more
)
	at com.kms.katalon.core.keyword.internal.KeywordMain.stepFailed(KeywordMain.groovy:39)
	at com.kms.katalon.core.webui.keyword.internal.WebUIKeywordMain.stepFailed(WebUIKeywordMain.groovy:64)
	at com.kms.katalon.core.webui.keyword.internal.WebUIKeywordMain.runKeyword(WebUIKeywordMain.groovy:26)
	at com.kms.katalon.core.webui.keyword.builtin.GetTextKeyword.getText(GetTextKeyword.groovy:88)
	at com.kms.katalon.core.webui.keyword.builtin.GetTextKeyword.execute(GetTextKeyword.groovy:67)
	at com.kms.katalon.core.keyword.internal.KeywordExecutor.executeKeywordForPlatform(KeywordExecutor.groovy:60)
	at com.kms.katalon.core.webui.keyword.WebUiBuiltInKeywords.getText(WebUiBuiltInKeywords.groovy:874)
	at com.kms.katalon.core.webui.keyword.WebUiBuiltInKeywords$getText$4.call(Unknown Source)
	at p4p_1_newReservationBoarding.run(p4p_1_newReservationBoarding:108)
	at com.kms.katalon.core.main.ScriptEngine.run(ScriptEngine.java:194)
	at com.kms.katalon.core.main.ScriptEngine.runScriptAsRawText(ScriptEngine.java:119)
	at com.kms.katalon.core.main.TestCaseExecutor.runScript(TestCaseExecutor.java:337)
	at com.kms.katalon.core.main.TestCaseExecutor.doExecute(TestCaseExecutor.java:328)
	at com.kms.katalon.core.main.TestCaseExecutor.processExecutionPhase(TestCaseExecutor.java:307)
	at com.kms.katalon.core.main.TestCaseExecutor.accessMainPhase(TestCaseExecutor.java:299)
	at com.kms.katalon.core.main.TestCaseExecutor.execute(TestCaseExecutor.java:233)
	at com.kms.katalon.core.main.TestSuiteExecutor.accessTestCaseMainPhase(TestSuiteExecutor.java:169)
	at com.kms.katalon.core.main.TestSuiteExecutor.accessTestSuiteMainPhase(TestSuiteExecutor.java:142)
	at com.kms.katalon.core.main.TestSuiteExecutor.execute(TestSuiteExecutor.java:91)
	at com.kms.katalon.core.main.TestCaseMain.startTestSuite(TestCaseMain.java:157)
	at com.kms.katalon.core.main.TestCaseMain$startTestSuite$0.call(Unknown Source)
	at TempTestSuite1579218289966.run(TempTestSuite1579218289966.groovy:36)
Caused by: com.kms.katalon.core.exception.StepFailedException: Unable to get text of object 'Object Repository/obj_reservation/4_/span_requiresdeposit'
	... 21 more
Caused by: com.kms.katalon.core.webui.exception.WebElementNotFoundException: Web element with id: 'Object Repository/obj_reservation/4_/span_requiresdeposit' located by 'By.xpath: //div[@id='wrapper']/div/div/div[3]/fieldset/div/p4p-reservations-wizard/div/div[2]/div/overview/p4p-reservation-overview-section/div[2]/div/form/div[6]/div/p/span' not found
	at com.kms.katalon.core.webui.common.WebUiCommonHelper.findWebElement(WebUiCommonHelper.java:1113)
	at com.kms.katalon.core.webui.keyword.internal.WebUIAbstractKeyword.findWebElement(WebUIAbstractKeyword.groovy:27)
	at com.kms.katalon.core.webui.keyword.internal.WebUIAbstractKeyword.findWebElement(WebUIAbstractKeyword.groovy:26)
	at com.kms.katalon.core.webui.keyword.builtin.GetTextKeyword$_getText_closure1.doCall(GetTextKeyword.groovy:78)
	at com.kms.katalon.core.webui.keyword.builtin.GetTextKeyword$_getText_closure1.call(GetTextKeyword.groovy)
	at com.kms.katalon.core.webui.keyword.internal.WebUIKeywordMain.runKeyword(WebUIKeywordMain.groovy:20)
	... 19 more


2020-01-16 17:48:20 - [TEST_STEP][PASSED] - flagBoar = "0": null

2020-01-16 17:48:20 - [TEST_STEP][PASSED] - log = new com.kms.katalon.core.logging.KeywordLogger(): null

2020-01-16 17:48:20 - [TEST_STEP][PASSED] - fisNewRes = new java.io.FileInputStream(/home/leonardo-arkusmty/Desktop/P4P/DATA_AUTOMATINTESTING/data_1newReservationBoarding.xlsx): null

2020-01-16 17:48:20 - [TEST_STEP][PASSED] - fisInv = new java.io.FileInputStream(/home/leonardo-arkusmty/Desktop/P4P/DATA_AUTOMATINTESTING/data_3Invoices.xlsx): null

2020-01-16 17:48:20 - [TEST_STEP][PASSED] - workbookNewRes = new org.apache.poi.xssf.usermodel.XSSFWorkbook(fisNewRes): null

2020-01-16 17:48:20 - [TEST_STEP][PASSED] - workbookInv = new org.apache.poi.xssf.usermodel.XSSFWorkbook(fisInv): null

2020-01-16 17:48:20 - [TEST_STEP][PASSED] - sheetNewRes = workbookNewRes.getSheet("Sheet1"): null

2020-01-16 17:48:20 - [TEST_STEP][PASSED] - sheetInv = workbookInv.getSheet("Sheet1"): null

2020-01-16 17:48:20 - [TEST_STEP][PASSED] - rowCount = var_row: null

2020-01-16 17:48:20 - [TEST_STEP][PASSED] - var = Integer.parseInt(var_idRowRes): null

2020-01-16 17:48:20 - [TEST_STEP][PASSED] - rowNewRes = sheetNewRes.getRow(var): null

2020-01-16 17:48:20 - [TEST_STEP][PASSED] - rowInv = sheetInv.getRow(var): null

2020-01-16 17:48:20 - [TEST_STEP][PASSED] - today = new java.util.Date(): null

2020-01-16 17:48:20 - [TEST_STEP][PASSED] - todaysDate1 = today.format("yyyy"): null

2020-01-16 17:48:20 - [TEST_STEP][PASSED] - todaysDate2 = today.format("mm"): null

2020-01-16 17:48:20 - [TEST_STEP][PASSED] - todaysDate3 = today.format("dd"): null

2020-01-16 17:48:20 - [TEST_STEP][PASSED] - todaysDate4 = today.format("mmm/dd/yyyy"): null

2020-01-16 17:48:20 - [TEST_STEP][PASSED] - todaysDate5 = today.format("dd/mm/yyyy"): null

2020-01-16 17:48:20 - [TEST_STEP][PASSED] - nowTime = today.format("hhmm"): null

2020-01-16 17:48:20 - [TEST_STEP][PASSED] - dateCI = var_checkinD.split(","): null

2020-01-16 17:48:20 - [TEST_STEP][PASSED] - dateCO = var_checkoutD.split(","): null

2020-01-16 17:48:20 - [TEST_STEP][PASSED] - arryPets = var_pets.split(","): null

2020-01-16 17:48:20 - [TEST_STEP][PASSED] - openBrowser("https://p4p-qa-bg.aws.paradise4paws.com/login/"): Browser is opened with url: 'https://p4p-qa-bg.aws.paradise4paws.com/login/'

2020-01-16 17:48:20 - [MESSAGE][WARNING] - A browser is already opened. Closing browser and opening a new one

2020-01-16 17:48:20 - [MESSAGE][INFO] - Starting 'Chrome' driver

2020-01-16 17:48:22 - [MESSAGE][PASSED] - Browser is opened with url: 'https://p4p-qa-bg.aws.paradise4paws.com/login/'

2020-01-16 17:48:22 - [TEST_STEP][PASSED] - maximizeWindow(): Current window maximized

2020-01-16 17:48:22 - [MESSAGE][PASSED] - Current window maximized

2020-01-16 17:48:22 - [TEST_STEP][PASSED] - setText(findTestObject("obj_login/input_user"), var_user): Text 'jegchavez@gmail.com' is set on object 'Object Repository/obj_login/input_user'

2020-01-16 17:48:23 - [MESSAGE][PASSED] - Text 'jegchavez@gmail.com' is set on object 'Object Repository/obj_login/input_user'

2020-01-16 17:48:23 - [TEST_STEP][PASSED] - setText(findTestObject("obj_login/input_pass"), var_pass): Text 'admin1' is set on object 'Object Repository/obj_login/input_pass'

2020-01-16 17:48:23 - [MESSAGE][PASSED] - Text 'admin1' is set on object 'Object Repository/obj_login/input_pass'

2020-01-16 17:48:23 - [TEST_STEP][PASSED] - delay(1): Delayed 1 second(s)

2020-01-16 17:48:24 - [MESSAGE][PASSED] - Delayed 1 second(s)

2020-01-16 17:48:24 - [TEST_STEP][PASSED] - verifyElementClickable(findTestObject("obj_login/btn_login")): Object 'Object Repository/obj_login/btn_login' is clickable

2020-01-16 17:48:25 - [MESSAGE][PASSED] - Object 'Object Repository/obj_login/btn_login' is clickable

2020-01-16 17:48:25 - [TEST_STEP][PASSED] - click(findTestObject("obj_login/btn_login")): Object: 'Object Repository/obj_login/btn_login' is clicked on

2020-01-16 17:48:26 - [MESSAGE][PASSED] - Object: 'Object Repository/obj_login/btn_login' is clicked on

2020-01-16 17:48:26 - [TEST_STEP][PASSED] - setText(findTestObject("obj_dashboard_emp/input_search"), var_searchParent): Text 'katalon 1' is set on object 'Object Repository/obj_dashboard_emp/input_search'

2020-01-16 17:48:27 - [MESSAGE][PASSED] - Text 'katalon 1' is set on object 'Object Repository/obj_dashboard_emp/input_search'

2020-01-16 17:48:27 - [TEST_STEP][PASSED] - click(findTestObject("obj_dashboard_emp/btn_accountSearch")): Object: 'Object Repository/obj_dashboard_emp/btn_accountSearch' is clicked on

2020-01-16 17:48:28 - [MESSAGE][PASSED] - Object: 'Object Repository/obj_dashboard_emp/btn_accountSearch' is clicked on

2020-01-16 17:48:28 - [TEST_STEP][PASSED] - click(findTestObject("obj_accountInformation/a_TEST GABRIEL PROD")): Object: 'Object Repository/obj_accountInformation/a_TEST GABRIEL PROD' is clicked on

2020-01-16 17:48:30 - [MESSAGE][PASSED] - Object: 'Object Repository/obj_accountInformation/a_TEST GABRIEL PROD' is clicked on

2020-01-16 17:48:30 - [TEST_STEP][PASSED] - click(findTestObject("obj_profile/a_addReservation")): Object: 'Object Repository/obj_profile/a_addReservation' is clicked on

2020-01-16 17:48:34 - [MESSAGE][PASSED] - Object: 'Object Repository/obj_profile/a_addReservation' is clicked on

2020-01-16 17:48:34 - [TEST_STEP][PASSED] - click(findTestObject("obj_reservation/4_/btn_Boarding")): Object: 'Object Repository/obj_reservation/4_/btn_Boarding' is clicked on

2020-01-16 17:48:36 - [MESSAGE][PASSED] - Object: 'Object Repository/obj_reservation/4_/btn_Boarding' is clicked on

2020-01-16 17:48:36 - [TEST_STEP][PASSED] - flagBoar = "1": null

2020-01-16 17:48:36 - [TEST_STEP][PASSED] - click(findTestObject("obj_reservation/4_/i_location")): Object: 'Object Repository/obj_reservation/4_/i_location' is clicked on

2020-01-16 17:48:38 - [MESSAGE][PASSED] - Object: 'Object Repository/obj_reservation/4_/i_location' is clicked on

2020-01-16 17:48:38 - [TEST_STEP][PASSED] - click(findTestObject("obj_reservation/2_facility/i_" + var_idFacility + "_facility")): Object: 'Object Repository/obj_reservation/2_facility/i_3_facility' is clicked on

2020-01-16 17:48:39 - [MESSAGE][PASSED] - Object: 'Object Repository/obj_reservation/2_facility/i_3_facility' is clicked on

2020-01-16 17:48:39 - [TEST_STEP][PASSED] - click(findTestObject("obj_reservation/4_/dateCheckIn")): Object: 'Object Repository/obj_reservation/4_/dateCheckIn' is clicked on

2020-01-16 17:48:42 - [MESSAGE][PASSED] - Object: 'Object Repository/obj_reservation/4_/dateCheckIn' is clicked on

2020-01-16 17:48:42 - [TEST_STEP][PASSED] - click(findTestObject("obj_reservation/3_date2020/0120/CI/button_" + dateCI[0] + "01_ci")): Object: 'Object Repository/obj_reservation/3_date2020/0120/CI/button_2901_ci' is clicked on

2020-01-16 17:48:42 - [MESSAGE][PASSED] - Object: 'Object Repository/obj_reservation/3_date2020/0120/CI/button_2901_ci' is clicked on

2020-01-16 17:48:42 - [TEST_STEP][PASSED] - if (flagBoar == "1"): Object: 'Object Repository/obj_reservation/3_date2020/0120/CO/button_3001_co' is clicked on

2020-01-16 17:48:42 - [TEST_STEP][PASSED] - click(findTestObject("obj_reservation/4_/dateCheckOut")): Object: 'Object Repository/obj_reservation/4_/dateCheckOut' is clicked on

2020-01-16 17:48:43 - [MESSAGE][PASSED] - Object: 'Object Repository/obj_reservation/4_/dateCheckOut' is clicked on

2020-01-16 17:48:43 - [TEST_STEP][PASSED] - click(findTestObject("obj_reservation/3_date2020/0120/CO/button_" + dateCO[0] + "01_co")): Object: 'Object Repository/obj_reservation/3_date2020/0120/CO/button_3001_co' is clicked on

2020-01-16 17:48:44 - [MESSAGE][PASSED] - Object: 'Object Repository/obj_reservation/3_date2020/0120/CO/button_3001_co' is clicked on

2020-01-16 17:48:44 - [TEST_STEP][PASSED] - if (var_checkinT.size() == 1): null

2020-01-16 17:48:44 - [TEST_STEP][PASSED] - if (var_checkinT.size() == 2): null

2020-01-16 17:48:44 - [TEST_STEP][PASSED] - if (var_checkinT.size() == 3): null

2020-01-16 17:48:44 - [TEST_STEP][PASSED] - var_checkinT = "0" + var_checkinT: null

2020-01-16 17:48:44 - [TEST_STEP][PASSED] - click(findTestObject("obj_reservation/4_/timeCheckin")): Object: 'Object Repository/obj_reservation/4_/timeCheckin' is clicked on

2020-01-16 17:48:45 - [MESSAGE][PASSED] - Object: 'Object Repository/obj_reservation/4_/timeCheckin' is clicked on

2020-01-16 17:48:45 - [TEST_STEP][PASSED] - click(findTestObject("obj_reservation/0_horas/CI/time_" + var_checkinT + "_ci")): Object: 'Object Repository/obj_reservation/0_horas/CI/time_0830_ci' is clicked on

2020-01-16 17:48:46 - [MESSAGE][PASSED] - Object: 'Object Repository/obj_reservation/0_horas/CI/time_0830_ci' is clicked on

2020-01-16 17:48:46 - [TEST_STEP][PASSED] - click(findTestObject("obj_reservation/4_/timeCheckOut")): Object: 'Object Repository/obj_reservation/4_/timeCheckOut' is clicked on

2020-01-16 17:48:46 - [MESSAGE][PASSED] - Object: 'Object Repository/obj_reservation/4_/timeCheckOut' is clicked on

2020-01-16 17:48:46 - [TEST_STEP][PASSED] - click(findTestObject("obj_reservation/0_horas/CO/time_" + var_checkoutT + "_co")): Object: 'Object Repository/obj_reservation/0_horas/CO/time_1200_co' is clicked on

2020-01-16 17:48:47 - [MESSAGE][PASSED] - Object: 'Object Repository/obj_reservation/0_horas/CO/time_1200_co' is clicked on

2020-01-16 17:48:47 - [TEST_STEP][PASSED] - if (arryPets.size() == 1): null

2020-01-16 17:48:47 - [TEST_STEP][PASSED] - else if (arryPets.size() == 2): Object: 'Object Repository/obj_reservation/4_/div_Zeus' is clicked on

2020-01-16 17:48:47 - [TEST_STEP][PASSED] - click(findTestObject("obj_reservation/P4P_5/div_Ares")): Object: 'Object Repository/obj_reservation/P4P_5/div_Ares' is clicked on

2020-01-16 17:48:48 - [MESSAGE][PASSED] - Object: 'Object Repository/obj_reservation/P4P_5/div_Ares' is clicked on

2020-01-16 17:48:48 - [TEST_STEP][PASSED] - click(findTestObject("obj_reservation/4_/div_Zeus")): Object: 'Object Repository/obj_reservation/4_/div_Zeus' is clicked on

2020-01-16 17:48:53 - [MESSAGE][PASSED] - Object: 'Object Repository/obj_reservation/4_/div_Zeus' is clicked on

2020-01-16 17:48:53 - [TEST_STEP][FAILED] - stringDeposit = getText(findTestObject("obj_reservation/4_/span_requiresdeposit"), CONTINUE_ON_FAILURE): Unable to get text of object 'Object Repository/obj_reservation/4_/span_requiresdeposit' (Root cause: com.kms.katalon.core.exception.StepFailedException: Unable to get text of object 'Object Repository/obj_reservation/4_/span_requiresdeposit'
	at com.kms.katalon.core.webui.keyword.internal.WebUIKeywordMain.stepFailed(WebUIKeywordMain.groovy:64)
	at com.kms.katalon.core.webui.keyword.internal.WebUIKeywordMain.runKeyword(WebUIKeywordMain.groovy:26)
	at com.kms.katalon.core.webui.keyword.builtin.GetTextKeyword.getText(GetTextKeyword.groovy:88)
	at com.kms.katalon.core.webui.keyword.builtin.GetTextKeyword.execute(GetTextKeyword.groovy:67)
	at com.kms.katalon.core.keyword.internal.KeywordExecutor.executeKeywordForPlatform(KeywordExecutor.groovy:60)
	at com.kms.katalon.core.webui.keyword.WebUiBuiltInKeywords.getText(WebUiBuiltInKeywords.groovy:874)
	at com.kms.katalon.core.webui.keyword.WebUiBuiltInKeywords$getText$4.call(Unknown Source)
	at p4p_1_newReservationBoarding.run(p4p_1_newReservationBoarding:108)
	at com.kms.katalon.core.main.ScriptEngine.run(ScriptEngine.java:194)
	at com.kms.katalon.core.main.ScriptEngine.runScriptAsRawText(ScriptEngine.java:119)
	at com.kms.katalon.core.main.TestCaseExecutor.runScript(TestCaseExecutor.java:337)
	at com.kms.katalon.core.main.TestCaseExecutor.doExecute(TestCaseExecutor.java:328)
	at com.kms.katalon.core.main.TestCaseExecutor.processExecutionPhase(TestCaseExecutor.java:307)
	at com.kms.katalon.core.main.TestCaseExecutor.accessMainPhase(TestCaseExecutor.java:299)
	at com.kms.katalon.core.main.TestCaseExecutor.execute(TestCaseExecutor.java:233)
	at com.kms.katalon.core.main.TestSuiteExecutor.accessTestCaseMainPhase(TestSuiteExecutor.java:169)
	at com.kms.katalon.core.main.TestSuiteExecutor.accessTestSuiteMainPhase(TestSuiteExecutor.java:142)
	at com.kms.katalon.core.main.TestSuiteExecutor.execute(TestSuiteExecutor.java:91)
	at com.kms.katalon.core.main.TestCaseMain.startTestSuite(TestCaseMain.java:157)
	at com.kms.katalon.core.main.TestCaseMain$startTestSuite$0.call(Unknown Source)
	at TempTestSuite1579218289966.run(TempTestSuite1579218289966.groovy:36)
Caused by: com.kms.katalon.core.webui.exception.WebElementNotFoundException: Web element with id: 'Object Repository/obj_reservation/4_/span_requiresdeposit' located by 'By.xpath: //div[@id='wrapper']/div/div/div[3]/fieldset/div/p4p-reservations-wizard/div/div[2]/div/overview/p4p-reservation-overview-section/div[2]/div/form/div[6]/div/p/span' not found
	at com.kms.katalon.core.webui.common.WebUiCommonHelper.findWebElement(WebUiCommonHelper.java:1113)
	at com.kms.katalon.core.webui.keyword.internal.WebUIAbstractKeyword.findWebElement(WebUIAbstractKeyword.groovy:27)
	at com.kms.katalon.core.webui.keyword.internal.WebUIAbstractKeyword.findWebElement(WebUIAbstractKeyword.groovy:26)
	at com.kms.katalon.core.webui.keyword.builtin.GetTextKeyword$_getText_closure1.doCall(GetTextKeyword.groovy:78)
	at com.kms.katalon.core.webui.keyword.builtin.GetTextKeyword$_getText_closure1.call(GetTextKeyword.groovy)
	at com.kms.katalon.core.webui.keyword.internal.WebUIKeywordMain.runKeyword(WebUIKeywordMain.groovy:20)
	at com.kms.katalon.core.webui.keyword.builtin.GetTextKeyword.getText(GetTextKeyword.groovy:88)
	at com.kms.katalon.core.webui.keyword.builtin.GetTextKeyword.execute(GetTextKeyword.groovy:67)
	at com.kms.katalon.core.keyword.internal.KeywordExecutor.executeKeywordForPlatform(KeywordExecutor.groovy:60)
	at com.kms.katalon.core.webui.keyword.WebUiBuiltInKeywords.getText(WebUiBuiltInKeywords.groovy:874)
	at com.kms.katalon.core.webui.keyword.WebUiBuiltInKeywords$getText$4.call(Unknown Source)
	at Script1579191965857.run(Script1579191965857.groovy:108)
	... 13 more
)

2020-01-16 17:49:38 - [MESSAGE][INFO] - Unable to find the element located by 'By.xpath: //div[@id='wrapper']/div/div/div[3]/fieldset/div/p4p-reservations-wizard/div/div[2]/div/overview/p4p-reservation-overview-section/div[2]/div/form/div[6]/div/p/span'. Please recheck the objects properties to make sure the desired element is located. 

2020-01-16 17:49:38 - [MESSAGE][FAILED] - Unable to get text of object 'Object Repository/obj_reservation/4_/span_requiresdeposit' (Root cause: com.kms.katalon.core.exception.StepFailedException: Unable to get text of object 'Object Repository/obj_reservation/4_/span_requiresdeposit'
	at com.kms.katalon.core.webui.keyword.internal.WebUIKeywordMain.stepFailed(WebUIKeywordMain.groovy:64)
	at com.kms.katalon.core.webui.keyword.internal.WebUIKeywordMain.runKeyword(WebUIKeywordMain.groovy:26)
	at com.kms.katalon.core.webui.keyword.builtin.GetTextKeyword.getText(GetTextKeyword.groovy:88)
	at com.kms.katalon.core.webui.keyword.builtin.GetTextKeyword.execute(GetTextKeyword.groovy:67)
	at com.kms.katalon.core.keyword.internal.KeywordExecutor.executeKeywordForPlatform(KeywordExecutor.groovy:60)
	at com.kms.katalon.core.webui.keyword.WebUiBuiltInKeywords.getText(WebUiBuiltInKeywords.groovy:874)
	at com.kms.katalon.core.webui.keyword.WebUiBuiltInKeywords$getText$4.call(Unknown Source)
	at p4p_1_newReservationBoarding.run(p4p_1_newReservationBoarding:108)
	at com.kms.katalon.core.main.ScriptEngine.run(ScriptEngine.java:194)
	at com.kms.katalon.core.main.ScriptEngine.runScriptAsRawText(ScriptEngine.java:119)
	at com.kms.katalon.core.main.TestCaseExecutor.runScript(TestCaseExecutor.java:337)
	at com.kms.katalon.core.main.TestCaseExecutor.doExecute(TestCaseExecutor.java:328)
	at com.kms.katalon.core.main.TestCaseExecutor.processExecutionPhase(TestCaseExecutor.java:307)
	at com.kms.katalon.core.main.TestCaseExecutor.accessMainPhase(TestCaseExecutor.java:299)
	at com.kms.katalon.core.main.TestCaseExecutor.execute(TestCaseExecutor.java:233)
	at com.kms.katalon.core.main.TestSuiteExecutor.accessTestCaseMainPhase(TestSuiteExecutor.java:169)
	at com.kms.katalon.core.main.TestSuiteExecutor.accessTestSuiteMainPhase(TestSuiteExecutor.java:142)
	at com.kms.katalon.core.main.TestSuiteExecutor.execute(TestSuiteExecutor.java:91)
	at com.kms.katalon.core.main.TestCaseMain.startTestSuite(TestCaseMain.java:157)
	at com.kms.katalon.core.main.TestCaseMain$startTestSuite$0.call(Unknown Source)
	at TempTestSuite1579218289966.run(TempTestSuite1579218289966.groovy:36)
Caused by: com.kms.katalon.core.webui.exception.WebElementNotFoundException: Web element with id: 'Object Repository/obj_reservation/4_/span_requiresdeposit' located by 'By.xpath: //div[@id='wrapper']/div/div/div[3]/fieldset/div/p4p-reservations-wizard/div/div[2]/div/overview/p4p-reservation-overview-section/div[2]/div/form/div[6]/div/p/span' not found
	at com.kms.katalon.core.webui.common.WebUiCommonHelper.findWebElement(WebUiCommonHelper.java:1113)
	at com.kms.katalon.core.webui.keyword.internal.WebUIAbstractKeyword.findWebElement(WebUIAbstractKeyword.groovy:27)
	at com.kms.katalon.core.webui.keyword.internal.WebUIAbstractKeyword.findWebElement(WebUIAbstractKeyword.groovy:26)
	at com.kms.katalon.core.webui.keyword.builtin.GetTextKeyword$_getText_closure1.doCall(GetTextKeyword.groovy:78)
	at com.kms.katalon.core.webui.keyword.builtin.GetTextKeyword$_getText_closure1.call(GetTextKeyword.groovy)
	at com.kms.katalon.core.webui.keyword.internal.WebUIKeywordMain.runKeyword(WebUIKeywordMain.groovy:20)
	at com.kms.katalon.core.webui.keyword.builtin.GetTextKeyword.getText(GetTextKeyword.groovy:88)
	at com.kms.katalon.core.webui.keyword.builtin.GetTextKeyword.execute(GetTextKeyword.groovy:67)
	at com.kms.katalon.core.keyword.internal.KeywordExecutor.executeKeywordForPlatform(KeywordExecutor.groovy:60)
	at com.kms.katalon.core.webui.keyword.WebUiBuiltInKeywords.getText(WebUiBuiltInKeywords.groovy:874)
	at com.kms.katalon.core.webui.keyword.WebUiBuiltInKeywords$getText$4.call(Unknown Source)
	at Script1579191965857.run(Script1579191965857.groovy:108)
	... 13 more
)
[[ATTACHMENT|/home/leonardo-arkusmty/Documents/workspaceKatalon/p4ptest/Reports/20200116_174449/ts_1_newReservationBoarding/20200116_174449/1579218578452.png]]

2020-01-16 17:49:38 - [TEST_STEP][PASSED] - varHoliday = 0: null

2020-01-16 17:49:38 - [TEST_STEP][PASSED] - if (stringDeposit != null): null

2020-01-16 17:49:38 - [TEST_STEP][PASSED] - try: Object: 'Object Repository/obj_reservation/4_/div_suite_rad_deluxe' is clicked on

2020-01-16 17:49:38 - [TEST_STEP][PASSED] - click(findTestObject("obj_reservation/4_/div_suite_rad_deluxe")): Object: 'Object Repository/obj_reservation/4_/div_suite_rad_deluxe' is clicked on

2020-01-16 17:49:39 - [MESSAGE][PASSED] - Object: 'Object Repository/obj_reservation/4_/div_suite_rad_deluxe' is clicked on

2020-01-16 17:49:39 - [TEST_STEP][PASSED] - click(findTestObject("obj_reservation/4_/btn_next2")): Object: 'Object Repository/obj_reservation/4_/btn_next2' is clicked on

2020-01-16 17:49:40 - [MESSAGE][PASSED] - Object: 'Object Repository/obj_reservation/4_/btn_next2' is clicked on

2020-01-16 17:49:40 - [TEST_STEP][PASSED] - click(findTestObject("obj_reservation/4_/btn_next2")): Object: 'Object Repository/obj_reservation/4_/btn_next2' is clicked on

2020-01-16 17:49:41 - [MESSAGE][PASSED] - Object: 'Object Repository/obj_reservation/4_/btn_next2' is clicked on

2020-01-16 17:49:41 - [TEST_STEP][PASSED] - click(findTestObject("obj_reservation/4_/button_Submit Reservation")): Object: 'Object Repository/obj_reservation/4_/button_Submit Reservation' is clicked on

2020-01-16 17:49:44 - [MESSAGE][PASSED] - Object: 'Object Repository/obj_reservation/4_/button_Submit Reservation' is clicked on

2020-01-16 17:49:44 - [TEST_STEP][PASSED] - if (flagBoar == "2" && var_repeatingEvery == "Daily" || var_repeatingEvery == "Monthly" || var_repeatingEvery == "Weekly"): null

2020-01-16 17:49:44 - [TEST_STEP][PASSED] - else: null

2020-01-16 17:49:44 - [TEST_STEP][PASSED] - try: Object: 'Object Repository/obj_reservation/4_/button_Return To Reservation' is clicked on

2020-01-16 17:49:44 - [TEST_STEP][PASSED] - click(findTestObject("obj_reservation/4_/button_Return To Reservation")): Object: 'Object Repository/obj_reservation/4_/button_Return To Reservation' is clicked on

2020-01-16 17:49:48 - [MESSAGE][PASSED] - Object: 'Object Repository/obj_reservation/4_/button_Return To Reservation' is clicked on

2020-01-16 17:49:48 - [TEST_STEP][PASSED] - click(findTestObject("obj_reservation/P4P_2/button_Go to CheckOut")): Object: 'Object Repository/obj_reservation/P4P_2/button_Go to CheckOut' is clicked on

2020-01-16 17:49:50 - [MESSAGE][PASSED] - Object: 'Object Repository/obj_reservation/P4P_2/button_Go to CheckOut' is clicked on

2020-01-16 17:49:50 - [TEST_STEP][PASSED] - var_url = getUrl(): Current window's url is: 'https://p4p-qa-bg.aws.paradise4paws.com/frontdesk/checkout/1702851/?parent_id=122352'

2020-01-16 17:49:51 - [MESSAGE][PASSED] - Current window's url is: 'https://p4p-qa-bg.aws.paradise4paws.com/frontdesk/checkout/1702851/?parent_id=122352'

2020-01-16 17:49:51 - [TEST_STEP][PASSED] - arrayUrl = var_url.split("/"): null

2020-01-16 17:49:51 - [TEST_STEP][PASSED] - verifyElementText(findTestObject("obj_reservation/P4P_2/span_( BK )"), "( BK )", STOP_ON_FAILURE): Actual text and expected text of test object 'Object Repository/obj_reservation/P4P_2/span_( BK )' are matched.

2020-01-16 17:49:52 - [MESSAGE][PASSED] - Actual text and expected text of test object 'Object Repository/obj_reservation/P4P_2/span_( BK )' are matched.

2020-01-16 17:49:52 - [TEST_STEP][PASSED] - log.logInfo(getText(findTestObject("obj_reservation/P4P_2/a_1795351"))): 1795545

2020-01-16 17:49:53 - [MESSAGE][PASSED] - Text of object 'Object Repository/obj_reservation/P4P_2/a_1795351' is: '1795545'

2020-01-16 17:49:53 - [MESSAGE][INFO] - 1795545

2020-01-16 17:49:53 - [TEST_STEP][PASSED] - cell = rowNewRes.createCell(16, 0): null

2020-01-16 17:49:53 - [TEST_STEP][PASSED] - cell.setCellType(CELL_TYPE_STRING): null

2020-01-16 17:49:53 - [TEST_STEP][PASSED] - cell.setCellValue(arrayUrl[5]): null

2020-01-16 17:49:53 - [TEST_STEP][PASSED] - varIdInv = getText(findTestObject("obj_reservation/P4P_2/a_1795351")).toString(): Text of object 'Object Repository/obj_reservation/P4P_2/a_1795351' is: '1795545'

2020-01-16 17:49:53 - [MESSAGE][PASSED] - Text of object 'Object Repository/obj_reservation/P4P_2/a_1795351' is: '1795545'

2020-01-16 17:49:53 - [TEST_STEP][PASSED] - celldInvoice = rowNewRes.createCell(17, 0): null

2020-01-16 17:49:53 - [TEST_STEP][PASSED] - celldInvoice.setCellType(CELL_TYPE_STRING): null

2020-01-16 17:49:53 - [TEST_STEP][PASSED] - celldInvoice.setCellValue(varIdInv): null

2020-01-16 17:49:53 - [TEST_STEP][PASSED] - cellStatus = rowNewRes.createCell(20, 0): null

2020-01-16 17:49:53 - [TEST_STEP][PASSED] - cellStatus.setCellType(CELL_TYPE_STRING): null

2020-01-16 17:49:53 - [TEST_STEP][PASSED] - cellStatus.setCellValue(getText(findTestObject("obj_reservation/P4P_2/span_( BK )"))): Text of object 'Object Repository/obj_reservation/P4P_2/span_( BK )' is: '( BK )'

2020-01-16 17:49:53 - [MESSAGE][PASSED] - Text of object 'Object Repository/obj_reservation/P4P_2/span_( BK )' is: '( BK )'

2020-01-16 17:49:53 - [TEST_STEP][PASSED] - cellHol = rowNewRes.createCell(18, 0): null

2020-01-16 17:49:53 - [TEST_STEP][PASSED] - cellHol.setCellType(CELL_TYPE_STRING): null

2020-01-16 17:49:53 - [TEST_STEP][PASSED] - cellInv3 = rowInv.createCell(3, 0): null

2020-01-16 17:49:53 - [TEST_STEP][PASSED] - cellInv3.setCellType(CELL_TYPE_STRING): null

2020-01-16 17:49:53 - [TEST_STEP][PASSED] - if (varHoliday == 1): null

2020-01-16 17:49:53 - [TEST_STEP][PASSED] - else: null

2020-01-16 17:49:53 - [TEST_STEP][PASSED] - cellHol.setCellValue("N"): null

2020-01-16 17:49:53 - [TEST_STEP][PASSED] - cellInv3.setCellValue("N"): null

2020-01-16 17:49:53 - [TEST_STEP][PASSED] - if (var == 1): null

2020-01-16 17:49:53 - [TEST_STEP][PASSED] - log.logInfo(getText(findTestObject("obj_reservation/4_/1_co_date"))): 

2020-01-16 17:49:54 - [MESSAGE][PASSED] - Text of object 'Object Repository/obj_reservation/4_/1_co_date' is: ''

2020-01-16 17:49:54 - [MESSAGE][INFO] - 

2020-01-16 17:49:54 - [TEST_STEP][PASSED] - click(findTestObject("obj_reservation/4_/tab_checkIn")): Object: 'Object Repository/obj_reservation/4_/tab_checkIn' is clicked on

2020-01-16 17:49:55 - [MESSAGE][PASSED] - Object: 'Object Repository/obj_reservation/4_/tab_checkIn' is clicked on

2020-01-16 17:49:55 - [TEST_STEP][PASSED] - delay(2): Delayed 2 second(s)

2020-01-16 17:49:57 - [MESSAGE][PASSED] - Delayed 2 second(s)

2020-01-16 17:49:57 - [TEST_STEP][PASSED] - log.logInfo(getText(findTestObject("PP/input_CheckinDate_checkin"))): 

2020-01-16 17:49:57 - [MESSAGE][PASSED] - Text of object 'Object Repository/PP/input_CheckinDate_checkin' is: ''

2020-01-16 17:49:57 - [MESSAGE][INFO] - 

2020-01-16 17:49:57 - [TEST_STEP][PASSED] - click(findTestObject("obj_reservation/4_/tab_editReservation")): Object: 'Object Repository/obj_reservation/4_/tab_editReservation' is clicked on

2020-01-16 17:49:58 - [MESSAGE][PASSED] - Object: 'Object Repository/obj_reservation/4_/tab_editReservation' is clicked on

2020-01-16 17:49:58 - [TEST_STEP][PASSED] - delay(2): Delayed 2 second(s)

2020-01-16 17:50:00 - [MESSAGE][PASSED] - Delayed 2 second(s)

2020-01-16 17:50:00 - [TEST_STEP][PASSED] - log.logInfo(getText(findTestObject("PP/input_CheckinDate_edit"))): 

2020-01-16 17:50:05 - [MESSAGE][PASSED] - Text of object 'Object Repository/PP/input_CheckinDate_edit' is: ''

2020-01-16 17:50:05 - [MESSAGE][INFO] - 

2020-01-16 17:50:05 - [TEST_STEP][PASSED] - delay(12): Delayed 12 second(s)

2020-01-16 17:50:17 - [MESSAGE][PASSED] - Delayed 12 second(s)

2020-01-16 17:50:17 - [TEST_STEP][PASSED] - cellDCI = rowNewRes.createCell(22, 0): null

2020-01-16 17:50:17 - [TEST_STEP][PASSED] - cellDCI.setCellType(CELL_TYPE_STRING): null

2020-01-16 17:50:17 - [TEST_STEP][PASSED] - cellDCI.setCellValue(var_checkinD): null

2020-01-16 17:50:17 - [TEST_STEP][PASSED] - cellDCO = rowNewRes.createCell(23, 0): null

2020-01-16 17:50:17 - [TEST_STEP][PASSED] - cellDCO.setCellType(CELL_TYPE_STRING): null

2020-01-16 17:50:17 - [TEST_STEP][PASSED] - cellDCO.setCellValue(var_checkoutD): null

2020-01-16 17:50:17 - [TEST_STEP][PASSED] - cellDCI1 = rowNewRes.createCell(24, 0): null

2020-01-16 17:50:17 - [TEST_STEP][PASSED] - cellDCI1.setCellType(CELL_TYPE_STRING): null

2020-01-16 17:50:17 - [TEST_STEP][PASSED] - cellDCI1.setCellValue(var_checkinD): null

2020-01-16 17:50:17 - [TEST_STEP][PASSED] - cellDCO1 = rowNewRes.createCell(25, 0): null

2020-01-16 17:50:17 - [TEST_STEP][PASSED] - cellDCO1.setCellType(CELL_TYPE_STRING): null

2020-01-16 17:50:17 - [TEST_STEP][PASSED] - cellDCO1.setCellValue(var_checkoutD): null

2020-01-16 17:50:17 - [TEST_STEP][PASSED] - click(findTestObject("obj_reservation/4_/tab_checkOut")): Object: 'Object Repository/obj_reservation/4_/tab_checkOut' is clicked on

2020-01-16 17:50:18 - [MESSAGE][PASSED] - Object: 'Object Repository/obj_reservation/4_/tab_checkOut' is clicked on

2020-01-16 17:50:18 - [TEST_STEP][PASSED] - delay(2): Delayed 2 second(s)

2020-01-16 17:50:20 - [MESSAGE][PASSED] - Delayed 2 second(s)

2020-01-16 17:50:20 - [TEST_STEP][PASSED] - if (var_cancelRes == "Y"): null

2020-01-16 17:50:20 - [TEST_STEP][PASSED] - else: Text of object 'Object Repository/obj_reservation/P4P_2/span_( BK )' is: '( OUT )'

2020-01-16 17:50:20 - [TEST_STEP][PASSED] - click(findTestObject("obj_reservation/4_/tab_checkIn")): Object: 'Object Repository/obj_reservation/4_/tab_checkIn' is clicked on

2020-01-16 17:50:21 - [MESSAGE][PASSED] - Object: 'Object Repository/obj_reservation/4_/tab_checkIn' is clicked on

2020-01-16 17:50:21 - [TEST_STEP][PASSED] - delay(3): Delayed 3 second(s)

2020-01-16 17:50:24 - [MESSAGE][PASSED] - Delayed 3 second(s)

2020-01-16 17:50:24 - [TEST_STEP][PASSED] - click(findTestObject("obj_reservation/4_/button_CheckIn_tabCheckin")): Object: 'Object Repository/obj_reservation/4_/button_CheckIn_tabCheckin' is clicked on

2020-01-16 17:50:25 - [MESSAGE][PASSED] - Object: 'Object Repository/obj_reservation/4_/button_CheckIn_tabCheckin' is clicked on

2020-01-16 17:50:25 - [TEST_STEP][PASSED] - urlCO = getUrl(): Current window's url is: 'https://p4p-qa-bg.aws.paradise4paws.com/frontdesk/checkin/1702851/?parent_id=122352'

2020-01-16 17:50:25 - [MESSAGE][PASSED] - Current window's url is: 'https://p4p-qa-bg.aws.paradise4paws.com/frontdesk/checkin/1702851/?parent_id=122352'

2020-01-16 17:50:25 - [TEST_STEP][PASSED] - log.logInfo(urlCO): https://p4p-qa-bg.aws.paradise4paws.com/frontdesk/checkin/1702851/?parent_id=122352

2020-01-16 17:50:25 - [MESSAGE][INFO] - https://p4p-qa-bg.aws.paradise4paws.com/frontdesk/checkin/1702851/?parent_id=122352

2020-01-16 17:50:25 - [TEST_STEP][PASSED] - navigateToUrl(urlCO): Navigate to 'https://p4p-qa-bg.aws.paradise4paws.com/frontdesk/checkin/1702851/?parent_id=122352' successfully

2020-01-16 17:50:26 - [MESSAGE][PASSED] - Navigate to 'https://p4p-qa-bg.aws.paradise4paws.com/frontdesk/checkin/1702851/?parent_id=122352' successfully

2020-01-16 17:50:26 - [TEST_STEP][PASSED] - delay(2): Delayed 2 second(s)

2020-01-16 17:50:28 - [MESSAGE][PASSED] - Delayed 2 second(s)

2020-01-16 17:50:28 - [TEST_STEP][PASSED] - log.logInfo(getText(findTestObject("obj_reservation/P4P_2/span_( BK )"))): ( IN )

2020-01-16 17:50:28 - [MESSAGE][PASSED] - Text of object 'Object Repository/obj_reservation/P4P_2/span_( BK )' is: '( IN )'

2020-01-16 17:50:28 - [MESSAGE][INFO] - ( IN )

2020-01-16 17:50:28 - [TEST_STEP][PASSED] - delay(2): Delayed 2 second(s)

2020-01-16 17:50:30 - [MESSAGE][PASSED] - Delayed 2 second(s)

2020-01-16 17:50:30 - [TEST_STEP][PASSED] - cellIn = rowNewRes.createCell(28, 0): null

2020-01-16 17:50:30 - [TEST_STEP][PASSED] - cellIn.setCellType(CELL_TYPE_STRING): null

2020-01-16 17:50:30 - [TEST_STEP][PASSED] - cellIn.setCellValue(getText(findTestObject("obj_reservation/P4P_2/span_( BK )"))): Text of object 'Object Repository/obj_reservation/P4P_2/span_( BK )' is: '( IN )'

2020-01-16 17:50:30 - [MESSAGE][PASSED] - Text of object 'Object Repository/obj_reservation/P4P_2/span_( BK )' is: '( IN )'

2020-01-16 17:50:30 - [TEST_STEP][PASSED] - delay(2): Delayed 2 second(s)

2020-01-16 17:50:32 - [MESSAGE][PASSED] - Delayed 2 second(s)

2020-01-16 17:50:32 - [TEST_STEP][PASSED] - click(findTestObject("obj_reservation/4_/tab_checkOut")): Object: 'Object Repository/obj_reservation/4_/tab_checkOut' is clicked on

2020-01-16 17:50:33 - [MESSAGE][PASSED] - Object: 'Object Repository/obj_reservation/4_/tab_checkOut' is clicked on

2020-01-16 17:50:33 - [TEST_STEP][PASSED] - delay(60): Delayed 60 second(s)

2020-01-16 17:51:33 - [MESSAGE][PASSED] - Delayed 60 second(s)

2020-01-16 17:51:33 - [TEST_STEP][PASSED] - click(findTestObject("obj_reservation/4_/a_InitiateCheckout_tabCO")): Object: 'Object Repository/obj_reservation/4_/a_InitiateCheckout_tabCO' is clicked on

2020-01-16 17:51:34 - [MESSAGE][PASSED] - Object: 'Object Repository/obj_reservation/4_/a_InitiateCheckout_tabCO' is clicked on

2020-01-16 17:51:34 - [TEST_STEP][PASSED] - delay(8): Delayed 8 second(s)

2020-01-16 17:51:42 - [MESSAGE][PASSED] - Delayed 8 second(s)

2020-01-16 17:51:42 - [TEST_STEP][PASSED] - scrollToPosition(100, 99): Browser is scrolled to position x = 100, y = 99

2020-01-16 17:51:42 - [MESSAGE][PASSED] - Browser is scrolled to position x = 100, y = 99

2020-01-16 17:51:42 - [TEST_STEP][PASSED] - urlCO2 = getUrl(): Current window's url is: 'https://p4p-qa-bg.aws.paradise4paws.com/frontdesk/checkout/1702851/?parent_id=122352'

2020-01-16 17:51:42 - [MESSAGE][PASSED] - Current window's url is: 'https://p4p-qa-bg.aws.paradise4paws.com/frontdesk/checkout/1702851/?parent_id=122352'

2020-01-16 17:51:42 - [TEST_STEP][PASSED] - click(findTestObject("obj_reservation/4_/a_btnGO_tabCO")): Object: 'Object Repository/obj_reservation/4_/a_btnGO_tabCO' is clicked on

2020-01-16 17:51:42 - [MESSAGE][PASSED] - Object: 'Object Repository/obj_reservation/4_/a_btnGO_tabCO' is clicked on

2020-01-16 17:51:42 - [TEST_STEP][PASSED] - delay(4): Delayed 4 second(s)

2020-01-16 17:51:46 - [MESSAGE][PASSED] - Delayed 4 second(s)

2020-01-16 17:51:46 - [TEST_STEP][PASSED] - log.logInfo(urlCO2): https://p4p-qa-bg.aws.paradise4paws.com/frontdesk/checkout/1702851/?parent_id=122352

2020-01-16 17:51:46 - [MESSAGE][INFO] - https://p4p-qa-bg.aws.paradise4paws.com/frontdesk/checkout/1702851/?parent_id=122352

2020-01-16 17:51:46 - [TEST_STEP][PASSED] - navigateToUrl(urlCO2): Navigate to 'https://p4p-qa-bg.aws.paradise4paws.com/frontdesk/checkout/1702851/?parent_id=122352' successfully

2020-01-16 17:51:47 - [MESSAGE][PASSED] - Navigate to 'https://p4p-qa-bg.aws.paradise4paws.com/frontdesk/checkout/1702851/?parent_id=122352' successfully

2020-01-16 17:51:47 - [TEST_STEP][PASSED] - log.logInfo(getText(findTestObject("obj_reservation/P4P_2/span_( BK )"))): ( OUT )

2020-01-16 17:51:50 - [MESSAGE][PASSED] - Text of object 'Object Repository/obj_reservation/P4P_2/span_( BK )' is: '( OUT )'

2020-01-16 17:51:50 - [MESSAGE][INFO] - ( OUT )

2020-01-16 17:51:50 - [TEST_STEP][PASSED] - cellOut = rowNewRes.createCell(31, 0): null

2020-01-16 17:51:50 - [TEST_STEP][PASSED] - cellOut.setCellType(CELL_TYPE_STRING): null

2020-01-16 17:51:50 - [TEST_STEP][PASSED] - cellOut.setCellValue(getText(findTestObject("obj_reservation/P4P_2/span_( BK )"))): Text of object 'Object Repository/obj_reservation/P4P_2/span_( BK )' is: '( OUT )'

2020-01-16 17:51:50 - [MESSAGE][PASSED] - Text of object 'Object Repository/obj_reservation/P4P_2/span_( BK )' is: '( OUT )'

2020-01-16 17:51:50 - [TEST_STEP][PASSED] - delay(2): Delayed 2 second(s)

2020-01-16 17:51:52 - [MESSAGE][PASSED] - Delayed 2 second(s)

2020-01-16 17:51:52 - [TEST_STEP][PASSED] - fos = new java.io.FileOutputStream(/home/leonardo-arkusmty/Desktop/P4P/DATA_AUTOMATINTESTING/data_1newReservationBoarding.xlsx): null

2020-01-16 17:51:52 - [TEST_STEP][PASSED] - workbookNewRes.write(fos): null

2020-01-16 17:51:52 - [TEST_STEP][PASSED] - delay(1): Delayed 1 second(s)

2020-01-16 17:51:53 - [MESSAGE][PASSED] - Delayed 1 second(s)

2020-01-16 17:51:53 - [TEST_STEP][PASSED] - (var_row++): null]]></system-out>
         <system-err><![CDATA[2020-01-16 17:48:19 - [TEST_CASE][FAILED] - Test Cases/p4p_1_newReservationBoarding: Test Cases/p4p_1_newReservationBoarding FAILED.
Reason:
com.kms.katalon.core.exception.StepFailedException: Unable to get text of object 'Object Repository/obj_reservation/4_/span_requiresdeposit' (Root cause: com.kms.katalon.core.exception.StepFailedException: Unable to get text of object 'Object Repository/obj_reservation/4_/span_requiresdeposit'
	at com.kms.katalon.core.webui.keyword.internal.WebUIKeywordMain.stepFailed(WebUIKeywordMain.groovy:64)
	at com.kms.katalon.core.webui.keyword.internal.WebUIKeywordMain.runKeyword(WebUIKeywordMain.groovy:26)
	at com.kms.katalon.core.webui.keyword.builtin.GetTextKeyword.getText(GetTextKeyword.groovy:88)
	at com.kms.katalon.core.webui.keyword.builtin.GetTextKeyword.execute(GetTextKeyword.groovy:67)
	at com.kms.katalon.core.keyword.internal.KeywordExecutor.executeKeywordForPlatform(KeywordExecutor.groovy:60)
	at com.kms.katalon.core.webui.keyword.WebUiBuiltInKeywords.getText(WebUiBuiltInKeywords.groovy:874)
	at com.kms.katalon.core.webui.keyword.WebUiBuiltInKeywords$getText$4.call(Unknown Source)
	at p4p_1_newReservationBoarding.run(p4p_1_newReservationBoarding:108)
	at com.kms.katalon.core.main.ScriptEngine.run(ScriptEngine.java:194)
	at com.kms.katalon.core.main.ScriptEngine.runScriptAsRawText(ScriptEngine.java:119)
	at com.kms.katalon.core.main.TestCaseExecutor.runScript(TestCaseExecutor.java:337)
	at com.kms.katalon.core.main.TestCaseExecutor.doExecute(TestCaseExecutor.java:328)
	at com.kms.katalon.core.main.TestCaseExecutor.processExecutionPhase(TestCaseExecutor.java:307)
	at com.kms.katalon.core.main.TestCaseExecutor.accessMainPhase(TestCaseExecutor.java:299)
	at com.kms.katalon.core.main.TestCaseExecutor.execute(TestCaseExecutor.java:233)
	at com.kms.katalon.core.main.TestSuiteExecutor.accessTestCaseMainPhase(TestSuiteExecutor.java:169)
	at com.kms.katalon.core.main.TestSuiteExecutor.accessTestSuiteMainPhase(TestSuiteExecutor.java:142)
	at com.kms.katalon.core.main.TestSuiteExecutor.execute(TestSuiteExecutor.java:91)
	at com.kms.katalon.core.main.TestCaseMain.startTestSuite(TestCaseMain.java:157)
	at com.kms.katalon.core.main.TestCaseMain$startTestSuite$0.call(Unknown Source)
	at TempTestSuite1579218289966.run(TempTestSuite1579218289966.groovy:36)
Caused by: com.kms.katalon.core.webui.exception.WebElementNotFoundException: Web element with id: 'Object Repository/obj_reservation/4_/span_requiresdeposit' located by 'By.xpath: //div[@id='wrapper']/div/div/div[3]/fieldset/div/p4p-reservations-wizard/div/div[2]/div/overview/p4p-reservation-overview-section/div[2]/div/form/div[6]/div/p/span' not found
	at com.kms.katalon.core.webui.common.WebUiCommonHelper.findWebElement(WebUiCommonHelper.java:1113)
	at com.kms.katalon.core.webui.keyword.internal.WebUIAbstractKeyword.findWebElement(WebUIAbstractKeyword.groovy:27)
	at com.kms.katalon.core.webui.keyword.internal.WebUIAbstractKeyword.findWebElement(WebUIAbstractKeyword.groovy:26)
	at com.kms.katalon.core.webui.keyword.builtin.GetTextKeyword$_getText_closure1.doCall(GetTextKeyword.groovy:78)
	at com.kms.katalon.core.webui.keyword.builtin.GetTextKeyword$_getText_closure1.call(GetTextKeyword.groovy)
	at com.kms.katalon.core.webui.keyword.internal.WebUIKeywordMain.runKeyword(WebUIKeywordMain.groovy:20)
	at com.kms.katalon.core.webui.keyword.builtin.GetTextKeyword.getText(GetTextKeyword.groovy:88)
	at com.kms.katalon.core.webui.keyword.builtin.GetTextKeyword.execute(GetTextKeyword.groovy:67)
	at com.kms.katalon.core.keyword.internal.KeywordExecutor.executeKeywordForPlatform(KeywordExecutor.groovy:60)
	at com.kms.katalon.core.webui.keyword.WebUiBuiltInKeywords.getText(WebUiBuiltInKeywords.groovy:874)
	at com.kms.katalon.core.webui.keyword.WebUiBuiltInKeywords$getText$4.call(Unknown Source)
	at Script1579191965857.run(Script1579191965857.groovy:108)
	... 13 more
)
	at com.kms.katalon.core.keyword.internal.KeywordMain.stepFailed(KeywordMain.groovy:39)
	at com.kms.katalon.core.webui.keyword.internal.WebUIKeywordMain.stepFailed(WebUIKeywordMain.groovy:64)
	at com.kms.katalon.core.webui.keyword.internal.WebUIKeywordMain.runKeyword(WebUIKeywordMain.groovy:26)
	at com.kms.katalon.core.webui.keyword.builtin.GetTextKeyword.getText(GetTextKeyword.groovy:88)
	at com.kms.katalon.core.webui.keyword.builtin.GetTextKeyword.execute(GetTextKeyword.groovy:67)
	at com.kms.katalon.core.keyword.internal.KeywordExecutor.executeKeywordForPlatform(KeywordExecutor.groovy:60)
	at com.kms.katalon.core.webui.keyword.WebUiBuiltInKeywords.getText(WebUiBuiltInKeywords.groovy:874)
	at com.kms.katalon.core.webui.keyword.WebUiBuiltInKeywords$getText$4.call(Unknown Source)
	at p4p_1_newReservationBoarding.run(p4p_1_newReservationBoarding:108)
	at com.kms.katalon.core.main.ScriptEngine.run(ScriptEngine.java:194)
	at com.kms.katalon.core.main.ScriptEngine.runScriptAsRawText(ScriptEngine.java:119)
	at com.kms.katalon.core.main.TestCaseExecutor.runScript(TestCaseExecutor.java:337)
	at com.kms.katalon.core.main.TestCaseExecutor.doExecute(TestCaseExecutor.java:328)
	at com.kms.katalon.core.main.TestCaseExecutor.processExecutionPhase(TestCaseExecutor.java:307)
	at com.kms.katalon.core.main.TestCaseExecutor.accessMainPhase(TestCaseExecutor.java:299)
	at com.kms.katalon.core.main.TestCaseExecutor.execute(TestCaseExecutor.java:233)
	at com.kms.katalon.core.main.TestSuiteExecutor.accessTestCaseMainPhase(TestSuiteExecutor.java:169)
	at com.kms.katalon.core.main.TestSuiteExecutor.accessTestSuiteMainPhase(TestSuiteExecutor.java:142)
	at com.kms.katalon.core.main.TestSuiteExecutor.execute(TestSuiteExecutor.java:91)
	at com.kms.katalon.core.main.TestCaseMain.startTestSuite(TestCaseMain.java:157)
	at com.kms.katalon.core.main.TestCaseMain$startTestSuite$0.call(Unknown Source)
	at TempTestSuite1579218289966.run(TempTestSuite1579218289966.groovy:36)
Caused by: com.kms.katalon.core.exception.StepFailedException: Unable to get text of object 'Object Repository/obj_reservation/4_/span_requiresdeposit'
	... 21 more
Caused by: com.kms.katalon.core.webui.exception.WebElementNotFoundException: Web element with id: 'Object Repository/obj_reservation/4_/span_requiresdeposit' located by 'By.xpath: //div[@id='wrapper']/div/div/div[3]/fieldset/div/p4p-reservations-wizard/div/div[2]/div/overview/p4p-reservation-overview-section/div[2]/div/form/div[6]/div/p/span' not found
	at com.kms.katalon.core.webui.common.WebUiCommonHelper.findWebElement(WebUiCommonHelper.java:1113)
	at com.kms.katalon.core.webui.keyword.internal.WebUIAbstractKeyword.findWebElement(WebUIAbstractKeyword.groovy:27)
	at com.kms.katalon.core.webui.keyword.internal.WebUIAbstractKeyword.findWebElement(WebUIAbstractKeyword.groovy:26)
	at com.kms.katalon.core.webui.keyword.builtin.GetTextKeyword$_getText_closure1.doCall(GetTextKeyword.groovy:78)
	at com.kms.katalon.core.webui.keyword.builtin.GetTextKeyword$_getText_closure1.call(GetTextKeyword.groovy)
	at com.kms.katalon.core.webui.keyword.internal.WebUIKeywordMain.runKeyword(WebUIKeywordMain.groovy:20)
	... 19 more]]></system-err>
      </testcase>
      <testcase name="Test Cases/p4p_1_newReservationBoarding" time="137.211" classname="Test Cases/p4p_1_newReservationBoarding" status="FAILED">
         <failure type="FAILED" message="Test Cases/p4p_1_newReservationBoarding FAILED.
Reason:
com.kms.katalon.core.exception.StepFailedException: Unable to get text of object 'Object Repository/obj_reservation/4_/span_requiresdeposit' (Root cause: com.kms.katalon.core.exception.StepFailedException: Unable to get text of object 'Object Repository/obj_reservation/4_/span_requiresdeposit'
	at com.kms.katalon.core.webui.keyword.internal.WebUIKeywordMain.stepFailed(WebUIKeywordMain.groovy:64)
	at com.kms.katalon.core.webui.keyword.internal.WebUIKeywordMain.runKeyword(WebUIKeywordMain.groovy:26)
	at com.kms.katalon.core.webui.keyword.builtin.GetTextKeyword.getText(GetTextKeyword.groovy:88)
	at com.kms.katalon.core.webui.keyword.builtin.GetTextKeyword.execute(GetTextKeyword.groovy:67)
	at com.kms.katalon.core.keyword.internal.KeywordExecutor.executeKeywordForPlatform(KeywordExecutor.groovy:60)
	at com.kms.katalon.core.webui.keyword.WebUiBuiltInKeywords.getText(WebUiBuiltInKeywords.groovy:874)
	at com.kms.katalon.core.webui.keyword.WebUiBuiltInKeywords$getText$4.call(Unknown Source)
	at p4p_1_newReservationBoarding.run(p4p_1_newReservationBoarding:108)
	at com.kms.katalon.core.main.ScriptEngine.run(ScriptEngine.java:194)
	at com.kms.katalon.core.main.ScriptEngine.runScriptAsRawText(ScriptEngine.java:119)
	at com.kms.katalon.core.main.TestCaseExecutor.runScript(TestCaseExecutor.java:337)
	at com.kms.katalon.core.main.TestCaseExecutor.doExecute(TestCaseExecutor.java:328)
	at com.kms.katalon.core.main.TestCaseExecutor.processExecutionPhase(TestCaseExecutor.java:307)
	at com.kms.katalon.core.main.TestCaseExecutor.accessMainPhase(TestCaseExecutor.java:299)
	at com.kms.katalon.core.main.TestCaseExecutor.execute(TestCaseExecutor.java:233)
	at com.kms.katalon.core.main.TestSuiteExecutor.accessTestCaseMainPhase(TestSuiteExecutor.java:169)
	at com.kms.katalon.core.main.TestSuiteExecutor.accessTestSuiteMainPhase(TestSuiteExecutor.java:142)
	at com.kms.katalon.core.main.TestSuiteExecutor.execute(TestSuiteExecutor.java:91)
	at com.kms.katalon.core.main.TestCaseMain.startTestSuite(TestCaseMain.java:157)
	at com.kms.katalon.core.main.TestCaseMain$startTestSuite$0.call(Unknown Source)
	at TempTestSuite1579218289966.run(TempTestSuite1579218289966.groovy:36)
Caused by: com.kms.katalon.core.webui.exception.WebElementNotFoundException: Web element with id: 'Object Repository/obj_reservation/4_/span_requiresdeposit' located by 'By.xpath: //div[@id='wrapper']/div/div/div[3]/fieldset/div/p4p-reservations-wizard/div/div[2]/div/overview/p4p-reservation-overview-section/div[2]/div/form/div[6]/div/p/span' not found
	at com.kms.katalon.core.webui.common.WebUiCommonHelper.findWebElement(WebUiCommonHelper.java:1113)
	at com.kms.katalon.core.webui.keyword.internal.WebUIAbstractKeyword.findWebElement(WebUIAbstractKeyword.groovy:27)
	at com.kms.katalon.core.webui.keyword.internal.WebUIAbstractKeyword.findWebElement(WebUIAbstractKeyword.groovy:26)
	at com.kms.katalon.core.webui.keyword.builtin.GetTextKeyword$_getText_closure1.doCall(GetTextKeyword.groovy:78)
	at com.kms.katalon.core.webui.keyword.builtin.GetTextKeyword$_getText_closure1.call(GetTextKeyword.groovy)
	at com.kms.katalon.core.webui.keyword.internal.WebUIKeywordMain.runKeyword(WebUIKeywordMain.groovy:20)
	at com.kms.katalon.core.webui.keyword.builtin.GetTextKeyword.getText(GetTextKeyword.groovy:88)
	at com.kms.katalon.core.webui.keyword.builtin.GetTextKeyword.execute(GetTextKeyword.groovy:67)
	at com.kms.katalon.core.keyword.internal.KeywordExecutor.executeKeywordForPlatform(KeywordExecutor.groovy:60)
	at com.kms.katalon.core.webui.keyword.WebUiBuiltInKeywords.getText(WebUiBuiltInKeywords.groovy:874)
	at com.kms.katalon.core.webui.keyword.WebUiBuiltInKeywords$getText$4.call(Unknown Source)
	at Script1579191965857.run(Script1579191965857.groovy:108)
	... 13 more
)
	at com.kms.katalon.core.keyword.internal.KeywordMain.stepFailed(KeywordMain.groovy:39)
	at com.kms.katalon.core.webui.keyword.internal.WebUIKeywordMain.stepFailed(WebUIKeywordMain.groovy:64)
	at com.kms.katalon.core.webui.keyword.internal.WebUIKeywordMain.runKeyword(WebUIKeywordMain.groovy:26)
	at com.kms.katalon.core.webui.keyword.builtin.GetTextKeyword.getText(GetTextKeyword.groovy:88)
	at com.kms.katalon.core.webui.keyword.builtin.GetTextKeyword.execute(GetTextKeyword.groovy:67)
	at com.kms.katalon.core.keyword.internal.KeywordExecutor.executeKeywordForPlatform(KeywordExecutor.groovy:60)
	at com.kms.katalon.core.webui.keyword.WebUiBuiltInKeywords.getText(WebUiBuiltInKeywords.groovy:874)
	at com.kms.katalon.core.webui.keyword.WebUiBuiltInKeywords$getText$4.call(Unknown Source)
	at p4p_1_newReservationBoarding.run(p4p_1_newReservationBoarding:108)
	at com.kms.katalon.core.main.ScriptEngine.run(ScriptEngine.java:194)
	at com.kms.katalon.core.main.ScriptEngine.runScriptAsRawText(ScriptEngine.java:119)
	at com.kms.katalon.core.main.TestCaseExecutor.runScript(TestCaseExecutor.java:337)
	at com.kms.katalon.core.main.TestCaseExecutor.doExecute(TestCaseExecutor.java:328)
	at com.kms.katalon.core.main.TestCaseExecutor.processExecutionPhase(TestCaseExecutor.java:307)
	at com.kms.katalon.core.main.TestCaseExecutor.accessMainPhase(TestCaseExecutor.java:299)
	at com.kms.katalon.core.main.TestCaseExecutor.execute(TestCaseExecutor.java:233)
	at com.kms.katalon.core.main.TestSuiteExecutor.accessTestCaseMainPhase(TestSuiteExecutor.java:169)
	at com.kms.katalon.core.main.TestSuiteExecutor.accessTestSuiteMainPhase(TestSuiteExecutor.java:142)
	at com.kms.katalon.core.main.TestSuiteExecutor.execute(TestSuiteExecutor.java:91)
	at com.kms.katalon.core.main.TestCaseMain.startTestSuite(TestCaseMain.java:157)
	at com.kms.katalon.core.main.TestCaseMain$startTestSuite$0.call(Unknown Source)
	at TempTestSuite1579218289966.run(TempTestSuite1579218289966.groovy:36)
Caused by: com.kms.katalon.core.exception.StepFailedException: Unable to get text of object 'Object Repository/obj_reservation/4_/span_requiresdeposit'
	... 21 more
Caused by: com.kms.katalon.core.webui.exception.WebElementNotFoundException: Web element with id: 'Object Repository/obj_reservation/4_/span_requiresdeposit' located by 'By.xpath: //div[@id='wrapper']/div/div/div[3]/fieldset/div/p4p-reservations-wizard/div/div[2]/div/overview/p4p-reservation-overview-section/div[2]/div/form/div[6]/div/p/span' not found
	at com.kms.katalon.core.webui.common.WebUiCommonHelper.findWebElement(WebUiCommonHelper.java:1113)
	at com.kms.katalon.core.webui.keyword.internal.WebUIAbstractKeyword.findWebElement(WebUIAbstractKeyword.groovy:27)
	at com.kms.katalon.core.webui.keyword.internal.WebUIAbstractKeyword.findWebElement(WebUIAbstractKeyword.groovy:26)
	at com.kms.katalon.core.webui.keyword.builtin.GetTextKeyword$_getText_closure1.doCall(GetTextKeyword.groovy:78)
	at com.kms.katalon.core.webui.keyword.builtin.GetTextKeyword$_getText_closure1.call(GetTextKeyword.groovy)
	at com.kms.katalon.core.webui.keyword.internal.WebUIKeywordMain.runKeyword(WebUIKeywordMain.groovy:20)
	... 19 more
"/>
         <system-out><![CDATA[2020-01-16 17:51:53 - [TEST_CASE][FAILED] - Test Cases/p4p_1_newReservationBoarding: Test Cases/p4p_1_newReservationBoarding FAILED.
Reason:
com.kms.katalon.core.exception.StepFailedException: Unable to get text of object 'Object Repository/obj_reservation/4_/span_requiresdeposit' (Root cause: com.kms.katalon.core.exception.StepFailedException: Unable to get text of object 'Object Repository/obj_reservation/4_/span_requiresdeposit'
	at com.kms.katalon.core.webui.keyword.internal.WebUIKeywordMain.stepFailed(WebUIKeywordMain.groovy:64)
	at com.kms.katalon.core.webui.keyword.internal.WebUIKeywordMain.runKeyword(WebUIKeywordMain.groovy:26)
	at com.kms.katalon.core.webui.keyword.builtin.GetTextKeyword.getText(GetTextKeyword.groovy:88)
	at com.kms.katalon.core.webui.keyword.builtin.GetTextKeyword.execute(GetTextKeyword.groovy:67)
	at com.kms.katalon.core.keyword.internal.KeywordExecutor.executeKeywordForPlatform(KeywordExecutor.groovy:60)
	at com.kms.katalon.core.webui.keyword.WebUiBuiltInKeywords.getText(WebUiBuiltInKeywords.groovy:874)
	at com.kms.katalon.core.webui.keyword.WebUiBuiltInKeywords$getText$4.call(Unknown Source)
	at p4p_1_newReservationBoarding.run(p4p_1_newReservationBoarding:108)
	at com.kms.katalon.core.main.ScriptEngine.run(ScriptEngine.java:194)
	at com.kms.katalon.core.main.ScriptEngine.runScriptAsRawText(ScriptEngine.java:119)
	at com.kms.katalon.core.main.TestCaseExecutor.runScript(TestCaseExecutor.java:337)
	at com.kms.katalon.core.main.TestCaseExecutor.doExecute(TestCaseExecutor.java:328)
	at com.kms.katalon.core.main.TestCaseExecutor.processExecutionPhase(TestCaseExecutor.java:307)
	at com.kms.katalon.core.main.TestCaseExecutor.accessMainPhase(TestCaseExecutor.java:299)
	at com.kms.katalon.core.main.TestCaseExecutor.execute(TestCaseExecutor.java:233)
	at com.kms.katalon.core.main.TestSuiteExecutor.accessTestCaseMainPhase(TestSuiteExecutor.java:169)
	at com.kms.katalon.core.main.TestSuiteExecutor.accessTestSuiteMainPhase(TestSuiteExecutor.java:142)
	at com.kms.katalon.core.main.TestSuiteExecutor.execute(TestSuiteExecutor.java:91)
	at com.kms.katalon.core.main.TestCaseMain.startTestSuite(TestCaseMain.java:157)
	at com.kms.katalon.core.main.TestCaseMain$startTestSuite$0.call(Unknown Source)
	at TempTestSuite1579218289966.run(TempTestSuite1579218289966.groovy:36)
Caused by: com.kms.katalon.core.webui.exception.WebElementNotFoundException: Web element with id: 'Object Repository/obj_reservation/4_/span_requiresdeposit' located by 'By.xpath: //div[@id='wrapper']/div/div/div[3]/fieldset/div/p4p-reservations-wizard/div/div[2]/div/overview/p4p-reservation-overview-section/div[2]/div/form/div[6]/div/p/span' not found
	at com.kms.katalon.core.webui.common.WebUiCommonHelper.findWebElement(WebUiCommonHelper.java:1113)
	at com.kms.katalon.core.webui.keyword.internal.WebUIAbstractKeyword.findWebElement(WebUIAbstractKeyword.groovy:27)
	at com.kms.katalon.core.webui.keyword.internal.WebUIAbstractKeyword.findWebElement(WebUIAbstractKeyword.groovy:26)
	at com.kms.katalon.core.webui.keyword.builtin.GetTextKeyword$_getText_closure1.doCall(GetTextKeyword.groovy:78)
	at com.kms.katalon.core.webui.keyword.builtin.GetTextKeyword$_getText_closure1.call(GetTextKeyword.groovy)
	at com.kms.katalon.core.webui.keyword.internal.WebUIKeywordMain.runKeyword(WebUIKeywordMain.groovy:20)
	at com.kms.katalon.core.webui.keyword.builtin.GetTextKeyword.getText(GetTextKeyword.groovy:88)
	at com.kms.katalon.core.webui.keyword.builtin.GetTextKeyword.execute(GetTextKeyword.groovy:67)
	at com.kms.katalon.core.keyword.internal.KeywordExecutor.executeKeywordForPlatform(KeywordExecutor.groovy:60)
	at com.kms.katalon.core.webui.keyword.WebUiBuiltInKeywords.getText(WebUiBuiltInKeywords.groovy:874)
	at com.kms.katalon.core.webui.keyword.WebUiBuiltInKeywords$getText$4.call(Unknown Source)
	at Script1579191965857.run(Script1579191965857.groovy:108)
	... 13 more
)
	at com.kms.katalon.core.keyword.internal.KeywordMain.stepFailed(KeywordMain.groovy:39)
	at com.kms.katalon.core.webui.keyword.internal.WebUIKeywordMain.stepFailed(WebUIKeywordMain.groovy:64)
	at com.kms.katalon.core.webui.keyword.internal.WebUIKeywordMain.runKeyword(WebUIKeywordMain.groovy:26)
	at com.kms.katalon.core.webui.keyword.builtin.GetTextKeyword.getText(GetTextKeyword.groovy:88)
	at com.kms.katalon.core.webui.keyword.builtin.GetTextKeyword.execute(GetTextKeyword.groovy:67)
	at com.kms.katalon.core.keyword.internal.KeywordExecutor.executeKeywordForPlatform(KeywordExecutor.groovy:60)
	at com.kms.katalon.core.webui.keyword.WebUiBuiltInKeywords.getText(WebUiBuiltInKeywords.groovy:874)
	at com.kms.katalon.core.webui.keyword.WebUiBuiltInKeywords$getText$4.call(Unknown Source)
	at p4p_1_newReservationBoarding.run(p4p_1_newReservationBoarding:108)
	at com.kms.katalon.core.main.ScriptEngine.run(ScriptEngine.java:194)
	at com.kms.katalon.core.main.ScriptEngine.runScriptAsRawText(ScriptEngine.java:119)
	at com.kms.katalon.core.main.TestCaseExecutor.runScript(TestCaseExecutor.java:337)
	at com.kms.katalon.core.main.TestCaseExecutor.doExecute(TestCaseExecutor.java:328)
	at com.kms.katalon.core.main.TestCaseExecutor.processExecutionPhase(TestCaseExecutor.java:307)
	at com.kms.katalon.core.main.TestCaseExecutor.accessMainPhase(TestCaseExecutor.java:299)
	at com.kms.katalon.core.main.TestCaseExecutor.execute(TestCaseExecutor.java:233)
	at com.kms.katalon.core.main.TestSuiteExecutor.accessTestCaseMainPhase(TestSuiteExecutor.java:169)
	at com.kms.katalon.core.main.TestSuiteExecutor.accessTestSuiteMainPhase(TestSuiteExecutor.java:142)
	at com.kms.katalon.core.main.TestSuiteExecutor.execute(TestSuiteExecutor.java:91)
	at com.kms.katalon.core.main.TestCaseMain.startTestSuite(TestCaseMain.java:157)
	at com.kms.katalon.core.main.TestCaseMain$startTestSuite$0.call(Unknown Source)
	at TempTestSuite1579218289966.run(TempTestSuite1579218289966.groovy:36)
Caused by: com.kms.katalon.core.exception.StepFailedException: Unable to get text of object 'Object Repository/obj_reservation/4_/span_requiresdeposit'
	... 21 more
Caused by: com.kms.katalon.core.webui.exception.WebElementNotFoundException: Web element with id: 'Object Repository/obj_reservation/4_/span_requiresdeposit' located by 'By.xpath: //div[@id='wrapper']/div/div/div[3]/fieldset/div/p4p-reservations-wizard/div/div[2]/div/overview/p4p-reservation-overview-section/div[2]/div/form/div[6]/div/p/span' not found
	at com.kms.katalon.core.webui.common.WebUiCommonHelper.findWebElement(WebUiCommonHelper.java:1113)
	at com.kms.katalon.core.webui.keyword.internal.WebUIAbstractKeyword.findWebElement(WebUIAbstractKeyword.groovy:27)
	at com.kms.katalon.core.webui.keyword.internal.WebUIAbstractKeyword.findWebElement(WebUIAbstractKeyword.groovy:26)
	at com.kms.katalon.core.webui.keyword.builtin.GetTextKeyword$_getText_closure1.doCall(GetTextKeyword.groovy:78)
	at com.kms.katalon.core.webui.keyword.builtin.GetTextKeyword$_getText_closure1.call(GetTextKeyword.groovy)
	at com.kms.katalon.core.webui.keyword.internal.WebUIKeywordMain.runKeyword(WebUIKeywordMain.groovy:20)
	... 19 more


2020-01-16 17:51:53 - [TEST_STEP][PASSED] - flagBoar = "0": null

2020-01-16 17:51:53 - [TEST_STEP][PASSED] - log = new com.kms.katalon.core.logging.KeywordLogger(): null

2020-01-16 17:51:53 - [TEST_STEP][PASSED] - fisNewRes = new java.io.FileInputStream(/home/leonardo-arkusmty/Desktop/P4P/DATA_AUTOMATINTESTING/data_1newReservationBoarding.xlsx): null

2020-01-16 17:51:53 - [TEST_STEP][PASSED] - fisInv = new java.io.FileInputStream(/home/leonardo-arkusmty/Desktop/P4P/DATA_AUTOMATINTESTING/data_3Invoices.xlsx): null

2020-01-16 17:51:53 - [TEST_STEP][PASSED] - workbookNewRes = new org.apache.poi.xssf.usermodel.XSSFWorkbook(fisNewRes): null

2020-01-16 17:51:53 - [TEST_STEP][PASSED] - workbookInv = new org.apache.poi.xssf.usermodel.XSSFWorkbook(fisInv): null

2020-01-16 17:51:53 - [TEST_STEP][PASSED] - sheetNewRes = workbookNewRes.getSheet("Sheet1"): null

2020-01-16 17:51:53 - [TEST_STEP][PASSED] - sheetInv = workbookInv.getSheet("Sheet1"): null

2020-01-16 17:51:53 - [TEST_STEP][PASSED] - rowCount = var_row: null

2020-01-16 17:51:53 - [TEST_STEP][PASSED] - var = Integer.parseInt(var_idRowRes): null

2020-01-16 17:51:53 - [TEST_STEP][PASSED] - rowNewRes = sheetNewRes.getRow(var): null

2020-01-16 17:51:53 - [TEST_STEP][PASSED] - rowInv = sheetInv.getRow(var): null

2020-01-16 17:51:53 - [TEST_STEP][PASSED] - today = new java.util.Date(): null

2020-01-16 17:51:53 - [TEST_STEP][PASSED] - todaysDate1 = today.format("yyyy"): null

2020-01-16 17:51:53 - [TEST_STEP][PASSED] - todaysDate2 = today.format("mm"): null

2020-01-16 17:51:53 - [TEST_STEP][PASSED] - todaysDate3 = today.format("dd"): null

2020-01-16 17:51:53 - [TEST_STEP][PASSED] - todaysDate4 = today.format("mmm/dd/yyyy"): null

2020-01-16 17:51:53 - [TEST_STEP][PASSED] - todaysDate5 = today.format("dd/mm/yyyy"): null

2020-01-16 17:51:53 - [TEST_STEP][PASSED] - nowTime = today.format("hhmm"): null

2020-01-16 17:51:53 - [TEST_STEP][PASSED] - dateCI = var_checkinD.split(","): null

2020-01-16 17:51:53 - [TEST_STEP][PASSED] - dateCO = var_checkoutD.split(","): null

2020-01-16 17:51:53 - [TEST_STEP][PASSED] - arryPets = var_pets.split(","): null

2020-01-16 17:51:53 - [TEST_STEP][PASSED] - openBrowser("https://p4p-qa-bg.aws.paradise4paws.com/login/"): Browser is opened with url: 'https://p4p-qa-bg.aws.paradise4paws.com/login/'

2020-01-16 17:51:53 - [MESSAGE][WARNING] - A browser is already opened. Closing browser and opening a new one

2020-01-16 17:51:53 - [MESSAGE][INFO] - Starting 'Chrome' driver

2020-01-16 17:51:57 - [MESSAGE][PASSED] - Browser is opened with url: 'https://p4p-qa-bg.aws.paradise4paws.com/login/'

2020-01-16 17:51:57 - [TEST_STEP][PASSED] - maximizeWindow(): Current window maximized

2020-01-16 17:51:57 - [MESSAGE][PASSED] - Current window maximized

2020-01-16 17:51:57 - [TEST_STEP][PASSED] - setText(findTestObject("obj_login/input_user"), var_user): Text 'jegchavez@gmail.com' is set on object 'Object Repository/obj_login/input_user'

2020-01-16 17:51:58 - [MESSAGE][PASSED] - Text 'jegchavez@gmail.com' is set on object 'Object Repository/obj_login/input_user'

2020-01-16 17:51:58 - [TEST_STEP][PASSED] - setText(findTestObject("obj_login/input_pass"), var_pass): Text 'admin1' is set on object 'Object Repository/obj_login/input_pass'

2020-01-16 17:51:58 - [MESSAGE][PASSED] - Text 'admin1' is set on object 'Object Repository/obj_login/input_pass'

2020-01-16 17:51:58 - [TEST_STEP][PASSED] - delay(1): Delayed 1 second(s)

2020-01-16 17:51:59 - [MESSAGE][PASSED] - Delayed 1 second(s)

2020-01-16 17:51:59 - [TEST_STEP][PASSED] - verifyElementClickable(findTestObject("obj_login/btn_login")): Object 'Object Repository/obj_login/btn_login' is clickable

2020-01-16 17:51:59 - [MESSAGE][PASSED] - Object 'Object Repository/obj_login/btn_login' is clickable

2020-01-16 17:51:59 - [TEST_STEP][PASSED] - click(findTestObject("obj_login/btn_login")): Object: 'Object Repository/obj_login/btn_login' is clicked on

2020-01-16 17:52:01 - [MESSAGE][PASSED] - Object: 'Object Repository/obj_login/btn_login' is clicked on

2020-01-16 17:52:01 - [TEST_STEP][PASSED] - setText(findTestObject("obj_dashboard_emp/input_search"), var_searchParent): Text 'katalon 1' is set on object 'Object Repository/obj_dashboard_emp/input_search'

2020-01-16 17:52:01 - [MESSAGE][PASSED] - Text 'katalon 1' is set on object 'Object Repository/obj_dashboard_emp/input_search'

2020-01-16 17:52:01 - [TEST_STEP][PASSED] - click(findTestObject("obj_dashboard_emp/btn_accountSearch")): Object: 'Object Repository/obj_dashboard_emp/btn_accountSearch' is clicked on

2020-01-16 17:52:02 - [MESSAGE][PASSED] - Object: 'Object Repository/obj_dashboard_emp/btn_accountSearch' is clicked on

2020-01-16 17:52:02 - [TEST_STEP][PASSED] - click(findTestObject("obj_accountInformation/a_TEST GABRIEL PROD")): Object: 'Object Repository/obj_accountInformation/a_TEST GABRIEL PROD' is clicked on

2020-01-16 17:52:04 - [MESSAGE][PASSED] - Object: 'Object Repository/obj_accountInformation/a_TEST GABRIEL PROD' is clicked on

2020-01-16 17:52:04 - [TEST_STEP][PASSED] - click(findTestObject("obj_profile/a_addReservation")): Object: 'Object Repository/obj_profile/a_addReservation' is clicked on

2020-01-16 17:52:08 - [MESSAGE][PASSED] - Object: 'Object Repository/obj_profile/a_addReservation' is clicked on

2020-01-16 17:52:08 - [TEST_STEP][PASSED] - click(findTestObject("obj_reservation/4_/btn_Boarding")): Object: 'Object Repository/obj_reservation/4_/btn_Boarding' is clicked on

2020-01-16 17:52:10 - [MESSAGE][PASSED] - Object: 'Object Repository/obj_reservation/4_/btn_Boarding' is clicked on

2020-01-16 17:52:10 - [TEST_STEP][PASSED] - flagBoar = "1": null

2020-01-16 17:52:10 - [TEST_STEP][PASSED] - click(findTestObject("obj_reservation/4_/i_location")): Object: 'Object Repository/obj_reservation/4_/i_location' is clicked on

2020-01-16 17:52:13 - [MESSAGE][PASSED] - Object: 'Object Repository/obj_reservation/4_/i_location' is clicked on

2020-01-16 17:52:13 - [TEST_STEP][PASSED] - click(findTestObject("obj_reservation/2_facility/i_" + var_idFacility + "_facility")): Object: 'Object Repository/obj_reservation/2_facility/i_3_facility' is clicked on

2020-01-16 17:52:13 - [MESSAGE][PASSED] - Object: 'Object Repository/obj_reservation/2_facility/i_3_facility' is clicked on

2020-01-16 17:52:13 - [TEST_STEP][PASSED] - click(findTestObject("obj_reservation/4_/dateCheckIn")): Object: 'Object Repository/obj_reservation/4_/dateCheckIn' is clicked on

2020-01-16 17:52:16 - [MESSAGE][PASSED] - Object: 'Object Repository/obj_reservation/4_/dateCheckIn' is clicked on

2020-01-16 17:52:16 - [TEST_STEP][PASSED] - click(findTestObject("obj_reservation/3_date2020/0120/CI/button_" + dateCI[0] + "01_ci")): Object: 'Object Repository/obj_reservation/3_date2020/0120/CI/button_2501_ci' is clicked on

2020-01-16 17:52:17 - [MESSAGE][PASSED] - Object: 'Object Repository/obj_reservation/3_date2020/0120/CI/button_2501_ci' is clicked on

2020-01-16 17:52:17 - [TEST_STEP][PASSED] - if (flagBoar == "1"): Object: 'Object Repository/obj_reservation/3_date2020/0120/CO/button_2601_co' is clicked on

2020-01-16 17:52:17 - [TEST_STEP][PASSED] - click(findTestObject("obj_reservation/4_/dateCheckOut")): Object: 'Object Repository/obj_reservation/4_/dateCheckOut' is clicked on

2020-01-16 17:52:18 - [MESSAGE][PASSED] - Object: 'Object Repository/obj_reservation/4_/dateCheckOut' is clicked on

2020-01-16 17:52:18 - [TEST_STEP][PASSED] - click(findTestObject("obj_reservation/3_date2020/0120/CO/button_" + dateCO[0] + "01_co")): Object: 'Object Repository/obj_reservation/3_date2020/0120/CO/button_2601_co' is clicked on

2020-01-16 17:52:19 - [MESSAGE][PASSED] - Object: 'Object Repository/obj_reservation/3_date2020/0120/CO/button_2601_co' is clicked on

2020-01-16 17:52:19 - [TEST_STEP][PASSED] - if (var_checkinT.size() == 1): null

2020-01-16 17:52:19 - [TEST_STEP][PASSED] - if (var_checkinT.size() == 2): null

2020-01-16 17:52:19 - [TEST_STEP][PASSED] - if (var_checkinT.size() == 3): null

2020-01-16 17:52:19 - [TEST_STEP][PASSED] - var_checkinT = "0" + var_checkinT: null

2020-01-16 17:52:19 - [TEST_STEP][PASSED] - click(findTestObject("obj_reservation/4_/timeCheckin")): Object: 'Object Repository/obj_reservation/4_/timeCheckin' is clicked on

2020-01-16 17:52:20 - [MESSAGE][PASSED] - Object: 'Object Repository/obj_reservation/4_/timeCheckin' is clicked on

2020-01-16 17:52:20 - [TEST_STEP][PASSED] - click(findTestObject("obj_reservation/0_horas/CI/time_" + var_checkinT + "_ci")): Object: 'Object Repository/obj_reservation/0_horas/CI/time_0800_ci' is clicked on

2020-01-16 17:52:21 - [MESSAGE][PASSED] - Object: 'Object Repository/obj_reservation/0_horas/CI/time_0800_ci' is clicked on

2020-01-16 17:52:21 - [TEST_STEP][PASSED] - click(findTestObject("obj_reservation/4_/timeCheckOut")): Object: 'Object Repository/obj_reservation/4_/timeCheckOut' is clicked on

2020-01-16 17:52:21 - [MESSAGE][PASSED] - Object: 'Object Repository/obj_reservation/4_/timeCheckOut' is clicked on

2020-01-16 17:52:21 - [TEST_STEP][PASSED] - click(findTestObject("obj_reservation/0_horas/CO/time_" + var_checkoutT + "_co")): Object: 'Object Repository/obj_reservation/0_horas/CO/time_1130_co' is clicked on

2020-01-16 17:52:22 - [MESSAGE][PASSED] - Object: 'Object Repository/obj_reservation/0_horas/CO/time_1130_co' is clicked on

2020-01-16 17:52:22 - [TEST_STEP][PASSED] - if (arryPets.size() == 1): Object: 'Object Repository/obj_reservation/P4P_5/div_Ares' is clicked on

2020-01-16 17:52:22 - [TEST_STEP][PASSED] - click(findTestObject("obj_reservation/P4P_5/div_Ares")): Object: 'Object Repository/obj_reservation/P4P_5/div_Ares' is clicked on

2020-01-16 17:52:23 - [MESSAGE][PASSED] - Object: 'Object Repository/obj_reservation/P4P_5/div_Ares' is clicked on

2020-01-16 17:52:23 - [TEST_STEP][FAILED] - stringDeposit = getText(findTestObject("obj_reservation/4_/span_requiresdeposit"), CONTINUE_ON_FAILURE): Unable to get text of object 'Object Repository/obj_reservation/4_/span_requiresdeposit' (Root cause: com.kms.katalon.core.exception.StepFailedException: Unable to get text of object 'Object Repository/obj_reservation/4_/span_requiresdeposit'
	at com.kms.katalon.core.webui.keyword.internal.WebUIKeywordMain.stepFailed(WebUIKeywordMain.groovy:64)
	at com.kms.katalon.core.webui.keyword.internal.WebUIKeywordMain.runKeyword(WebUIKeywordMain.groovy:26)
	at com.kms.katalon.core.webui.keyword.builtin.GetTextKeyword.getText(GetTextKeyword.groovy:88)
	at com.kms.katalon.core.webui.keyword.builtin.GetTextKeyword.execute(GetTextKeyword.groovy:67)
	at com.kms.katalon.core.keyword.internal.KeywordExecutor.executeKeywordForPlatform(KeywordExecutor.groovy:60)
	at com.kms.katalon.core.webui.keyword.WebUiBuiltInKeywords.getText(WebUiBuiltInKeywords.groovy:874)
	at com.kms.katalon.core.webui.keyword.WebUiBuiltInKeywords$getText$4.call(Unknown Source)
	at p4p_1_newReservationBoarding.run(p4p_1_newReservationBoarding:108)
	at com.kms.katalon.core.main.ScriptEngine.run(ScriptEngine.java:194)
	at com.kms.katalon.core.main.ScriptEngine.runScriptAsRawText(ScriptEngine.java:119)
	at com.kms.katalon.core.main.TestCaseExecutor.runScript(TestCaseExecutor.java:337)
	at com.kms.katalon.core.main.TestCaseExecutor.doExecute(TestCaseExecutor.java:328)
	at com.kms.katalon.core.main.TestCaseExecutor.processExecutionPhase(TestCaseExecutor.java:307)
	at com.kms.katalon.core.main.TestCaseExecutor.accessMainPhase(TestCaseExecutor.java:299)
	at com.kms.katalon.core.main.TestCaseExecutor.execute(TestCaseExecutor.java:233)
	at com.kms.katalon.core.main.TestSuiteExecutor.accessTestCaseMainPhase(TestSuiteExecutor.java:169)
	at com.kms.katalon.core.main.TestSuiteExecutor.accessTestSuiteMainPhase(TestSuiteExecutor.java:142)
	at com.kms.katalon.core.main.TestSuiteExecutor.execute(TestSuiteExecutor.java:91)
	at com.kms.katalon.core.main.TestCaseMain.startTestSuite(TestCaseMain.java:157)
	at com.kms.katalon.core.main.TestCaseMain$startTestSuite$0.call(Unknown Source)
	at TempTestSuite1579218289966.run(TempTestSuite1579218289966.groovy:36)
Caused by: com.kms.katalon.core.webui.exception.WebElementNotFoundException: Web element with id: 'Object Repository/obj_reservation/4_/span_requiresdeposit' located by 'By.xpath: //div[@id='wrapper']/div/div/div[3]/fieldset/div/p4p-reservations-wizard/div/div[2]/div/overview/p4p-reservation-overview-section/div[2]/div/form/div[6]/div/p/span' not found
	at com.kms.katalon.core.webui.common.WebUiCommonHelper.findWebElement(WebUiCommonHelper.java:1113)
	at com.kms.katalon.core.webui.keyword.internal.WebUIAbstractKeyword.findWebElement(WebUIAbstractKeyword.groovy:27)
	at com.kms.katalon.core.webui.keyword.internal.WebUIAbstractKeyword.findWebElement(WebUIAbstractKeyword.groovy:26)
	at com.kms.katalon.core.webui.keyword.builtin.GetTextKeyword$_getText_closure1.doCall(GetTextKeyword.groovy:78)
	at com.kms.katalon.core.webui.keyword.builtin.GetTextKeyword$_getText_closure1.call(GetTextKeyword.groovy)
	at com.kms.katalon.core.webui.keyword.internal.WebUIKeywordMain.runKeyword(WebUIKeywordMain.groovy:20)
	at com.kms.katalon.core.webui.keyword.builtin.GetTextKeyword.getText(GetTextKeyword.groovy:88)
	at com.kms.katalon.core.webui.keyword.builtin.GetTextKeyword.execute(GetTextKeyword.groovy:67)
	at com.kms.katalon.core.keyword.internal.KeywordExecutor.executeKeywordForPlatform(KeywordExecutor.groovy:60)
	at com.kms.katalon.core.webui.keyword.WebUiBuiltInKeywords.getText(WebUiBuiltInKeywords.groovy:874)
	at com.kms.katalon.core.webui.keyword.WebUiBuiltInKeywords$getText$4.call(Unknown Source)
	at Script1579191965857.run(Script1579191965857.groovy:108)
	... 13 more
)

2020-01-16 17:53:08 - [MESSAGE][INFO] - Unable to find the element located by 'By.xpath: //div[@id='wrapper']/div/div/div[3]/fieldset/div/p4p-reservations-wizard/div/div[2]/div/overview/p4p-reservation-overview-section/div[2]/div/form/div[6]/div/p/span'. Please recheck the objects properties to make sure the desired element is located. 

2020-01-16 17:53:08 - [MESSAGE][FAILED] - Unable to get text of object 'Object Repository/obj_reservation/4_/span_requiresdeposit' (Root cause: com.kms.katalon.core.exception.StepFailedException: Unable to get text of object 'Object Repository/obj_reservation/4_/span_requiresdeposit'
	at com.kms.katalon.core.webui.keyword.internal.WebUIKeywordMain.stepFailed(WebUIKeywordMain.groovy:64)
	at com.kms.katalon.core.webui.keyword.internal.WebUIKeywordMain.runKeyword(WebUIKeywordMain.groovy:26)
	at com.kms.katalon.core.webui.keyword.builtin.GetTextKeyword.getText(GetTextKeyword.groovy:88)
	at com.kms.katalon.core.webui.keyword.builtin.GetTextKeyword.execute(GetTextKeyword.groovy:67)
	at com.kms.katalon.core.keyword.internal.KeywordExecutor.executeKeywordForPlatform(KeywordExecutor.groovy:60)
	at com.kms.katalon.core.webui.keyword.WebUiBuiltInKeywords.getText(WebUiBuiltInKeywords.groovy:874)
	at com.kms.katalon.core.webui.keyword.WebUiBuiltInKeywords$getText$4.call(Unknown Source)
	at p4p_1_newReservationBoarding.run(p4p_1_newReservationBoarding:108)
	at com.kms.katalon.core.main.ScriptEngine.run(ScriptEngine.java:194)
	at com.kms.katalon.core.main.ScriptEngine.runScriptAsRawText(ScriptEngine.java:119)
	at com.kms.katalon.core.main.TestCaseExecutor.runScript(TestCaseExecutor.java:337)
	at com.kms.katalon.core.main.TestCaseExecutor.doExecute(TestCaseExecutor.java:328)
	at com.kms.katalon.core.main.TestCaseExecutor.processExecutionPhase(TestCaseExecutor.java:307)
	at com.kms.katalon.core.main.TestCaseExecutor.accessMainPhase(TestCaseExecutor.java:299)
	at com.kms.katalon.core.main.TestCaseExecutor.execute(TestCaseExecutor.java:233)
	at com.kms.katalon.core.main.TestSuiteExecutor.accessTestCaseMainPhase(TestSuiteExecutor.java:169)
	at com.kms.katalon.core.main.TestSuiteExecutor.accessTestSuiteMainPhase(TestSuiteExecutor.java:142)
	at com.kms.katalon.core.main.TestSuiteExecutor.execute(TestSuiteExecutor.java:91)
	at com.kms.katalon.core.main.TestCaseMain.startTestSuite(TestCaseMain.java:157)
	at com.kms.katalon.core.main.TestCaseMain$startTestSuite$0.call(Unknown Source)
	at TempTestSuite1579218289966.run(TempTestSuite1579218289966.groovy:36)
Caused by: com.kms.katalon.core.webui.exception.WebElementNotFoundException: Web element with id: 'Object Repository/obj_reservation/4_/span_requiresdeposit' located by 'By.xpath: //div[@id='wrapper']/div/div/div[3]/fieldset/div/p4p-reservations-wizard/div/div[2]/div/overview/p4p-reservation-overview-section/div[2]/div/form/div[6]/div/p/span' not found
	at com.kms.katalon.core.webui.common.WebUiCommonHelper.findWebElement(WebUiCommonHelper.java:1113)
	at com.kms.katalon.core.webui.keyword.internal.WebUIAbstractKeyword.findWebElement(WebUIAbstractKeyword.groovy:27)
	at com.kms.katalon.core.webui.keyword.internal.WebUIAbstractKeyword.findWebElement(WebUIAbstractKeyword.groovy:26)
	at com.kms.katalon.core.webui.keyword.builtin.GetTextKeyword$_getText_closure1.doCall(GetTextKeyword.groovy:78)
	at com.kms.katalon.core.webui.keyword.builtin.GetTextKeyword$_getText_closure1.call(GetTextKeyword.groovy)
	at com.kms.katalon.core.webui.keyword.internal.WebUIKeywordMain.runKeyword(WebUIKeywordMain.groovy:20)
	at com.kms.katalon.core.webui.keyword.builtin.GetTextKeyword.getText(GetTextKeyword.groovy:88)
	at com.kms.katalon.core.webui.keyword.builtin.GetTextKeyword.execute(GetTextKeyword.groovy:67)
	at com.kms.katalon.core.keyword.internal.KeywordExecutor.executeKeywordForPlatform(KeywordExecutor.groovy:60)
	at com.kms.katalon.core.webui.keyword.WebUiBuiltInKeywords.getText(WebUiBuiltInKeywords.groovy:874)
	at com.kms.katalon.core.webui.keyword.WebUiBuiltInKeywords$getText$4.call(Unknown Source)
	at Script1579191965857.run(Script1579191965857.groovy:108)
	... 13 more
)
[[ATTACHMENT|/home/leonardo-arkusmty/Documents/workspaceKatalon/p4ptest/Reports/20200116_174449/ts_1_newReservationBoarding/20200116_174449/1579218788633.png]]

2020-01-16 17:53:08 - [TEST_STEP][PASSED] - varHoliday = 0: null

2020-01-16 17:53:08 - [TEST_STEP][PASSED] - if (stringDeposit != null): null

2020-01-16 17:53:08 - [TEST_STEP][PASSED] - try: Object: 'Object Repository/obj_reservation/4_/div_suite_rad_deluxe' is clicked on

2020-01-16 17:53:08 - [TEST_STEP][PASSED] - click(findTestObject("obj_reservation/4_/div_suite_rad_deluxe")): Object: 'Object Repository/obj_reservation/4_/div_suite_rad_deluxe' is clicked on

2020-01-16 17:53:09 - [MESSAGE][PASSED] - Object: 'Object Repository/obj_reservation/4_/div_suite_rad_deluxe' is clicked on

2020-01-16 17:53:09 - [TEST_STEP][PASSED] - click(findTestObject("obj_reservation/4_/btn_next2")): Object: 'Object Repository/obj_reservation/4_/btn_next2' is clicked on

2020-01-16 17:53:09 - [MESSAGE][PASSED] - Object: 'Object Repository/obj_reservation/4_/btn_next2' is clicked on

2020-01-16 17:53:09 - [TEST_STEP][PASSED] - click(findTestObject("obj_reservation/4_/btn_next2")): Object: 'Object Repository/obj_reservation/4_/btn_next2' is clicked on

2020-01-16 17:53:12 - [MESSAGE][PASSED] - Object: 'Object Repository/obj_reservation/4_/btn_next2' is clicked on

2020-01-16 17:53:12 - [TEST_STEP][PASSED] - click(findTestObject("obj_reservation/4_/button_Submit Reservation")): Object: 'Object Repository/obj_reservation/4_/button_Submit Reservation' is clicked on

2020-01-16 17:53:14 - [MESSAGE][PASSED] - Object: 'Object Repository/obj_reservation/4_/button_Submit Reservation' is clicked on

2020-01-16 17:53:14 - [TEST_STEP][PASSED] - if (flagBoar == "2" && var_repeatingEvery == "Daily" || var_repeatingEvery == "Monthly" || var_repeatingEvery == "Weekly"): null

2020-01-16 17:53:14 - [TEST_STEP][PASSED] - else: null

2020-01-16 17:53:14 - [TEST_STEP][PASSED] - try: Object: 'Object Repository/obj_reservation/4_/button_Return To Reservation' is clicked on

2020-01-16 17:53:14 - [TEST_STEP][PASSED] - click(findTestObject("obj_reservation/4_/button_Return To Reservation")): Object: 'Object Repository/obj_reservation/4_/button_Return To Reservation' is clicked on

2020-01-16 17:53:17 - [MESSAGE][PASSED] - Object: 'Object Repository/obj_reservation/4_/button_Return To Reservation' is clicked on

2020-01-16 17:53:17 - [TEST_STEP][PASSED] - click(findTestObject("obj_reservation/P4P_2/button_Go to CheckOut")): Object: 'Object Repository/obj_reservation/P4P_2/button_Go to CheckOut' is clicked on

2020-01-16 17:53:21 - [MESSAGE][PASSED] - Object: 'Object Repository/obj_reservation/P4P_2/button_Go to CheckOut' is clicked on

2020-01-16 17:53:21 - [TEST_STEP][PASSED] - var_url = getUrl(): Current window's url is: 'https://p4p-qa-bg.aws.paradise4paws.com/frontdesk/checkout/1702852/?parent_id=122352'

2020-01-16 17:53:21 - [MESSAGE][PASSED] - Current window's url is: 'https://p4p-qa-bg.aws.paradise4paws.com/frontdesk/checkout/1702852/?parent_id=122352'

2020-01-16 17:53:21 - [TEST_STEP][PASSED] - arrayUrl = var_url.split("/"): null

2020-01-16 17:53:21 - [TEST_STEP][PASSED] - verifyElementText(findTestObject("obj_reservation/P4P_2/span_( BK )"), "( BK )", STOP_ON_FAILURE): Actual text and expected text of test object 'Object Repository/obj_reservation/P4P_2/span_( BK )' are matched.

2020-01-16 17:53:22 - [MESSAGE][PASSED] - Actual text and expected text of test object 'Object Repository/obj_reservation/P4P_2/span_( BK )' are matched.

2020-01-16 17:53:22 - [TEST_STEP][PASSED] - log.logInfo(getText(findTestObject("obj_reservation/P4P_2/a_1795351"))): 1795546

2020-01-16 17:53:23 - [MESSAGE][PASSED] - Text of object 'Object Repository/obj_reservation/P4P_2/a_1795351' is: '1795546'

2020-01-16 17:53:23 - [MESSAGE][INFO] - 1795546

2020-01-16 17:53:23 - [TEST_STEP][PASSED] - cell = rowNewRes.createCell(16, 0): null

2020-01-16 17:53:23 - [TEST_STEP][PASSED] - cell.setCellType(CELL_TYPE_STRING): null

2020-01-16 17:53:23 - [TEST_STEP][PASSED] - cell.setCellValue(arrayUrl[5]): null

2020-01-16 17:53:23 - [TEST_STEP][PASSED] - varIdInv = getText(findTestObject("obj_reservation/P4P_2/a_1795351")).toString(): Text of object 'Object Repository/obj_reservation/P4P_2/a_1795351' is: '1795546'

2020-01-16 17:53:23 - [MESSAGE][PASSED] - Text of object 'Object Repository/obj_reservation/P4P_2/a_1795351' is: '1795546'

2020-01-16 17:53:23 - [TEST_STEP][PASSED] - celldInvoice = rowNewRes.createCell(17, 0): null

2020-01-16 17:53:23 - [TEST_STEP][PASSED] - celldInvoice.setCellType(CELL_TYPE_STRING): null

2020-01-16 17:53:23 - [TEST_STEP][PASSED] - celldInvoice.setCellValue(varIdInv): null

2020-01-16 17:53:23 - [TEST_STEP][PASSED] - cellStatus = rowNewRes.createCell(20, 0): null

2020-01-16 17:53:23 - [TEST_STEP][PASSED] - cellStatus.setCellType(CELL_TYPE_STRING): null

2020-01-16 17:53:23 - [TEST_STEP][PASSED] - cellStatus.setCellValue(getText(findTestObject("obj_reservation/P4P_2/span_( BK )"))): Text of object 'Object Repository/obj_reservation/P4P_2/span_( BK )' is: '( BK )'

2020-01-16 17:53:23 - [MESSAGE][PASSED] - Text of object 'Object Repository/obj_reservation/P4P_2/span_( BK )' is: '( BK )'

2020-01-16 17:53:23 - [TEST_STEP][PASSED] - cellHol = rowNewRes.createCell(18, 0): null

2020-01-16 17:53:23 - [TEST_STEP][PASSED] - cellHol.setCellType(CELL_TYPE_STRING): null

2020-01-16 17:53:23 - [TEST_STEP][PASSED] - cellInv3 = rowInv.createCell(3, 0): null

2020-01-16 17:53:23 - [TEST_STEP][PASSED] - cellInv3.setCellType(CELL_TYPE_STRING): null

2020-01-16 17:53:23 - [TEST_STEP][PASSED] - if (varHoliday == 1): null

2020-01-16 17:53:23 - [TEST_STEP][PASSED] - else: null

2020-01-16 17:53:23 - [TEST_STEP][PASSED] - cellHol.setCellValue("N"): null

2020-01-16 17:53:23 - [TEST_STEP][PASSED] - cellInv3.setCellValue("N"): null

2020-01-16 17:53:23 - [TEST_STEP][PASSED] - if (var == 1): null

2020-01-16 17:53:23 - [TEST_STEP][PASSED] - log.logInfo(getText(findTestObject("obj_reservation/4_/1_co_date"))): 

2020-01-16 17:53:24 - [MESSAGE][PASSED] - Text of object 'Object Repository/obj_reservation/4_/1_co_date' is: ''

2020-01-16 17:53:24 - [MESSAGE][INFO] - 

2020-01-16 17:53:24 - [TEST_STEP][PASSED] - click(findTestObject("obj_reservation/4_/tab_checkIn")): Object: 'Object Repository/obj_reservation/4_/tab_checkIn' is clicked on

2020-01-16 17:53:25 - [MESSAGE][PASSED] - Object: 'Object Repository/obj_reservation/4_/tab_checkIn' is clicked on

2020-01-16 17:53:25 - [TEST_STEP][PASSED] - delay(2): Delayed 2 second(s)

2020-01-16 17:53:27 - [MESSAGE][PASSED] - Delayed 2 second(s)

2020-01-16 17:53:27 - [TEST_STEP][PASSED] - log.logInfo(getText(findTestObject("PP/input_CheckinDate_checkin"))): 

2020-01-16 17:53:27 - [MESSAGE][PASSED] - Text of object 'Object Repository/PP/input_CheckinDate_checkin' is: ''

2020-01-16 17:53:27 - [MESSAGE][INFO] - 

2020-01-16 17:53:27 - [TEST_STEP][PASSED] - click(findTestObject("obj_reservation/4_/tab_editReservation")): Object: 'Object Repository/obj_reservation/4_/tab_editReservation' is clicked on

2020-01-16 17:53:28 - [MESSAGE][PASSED] - Object: 'Object Repository/obj_reservation/4_/tab_editReservation' is clicked on

2020-01-16 17:53:28 - [TEST_STEP][PASSED] - delay(2): Delayed 2 second(s)

2020-01-16 17:53:30 - [MESSAGE][PASSED] - Delayed 2 second(s)

2020-01-16 17:53:30 - [TEST_STEP][PASSED] - log.logInfo(getText(findTestObject("PP/input_CheckinDate_edit"))): 

2020-01-16 17:53:34 - [MESSAGE][PASSED] - Text of object 'Object Repository/PP/input_CheckinDate_edit' is: ''

2020-01-16 17:53:34 - [MESSAGE][INFO] - 

2020-01-16 17:53:34 - [TEST_STEP][PASSED] - delay(12): Delayed 12 second(s)

2020-01-16 17:53:46 - [MESSAGE][PASSED] - Delayed 12 second(s)

2020-01-16 17:53:46 - [TEST_STEP][PASSED] - cellDCI = rowNewRes.createCell(22, 0): null

2020-01-16 17:53:46 - [TEST_STEP][PASSED] - cellDCI.setCellType(CELL_TYPE_STRING): null

2020-01-16 17:53:46 - [TEST_STEP][PASSED] - cellDCI.setCellValue(var_checkinD): null

2020-01-16 17:53:46 - [TEST_STEP][PASSED] - cellDCO = rowNewRes.createCell(23, 0): null

2020-01-16 17:53:46 - [TEST_STEP][PASSED] - cellDCO.setCellType(CELL_TYPE_STRING): null

2020-01-16 17:53:46 - [TEST_STEP][PASSED] - cellDCO.setCellValue(var_checkoutD): null

2020-01-16 17:53:46 - [TEST_STEP][PASSED] - cellDCI1 = rowNewRes.createCell(24, 0): null

2020-01-16 17:53:46 - [TEST_STEP][PASSED] - cellDCI1.setCellType(CELL_TYPE_STRING): null

2020-01-16 17:53:46 - [TEST_STEP][PASSED] - cellDCI1.setCellValue(var_checkinD): null

2020-01-16 17:53:46 - [TEST_STEP][PASSED] - cellDCO1 = rowNewRes.createCell(25, 0): null

2020-01-16 17:53:46 - [TEST_STEP][PASSED] - cellDCO1.setCellType(CELL_TYPE_STRING): null

2020-01-16 17:53:46 - [TEST_STEP][PASSED] - cellDCO1.setCellValue(var_checkoutD): null

2020-01-16 17:53:46 - [TEST_STEP][PASSED] - click(findTestObject("obj_reservation/4_/tab_checkOut")): Object: 'Object Repository/obj_reservation/4_/tab_checkOut' is clicked on

2020-01-16 17:53:47 - [MESSAGE][PASSED] - Object: 'Object Repository/obj_reservation/4_/tab_checkOut' is clicked on

2020-01-16 17:53:47 - [TEST_STEP][PASSED] - delay(2): Delayed 2 second(s)

2020-01-16 17:53:49 - [MESSAGE][PASSED] - Delayed 2 second(s)

2020-01-16 17:53:49 - [TEST_STEP][PASSED] - if (var_cancelRes == "Y"): Text of object 'Object Repository/obj_reservation/P4P_2/span_( BK )' is: '( CAN )'

2020-01-16 17:53:49 - [TEST_STEP][PASSED] - click(findTestObject("obj_reservation/4_/tab_editReservation")): Object: 'Object Repository/obj_reservation/4_/tab_editReservation' is clicked on

2020-01-16 17:53:51 - [MESSAGE][PASSED] - Object: 'Object Repository/obj_reservation/4_/tab_editReservation' is clicked on

2020-01-16 17:53:51 - [TEST_STEP][PASSED] - delay(2): Delayed 2 second(s)

2020-01-16 17:53:53 - [MESSAGE][PASSED] - Delayed 2 second(s)

2020-01-16 17:53:53 - [TEST_STEP][PASSED] - click(findTestObject("obj_reservation/4_/button_Next")): Object: 'Object Repository/obj_reservation/4_/button_Next' is clicked on

2020-01-16 17:53:56 - [MESSAGE][PASSED] - Object: 'Object Repository/obj_reservation/4_/button_Next' is clicked on

2020-01-16 17:53:56 - [TEST_STEP][PASSED] - delay(1): Delayed 1 second(s)

2020-01-16 17:53:57 - [MESSAGE][PASSED] - Delayed 1 second(s)

2020-01-16 17:53:57 - [TEST_STEP][PASSED] - click(findTestObject("obj_reservation/4_/button_Next")): Object: 'Object Repository/obj_reservation/4_/button_Next' is clicked on

2020-01-16 17:53:58 - [MESSAGE][PASSED] - Object: 'Object Repository/obj_reservation/4_/button_Next' is clicked on

2020-01-16 17:53:58 - [TEST_STEP][PASSED] - delay(2): Delayed 2 second(s)

2020-01-16 17:54:00 - [MESSAGE][PASSED] - Delayed 2 second(s)

2020-01-16 17:54:00 - [TEST_STEP][PASSED] - click(findTestObject("obj_reservation/4_/btn_cancelReservation")): Object: 'Object Repository/obj_reservation/4_/btn_cancelReservation' is clicked on

2020-01-16 17:54:00 - [MESSAGE][PASSED] - Object: 'Object Repository/obj_reservation/4_/btn_cancelReservation' is clicked on

2020-01-16 17:54:00 - [TEST_STEP][PASSED] - delay(3): Delayed 3 second(s)

2020-01-16 17:54:03 - [MESSAGE][PASSED] - Delayed 3 second(s)

2020-01-16 17:54:03 - [TEST_STEP][PASSED] - click(findTestObject("obj_reservation/P4P_1/button_Cancel This Reservation")): Object: 'Object Repository/obj_reservation/P4P_1/button_Cancel This Reservation' is clicked on

2020-01-16 17:54:03 - [MESSAGE][PASSED] - Object: 'Object Repository/obj_reservation/P4P_1/button_Cancel This Reservation' is clicked on

2020-01-16 17:54:03 - [TEST_STEP][PASSED] - delay(3): Delayed 3 second(s)

2020-01-16 17:54:06 - [MESSAGE][PASSED] - Delayed 3 second(s)

2020-01-16 17:54:06 - [TEST_STEP][PASSED] - verifyElementText(findTestObject("obj_reservation/P4P_2/span_( BK )"), "( CAN )", STOP_ON_FAILURE): Actual text and expected text of test object 'Object Repository/obj_reservation/P4P_2/span_( BK )' are matched.

2020-01-16 17:54:07 - [MESSAGE][PASSED] - Actual text and expected text of test object 'Object Repository/obj_reservation/P4P_2/span_( BK )' are matched.

2020-01-16 17:54:07 - [TEST_STEP][PASSED] - log.logInfo(getText(findTestObject("obj_reservation/P4P_2/span_( BK )"))): ( CAN )

2020-01-16 17:54:07 - [MESSAGE][PASSED] - Text of object 'Object Repository/obj_reservation/P4P_2/span_( BK )' is: '( CAN )'

2020-01-16 17:54:07 - [MESSAGE][INFO] - ( CAN )

2020-01-16 17:54:07 - [TEST_STEP][PASSED] - cellCan = rowNewRes.createCell(31, 0): null

2020-01-16 17:54:07 - [TEST_STEP][PASSED] - cellCan.setCellType(CELL_TYPE_STRING): null

2020-01-16 17:54:07 - [TEST_STEP][PASSED] - cellCan.setCellValue(getText(findTestObject("obj_reservation/P4P_2/span_( BK )"))): Text of object 'Object Repository/obj_reservation/P4P_2/span_( BK )' is: '( CAN )'

2020-01-16 17:54:07 - [MESSAGE][PASSED] - Text of object 'Object Repository/obj_reservation/P4P_2/span_( BK )' is: '( CAN )'

2020-01-16 17:54:07 - [TEST_STEP][PASSED] - delay(2): Delayed 2 second(s)

2020-01-16 17:54:09 - [MESSAGE][PASSED] - Delayed 2 second(s)

2020-01-16 17:54:09 - [TEST_STEP][PASSED] - fos = new java.io.FileOutputStream(/home/leonardo-arkusmty/Desktop/P4P/DATA_AUTOMATINTESTING/data_1newReservationBoarding.xlsx): null

2020-01-16 17:54:09 - [TEST_STEP][PASSED] - workbookNewRes.write(fos): null

2020-01-16 17:54:09 - [TEST_STEP][PASSED] - delay(1): Delayed 1 second(s)

2020-01-16 17:54:10 - [MESSAGE][PASSED] - Delayed 1 second(s)

2020-01-16 17:54:10 - [TEST_STEP][PASSED] - (var_row++): null]]></system-out>
         <system-err><![CDATA[2020-01-16 17:51:53 - [TEST_CASE][FAILED] - Test Cases/p4p_1_newReservationBoarding: Test Cases/p4p_1_newReservationBoarding FAILED.
Reason:
com.kms.katalon.core.exception.StepFailedException: Unable to get text of object 'Object Repository/obj_reservation/4_/span_requiresdeposit' (Root cause: com.kms.katalon.core.exception.StepFailedException: Unable to get text of object 'Object Repository/obj_reservation/4_/span_requiresdeposit'
	at com.kms.katalon.core.webui.keyword.internal.WebUIKeywordMain.stepFailed(WebUIKeywordMain.groovy:64)
	at com.kms.katalon.core.webui.keyword.internal.WebUIKeywordMain.runKeyword(WebUIKeywordMain.groovy:26)
	at com.kms.katalon.core.webui.keyword.builtin.GetTextKeyword.getText(GetTextKeyword.groovy:88)
	at com.kms.katalon.core.webui.keyword.builtin.GetTextKeyword.execute(GetTextKeyword.groovy:67)
	at com.kms.katalon.core.keyword.internal.KeywordExecutor.executeKeywordForPlatform(KeywordExecutor.groovy:60)
	at com.kms.katalon.core.webui.keyword.WebUiBuiltInKeywords.getText(WebUiBuiltInKeywords.groovy:874)
	at com.kms.katalon.core.webui.keyword.WebUiBuiltInKeywords$getText$4.call(Unknown Source)
	at p4p_1_newReservationBoarding.run(p4p_1_newReservationBoarding:108)
	at com.kms.katalon.core.main.ScriptEngine.run(ScriptEngine.java:194)
	at com.kms.katalon.core.main.ScriptEngine.runScriptAsRawText(ScriptEngine.java:119)
	at com.kms.katalon.core.main.TestCaseExecutor.runScript(TestCaseExecutor.java:337)
	at com.kms.katalon.core.main.TestCaseExecutor.doExecute(TestCaseExecutor.java:328)
	at com.kms.katalon.core.main.TestCaseExecutor.processExecutionPhase(TestCaseExecutor.java:307)
	at com.kms.katalon.core.main.TestCaseExecutor.accessMainPhase(TestCaseExecutor.java:299)
	at com.kms.katalon.core.main.TestCaseExecutor.execute(TestCaseExecutor.java:233)
	at com.kms.katalon.core.main.TestSuiteExecutor.accessTestCaseMainPhase(TestSuiteExecutor.java:169)
	at com.kms.katalon.core.main.TestSuiteExecutor.accessTestSuiteMainPhase(TestSuiteExecutor.java:142)
	at com.kms.katalon.core.main.TestSuiteExecutor.execute(TestSuiteExecutor.java:91)
	at com.kms.katalon.core.main.TestCaseMain.startTestSuite(TestCaseMain.java:157)
	at com.kms.katalon.core.main.TestCaseMain$startTestSuite$0.call(Unknown Source)
	at TempTestSuite1579218289966.run(TempTestSuite1579218289966.groovy:36)
Caused by: com.kms.katalon.core.webui.exception.WebElementNotFoundException: Web element with id: 'Object Repository/obj_reservation/4_/span_requiresdeposit' located by 'By.xpath: //div[@id='wrapper']/div/div/div[3]/fieldset/div/p4p-reservations-wizard/div/div[2]/div/overview/p4p-reservation-overview-section/div[2]/div/form/div[6]/div/p/span' not found
	at com.kms.katalon.core.webui.common.WebUiCommonHelper.findWebElement(WebUiCommonHelper.java:1113)
	at com.kms.katalon.core.webui.keyword.internal.WebUIAbstractKeyword.findWebElement(WebUIAbstractKeyword.groovy:27)
	at com.kms.katalon.core.webui.keyword.internal.WebUIAbstractKeyword.findWebElement(WebUIAbstractKeyword.groovy:26)
	at com.kms.katalon.core.webui.keyword.builtin.GetTextKeyword$_getText_closure1.doCall(GetTextKeyword.groovy:78)
	at com.kms.katalon.core.webui.keyword.builtin.GetTextKeyword$_getText_closure1.call(GetTextKeyword.groovy)
	at com.kms.katalon.core.webui.keyword.internal.WebUIKeywordMain.runKeyword(WebUIKeywordMain.groovy:20)
	at com.kms.katalon.core.webui.keyword.builtin.GetTextKeyword.getText(GetTextKeyword.groovy:88)
	at com.kms.katalon.core.webui.keyword.builtin.GetTextKeyword.execute(GetTextKeyword.groovy:67)
	at com.kms.katalon.core.keyword.internal.KeywordExecutor.executeKeywordForPlatform(KeywordExecutor.groovy:60)
	at com.kms.katalon.core.webui.keyword.WebUiBuiltInKeywords.getText(WebUiBuiltInKeywords.groovy:874)
	at com.kms.katalon.core.webui.keyword.WebUiBuiltInKeywords$getText$4.call(Unknown Source)
	at Script1579191965857.run(Script1579191965857.groovy:108)
	... 13 more
)
	at com.kms.katalon.core.keyword.internal.KeywordMain.stepFailed(KeywordMain.groovy:39)
	at com.kms.katalon.core.webui.keyword.internal.WebUIKeywordMain.stepFailed(WebUIKeywordMain.groovy:64)
	at com.kms.katalon.core.webui.keyword.internal.WebUIKeywordMain.runKeyword(WebUIKeywordMain.groovy:26)
	at com.kms.katalon.core.webui.keyword.builtin.GetTextKeyword.getText(GetTextKeyword.groovy:88)
	at com.kms.katalon.core.webui.keyword.builtin.GetTextKeyword.execute(GetTextKeyword.groovy:67)
	at com.kms.katalon.core.keyword.internal.KeywordExecutor.executeKeywordForPlatform(KeywordExecutor.groovy:60)
	at com.kms.katalon.core.webui.keyword.WebUiBuiltInKeywords.getText(WebUiBuiltInKeywords.groovy:874)
	at com.kms.katalon.core.webui.keyword.WebUiBuiltInKeywords$getText$4.call(Unknown Source)
	at p4p_1_newReservationBoarding.run(p4p_1_newReservationBoarding:108)
	at com.kms.katalon.core.main.ScriptEngine.run(ScriptEngine.java:194)
	at com.kms.katalon.core.main.ScriptEngine.runScriptAsRawText(ScriptEngine.java:119)
	at com.kms.katalon.core.main.TestCaseExecutor.runScript(TestCaseExecutor.java:337)
	at com.kms.katalon.core.main.TestCaseExecutor.doExecute(TestCaseExecutor.java:328)
	at com.kms.katalon.core.main.TestCaseExecutor.processExecutionPhase(TestCaseExecutor.java:307)
	at com.kms.katalon.core.main.TestCaseExecutor.accessMainPhase(TestCaseExecutor.java:299)
	at com.kms.katalon.core.main.TestCaseExecutor.execute(TestCaseExecutor.java:233)
	at com.kms.katalon.core.main.TestSuiteExecutor.accessTestCaseMainPhase(TestSuiteExecutor.java:169)
	at com.kms.katalon.core.main.TestSuiteExecutor.accessTestSuiteMainPhase(TestSuiteExecutor.java:142)
	at com.kms.katalon.core.main.TestSuiteExecutor.execute(TestSuiteExecutor.java:91)
	at com.kms.katalon.core.main.TestCaseMain.startTestSuite(TestCaseMain.java:157)
	at com.kms.katalon.core.main.TestCaseMain$startTestSuite$0.call(Unknown Source)
	at TempTestSuite1579218289966.run(TempTestSuite1579218289966.groovy:36)
Caused by: com.kms.katalon.core.exception.StepFailedException: Unable to get text of object 'Object Repository/obj_reservation/4_/span_requiresdeposit'
	... 21 more
Caused by: com.kms.katalon.core.webui.exception.WebElementNotFoundException: Web element with id: 'Object Repository/obj_reservation/4_/span_requiresdeposit' located by 'By.xpath: //div[@id='wrapper']/div/div/div[3]/fieldset/div/p4p-reservations-wizard/div/div[2]/div/overview/p4p-reservation-overview-section/div[2]/div/form/div[6]/div/p/span' not found
	at com.kms.katalon.core.webui.common.WebUiCommonHelper.findWebElement(WebUiCommonHelper.java:1113)
	at com.kms.katalon.core.webui.keyword.internal.WebUIAbstractKeyword.findWebElement(WebUIAbstractKeyword.groovy:27)
	at com.kms.katalon.core.webui.keyword.internal.WebUIAbstractKeyword.findWebElement(WebUIAbstractKeyword.groovy:26)
	at com.kms.katalon.core.webui.keyword.builtin.GetTextKeyword$_getText_closure1.doCall(GetTextKeyword.groovy:78)
	at com.kms.katalon.core.webui.keyword.builtin.GetTextKeyword$_getText_closure1.call(GetTextKeyword.groovy)
	at com.kms.katalon.core.webui.keyword.internal.WebUIKeywordMain.runKeyword(WebUIKeywordMain.groovy:20)
	... 19 more]]></system-err>
      </testcase>
      <testcase name="Test Cases/p4p_1_newReservationBoarding" time="140.529" classname="Test Cases/p4p_1_newReservationBoarding" status="FAILED">
         <failure type="FAILED" message="Test Cases/p4p_1_newReservationBoarding FAILED.
Reason:
com.kms.katalon.core.exception.StepFailedException: Unable to get text of object 'Object Repository/obj_reservation/4_/span_requiresdeposit' (Root cause: com.kms.katalon.core.exception.StepFailedException: Unable to get text of object 'Object Repository/obj_reservation/4_/span_requiresdeposit'
	at com.kms.katalon.core.webui.keyword.internal.WebUIKeywordMain.stepFailed(WebUIKeywordMain.groovy:64)
	at com.kms.katalon.core.webui.keyword.internal.WebUIKeywordMain.runKeyword(WebUIKeywordMain.groovy:26)
	at com.kms.katalon.core.webui.keyword.builtin.GetTextKeyword.getText(GetTextKeyword.groovy:88)
	at com.kms.katalon.core.webui.keyword.builtin.GetTextKeyword.execute(GetTextKeyword.groovy:67)
	at com.kms.katalon.core.keyword.internal.KeywordExecutor.executeKeywordForPlatform(KeywordExecutor.groovy:60)
	at com.kms.katalon.core.webui.keyword.WebUiBuiltInKeywords.getText(WebUiBuiltInKeywords.groovy:874)
	at com.kms.katalon.core.webui.keyword.WebUiBuiltInKeywords$getText$4.call(Unknown Source)
	at p4p_1_newReservationBoarding.run(p4p_1_newReservationBoarding:108)
	at com.kms.katalon.core.main.ScriptEngine.run(ScriptEngine.java:194)
	at com.kms.katalon.core.main.ScriptEngine.runScriptAsRawText(ScriptEngine.java:119)
	at com.kms.katalon.core.main.TestCaseExecutor.runScript(TestCaseExecutor.java:337)
	at com.kms.katalon.core.main.TestCaseExecutor.doExecute(TestCaseExecutor.java:328)
	at com.kms.katalon.core.main.TestCaseExecutor.processExecutionPhase(TestCaseExecutor.java:307)
	at com.kms.katalon.core.main.TestCaseExecutor.accessMainPhase(TestCaseExecutor.java:299)
	at com.kms.katalon.core.main.TestCaseExecutor.execute(TestCaseExecutor.java:233)
	at com.kms.katalon.core.main.TestSuiteExecutor.accessTestCaseMainPhase(TestSuiteExecutor.java:169)
	at com.kms.katalon.core.main.TestSuiteExecutor.accessTestSuiteMainPhase(TestSuiteExecutor.java:142)
	at com.kms.katalon.core.main.TestSuiteExecutor.execute(TestSuiteExecutor.java:91)
	at com.kms.katalon.core.main.TestCaseMain.startTestSuite(TestCaseMain.java:157)
	at com.kms.katalon.core.main.TestCaseMain$startTestSuite$0.call(Unknown Source)
	at TempTestSuite1579218289966.run(TempTestSuite1579218289966.groovy:36)
Caused by: com.kms.katalon.core.webui.exception.WebElementNotFoundException: Web element with id: 'Object Repository/obj_reservation/4_/span_requiresdeposit' located by 'By.xpath: //div[@id='wrapper']/div/div/div[3]/fieldset/div/p4p-reservations-wizard/div/div[2]/div/overview/p4p-reservation-overview-section/div[2]/div/form/div[6]/div/p/span' not found
	at com.kms.katalon.core.webui.common.WebUiCommonHelper.findWebElement(WebUiCommonHelper.java:1113)
	at com.kms.katalon.core.webui.keyword.internal.WebUIAbstractKeyword.findWebElement(WebUIAbstractKeyword.groovy:27)
	at com.kms.katalon.core.webui.keyword.internal.WebUIAbstractKeyword.findWebElement(WebUIAbstractKeyword.groovy:26)
	at com.kms.katalon.core.webui.keyword.builtin.GetTextKeyword$_getText_closure1.doCall(GetTextKeyword.groovy:78)
	at com.kms.katalon.core.webui.keyword.builtin.GetTextKeyword$_getText_closure1.call(GetTextKeyword.groovy)
	at com.kms.katalon.core.webui.keyword.internal.WebUIKeywordMain.runKeyword(WebUIKeywordMain.groovy:20)
	at com.kms.katalon.core.webui.keyword.builtin.GetTextKeyword.getText(GetTextKeyword.groovy:88)
	at com.kms.katalon.core.webui.keyword.builtin.GetTextKeyword.execute(GetTextKeyword.groovy:67)
	at com.kms.katalon.core.keyword.internal.KeywordExecutor.executeKeywordForPlatform(KeywordExecutor.groovy:60)
	at com.kms.katalon.core.webui.keyword.WebUiBuiltInKeywords.getText(WebUiBuiltInKeywords.groovy:874)
	at com.kms.katalon.core.webui.keyword.WebUiBuiltInKeywords$getText$4.call(Unknown Source)
	at Script1579191965857.run(Script1579191965857.groovy:108)
	... 13 more
)
	at com.kms.katalon.core.keyword.internal.KeywordMain.stepFailed(KeywordMain.groovy:39)
	at com.kms.katalon.core.webui.keyword.internal.WebUIKeywordMain.stepFailed(WebUIKeywordMain.groovy:64)
	at com.kms.katalon.core.webui.keyword.internal.WebUIKeywordMain.runKeyword(WebUIKeywordMain.groovy:26)
	at com.kms.katalon.core.webui.keyword.builtin.GetTextKeyword.getText(GetTextKeyword.groovy:88)
	at com.kms.katalon.core.webui.keyword.builtin.GetTextKeyword.execute(GetTextKeyword.groovy:67)
	at com.kms.katalon.core.keyword.internal.KeywordExecutor.executeKeywordForPlatform(KeywordExecutor.groovy:60)
	at com.kms.katalon.core.webui.keyword.WebUiBuiltInKeywords.getText(WebUiBuiltInKeywords.groovy:874)
	at com.kms.katalon.core.webui.keyword.WebUiBuiltInKeywords$getText$4.call(Unknown Source)
	at p4p_1_newReservationBoarding.run(p4p_1_newReservationBoarding:108)
	at com.kms.katalon.core.main.ScriptEngine.run(ScriptEngine.java:194)
	at com.kms.katalon.core.main.ScriptEngine.runScriptAsRawText(ScriptEngine.java:119)
	at com.kms.katalon.core.main.TestCaseExecutor.runScript(TestCaseExecutor.java:337)
	at com.kms.katalon.core.main.TestCaseExecutor.doExecute(TestCaseExecutor.java:328)
	at com.kms.katalon.core.main.TestCaseExecutor.processExecutionPhase(TestCaseExecutor.java:307)
	at com.kms.katalon.core.main.TestCaseExecutor.accessMainPhase(TestCaseExecutor.java:299)
	at com.kms.katalon.core.main.TestCaseExecutor.execute(TestCaseExecutor.java:233)
	at com.kms.katalon.core.main.TestSuiteExecutor.accessTestCaseMainPhase(TestSuiteExecutor.java:169)
	at com.kms.katalon.core.main.TestSuiteExecutor.accessTestSuiteMainPhase(TestSuiteExecutor.java:142)
	at com.kms.katalon.core.main.TestSuiteExecutor.execute(TestSuiteExecutor.java:91)
	at com.kms.katalon.core.main.TestCaseMain.startTestSuite(TestCaseMain.java:157)
	at com.kms.katalon.core.main.TestCaseMain$startTestSuite$0.call(Unknown Source)
	at TempTestSuite1579218289966.run(TempTestSuite1579218289966.groovy:36)
Caused by: com.kms.katalon.core.exception.StepFailedException: Unable to get text of object 'Object Repository/obj_reservation/4_/span_requiresdeposit'
	... 21 more
Caused by: com.kms.katalon.core.webui.exception.WebElementNotFoundException: Web element with id: 'Object Repository/obj_reservation/4_/span_requiresdeposit' located by 'By.xpath: //div[@id='wrapper']/div/div/div[3]/fieldset/div/p4p-reservations-wizard/div/div[2]/div/overview/p4p-reservation-overview-section/div[2]/div/form/div[6]/div/p/span' not found
	at com.kms.katalon.core.webui.common.WebUiCommonHelper.findWebElement(WebUiCommonHelper.java:1113)
	at com.kms.katalon.core.webui.keyword.internal.WebUIAbstractKeyword.findWebElement(WebUIAbstractKeyword.groovy:27)
	at com.kms.katalon.core.webui.keyword.internal.WebUIAbstractKeyword.findWebElement(WebUIAbstractKeyword.groovy:26)
	at com.kms.katalon.core.webui.keyword.builtin.GetTextKeyword$_getText_closure1.doCall(GetTextKeyword.groovy:78)
	at com.kms.katalon.core.webui.keyword.builtin.GetTextKeyword$_getText_closure1.call(GetTextKeyword.groovy)
	at com.kms.katalon.core.webui.keyword.internal.WebUIKeywordMain.runKeyword(WebUIKeywordMain.groovy:20)
	... 19 more
"/>
         <system-out><![CDATA[2020-01-16 17:54:10 - [TEST_CASE][FAILED] - Test Cases/p4p_1_newReservationBoarding: Test Cases/p4p_1_newReservationBoarding FAILED.
Reason:
com.kms.katalon.core.exception.StepFailedException: Unable to get text of object 'Object Repository/obj_reservation/4_/span_requiresdeposit' (Root cause: com.kms.katalon.core.exception.StepFailedException: Unable to get text of object 'Object Repository/obj_reservation/4_/span_requiresdeposit'
	at com.kms.katalon.core.webui.keyword.internal.WebUIKeywordMain.stepFailed(WebUIKeywordMain.groovy:64)
	at com.kms.katalon.core.webui.keyword.internal.WebUIKeywordMain.runKeyword(WebUIKeywordMain.groovy:26)
	at com.kms.katalon.core.webui.keyword.builtin.GetTextKeyword.getText(GetTextKeyword.groovy:88)
	at com.kms.katalon.core.webui.keyword.builtin.GetTextKeyword.execute(GetTextKeyword.groovy:67)
	at com.kms.katalon.core.keyword.internal.KeywordExecutor.executeKeywordForPlatform(KeywordExecutor.groovy:60)
	at com.kms.katalon.core.webui.keyword.WebUiBuiltInKeywords.getText(WebUiBuiltInKeywords.groovy:874)
	at com.kms.katalon.core.webui.keyword.WebUiBuiltInKeywords$getText$4.call(Unknown Source)
	at p4p_1_newReservationBoarding.run(p4p_1_newReservationBoarding:108)
	at com.kms.katalon.core.main.ScriptEngine.run(ScriptEngine.java:194)
	at com.kms.katalon.core.main.ScriptEngine.runScriptAsRawText(ScriptEngine.java:119)
	at com.kms.katalon.core.main.TestCaseExecutor.runScript(TestCaseExecutor.java:337)
	at com.kms.katalon.core.main.TestCaseExecutor.doExecute(TestCaseExecutor.java:328)
	at com.kms.katalon.core.main.TestCaseExecutor.processExecutionPhase(TestCaseExecutor.java:307)
	at com.kms.katalon.core.main.TestCaseExecutor.accessMainPhase(TestCaseExecutor.java:299)
	at com.kms.katalon.core.main.TestCaseExecutor.execute(TestCaseExecutor.java:233)
	at com.kms.katalon.core.main.TestSuiteExecutor.accessTestCaseMainPhase(TestSuiteExecutor.java:169)
	at com.kms.katalon.core.main.TestSuiteExecutor.accessTestSuiteMainPhase(TestSuiteExecutor.java:142)
	at com.kms.katalon.core.main.TestSuiteExecutor.execute(TestSuiteExecutor.java:91)
	at com.kms.katalon.core.main.TestCaseMain.startTestSuite(TestCaseMain.java:157)
	at com.kms.katalon.core.main.TestCaseMain$startTestSuite$0.call(Unknown Source)
	at TempTestSuite1579218289966.run(TempTestSuite1579218289966.groovy:36)
Caused by: com.kms.katalon.core.webui.exception.WebElementNotFoundException: Web element with id: 'Object Repository/obj_reservation/4_/span_requiresdeposit' located by 'By.xpath: //div[@id='wrapper']/div/div/div[3]/fieldset/div/p4p-reservations-wizard/div/div[2]/div/overview/p4p-reservation-overview-section/div[2]/div/form/div[6]/div/p/span' not found
	at com.kms.katalon.core.webui.common.WebUiCommonHelper.findWebElement(WebUiCommonHelper.java:1113)
	at com.kms.katalon.core.webui.keyword.internal.WebUIAbstractKeyword.findWebElement(WebUIAbstractKeyword.groovy:27)
	at com.kms.katalon.core.webui.keyword.internal.WebUIAbstractKeyword.findWebElement(WebUIAbstractKeyword.groovy:26)
	at com.kms.katalon.core.webui.keyword.builtin.GetTextKeyword$_getText_closure1.doCall(GetTextKeyword.groovy:78)
	at com.kms.katalon.core.webui.keyword.builtin.GetTextKeyword$_getText_closure1.call(GetTextKeyword.groovy)
	at com.kms.katalon.core.webui.keyword.internal.WebUIKeywordMain.runKeyword(WebUIKeywordMain.groovy:20)
	at com.kms.katalon.core.webui.keyword.builtin.GetTextKeyword.getText(GetTextKeyword.groovy:88)
	at com.kms.katalon.core.webui.keyword.builtin.GetTextKeyword.execute(GetTextKeyword.groovy:67)
	at com.kms.katalon.core.keyword.internal.KeywordExecutor.executeKeywordForPlatform(KeywordExecutor.groovy:60)
	at com.kms.katalon.core.webui.keyword.WebUiBuiltInKeywords.getText(WebUiBuiltInKeywords.groovy:874)
	at com.kms.katalon.core.webui.keyword.WebUiBuiltInKeywords$getText$4.call(Unknown Source)
	at Script1579191965857.run(Script1579191965857.groovy:108)
	... 13 more
)
	at com.kms.katalon.core.keyword.internal.KeywordMain.stepFailed(KeywordMain.groovy:39)
	at com.kms.katalon.core.webui.keyword.internal.WebUIKeywordMain.stepFailed(WebUIKeywordMain.groovy:64)
	at com.kms.katalon.core.webui.keyword.internal.WebUIKeywordMain.runKeyword(WebUIKeywordMain.groovy:26)
	at com.kms.katalon.core.webui.keyword.builtin.GetTextKeyword.getText(GetTextKeyword.groovy:88)
	at com.kms.katalon.core.webui.keyword.builtin.GetTextKeyword.execute(GetTextKeyword.groovy:67)
	at com.kms.katalon.core.keyword.internal.KeywordExecutor.executeKeywordForPlatform(KeywordExecutor.groovy:60)
	at com.kms.katalon.core.webui.keyword.WebUiBuiltInKeywords.getText(WebUiBuiltInKeywords.groovy:874)
	at com.kms.katalon.core.webui.keyword.WebUiBuiltInKeywords$getText$4.call(Unknown Source)
	at p4p_1_newReservationBoarding.run(p4p_1_newReservationBoarding:108)
	at com.kms.katalon.core.main.ScriptEngine.run(ScriptEngine.java:194)
	at com.kms.katalon.core.main.ScriptEngine.runScriptAsRawText(ScriptEngine.java:119)
	at com.kms.katalon.core.main.TestCaseExecutor.runScript(TestCaseExecutor.java:337)
	at com.kms.katalon.core.main.TestCaseExecutor.doExecute(TestCaseExecutor.java:328)
	at com.kms.katalon.core.main.TestCaseExecutor.processExecutionPhase(TestCaseExecutor.java:307)
	at com.kms.katalon.core.main.TestCaseExecutor.accessMainPhase(TestCaseExecutor.java:299)
	at com.kms.katalon.core.main.TestCaseExecutor.execute(TestCaseExecutor.java:233)
	at com.kms.katalon.core.main.TestSuiteExecutor.accessTestCaseMainPhase(TestSuiteExecutor.java:169)
	at com.kms.katalon.core.main.TestSuiteExecutor.accessTestSuiteMainPhase(TestSuiteExecutor.java:142)
	at com.kms.katalon.core.main.TestSuiteExecutor.execute(TestSuiteExecutor.java:91)
	at com.kms.katalon.core.main.TestCaseMain.startTestSuite(TestCaseMain.java:157)
	at com.kms.katalon.core.main.TestCaseMain$startTestSuite$0.call(Unknown Source)
	at TempTestSuite1579218289966.run(TempTestSuite1579218289966.groovy:36)
Caused by: com.kms.katalon.core.exception.StepFailedException: Unable to get text of object 'Object Repository/obj_reservation/4_/span_requiresdeposit'
	... 21 more
Caused by: com.kms.katalon.core.webui.exception.WebElementNotFoundException: Web element with id: 'Object Repository/obj_reservation/4_/span_requiresdeposit' located by 'By.xpath: //div[@id='wrapper']/div/div/div[3]/fieldset/div/p4p-reservations-wizard/div/div[2]/div/overview/p4p-reservation-overview-section/div[2]/div/form/div[6]/div/p/span' not found
	at com.kms.katalon.core.webui.common.WebUiCommonHelper.findWebElement(WebUiCommonHelper.java:1113)
	at com.kms.katalon.core.webui.keyword.internal.WebUIAbstractKeyword.findWebElement(WebUIAbstractKeyword.groovy:27)
	at com.kms.katalon.core.webui.keyword.internal.WebUIAbstractKeyword.findWebElement(WebUIAbstractKeyword.groovy:26)
	at com.kms.katalon.core.webui.keyword.builtin.GetTextKeyword$_getText_closure1.doCall(GetTextKeyword.groovy:78)
	at com.kms.katalon.core.webui.keyword.builtin.GetTextKeyword$_getText_closure1.call(GetTextKeyword.groovy)
	at com.kms.katalon.core.webui.keyword.internal.WebUIKeywordMain.runKeyword(WebUIKeywordMain.groovy:20)
	... 19 more


2020-01-16 17:54:10 - [TEST_STEP][PASSED] - flagBoar = "0": null

2020-01-16 17:54:10 - [TEST_STEP][PASSED] - log = new com.kms.katalon.core.logging.KeywordLogger(): null

2020-01-16 17:54:10 - [TEST_STEP][PASSED] - fisNewRes = new java.io.FileInputStream(/home/leonardo-arkusmty/Desktop/P4P/DATA_AUTOMATINTESTING/data_1newReservationBoarding.xlsx): null

2020-01-16 17:54:10 - [TEST_STEP][PASSED] - fisInv = new java.io.FileInputStream(/home/leonardo-arkusmty/Desktop/P4P/DATA_AUTOMATINTESTING/data_3Invoices.xlsx): null

2020-01-16 17:54:10 - [TEST_STEP][PASSED] - workbookNewRes = new org.apache.poi.xssf.usermodel.XSSFWorkbook(fisNewRes): null

2020-01-16 17:54:10 - [TEST_STEP][PASSED] - workbookInv = new org.apache.poi.xssf.usermodel.XSSFWorkbook(fisInv): null

2020-01-16 17:54:10 - [TEST_STEP][PASSED] - sheetNewRes = workbookNewRes.getSheet("Sheet1"): null

2020-01-16 17:54:10 - [TEST_STEP][PASSED] - sheetInv = workbookInv.getSheet("Sheet1"): null

2020-01-16 17:54:10 - [TEST_STEP][PASSED] - rowCount = var_row: null

2020-01-16 17:54:10 - [TEST_STEP][PASSED] - var = Integer.parseInt(var_idRowRes): null

2020-01-16 17:54:10 - [TEST_STEP][PASSED] - rowNewRes = sheetNewRes.getRow(var): null

2020-01-16 17:54:10 - [TEST_STEP][PASSED] - rowInv = sheetInv.getRow(var): null

2020-01-16 17:54:10 - [TEST_STEP][PASSED] - today = new java.util.Date(): null

2020-01-16 17:54:10 - [TEST_STEP][PASSED] - todaysDate1 = today.format("yyyy"): null

2020-01-16 17:54:10 - [TEST_STEP][PASSED] - todaysDate2 = today.format("mm"): null

2020-01-16 17:54:10 - [TEST_STEP][PASSED] - todaysDate3 = today.format("dd"): null

2020-01-16 17:54:10 - [TEST_STEP][PASSED] - todaysDate4 = today.format("mmm/dd/yyyy"): null

2020-01-16 17:54:10 - [TEST_STEP][PASSED] - todaysDate5 = today.format("dd/mm/yyyy"): null

2020-01-16 17:54:10 - [TEST_STEP][PASSED] - nowTime = today.format("hhmm"): null

2020-01-16 17:54:10 - [TEST_STEP][PASSED] - dateCI = var_checkinD.split(","): null

2020-01-16 17:54:10 - [TEST_STEP][PASSED] - dateCO = var_checkoutD.split(","): null

2020-01-16 17:54:10 - [TEST_STEP][PASSED] - arryPets = var_pets.split(","): null

2020-01-16 17:54:10 - [TEST_STEP][PASSED] - openBrowser("https://p4p-qa-bg.aws.paradise4paws.com/login/"): Browser is opened with url: 'https://p4p-qa-bg.aws.paradise4paws.com/login/'

2020-01-16 17:54:10 - [MESSAGE][WARNING] - A browser is already opened. Closing browser and opening a new one

2020-01-16 17:54:10 - [MESSAGE][INFO] - Starting 'Chrome' driver

2020-01-16 17:54:13 - [MESSAGE][PASSED] - Browser is opened with url: 'https://p4p-qa-bg.aws.paradise4paws.com/login/'

2020-01-16 17:54:13 - [TEST_STEP][PASSED] - maximizeWindow(): Current window maximized

2020-01-16 17:54:13 - [MESSAGE][PASSED] - Current window maximized

2020-01-16 17:54:13 - [TEST_STEP][PASSED] - setText(findTestObject("obj_login/input_user"), var_user): Text 'jegchavez@gmail.com' is set on object 'Object Repository/obj_login/input_user'

2020-01-16 17:54:14 - [MESSAGE][PASSED] - Text 'jegchavez@gmail.com' is set on object 'Object Repository/obj_login/input_user'

2020-01-16 17:54:14 - [TEST_STEP][PASSED] - setText(findTestObject("obj_login/input_pass"), var_pass): Text 'admin1' is set on object 'Object Repository/obj_login/input_pass'

2020-01-16 17:54:14 - [MESSAGE][PASSED] - Text 'admin1' is set on object 'Object Repository/obj_login/input_pass'

2020-01-16 17:54:14 - [TEST_STEP][PASSED] - delay(1): Delayed 1 second(s)

2020-01-16 17:54:15 - [MESSAGE][PASSED] - Delayed 1 second(s)

2020-01-16 17:54:15 - [TEST_STEP][PASSED] - verifyElementClickable(findTestObject("obj_login/btn_login")): Object 'Object Repository/obj_login/btn_login' is clickable

2020-01-16 17:54:15 - [MESSAGE][PASSED] - Object 'Object Repository/obj_login/btn_login' is clickable

2020-01-16 17:54:15 - [TEST_STEP][PASSED] - click(findTestObject("obj_login/btn_login")): Object: 'Object Repository/obj_login/btn_login' is clicked on

2020-01-16 17:54:17 - [MESSAGE][PASSED] - Object: 'Object Repository/obj_login/btn_login' is clicked on

2020-01-16 17:54:17 - [TEST_STEP][PASSED] - setText(findTestObject("obj_dashboard_emp/input_search"), var_searchParent): Text 'katalon 1' is set on object 'Object Repository/obj_dashboard_emp/input_search'

2020-01-16 17:54:18 - [MESSAGE][PASSED] - Text 'katalon 1' is set on object 'Object Repository/obj_dashboard_emp/input_search'

2020-01-16 17:54:18 - [TEST_STEP][PASSED] - click(findTestObject("obj_dashboard_emp/btn_accountSearch")): Object: 'Object Repository/obj_dashboard_emp/btn_accountSearch' is clicked on

2020-01-16 17:54:19 - [MESSAGE][PASSED] - Object: 'Object Repository/obj_dashboard_emp/btn_accountSearch' is clicked on

2020-01-16 17:54:19 - [TEST_STEP][PASSED] - click(findTestObject("obj_accountInformation/a_TEST GABRIEL PROD")): Object: 'Object Repository/obj_accountInformation/a_TEST GABRIEL PROD' is clicked on

2020-01-16 17:54:20 - [MESSAGE][PASSED] - Object: 'Object Repository/obj_accountInformation/a_TEST GABRIEL PROD' is clicked on

2020-01-16 17:54:20 - [TEST_STEP][PASSED] - click(findTestObject("obj_profile/a_addReservation")): Object: 'Object Repository/obj_profile/a_addReservation' is clicked on

2020-01-16 17:54:24 - [MESSAGE][PASSED] - Object: 'Object Repository/obj_profile/a_addReservation' is clicked on

2020-01-16 17:54:24 - [TEST_STEP][PASSED] - click(findTestObject("obj_reservation/4_/btn_Boarding")): Object: 'Object Repository/obj_reservation/4_/btn_Boarding' is clicked on

2020-01-16 17:54:26 - [MESSAGE][PASSED] - Object: 'Object Repository/obj_reservation/4_/btn_Boarding' is clicked on

2020-01-16 17:54:26 - [TEST_STEP][PASSED] - flagBoar = "1": null

2020-01-16 17:54:26 - [TEST_STEP][PASSED] - click(findTestObject("obj_reservation/4_/i_location")): Object: 'Object Repository/obj_reservation/4_/i_location' is clicked on

2020-01-16 17:54:28 - [MESSAGE][PASSED] - Object: 'Object Repository/obj_reservation/4_/i_location' is clicked on

2020-01-16 17:54:28 - [TEST_STEP][PASSED] - click(findTestObject("obj_reservation/2_facility/i_" + var_idFacility + "_facility")): Object: 'Object Repository/obj_reservation/2_facility/i_3_facility' is clicked on

2020-01-16 17:54:29 - [MESSAGE][PASSED] - Object: 'Object Repository/obj_reservation/2_facility/i_3_facility' is clicked on

2020-01-16 17:54:29 - [TEST_STEP][PASSED] - click(findTestObject("obj_reservation/4_/dateCheckIn")): Object: 'Object Repository/obj_reservation/4_/dateCheckIn' is clicked on

2020-01-16 17:54:32 - [MESSAGE][PASSED] - Object: 'Object Repository/obj_reservation/4_/dateCheckIn' is clicked on

2020-01-16 17:54:32 - [TEST_STEP][PASSED] - click(findTestObject("obj_reservation/3_date2020/0120/CI/button_" + dateCI[0] + "01_ci")): Object: 'Object Repository/obj_reservation/3_date2020/0120/CI/button_2301_ci' is clicked on

2020-01-16 17:54:33 - [MESSAGE][PASSED] - Object: 'Object Repository/obj_reservation/3_date2020/0120/CI/button_2301_ci' is clicked on

2020-01-16 17:54:33 - [TEST_STEP][PASSED] - if (flagBoar == "1"): Object: 'Object Repository/obj_reservation/3_date2020/0120/CO/button_2401_co' is clicked on

2020-01-16 17:54:33 - [TEST_STEP][PASSED] - click(findTestObject("obj_reservation/4_/dateCheckOut")): Object: 'Object Repository/obj_reservation/4_/dateCheckOut' is clicked on

2020-01-16 17:54:34 - [MESSAGE][PASSED] - Object: 'Object Repository/obj_reservation/4_/dateCheckOut' is clicked on

2020-01-16 17:54:34 - [TEST_STEP][PASSED] - click(findTestObject("obj_reservation/3_date2020/0120/CO/button_" + dateCO[0] + "01_co")): Object: 'Object Repository/obj_reservation/3_date2020/0120/CO/button_2401_co' is clicked on

2020-01-16 17:54:35 - [MESSAGE][PASSED] - Object: 'Object Repository/obj_reservation/3_date2020/0120/CO/button_2401_co' is clicked on

2020-01-16 17:54:35 - [TEST_STEP][PASSED] - if (var_checkinT.size() == 1): null

2020-01-16 17:54:35 - [TEST_STEP][PASSED] - if (var_checkinT.size() == 2): null

2020-01-16 17:54:35 - [TEST_STEP][PASSED] - if (var_checkinT.size() == 3): null

2020-01-16 17:54:35 - [TEST_STEP][PASSED] - var_checkinT = "0" + var_checkinT: null

2020-01-16 17:54:35 - [TEST_STEP][PASSED] - click(findTestObject("obj_reservation/4_/timeCheckin")): Object: 'Object Repository/obj_reservation/4_/timeCheckin' is clicked on

2020-01-16 17:54:35 - [MESSAGE][PASSED] - Object: 'Object Repository/obj_reservation/4_/timeCheckin' is clicked on

2020-01-16 17:54:35 - [TEST_STEP][PASSED] - click(findTestObject("obj_reservation/0_horas/CI/time_" + var_checkinT + "_ci")): Object: 'Object Repository/obj_reservation/0_horas/CI/time_0830_ci' is clicked on

2020-01-16 17:54:36 - [MESSAGE][PASSED] - Object: 'Object Repository/obj_reservation/0_horas/CI/time_0830_ci' is clicked on

2020-01-16 17:54:36 - [TEST_STEP][PASSED] - click(findTestObject("obj_reservation/4_/timeCheckOut")): Object: 'Object Repository/obj_reservation/4_/timeCheckOut' is clicked on

2020-01-16 17:54:37 - [MESSAGE][PASSED] - Object: 'Object Repository/obj_reservation/4_/timeCheckOut' is clicked on

2020-01-16 17:54:37 - [TEST_STEP][PASSED] - click(findTestObject("obj_reservation/0_horas/CO/time_" + var_checkoutT + "_co")): Object: 'Object Repository/obj_reservation/0_horas/CO/time_1200_co' is clicked on

2020-01-16 17:54:38 - [MESSAGE][PASSED] - Object: 'Object Repository/obj_reservation/0_horas/CO/time_1200_co' is clicked on

2020-01-16 17:54:38 - [TEST_STEP][PASSED] - if (arryPets.size() == 1): null

2020-01-16 17:54:38 - [TEST_STEP][PASSED] - else if (arryPets.size() == 2): Object: 'Object Repository/obj_reservation/4_/div_Zeus' is clicked on

2020-01-16 17:54:38 - [TEST_STEP][PASSED] - click(findTestObject("obj_reservation/P4P_5/div_Ares")): Object: 'Object Repository/obj_reservation/P4P_5/div_Ares' is clicked on

2020-01-16 17:54:39 - [MESSAGE][PASSED] - Object: 'Object Repository/obj_reservation/P4P_5/div_Ares' is clicked on

2020-01-16 17:54:39 - [TEST_STEP][PASSED] - click(findTestObject("obj_reservation/4_/div_Zeus")): Object: 'Object Repository/obj_reservation/4_/div_Zeus' is clicked on

2020-01-16 17:54:43 - [MESSAGE][PASSED] - Object: 'Object Repository/obj_reservation/4_/div_Zeus' is clicked on

2020-01-16 17:54:43 - [TEST_STEP][FAILED] - stringDeposit = getText(findTestObject("obj_reservation/4_/span_requiresdeposit"), CONTINUE_ON_FAILURE): Unable to get text of object 'Object Repository/obj_reservation/4_/span_requiresdeposit' (Root cause: com.kms.katalon.core.exception.StepFailedException: Unable to get text of object 'Object Repository/obj_reservation/4_/span_requiresdeposit'
	at com.kms.katalon.core.webui.keyword.internal.WebUIKeywordMain.stepFailed(WebUIKeywordMain.groovy:64)
	at com.kms.katalon.core.webui.keyword.internal.WebUIKeywordMain.runKeyword(WebUIKeywordMain.groovy:26)
	at com.kms.katalon.core.webui.keyword.builtin.GetTextKeyword.getText(GetTextKeyword.groovy:88)
	at com.kms.katalon.core.webui.keyword.builtin.GetTextKeyword.execute(GetTextKeyword.groovy:67)
	at com.kms.katalon.core.keyword.internal.KeywordExecutor.executeKeywordForPlatform(KeywordExecutor.groovy:60)
	at com.kms.katalon.core.webui.keyword.WebUiBuiltInKeywords.getText(WebUiBuiltInKeywords.groovy:874)
	at com.kms.katalon.core.webui.keyword.WebUiBuiltInKeywords$getText$4.call(Unknown Source)
	at p4p_1_newReservationBoarding.run(p4p_1_newReservationBoarding:108)
	at com.kms.katalon.core.main.ScriptEngine.run(ScriptEngine.java:194)
	at com.kms.katalon.core.main.ScriptEngine.runScriptAsRawText(ScriptEngine.java:119)
	at com.kms.katalon.core.main.TestCaseExecutor.runScript(TestCaseExecutor.java:337)
	at com.kms.katalon.core.main.TestCaseExecutor.doExecute(TestCaseExecutor.java:328)
	at com.kms.katalon.core.main.TestCaseExecutor.processExecutionPhase(TestCaseExecutor.java:307)
	at com.kms.katalon.core.main.TestCaseExecutor.accessMainPhase(TestCaseExecutor.java:299)
	at com.kms.katalon.core.main.TestCaseExecutor.execute(TestCaseExecutor.java:233)
	at com.kms.katalon.core.main.TestSuiteExecutor.accessTestCaseMainPhase(TestSuiteExecutor.java:169)
	at com.kms.katalon.core.main.TestSuiteExecutor.accessTestSuiteMainPhase(TestSuiteExecutor.java:142)
	at com.kms.katalon.core.main.TestSuiteExecutor.execute(TestSuiteExecutor.java:91)
	at com.kms.katalon.core.main.TestCaseMain.startTestSuite(TestCaseMain.java:157)
	at com.kms.katalon.core.main.TestCaseMain$startTestSuite$0.call(Unknown Source)
	at TempTestSuite1579218289966.run(TempTestSuite1579218289966.groovy:36)
Caused by: com.kms.katalon.core.webui.exception.WebElementNotFoundException: Web element with id: 'Object Repository/obj_reservation/4_/span_requiresdeposit' located by 'By.xpath: //div[@id='wrapper']/div/div/div[3]/fieldset/div/p4p-reservations-wizard/div/div[2]/div/overview/p4p-reservation-overview-section/div[2]/div/form/div[6]/div/p/span' not found
	at com.kms.katalon.core.webui.common.WebUiCommonHelper.findWebElement(WebUiCommonHelper.java:1113)
	at com.kms.katalon.core.webui.keyword.internal.WebUIAbstractKeyword.findWebElement(WebUIAbstractKeyword.groovy:27)
	at com.kms.katalon.core.webui.keyword.internal.WebUIAbstractKeyword.findWebElement(WebUIAbstractKeyword.groovy:26)
	at com.kms.katalon.core.webui.keyword.builtin.GetTextKeyword$_getText_closure1.doCall(GetTextKeyword.groovy:78)
	at com.kms.katalon.core.webui.keyword.builtin.GetTextKeyword$_getText_closure1.call(GetTextKeyword.groovy)
	at com.kms.katalon.core.webui.keyword.internal.WebUIKeywordMain.runKeyword(WebUIKeywordMain.groovy:20)
	at com.kms.katalon.core.webui.keyword.builtin.GetTextKeyword.getText(GetTextKeyword.groovy:88)
	at com.kms.katalon.core.webui.keyword.builtin.GetTextKeyword.execute(GetTextKeyword.groovy:67)
	at com.kms.katalon.core.keyword.internal.KeywordExecutor.executeKeywordForPlatform(KeywordExecutor.groovy:60)
	at com.kms.katalon.core.webui.keyword.WebUiBuiltInKeywords.getText(WebUiBuiltInKeywords.groovy:874)
	at com.kms.katalon.core.webui.keyword.WebUiBuiltInKeywords$getText$4.call(Unknown Source)
	at Script1579191965857.run(Script1579191965857.groovy:108)
	... 13 more
)

2020-01-16 17:55:28 - [MESSAGE][INFO] - Unable to find the element located by 'By.xpath: //div[@id='wrapper']/div/div/div[3]/fieldset/div/p4p-reservations-wizard/div/div[2]/div/overview/p4p-reservation-overview-section/div[2]/div/form/div[6]/div/p/span'. Please recheck the objects properties to make sure the desired element is located. 

2020-01-16 17:55:28 - [MESSAGE][FAILED] - Unable to get text of object 'Object Repository/obj_reservation/4_/span_requiresdeposit' (Root cause: com.kms.katalon.core.exception.StepFailedException: Unable to get text of object 'Object Repository/obj_reservation/4_/span_requiresdeposit'
	at com.kms.katalon.core.webui.keyword.internal.WebUIKeywordMain.stepFailed(WebUIKeywordMain.groovy:64)
	at com.kms.katalon.core.webui.keyword.internal.WebUIKeywordMain.runKeyword(WebUIKeywordMain.groovy:26)
	at com.kms.katalon.core.webui.keyword.builtin.GetTextKeyword.getText(GetTextKeyword.groovy:88)
	at com.kms.katalon.core.webui.keyword.builtin.GetTextKeyword.execute(GetTextKeyword.groovy:67)
	at com.kms.katalon.core.keyword.internal.KeywordExecutor.executeKeywordForPlatform(KeywordExecutor.groovy:60)
	at com.kms.katalon.core.webui.keyword.WebUiBuiltInKeywords.getText(WebUiBuiltInKeywords.groovy:874)
	at com.kms.katalon.core.webui.keyword.WebUiBuiltInKeywords$getText$4.call(Unknown Source)
	at p4p_1_newReservationBoarding.run(p4p_1_newReservationBoarding:108)
	at com.kms.katalon.core.main.ScriptEngine.run(ScriptEngine.java:194)
	at com.kms.katalon.core.main.ScriptEngine.runScriptAsRawText(ScriptEngine.java:119)
	at com.kms.katalon.core.main.TestCaseExecutor.runScript(TestCaseExecutor.java:337)
	at com.kms.katalon.core.main.TestCaseExecutor.doExecute(TestCaseExecutor.java:328)
	at com.kms.katalon.core.main.TestCaseExecutor.processExecutionPhase(TestCaseExecutor.java:307)
	at com.kms.katalon.core.main.TestCaseExecutor.accessMainPhase(TestCaseExecutor.java:299)
	at com.kms.katalon.core.main.TestCaseExecutor.execute(TestCaseExecutor.java:233)
	at com.kms.katalon.core.main.TestSuiteExecutor.accessTestCaseMainPhase(TestSuiteExecutor.java:169)
	at com.kms.katalon.core.main.TestSuiteExecutor.accessTestSuiteMainPhase(TestSuiteExecutor.java:142)
	at com.kms.katalon.core.main.TestSuiteExecutor.execute(TestSuiteExecutor.java:91)
	at com.kms.katalon.core.main.TestCaseMain.startTestSuite(TestCaseMain.java:157)
	at com.kms.katalon.core.main.TestCaseMain$startTestSuite$0.call(Unknown Source)
	at TempTestSuite1579218289966.run(TempTestSuite1579218289966.groovy:36)
Caused by: com.kms.katalon.core.webui.exception.WebElementNotFoundException: Web element with id: 'Object Repository/obj_reservation/4_/span_requiresdeposit' located by 'By.xpath: //div[@id='wrapper']/div/div/div[3]/fieldset/div/p4p-reservations-wizard/div/div[2]/div/overview/p4p-reservation-overview-section/div[2]/div/form/div[6]/div/p/span' not found
	at com.kms.katalon.core.webui.common.WebUiCommonHelper.findWebElement(WebUiCommonHelper.java:1113)
	at com.kms.katalon.core.webui.keyword.internal.WebUIAbstractKeyword.findWebElement(WebUIAbstractKeyword.groovy:27)
	at com.kms.katalon.core.webui.keyword.internal.WebUIAbstractKeyword.findWebElement(WebUIAbstractKeyword.groovy:26)
	at com.kms.katalon.core.webui.keyword.builtin.GetTextKeyword$_getText_closure1.doCall(GetTextKeyword.groovy:78)
	at com.kms.katalon.core.webui.keyword.builtin.GetTextKeyword$_getText_closure1.call(GetTextKeyword.groovy)
	at com.kms.katalon.core.webui.keyword.internal.WebUIKeywordMain.runKeyword(WebUIKeywordMain.groovy:20)
	at com.kms.katalon.core.webui.keyword.builtin.GetTextKeyword.getText(GetTextKeyword.groovy:88)
	at com.kms.katalon.core.webui.keyword.builtin.GetTextKeyword.execute(GetTextKeyword.groovy:67)
	at com.kms.katalon.core.keyword.internal.KeywordExecutor.executeKeywordForPlatform(KeywordExecutor.groovy:60)
	at com.kms.katalon.core.webui.keyword.WebUiBuiltInKeywords.getText(WebUiBuiltInKeywords.groovy:874)
	at com.kms.katalon.core.webui.keyword.WebUiBuiltInKeywords$getText$4.call(Unknown Source)
	at Script1579191965857.run(Script1579191965857.groovy:108)
	... 13 more
)
[[ATTACHMENT|/home/leonardo-arkusmty/Documents/workspaceKatalon/p4ptest/Reports/20200116_174449/ts_1_newReservationBoarding/20200116_174449/1579218928409.png]]

2020-01-16 17:55:28 - [TEST_STEP][PASSED] - varHoliday = 0: null

2020-01-16 17:55:28 - [TEST_STEP][PASSED] - if (stringDeposit != null): null

2020-01-16 17:55:28 - [TEST_STEP][PASSED] - try: Object: 'Object Repository/obj_reservation/4_/div_suite_rad_deluxe' is clicked on

2020-01-16 17:55:28 - [TEST_STEP][PASSED] - click(findTestObject("obj_reservation/4_/div_suite_rad_deluxe")): Object: 'Object Repository/obj_reservation/4_/div_suite_rad_deluxe' is clicked on

2020-01-16 17:55:29 - [MESSAGE][PASSED] - Object: 'Object Repository/obj_reservation/4_/div_suite_rad_deluxe' is clicked on

2020-01-16 17:55:29 - [TEST_STEP][PASSED] - click(findTestObject("obj_reservation/4_/btn_next2")): Object: 'Object Repository/obj_reservation/4_/btn_next2' is clicked on

2020-01-16 17:55:30 - [MESSAGE][PASSED] - Object: 'Object Repository/obj_reservation/4_/btn_next2' is clicked on

2020-01-16 17:55:30 - [TEST_STEP][PASSED] - click(findTestObject("obj_reservation/4_/btn_next2")): Object: 'Object Repository/obj_reservation/4_/btn_next2' is clicked on

2020-01-16 17:55:32 - [MESSAGE][PASSED] - Object: 'Object Repository/obj_reservation/4_/btn_next2' is clicked on

2020-01-16 17:55:32 - [TEST_STEP][PASSED] - click(findTestObject("obj_reservation/4_/button_Submit Reservation")): Object: 'Object Repository/obj_reservation/4_/button_Submit Reservation' is clicked on

2020-01-16 17:55:34 - [MESSAGE][PASSED] - Object: 'Object Repository/obj_reservation/4_/button_Submit Reservation' is clicked on

2020-01-16 17:55:34 - [TEST_STEP][PASSED] - if (flagBoar == "2" && var_repeatingEvery == "Daily" || var_repeatingEvery == "Monthly" || var_repeatingEvery == "Weekly"): null

2020-01-16 17:55:34 - [TEST_STEP][PASSED] - else: null

2020-01-16 17:55:34 - [TEST_STEP][PASSED] - try: Object: 'Object Repository/obj_reservation/4_/button_Return To Reservation' is clicked on

2020-01-16 17:55:34 - [TEST_STEP][PASSED] - click(findTestObject("obj_reservation/4_/button_Return To Reservation")): Object: 'Object Repository/obj_reservation/4_/button_Return To Reservation' is clicked on

2020-01-16 17:55:38 - [MESSAGE][PASSED] - Object: 'Object Repository/obj_reservation/4_/button_Return To Reservation' is clicked on

2020-01-16 17:55:38 - [TEST_STEP][PASSED] - click(findTestObject("obj_reservation/P4P_2/button_Go to CheckOut")): Object: 'Object Repository/obj_reservation/P4P_2/button_Go to CheckOut' is clicked on

2020-01-16 17:55:40 - [MESSAGE][PASSED] - Object: 'Object Repository/obj_reservation/P4P_2/button_Go to CheckOut' is clicked on

2020-01-16 17:55:40 - [TEST_STEP][PASSED] - var_url = getUrl(): Current window's url is: 'https://p4p-qa-bg.aws.paradise4paws.com/frontdesk/checkout/1702853/?parent_id=122352'

2020-01-16 17:55:40 - [MESSAGE][PASSED] - Current window's url is: 'https://p4p-qa-bg.aws.paradise4paws.com/frontdesk/checkout/1702853/?parent_id=122352'

2020-01-16 17:55:40 - [TEST_STEP][PASSED] - arrayUrl = var_url.split("/"): null

2020-01-16 17:55:40 - [TEST_STEP][PASSED] - verifyElementText(findTestObject("obj_reservation/P4P_2/span_( BK )"), "( BK )", STOP_ON_FAILURE): Actual text and expected text of test object 'Object Repository/obj_reservation/P4P_2/span_( BK )' are matched.

2020-01-16 17:55:42 - [MESSAGE][PASSED] - Actual text and expected text of test object 'Object Repository/obj_reservation/P4P_2/span_( BK )' are matched.

2020-01-16 17:55:42 - [TEST_STEP][PASSED] - log.logInfo(getText(findTestObject("obj_reservation/P4P_2/a_1795351"))): 1795546

2020-01-16 17:55:43 - [MESSAGE][PASSED] - Text of object 'Object Repository/obj_reservation/P4P_2/a_1795351' is: '1795546'

2020-01-16 17:55:43 - [MESSAGE][INFO] - 1795546

2020-01-16 17:55:43 - [TEST_STEP][PASSED] - cell = rowNewRes.createCell(16, 0): null

2020-01-16 17:55:43 - [TEST_STEP][PASSED] - cell.setCellType(CELL_TYPE_STRING): null

2020-01-16 17:55:43 - [TEST_STEP][PASSED] - cell.setCellValue(arrayUrl[5]): null

2020-01-16 17:55:43 - [TEST_STEP][PASSED] - varIdInv = getText(findTestObject("obj_reservation/P4P_2/a_1795351")).toString(): Text of object 'Object Repository/obj_reservation/P4P_2/a_1795351' is: '1795546'

2020-01-16 17:55:43 - [MESSAGE][PASSED] - Text of object 'Object Repository/obj_reservation/P4P_2/a_1795351' is: '1795546'

2020-01-16 17:55:43 - [TEST_STEP][PASSED] - celldInvoice = rowNewRes.createCell(17, 0): null

2020-01-16 17:55:43 - [TEST_STEP][PASSED] - celldInvoice.setCellType(CELL_TYPE_STRING): null

2020-01-16 17:55:43 - [TEST_STEP][PASSED] - celldInvoice.setCellValue(varIdInv): null

2020-01-16 17:55:43 - [TEST_STEP][PASSED] - cellStatus = rowNewRes.createCell(20, 0): null

2020-01-16 17:55:43 - [TEST_STEP][PASSED] - cellStatus.setCellType(CELL_TYPE_STRING): null

2020-01-16 17:55:43 - [TEST_STEP][PASSED] - cellStatus.setCellValue(getText(findTestObject("obj_reservation/P4P_2/span_( BK )"))): Text of object 'Object Repository/obj_reservation/P4P_2/span_( BK )' is: '( BK )'

2020-01-16 17:55:43 - [MESSAGE][PASSED] - Text of object 'Object Repository/obj_reservation/P4P_2/span_( BK )' is: '( BK )'

2020-01-16 17:55:43 - [TEST_STEP][PASSED] - cellHol = rowNewRes.createCell(18, 0): null

2020-01-16 17:55:43 - [TEST_STEP][PASSED] - cellHol.setCellType(CELL_TYPE_STRING): null

2020-01-16 17:55:43 - [TEST_STEP][PASSED] - cellInv3 = rowInv.createCell(3, 0): null

2020-01-16 17:55:43 - [TEST_STEP][PASSED] - cellInv3.setCellType(CELL_TYPE_STRING): null

2020-01-16 17:55:43 - [TEST_STEP][PASSED] - if (varHoliday == 1): null

2020-01-16 17:55:43 - [TEST_STEP][PASSED] - else: null

2020-01-16 17:55:43 - [TEST_STEP][PASSED] - cellHol.setCellValue("N"): null

2020-01-16 17:55:43 - [TEST_STEP][PASSED] - cellInv3.setCellValue("N"): null

2020-01-16 17:55:43 - [TEST_STEP][PASSED] - if (var == 1): null

2020-01-16 17:55:43 - [TEST_STEP][PASSED] - log.logInfo(getText(findTestObject("obj_reservation/4_/1_co_date"))): 

2020-01-16 17:55:44 - [MESSAGE][PASSED] - Text of object 'Object Repository/obj_reservation/4_/1_co_date' is: ''

2020-01-16 17:55:44 - [MESSAGE][INFO] - 

2020-01-16 17:55:44 - [TEST_STEP][PASSED] - click(findTestObject("obj_reservation/4_/tab_checkIn")): Object: 'Object Repository/obj_reservation/4_/tab_checkIn' is clicked on

2020-01-16 17:55:45 - [MESSAGE][PASSED] - Object: 'Object Repository/obj_reservation/4_/tab_checkIn' is clicked on

2020-01-16 17:55:45 - [TEST_STEP][PASSED] - delay(2): Delayed 2 second(s)

2020-01-16 17:55:47 - [MESSAGE][PASSED] - Delayed 2 second(s)

2020-01-16 17:55:47 - [TEST_STEP][PASSED] - log.logInfo(getText(findTestObject("PP/input_CheckinDate_checkin"))): 

2020-01-16 17:55:47 - [MESSAGE][PASSED] - Text of object 'Object Repository/PP/input_CheckinDate_checkin' is: ''

2020-01-16 17:55:47 - [MESSAGE][INFO] - 

2020-01-16 17:55:47 - [TEST_STEP][PASSED] - click(findTestObject("obj_reservation/4_/tab_editReservation")): Object: 'Object Repository/obj_reservation/4_/tab_editReservation' is clicked on

2020-01-16 17:55:48 - [MESSAGE][PASSED] - Object: 'Object Repository/obj_reservation/4_/tab_editReservation' is clicked on

2020-01-16 17:55:48 - [TEST_STEP][PASSED] - delay(2): Delayed 2 second(s)

2020-01-16 17:55:50 - [MESSAGE][PASSED] - Delayed 2 second(s)

2020-01-16 17:55:50 - [TEST_STEP][PASSED] - log.logInfo(getText(findTestObject("PP/input_CheckinDate_edit"))): 

2020-01-16 17:55:54 - [MESSAGE][PASSED] - Text of object 'Object Repository/PP/input_CheckinDate_edit' is: ''

2020-01-16 17:55:54 - [MESSAGE][INFO] - 

2020-01-16 17:55:54 - [TEST_STEP][PASSED] - delay(12): Delayed 12 second(s)

2020-01-16 17:56:06 - [MESSAGE][PASSED] - Delayed 12 second(s)

2020-01-16 17:56:06 - [TEST_STEP][PASSED] - cellDCI = rowNewRes.createCell(22, 0): null

2020-01-16 17:56:06 - [TEST_STEP][PASSED] - cellDCI.setCellType(CELL_TYPE_STRING): null

2020-01-16 17:56:06 - [TEST_STEP][PASSED] - cellDCI.setCellValue(var_checkinD): null

2020-01-16 17:56:06 - [TEST_STEP][PASSED] - cellDCO = rowNewRes.createCell(23, 0): null

2020-01-16 17:56:06 - [TEST_STEP][PASSED] - cellDCO.setCellType(CELL_TYPE_STRING): null

2020-01-16 17:56:06 - [TEST_STEP][PASSED] - cellDCO.setCellValue(var_checkoutD): null

2020-01-16 17:56:06 - [TEST_STEP][PASSED] - cellDCI1 = rowNewRes.createCell(24, 0): null

2020-01-16 17:56:06 - [TEST_STEP][PASSED] - cellDCI1.setCellType(CELL_TYPE_STRING): null

2020-01-16 17:56:06 - [TEST_STEP][PASSED] - cellDCI1.setCellValue(var_checkinD): null

2020-01-16 17:56:06 - [TEST_STEP][PASSED] - cellDCO1 = rowNewRes.createCell(25, 0): null

2020-01-16 17:56:06 - [TEST_STEP][PASSED] - cellDCO1.setCellType(CELL_TYPE_STRING): null

2020-01-16 17:56:06 - [TEST_STEP][PASSED] - cellDCO1.setCellValue(var_checkoutD): null

2020-01-16 17:56:06 - [TEST_STEP][PASSED] - click(findTestObject("obj_reservation/4_/tab_checkOut")): Object: 'Object Repository/obj_reservation/4_/tab_checkOut' is clicked on

2020-01-16 17:56:07 - [MESSAGE][PASSED] - Object: 'Object Repository/obj_reservation/4_/tab_checkOut' is clicked on

2020-01-16 17:56:07 - [TEST_STEP][PASSED] - delay(2): Delayed 2 second(s)

2020-01-16 17:56:09 - [MESSAGE][PASSED] - Delayed 2 second(s)

2020-01-16 17:56:09 - [TEST_STEP][PASSED] - if (var_cancelRes == "Y"): Text of object 'Object Repository/obj_reservation/P4P_2/span_( BK )' is: '( CAN )'

2020-01-16 17:56:09 - [TEST_STEP][PASSED] - click(findTestObject("obj_reservation/4_/tab_editReservation")): Object: 'Object Repository/obj_reservation/4_/tab_editReservation' is clicked on

2020-01-16 17:56:11 - [MESSAGE][PASSED] - Object: 'Object Repository/obj_reservation/4_/tab_editReservation' is clicked on

2020-01-16 17:56:11 - [TEST_STEP][PASSED] - delay(2): Delayed 2 second(s)

2020-01-16 17:56:13 - [MESSAGE][PASSED] - Delayed 2 second(s)

2020-01-16 17:56:13 - [TEST_STEP][PASSED] - click(findTestObject("obj_reservation/4_/button_Next")): Object: 'Object Repository/obj_reservation/4_/button_Next' is clicked on

2020-01-16 17:56:17 - [MESSAGE][PASSED] - Object: 'Object Repository/obj_reservation/4_/button_Next' is clicked on

2020-01-16 17:56:17 - [TEST_STEP][PASSED] - delay(1): Delayed 1 second(s)

2020-01-16 17:56:18 - [MESSAGE][PASSED] - Delayed 1 second(s)

2020-01-16 17:56:18 - [TEST_STEP][PASSED] - click(findTestObject("obj_reservation/4_/button_Next")): Object: 'Object Repository/obj_reservation/4_/button_Next' is clicked on

2020-01-16 17:56:18 - [MESSAGE][PASSED] - Object: 'Object Repository/obj_reservation/4_/button_Next' is clicked on

2020-01-16 17:56:18 - [TEST_STEP][PASSED] - delay(2): Delayed 2 second(s)

2020-01-16 17:56:20 - [MESSAGE][PASSED] - Delayed 2 second(s)

2020-01-16 17:56:20 - [TEST_STEP][PASSED] - click(findTestObject("obj_reservation/4_/btn_cancelReservation")): Object: 'Object Repository/obj_reservation/4_/btn_cancelReservation' is clicked on

2020-01-16 17:56:21 - [MESSAGE][PASSED] - Object: 'Object Repository/obj_reservation/4_/btn_cancelReservation' is clicked on

2020-01-16 17:56:21 - [TEST_STEP][PASSED] - delay(3): Delayed 3 second(s)

2020-01-16 17:56:24 - [MESSAGE][PASSED] - Delayed 3 second(s)

2020-01-16 17:56:24 - [TEST_STEP][PASSED] - click(findTestObject("obj_reservation/P4P_1/button_Cancel This Reservation")): Object: 'Object Repository/obj_reservation/P4P_1/button_Cancel This Reservation' is clicked on

2020-01-16 17:56:24 - [MESSAGE][PASSED] - Object: 'Object Repository/obj_reservation/P4P_1/button_Cancel This Reservation' is clicked on

2020-01-16 17:56:24 - [TEST_STEP][PASSED] - delay(3): Delayed 3 second(s)

2020-01-16 17:56:27 - [MESSAGE][PASSED] - Delayed 3 second(s)

2020-01-16 17:56:27 - [TEST_STEP][PASSED] - verifyElementText(findTestObject("obj_reservation/P4P_2/span_( BK )"), "( CAN )", STOP_ON_FAILURE): Actual text and expected text of test object 'Object Repository/obj_reservation/P4P_2/span_( BK )' are matched.

2020-01-16 17:56:27 - [MESSAGE][PASSED] - Actual text and expected text of test object 'Object Repository/obj_reservation/P4P_2/span_( BK )' are matched.

2020-01-16 17:56:27 - [TEST_STEP][PASSED] - log.logInfo(getText(findTestObject("obj_reservation/P4P_2/span_( BK )"))): ( CAN )

2020-01-16 17:56:27 - [MESSAGE][PASSED] - Text of object 'Object Repository/obj_reservation/P4P_2/span_( BK )' is: '( CAN )'

2020-01-16 17:56:27 - [MESSAGE][INFO] - ( CAN )

2020-01-16 17:56:27 - [TEST_STEP][PASSED] - cellCan = rowNewRes.createCell(31, 0): null

2020-01-16 17:56:27 - [TEST_STEP][PASSED] - cellCan.setCellType(CELL_TYPE_STRING): null

2020-01-16 17:56:27 - [TEST_STEP][PASSED] - cellCan.setCellValue(getText(findTestObject("obj_reservation/P4P_2/span_( BK )"))): Text of object 'Object Repository/obj_reservation/P4P_2/span_( BK )' is: '( CAN )'

2020-01-16 17:56:28 - [MESSAGE][PASSED] - Text of object 'Object Repository/obj_reservation/P4P_2/span_( BK )' is: '( CAN )'

2020-01-16 17:56:28 - [TEST_STEP][PASSED] - delay(2): Delayed 2 second(s)

2020-01-16 17:56:30 - [MESSAGE][PASSED] - Delayed 2 second(s)

2020-01-16 17:56:30 - [TEST_STEP][PASSED] - fos = new java.io.FileOutputStream(/home/leonardo-arkusmty/Desktop/P4P/DATA_AUTOMATINTESTING/data_1newReservationBoarding.xlsx): null

2020-01-16 17:56:30 - [TEST_STEP][PASSED] - workbookNewRes.write(fos): null

2020-01-16 17:56:30 - [TEST_STEP][PASSED] - delay(1): Delayed 1 second(s)

2020-01-16 17:56:31 - [MESSAGE][PASSED] - Delayed 1 second(s)

2020-01-16 17:56:31 - [TEST_STEP][PASSED] - (var_row++): null]]></system-out>
         <system-err><![CDATA[2020-01-16 17:54:10 - [TEST_CASE][FAILED] - Test Cases/p4p_1_newReservationBoarding: Test Cases/p4p_1_newReservationBoarding FAILED.
Reason:
com.kms.katalon.core.exception.StepFailedException: Unable to get text of object 'Object Repository/obj_reservation/4_/span_requiresdeposit' (Root cause: com.kms.katalon.core.exception.StepFailedException: Unable to get text of object 'Object Repository/obj_reservation/4_/span_requiresdeposit'
	at com.kms.katalon.core.webui.keyword.internal.WebUIKeywordMain.stepFailed(WebUIKeywordMain.groovy:64)
	at com.kms.katalon.core.webui.keyword.internal.WebUIKeywordMain.runKeyword(WebUIKeywordMain.groovy:26)
	at com.kms.katalon.core.webui.keyword.builtin.GetTextKeyword.getText(GetTextKeyword.groovy:88)
	at com.kms.katalon.core.webui.keyword.builtin.GetTextKeyword.execute(GetTextKeyword.groovy:67)
	at com.kms.katalon.core.keyword.internal.KeywordExecutor.executeKeywordForPlatform(KeywordExecutor.groovy:60)
	at com.kms.katalon.core.webui.keyword.WebUiBuiltInKeywords.getText(WebUiBuiltInKeywords.groovy:874)
	at com.kms.katalon.core.webui.keyword.WebUiBuiltInKeywords$getText$4.call(Unknown Source)
	at p4p_1_newReservationBoarding.run(p4p_1_newReservationBoarding:108)
	at com.kms.katalon.core.main.ScriptEngine.run(ScriptEngine.java:194)
	at com.kms.katalon.core.main.ScriptEngine.runScriptAsRawText(ScriptEngine.java:119)
	at com.kms.katalon.core.main.TestCaseExecutor.runScript(TestCaseExecutor.java:337)
	at com.kms.katalon.core.main.TestCaseExecutor.doExecute(TestCaseExecutor.java:328)
	at com.kms.katalon.core.main.TestCaseExecutor.processExecutionPhase(TestCaseExecutor.java:307)
	at com.kms.katalon.core.main.TestCaseExecutor.accessMainPhase(TestCaseExecutor.java:299)
	at com.kms.katalon.core.main.TestCaseExecutor.execute(TestCaseExecutor.java:233)
	at com.kms.katalon.core.main.TestSuiteExecutor.accessTestCaseMainPhase(TestSuiteExecutor.java:169)
	at com.kms.katalon.core.main.TestSuiteExecutor.accessTestSuiteMainPhase(TestSuiteExecutor.java:142)
	at com.kms.katalon.core.main.TestSuiteExecutor.execute(TestSuiteExecutor.java:91)
	at com.kms.katalon.core.main.TestCaseMain.startTestSuite(TestCaseMain.java:157)
	at com.kms.katalon.core.main.TestCaseMain$startTestSuite$0.call(Unknown Source)
	at TempTestSuite1579218289966.run(TempTestSuite1579218289966.groovy:36)
Caused by: com.kms.katalon.core.webui.exception.WebElementNotFoundException: Web element with id: 'Object Repository/obj_reservation/4_/span_requiresdeposit' located by 'By.xpath: //div[@id='wrapper']/div/div/div[3]/fieldset/div/p4p-reservations-wizard/div/div[2]/div/overview/p4p-reservation-overview-section/div[2]/div/form/div[6]/div/p/span' not found
	at com.kms.katalon.core.webui.common.WebUiCommonHelper.findWebElement(WebUiCommonHelper.java:1113)
	at com.kms.katalon.core.webui.keyword.internal.WebUIAbstractKeyword.findWebElement(WebUIAbstractKeyword.groovy:27)
	at com.kms.katalon.core.webui.keyword.internal.WebUIAbstractKeyword.findWebElement(WebUIAbstractKeyword.groovy:26)
	at com.kms.katalon.core.webui.keyword.builtin.GetTextKeyword$_getText_closure1.doCall(GetTextKeyword.groovy:78)
	at com.kms.katalon.core.webui.keyword.builtin.GetTextKeyword$_getText_closure1.call(GetTextKeyword.groovy)
	at com.kms.katalon.core.webui.keyword.internal.WebUIKeywordMain.runKeyword(WebUIKeywordMain.groovy:20)
	at com.kms.katalon.core.webui.keyword.builtin.GetTextKeyword.getText(GetTextKeyword.groovy:88)
	at com.kms.katalon.core.webui.keyword.builtin.GetTextKeyword.execute(GetTextKeyword.groovy:67)
	at com.kms.katalon.core.keyword.internal.KeywordExecutor.executeKeywordForPlatform(KeywordExecutor.groovy:60)
	at com.kms.katalon.core.webui.keyword.WebUiBuiltInKeywords.getText(WebUiBuiltInKeywords.groovy:874)
	at com.kms.katalon.core.webui.keyword.WebUiBuiltInKeywords$getText$4.call(Unknown Source)
	at Script1579191965857.run(Script1579191965857.groovy:108)
	... 13 more
)
	at com.kms.katalon.core.keyword.internal.KeywordMain.stepFailed(KeywordMain.groovy:39)
	at com.kms.katalon.core.webui.keyword.internal.WebUIKeywordMain.stepFailed(WebUIKeywordMain.groovy:64)
	at com.kms.katalon.core.webui.keyword.internal.WebUIKeywordMain.runKeyword(WebUIKeywordMain.groovy:26)
	at com.kms.katalon.core.webui.keyword.builtin.GetTextKeyword.getText(GetTextKeyword.groovy:88)
	at com.kms.katalon.core.webui.keyword.builtin.GetTextKeyword.execute(GetTextKeyword.groovy:67)
	at com.kms.katalon.core.keyword.internal.KeywordExecutor.executeKeywordForPlatform(KeywordExecutor.groovy:60)
	at com.kms.katalon.core.webui.keyword.WebUiBuiltInKeywords.getText(WebUiBuiltInKeywords.groovy:874)
	at com.kms.katalon.core.webui.keyword.WebUiBuiltInKeywords$getText$4.call(Unknown Source)
	at p4p_1_newReservationBoarding.run(p4p_1_newReservationBoarding:108)
	at com.kms.katalon.core.main.ScriptEngine.run(ScriptEngine.java:194)
	at com.kms.katalon.core.main.ScriptEngine.runScriptAsRawText(ScriptEngine.java:119)
	at com.kms.katalon.core.main.TestCaseExecutor.runScript(TestCaseExecutor.java:337)
	at com.kms.katalon.core.main.TestCaseExecutor.doExecute(TestCaseExecutor.java:328)
	at com.kms.katalon.core.main.TestCaseExecutor.processExecutionPhase(TestCaseExecutor.java:307)
	at com.kms.katalon.core.main.TestCaseExecutor.accessMainPhase(TestCaseExecutor.java:299)
	at com.kms.katalon.core.main.TestCaseExecutor.execute(TestCaseExecutor.java:233)
	at com.kms.katalon.core.main.TestSuiteExecutor.accessTestCaseMainPhase(TestSuiteExecutor.java:169)
	at com.kms.katalon.core.main.TestSuiteExecutor.accessTestSuiteMainPhase(TestSuiteExecutor.java:142)
	at com.kms.katalon.core.main.TestSuiteExecutor.execute(TestSuiteExecutor.java:91)
	at com.kms.katalon.core.main.TestCaseMain.startTestSuite(TestCaseMain.java:157)
	at com.kms.katalon.core.main.TestCaseMain$startTestSuite$0.call(Unknown Source)
	at TempTestSuite1579218289966.run(TempTestSuite1579218289966.groovy:36)
Caused by: com.kms.katalon.core.exception.StepFailedException: Unable to get text of object 'Object Repository/obj_reservation/4_/span_requiresdeposit'
	... 21 more
Caused by: com.kms.katalon.core.webui.exception.WebElementNotFoundException: Web element with id: 'Object Repository/obj_reservation/4_/span_requiresdeposit' located by 'By.xpath: //div[@id='wrapper']/div/div/div[3]/fieldset/div/p4p-reservations-wizard/div/div[2]/div/overview/p4p-reservation-overview-section/div[2]/div/form/div[6]/div/p/span' not found
	at com.kms.katalon.core.webui.common.WebUiCommonHelper.findWebElement(WebUiCommonHelper.java:1113)
	at com.kms.katalon.core.webui.keyword.internal.WebUIAbstractKeyword.findWebElement(WebUIAbstractKeyword.groovy:27)
	at com.kms.katalon.core.webui.keyword.internal.WebUIAbstractKeyword.findWebElement(WebUIAbstractKeyword.groovy:26)
	at com.kms.katalon.core.webui.keyword.builtin.GetTextKeyword$_getText_closure1.doCall(GetTextKeyword.groovy:78)
	at com.kms.katalon.core.webui.keyword.builtin.GetTextKeyword$_getText_closure1.call(GetTextKeyword.groovy)
	at com.kms.katalon.core.webui.keyword.internal.WebUIKeywordMain.runKeyword(WebUIKeywordMain.groovy:20)
	... 19 more]]></system-err>
      </testcase>
      <system-out><![CDATA[2020-01-16 17:44:51 - [TEST_SUITE][FAILED] - ts_1_newReservationBoarding: Test Cases/p4p_1_newReservationBoarding FAILED.
Reason:
com.kms.katalon.core.exception.StepFailedException: Unable to get text of object 'Object Repository/obj_reservation/4_/span_requiresdeposit' (Root cause: com.kms.katalon.core.exception.StepFailedException: Unable to get text of object 'Object Repository/obj_reservation/4_/span_requiresdeposit'
	at com.kms.katalon.core.webui.keyword.internal.WebUIKeywordMain.stepFailed(WebUIKeywordMain.groovy:64)
	at com.kms.katalon.core.webui.keyword.internal.WebUIKeywordMain.runKeyword(WebUIKeywordMain.groovy:26)
	at com.kms.katalon.core.webui.keyword.builtin.GetTextKeyword.getText(GetTextKeyword.groovy:88)
	at com.kms.katalon.core.webui.keyword.builtin.GetTextKeyword.execute(GetTextKeyword.groovy:67)
	at com.kms.katalon.core.keyword.internal.KeywordExecutor.executeKeywordForPlatform(KeywordExecutor.groovy:60)
	at com.kms.katalon.core.webui.keyword.WebUiBuiltInKeywords.getText(WebUiBuiltInKeywords.groovy:874)
	at com.kms.katalon.core.webui.keyword.WebUiBuiltInKeywords$getText$4.call(Unknown Source)
	at p4p_1_newReservationBoarding.run(p4p_1_newReservationBoarding:108)
	at com.kms.katalon.core.main.ScriptEngine.run(ScriptEngine.java:194)
	at com.kms.katalon.core.main.ScriptEngine.runScriptAsRawText(ScriptEngine.java:119)
	at com.kms.katalon.core.main.TestCaseExecutor.runScript(TestCaseExecutor.java:337)
	at com.kms.katalon.core.main.TestCaseExecutor.doExecute(TestCaseExecutor.java:328)
	at com.kms.katalon.core.main.TestCaseExecutor.processExecutionPhase(TestCaseExecutor.java:307)
	at com.kms.katalon.core.main.TestCaseExecutor.accessMainPhase(TestCaseExecutor.java:299)
	at com.kms.katalon.core.main.TestCaseExecutor.execute(TestCaseExecutor.java:233)
	at com.kms.katalon.core.main.TestSuiteExecutor.accessTestCaseMainPhase(TestSuiteExecutor.java:169)
	at com.kms.katalon.core.main.TestSuiteExecutor.accessTestSuiteMainPhase(TestSuiteExecutor.java:142)
	at com.kms.katalon.core.main.TestSuiteExecutor.execute(TestSuiteExecutor.java:91)
	at com.kms.katalon.core.main.TestCaseMain.startTestSuite(TestCaseMain.java:157)
	at com.kms.katalon.core.main.TestCaseMain$startTestSuite$0.call(Unknown Source)
	at TempTestSuite1579218289966.run(TempTestSuite1579218289966.groovy:36)
Caused by: com.kms.katalon.core.webui.exception.WebElementNotFoundException: Web element with id: 'Object Repository/obj_reservation/4_/span_requiresdeposit' located by 'By.xpath: //div[@id='wrapper']/div/div/div[3]/fieldset/div/p4p-reservations-wizard/div/div[2]/div/overview/p4p-reservation-overview-section/div[2]/div/form/div[6]/div/p/span' not found
	at com.kms.katalon.core.webui.common.WebUiCommonHelper.findWebElement(WebUiCommonHelper.java:1113)
	at com.kms.katalon.core.webui.keyword.internal.WebUIAbstractKeyword.findWebElement(WebUIAbstractKeyword.groovy:27)
	at com.kms.katalon.core.webui.keyword.internal.WebUIAbstractKeyword.findWebElement(WebUIAbstractKeyword.groovy:26)
	at com.kms.katalon.core.webui.keyword.builtin.GetTextKeyword$_getText_closure1.doCall(GetTextKeyword.groovy:78)
	at com.kms.katalon.core.webui.keyword.builtin.GetTextKeyword$_getText_closure1.call(GetTextKeyword.groovy)
	at com.kms.katalon.core.webui.keyword.internal.WebUIKeywordMain.runKeyword(WebUIKeywordMain.groovy:20)
	at com.kms.katalon.core.webui.keyword.builtin.GetTextKeyword.getText(GetTextKeyword.groovy:88)
	at com.kms.katalon.core.webui.keyword.builtin.GetTextKeyword.execute(GetTextKeyword.groovy:67)
	at com.kms.katalon.core.keyword.internal.KeywordExecutor.executeKeywordForPlatform(KeywordExecutor.groovy:60)
	at com.kms.katalon.core.webui.keyword.WebUiBuiltInKeywords.getText(WebUiBuiltInKeywords.groovy:874)
	at com.kms.katalon.core.webui.keyword.WebUiBuiltInKeywords$getText$4.call(Unknown Source)
	at Script1579191965857.run(Script1579191965857.groovy:108)
	... 13 more
)
	at com.kms.katalon.core.keyword.internal.KeywordMain.stepFailed(KeywordMain.groovy:39)
	at com.kms.katalon.core.webui.keyword.internal.WebUIKeywordMain.stepFailed(WebUIKeywordMain.groovy:64)
	at com.kms.katalon.core.webui.keyword.internal.WebUIKeywordMain.runKeyword(WebUIKeywordMain.groovy:26)
	at com.kms.katalon.core.webui.keyword.builtin.GetTextKeyword.getText(GetTextKeyword.groovy:88)
	at com.kms.katalon.core.webui.keyword.builtin.GetTextKeyword.execute(GetTextKeyword.groovy:67)
	at com.kms.katalon.core.keyword.internal.KeywordExecutor.executeKeywordForPlatform(KeywordExecutor.groovy:60)
	at com.kms.katalon.core.webui.keyword.WebUiBuiltInKeywords.getText(WebUiBuiltInKeywords.groovy:874)
	at com.kms.katalon.core.webui.keyword.WebUiBuiltInKeywords$getText$4.call(Unknown Source)
	at p4p_1_newReservationBoarding.run(p4p_1_newReservationBoarding:108)
	at com.kms.katalon.core.main.ScriptEngine.run(ScriptEngine.java:194)
	at com.kms.katalon.core.main.ScriptEngine.runScriptAsRawText(ScriptEngine.java:119)
	at com.kms.katalon.core.main.TestCaseExecutor.runScript(TestCaseExecutor.java:337)
	at com.kms.katalon.core.main.TestCaseExecutor.doExecute(TestCaseExecutor.java:328)
	at com.kms.katalon.core.main.TestCaseExecutor.processExecutionPhase(TestCaseExecutor.java:307)
	at com.kms.katalon.core.main.TestCaseExecutor.accessMainPhase(TestCaseExecutor.java:299)
	at com.kms.katalon.core.main.TestCaseExecutor.execute(TestCaseExecutor.java:233)
	at com.kms.katalon.core.main.TestSuiteExecutor.accessTestCaseMainPhase(TestSuiteExecutor.java:169)
	at com.kms.katalon.core.main.TestSuiteExecutor.accessTestSuiteMainPhase(TestSuiteExecutor.java:142)
	at com.kms.katalon.core.main.TestSuiteExecutor.execute(TestSuiteExecutor.java:91)
	at com.kms.katalon.core.main.TestCaseMain.startTestSuite(TestCaseMain.java:157)
	at com.kms.katalon.core.main.TestCaseMain$startTestSuite$0.call(Unknown Source)
	at TempTestSuite1579218289966.run(TempTestSuite1579218289966.groovy:36)
Caused by: com.kms.katalon.core.exception.StepFailedException: Unable to get text of object 'Object Repository/obj_reservation/4_/span_requiresdeposit'
	... 21 more
Caused by: com.kms.katalon.core.webui.exception.WebElementNotFoundException: Web element with id: 'Object Repository/obj_reservation/4_/span_requiresdeposit' located by 'By.xpath: //div[@id='wrapper']/div/div/div[3]/fieldset/div/p4p-reservations-wizard/div/div[2]/div/overview/p4p-reservation-overview-section/div[2]/div/form/div[6]/div/p/span' not found
	at com.kms.katalon.core.webui.common.WebUiCommonHelper.findWebElement(WebUiCommonHelper.java:1113)
	at com.kms.katalon.core.webui.keyword.internal.WebUIAbstractKeyword.findWebElement(WebUIAbstractKeyword.groovy:27)
	at com.kms.katalon.core.webui.keyword.internal.WebUIAbstractKeyword.findWebElement(WebUIAbstractKeyword.groovy:26)
	at com.kms.katalon.core.webui.keyword.builtin.GetTextKeyword$_getText_closure1.doCall(GetTextKeyword.groovy:78)
	at com.kms.katalon.core.webui.keyword.builtin.GetTextKeyword$_getText_closure1.call(GetTextKeyword.groovy)
	at com.kms.katalon.core.webui.keyword.internal.WebUIKeywordMain.runKeyword(WebUIKeywordMain.groovy:20)
	... 19 more]]></system-out>
      <system-err><![CDATA[2020-01-16 17:44:51 - [TEST_SUITE][FAILED] - ts_1_newReservationBoarding: Test Cases/p4p_1_newReservationBoarding FAILED.
Reason:
com.kms.katalon.core.exception.StepFailedException: Unable to get text of object 'Object Repository/obj_reservation/4_/span_requiresdeposit' (Root cause: com.kms.katalon.core.exception.StepFailedException: Unable to get text of object 'Object Repository/obj_reservation/4_/span_requiresdeposit'
	at com.kms.katalon.core.webui.keyword.internal.WebUIKeywordMain.stepFailed(WebUIKeywordMain.groovy:64)
	at com.kms.katalon.core.webui.keyword.internal.WebUIKeywordMain.runKeyword(WebUIKeywordMain.groovy:26)
	at com.kms.katalon.core.webui.keyword.builtin.GetTextKeyword.getText(GetTextKeyword.groovy:88)
	at com.kms.katalon.core.webui.keyword.builtin.GetTextKeyword.execute(GetTextKeyword.groovy:67)
	at com.kms.katalon.core.keyword.internal.KeywordExecutor.executeKeywordForPlatform(KeywordExecutor.groovy:60)
	at com.kms.katalon.core.webui.keyword.WebUiBuiltInKeywords.getText(WebUiBuiltInKeywords.groovy:874)
	at com.kms.katalon.core.webui.keyword.WebUiBuiltInKeywords$getText$4.call(Unknown Source)
	at p4p_1_newReservationBoarding.run(p4p_1_newReservationBoarding:108)
	at com.kms.katalon.core.main.ScriptEngine.run(ScriptEngine.java:194)
	at com.kms.katalon.core.main.ScriptEngine.runScriptAsRawText(ScriptEngine.java:119)
	at com.kms.katalon.core.main.TestCaseExecutor.runScript(TestCaseExecutor.java:337)
	at com.kms.katalon.core.main.TestCaseExecutor.doExecute(TestCaseExecutor.java:328)
	at com.kms.katalon.core.main.TestCaseExecutor.processExecutionPhase(TestCaseExecutor.java:307)
	at com.kms.katalon.core.main.TestCaseExecutor.accessMainPhase(TestCaseExecutor.java:299)
	at com.kms.katalon.core.main.TestCaseExecutor.execute(TestCaseExecutor.java:233)
	at com.kms.katalon.core.main.TestSuiteExecutor.accessTestCaseMainPhase(TestSuiteExecutor.java:169)
	at com.kms.katalon.core.main.TestSuiteExecutor.accessTestSuiteMainPhase(TestSuiteExecutor.java:142)
	at com.kms.katalon.core.main.TestSuiteExecutor.execute(TestSuiteExecutor.java:91)
	at com.kms.katalon.core.main.TestCaseMain.startTestSuite(TestCaseMain.java:157)
	at com.kms.katalon.core.main.TestCaseMain$startTestSuite$0.call(Unknown Source)
	at TempTestSuite1579218289966.run(TempTestSuite1579218289966.groovy:36)
Caused by: com.kms.katalon.core.webui.exception.WebElementNotFoundException: Web element with id: 'Object Repository/obj_reservation/4_/span_requiresdeposit' located by 'By.xpath: //div[@id='wrapper']/div/div/div[3]/fieldset/div/p4p-reservations-wizard/div/div[2]/div/overview/p4p-reservation-overview-section/div[2]/div/form/div[6]/div/p/span' not found
	at com.kms.katalon.core.webui.common.WebUiCommonHelper.findWebElement(WebUiCommonHelper.java:1113)
	at com.kms.katalon.core.webui.keyword.internal.WebUIAbstractKeyword.findWebElement(WebUIAbstractKeyword.groovy:27)
	at com.kms.katalon.core.webui.keyword.internal.WebUIAbstractKeyword.findWebElement(WebUIAbstractKeyword.groovy:26)
	at com.kms.katalon.core.webui.keyword.builtin.GetTextKeyword$_getText_closure1.doCall(GetTextKeyword.groovy:78)
	at com.kms.katalon.core.webui.keyword.builtin.GetTextKeyword$_getText_closure1.call(GetTextKeyword.groovy)
	at com.kms.katalon.core.webui.keyword.internal.WebUIKeywordMain.runKeyword(WebUIKeywordMain.groovy:20)
	at com.kms.katalon.core.webui.keyword.builtin.GetTextKeyword.getText(GetTextKeyword.groovy:88)
	at com.kms.katalon.core.webui.keyword.builtin.GetTextKeyword.execute(GetTextKeyword.groovy:67)
	at com.kms.katalon.core.keyword.internal.KeywordExecutor.executeKeywordForPlatform(KeywordExecutor.groovy:60)
	at com.kms.katalon.core.webui.keyword.WebUiBuiltInKeywords.getText(WebUiBuiltInKeywords.groovy:874)
	at com.kms.katalon.core.webui.keyword.WebUiBuiltInKeywords$getText$4.call(Unknown Source)
	at Script1579191965857.run(Script1579191965857.groovy:108)
	... 13 more
)
	at com.kms.katalon.core.keyword.internal.KeywordMain.stepFailed(KeywordMain.groovy:39)
	at com.kms.katalon.core.webui.keyword.internal.WebUIKeywordMain.stepFailed(WebUIKeywordMain.groovy:64)
	at com.kms.katalon.core.webui.keyword.internal.WebUIKeywordMain.runKeyword(WebUIKeywordMain.groovy:26)
	at com.kms.katalon.core.webui.keyword.builtin.GetTextKeyword.getText(GetTextKeyword.groovy:88)
	at com.kms.katalon.core.webui.keyword.builtin.GetTextKeyword.execute(GetTextKeyword.groovy:67)
	at com.kms.katalon.core.keyword.internal.KeywordExecutor.executeKeywordForPlatform(KeywordExecutor.groovy:60)
	at com.kms.katalon.core.webui.keyword.WebUiBuiltInKeywords.getText(WebUiBuiltInKeywords.groovy:874)
	at com.kms.katalon.core.webui.keyword.WebUiBuiltInKeywords$getText$4.call(Unknown Source)
	at p4p_1_newReservationBoarding.run(p4p_1_newReservationBoarding:108)
	at com.kms.katalon.core.main.ScriptEngine.run(ScriptEngine.java:194)
	at com.kms.katalon.core.main.ScriptEngine.runScriptAsRawText(ScriptEngine.java:119)
	at com.kms.katalon.core.main.TestCaseExecutor.runScript(TestCaseExecutor.java:337)
	at com.kms.katalon.core.main.TestCaseExecutor.doExecute(TestCaseExecutor.java:328)
	at com.kms.katalon.core.main.TestCaseExecutor.processExecutionPhase(TestCaseExecutor.java:307)
	at com.kms.katalon.core.main.TestCaseExecutor.accessMainPhase(TestCaseExecutor.java:299)
	at com.kms.katalon.core.main.TestCaseExecutor.execute(TestCaseExecutor.java:233)
	at com.kms.katalon.core.main.TestSuiteExecutor.accessTestCaseMainPhase(TestSuiteExecutor.java:169)
	at com.kms.katalon.core.main.TestSuiteExecutor.accessTestSuiteMainPhase(TestSuiteExecutor.java:142)
	at com.kms.katalon.core.main.TestSuiteExecutor.execute(TestSuiteExecutor.java:91)
	at com.kms.katalon.core.main.TestCaseMain.startTestSuite(TestCaseMain.java:157)
	at com.kms.katalon.core.main.TestCaseMain$startTestSuite$0.call(Unknown Source)
	at TempTestSuite1579218289966.run(TempTestSuite1579218289966.groovy:36)
Caused by: com.kms.katalon.core.exception.StepFailedException: Unable to get text of object 'Object Repository/obj_reservation/4_/span_requiresdeposit'
	... 21 more
Caused by: com.kms.katalon.core.webui.exception.WebElementNotFoundException: Web element with id: 'Object Repository/obj_reservation/4_/span_requiresdeposit' located by 'By.xpath: //div[@id='wrapper']/div/div/div[3]/fieldset/div/p4p-reservations-wizard/div/div[2]/div/overview/p4p-reservation-overview-section/div[2]/div/form/div[6]/div/p/span' not found
	at com.kms.katalon.core.webui.common.WebUiCommonHelper.findWebElement(WebUiCommonHelper.java:1113)
	at com.kms.katalon.core.webui.keyword.internal.WebUIAbstractKeyword.findWebElement(WebUIAbstractKeyword.groovy:27)
	at com.kms.katalon.core.webui.keyword.internal.WebUIAbstractKeyword.findWebElement(WebUIAbstractKeyword.groovy:26)
	at com.kms.katalon.core.webui.keyword.builtin.GetTextKeyword$_getText_closure1.doCall(GetTextKeyword.groovy:78)
	at com.kms.katalon.core.webui.keyword.builtin.GetTextKeyword$_getText_closure1.call(GetTextKeyword.groovy)
	at com.kms.katalon.core.webui.keyword.internal.WebUIKeywordMain.runKeyword(WebUIKeywordMain.groovy:20)
	... 19 more]]></system-err>
   </testsuite>
</testsuites>
