<?xml version="1.0" encoding="UTF-8" standalone="no"?>
<!DOCTYPE log SYSTEM "logger.dtd">
<log>
<record>
  <date>2020-01-16T12:31:07</date>
  <millis>1579199467862</millis>
  <sequence>0</sequence>
  <level>START</level>
  <class>com.kms.katalon.core.logging.XmlKeywordLogger</class>
  <method>startSuite</method>
  <thread>1</thread>
  <message>Start Test Suite : Test Suites/ts_3_updateInvoice</message>
  <nestedLevel>0</nestedLevel>
  <property name="name">ts_3_updateInvoice</property>
  <property name="description"></property>
  <property name="id">Test Suites/ts_3_updateInvoice</property>
</record>
<record>
  <date>2020-01-16T12:31:07</date>
  <millis>1579199467876</millis>
  <sequence>1</sequence>
  <level>RUN_DATA</level>
  <class>com.kms.katalon.core.logging.XmlKeywordLogger</class>
  <method>logMessage</method>
  <thread>1</thread>
  <message>hostName = leonardo-arkusmty - leonardoarkusmty-Inspiron-5577</message>
  <nestedLevel>0</nestedLevel>
  <property name="hostName">leonardo-arkusmty - leonardoarkusmty-Inspiron-5577</property>
</record>
<record>
  <date>2020-01-16T12:31:07</date>
  <millis>1579199467877</millis>
  <sequence>2</sequence>
  <level>RUN_DATA</level>
  <class>com.kms.katalon.core.logging.XmlKeywordLogger</class>
  <method>logMessage</method>
  <thread>1</thread>
  <message>os = Linux 64bit</message>
  <nestedLevel>0</nestedLevel>
  <property name="os">Linux 64bit</property>
</record>
<record>
  <date>2020-01-16T12:31:07</date>
  <millis>1579199467877</millis>
  <sequence>3</sequence>
  <level>RUN_DATA</level>
  <class>com.kms.katalon.core.logging.XmlKeywordLogger</class>
  <method>logMessage</method>
  <thread>1</thread>
  <message>hostAddress = 127.0.1.1</message>
  <nestedLevel>0</nestedLevel>
  <property name="hostAddress">127.0.1.1</property>
</record>
<record>
  <date>2020-01-16T12:31:07</date>
  <millis>1579199467879</millis>
  <sequence>4</sequence>
  <level>RUN_DATA</level>
  <class>com.kms.katalon.core.logging.XmlKeywordLogger</class>
  <method>logMessage</method>
  <thread>1</thread>
  <message>katalonVersion = 7.0.8.1</message>
  <nestedLevel>0</nestedLevel>
  <property name="katalonVersion">7.0.8.1</property>
</record>
<record>
  <date>2020-01-16T12:31:08</date>
  <millis>1579199468137</millis>
  <sequence>5</sequence>
  <level>START</level>
  <class>com.kms.katalon.core.logging.XmlKeywordLogger</class>
  <method>startTest</method>
  <thread>1</thread>
  <message>Start Test Case : Test Cases/p4p_3_updateInvoce_ok</message>
  <nestedLevel>1</nestedLevel>
  <property name="name">Test Cases/p4p_3_updateInvoce_ok</property>
  <property name="description"></property>
  <property name="id">Test Cases/p4p_3_updateInvoce_ok</property>
  <property name="source">\\home\\leonardo-arkusmty\\Documents\\workspaceKatalon\\p4ptest\\Test Cases\\p4p_3_updateInvoce_ok.tc</property>
  <property name="tag"></property>
  <property name="isOptional">false</property>
</record>
<record>
  <date>2020-01-16T12:31:08</date>
  <millis>1579199468190</millis>
  <sequence>7</sequence>
  <level>INFO</level>
  <class>com.kms.katalon.core.logging.XmlKeywordLogger</class>
  <method>logMessage</method>
  <thread>1</thread>
  <message>var_idRowRes = 1</message>
  <nestedLevel>1</nestedLevel>
</record>
<record>
  <date>2020-01-16T12:31:08</date>
  <millis>1579199468190</millis>
  <sequence>8</sequence>
  <level>INFO</level>
  <class>com.kms.katalon.core.logging.XmlKeywordLogger</class>
  <method>logMessage</method>
  <thread>1</thread>
  <message>var_user = jegchavez@gmail.com</message>
  <nestedLevel>1</nestedLevel>
</record>
<record>
  <date>2020-01-16T12:31:08</date>
  <millis>1579199468191</millis>
  <sequence>9</sequence>
  <level>INFO</level>
  <class>com.kms.katalon.core.logging.XmlKeywordLogger</class>
  <method>logMessage</method>
  <thread>1</thread>
  <message>var_pass = admin1</message>
  <nestedLevel>1</nestedLevel>
</record>
<record>
  <date>2020-01-16T12:31:08</date>
  <millis>1579199468191</millis>
  <sequence>10</sequence>
  <level>INFO</level>
  <class>com.kms.katalon.core.logging.XmlKeywordLogger</class>
  <method>logMessage</method>
  <thread>1</thread>
  <message>var_parent = Katalon 1</message>
  <nestedLevel>1</nestedLevel>
</record>
<record>
  <date>2020-01-16T12:31:08</date>
  <millis>1579199468191</millis>
  <sequence>11</sequence>
  <level>INFO</level>
  <class>com.kms.katalon.core.logging.XmlKeywordLogger</class>
  <method>logMessage</method>
  <thread>1</thread>
  <message>var_invoice = 1795520</message>
  <nestedLevel>1</nestedLevel>
</record>
<record>
  <date>2020-01-16T12:31:08</date>
  <millis>1579199468192</millis>
  <sequence>12</sequence>
  <level>INFO</level>
  <class>com.kms.katalon.core.logging.XmlKeywordLogger</class>
  <method>logMessage</method>
  <thread>1</thread>
  <message>var_movimiento = U</message>
  <nestedLevel>1</nestedLevel>
</record>
<record>
  <date>2020-01-16T12:31:08</date>
  <millis>1579199468192</millis>
  <sequence>13</sequence>
  <level>INFO</level>
  <class>com.kms.katalon.core.logging.XmlKeywordLogger</class>
  <method>logMessage</method>
  <thread>1</thread>
  <message>var_pets = Ares</message>
  <nestedLevel>1</nestedLevel>
</record>
<record>
  <date>2020-01-16T12:31:08</date>
  <millis>1579199468193</millis>
  <sequence>14</sequence>
  <level>INFO</level>
  <class>com.kms.katalon.core.logging.XmlKeywordLogger</class>
  <method>logMessage</method>
  <thread>1</thread>
  <message>var_date = 13,01,2020</message>
  <nestedLevel>1</nestedLevel>
</record>
<record>
  <date>2020-01-16T12:31:08</date>
  <millis>1579199468193</millis>
  <sequence>15</sequence>
  <level>INFO</level>
  <class>com.kms.katalon.core.logging.XmlKeywordLogger</class>
  <method>logMessage</method>
  <thread>1</thread>
  <message>var_type = BOARDING_SUITE,DAYCARE_SUITE</message>
  <nestedLevel>1</nestedLevel>
</record>
<record>
  <date>2020-01-16T12:31:08</date>
  <millis>1579199468194</millis>
  <sequence>16</sequence>
  <level>INFO</level>
  <class>com.kms.katalon.core.logging.XmlKeywordLogger</class>
  <method>logMessage</method>
  <thread>1</thread>
  <message>var_item = Oasis Suite,Half Day of Daycare</message>
  <nestedLevel>1</nestedLevel>
</record>
<record>
  <date>2020-01-16T12:31:08</date>
  <millis>1579199468525</millis>
  <sequence>18</sequence>
  <level>ERROR</level>
  <class>com.kms.katalon.core.logging.XmlKeywordLogger</class>
  <method>logMessage</method>
  <thread>1</thread>
  <message>Test Cases/p4p_3_updateInvoce_ok FAILED.\nReason:\norg.codehaus.groovy.control.MultipleCompilationErrorsException: startup failed:\nfile:/home/leonardo-arkusmty/Documents/workspaceKatalon/p4ptest/Scripts/p4p_3_updateInvoce_ok/Script1579192157788.groovy: 395: The current scope already contains a variable of the name arrayUrl\n @ line 395, column 10.\n   String[] arrayUrl = var_url.split(&amp;apos;/&amp;apos;)\n            ^\n\nfile:/home/leonardo-arkusmty/Documents/workspaceKatalon/p4ptest/Scripts/p4p_3_updateInvoce_ok/Script1579192157788.groovy: 87: unable to resolve class Sring \n @ line 87, column 7.\n   Sring var_url = WebUI.getUrl()\n         ^\n\n2 errors\n\n\tat com.kms.katalon.core.main.ScriptEngine.getScript(ScriptEngine.java:199)\n\tat com.kms.katalon.core.main.ScriptEngine.run(ScriptEngine.java:194)\n\tat com.kms.katalon.core.main.ScriptEngine.runScriptAsRawText(ScriptEngine.java:119)\n\tat com.kms.katalon.core.main.TestCaseExecutor.runScript(TestCaseExecutor.java:337)\n\tat com.kms.katalon.core.main.TestCaseExecutor.doExecute(TestCaseExecutor.java:328)\n\tat com.kms.katalon.core.main.TestCaseExecutor.processExecutionPhase(TestCaseExecutor.java:307)\n\tat com.kms.katalon.core.main.TestCaseExecutor.accessMainPhase(TestCaseExecutor.java:299)\n\tat com.kms.katalon.core.main.TestCaseExecutor.execute(TestCaseExecutor.java:233)\n\tat com.kms.katalon.core.main.TestSuiteExecutor.accessTestCaseMainPhase(TestSuiteExecutor.java:169)\n\tat com.kms.katalon.core.main.TestSuiteExecutor.accessTestSuiteMainPhase(TestSuiteExecutor.java:142)\n\tat com.kms.katalon.core.main.TestSuiteExecutor.execute(TestSuiteExecutor.java:91)\n\tat com.kms.katalon.core.main.TestCaseMain.startTestSuite(TestCaseMain.java:157)\n\tat com.kms.katalon.core.main.TestCaseMain$startTestSuite$0.call(Unknown Source)\n\tat TempTestSuite1579199466408.run(TempTestSuite1579199466408.groovy:36)\n</message>
  <exception>
    <message>org.codehaus.groovy.control.MultipleCompilationErrorsException: startup failed:
file:/home/leonardo-arkusmty/Documents/workspaceKatalon/p4ptest/Scripts/p4p_3_updateInvoce_ok/Script1579192157788.groovy: 395: The current scope already contains a variable of the name arrayUrl
 @ line 395, column 10.
   String[] arrayUrl = var_url.split('/')
            ^

file:/home/leonardo-arkusmty/Documents/workspaceKatalon/p4ptest/Scripts/p4p_3_updateInvoce_ok/Script1579192157788.groovy: 87: unable to resolve class Sring 
 @ line 87, column 7.
   Sring var_url = WebUI.getUrl()
         ^

2 errors
</message>
    <frame>
      <class>com.kms.katalon.core.main.ScriptEngine</class>
      <method>getScript</method>
      <line>199</line>
    </frame>
    <frame>
      <class>com.kms.katalon.core.main.ScriptEngine</class>
      <method>run</method>
      <line>194</line>
    </frame>
    <frame>
      <class>com.kms.katalon.core.main.ScriptEngine</class>
      <method>runScriptAsRawText</method>
      <line>119</line>
    </frame>
    <frame>
      <class>com.kms.katalon.core.main.TestCaseExecutor</class>
      <method>runScript</method>
      <line>337</line>
    </frame>
    <frame>
      <class>com.kms.katalon.core.main.TestCaseExecutor</class>
      <method>doExecute</method>
      <line>328</line>
    </frame>
    <frame>
      <class>com.kms.katalon.core.main.TestCaseExecutor</class>
      <method>processExecutionPhase</method>
      <line>307</line>
    </frame>
    <frame>
      <class>com.kms.katalon.core.main.TestCaseExecutor</class>
      <method>accessMainPhase</method>
      <line>299</line>
    </frame>
    <frame>
      <class>com.kms.katalon.core.main.TestCaseExecutor</class>
      <method>execute</method>
      <line>233</line>
    </frame>
    <frame>
      <class>com.kms.katalon.core.main.TestSuiteExecutor</class>
      <method>accessTestCaseMainPhase</method>
      <line>169</line>
    </frame>
    <frame>
      <class>com.kms.katalon.core.main.TestSuiteExecutor</class>
      <method>accessTestSuiteMainPhase</method>
      <line>142</line>
    </frame>
    <frame>
      <class>com.kms.katalon.core.main.TestSuiteExecutor</class>
      <method>execute</method>
      <line>91</line>
    </frame>
    <frame>
      <class>com.kms.katalon.core.main.TestCaseMain</class>
      <method>startTestSuite</method>
      <line>157</line>
    </frame>
    <frame>
      <class>com.kms.katalon.core.main.TestCaseMain$startTestSuite$0</class>
      <method>call</method>
    </frame>
    <frame>
      <class>TempTestSuite1579199466408</class>
      <method>run</method>
      <line>36</line>
    </frame>
  </exception>
  <nestedLevel>0</nestedLevel>
  <property name="failed.exception.stacktrace">org.codehaus.groovy.control.MultipleCompilationErrorsException: startup failed:\nfile:/home/leonardo-arkusmty/Documents/workspaceKatalon/p4ptest/Scripts/p4p_3_updateInvoce_ok/Script1579192157788.groovy: 395: The current scope already contains a variable of the name arrayUrl\n @ line 395, column 10.\n   String[] arrayUrl = var_url.split(&apos;/&apos;)\n            ^\n\nfile:/home/leonardo-arkusmty/Documents/workspaceKatalon/p4ptest/Scripts/p4p_3_updateInvoce_ok/Script1579192157788.groovy: 87: unable to resolve class Sring \n @ line 87, column 7.\n   Sring var_url = WebUI.getUrl()\n         ^\n\n2 errors\n\n\tat com.kms.katalon.core.main.ScriptEngine.getScript(ScriptEngine.java:199)\n\tat com.kms.katalon.core.main.ScriptEngine.run(ScriptEngine.java:194)\n\tat com.kms.katalon.core.main.ScriptEngine.runScriptAsRawText(ScriptEngine.java:119)\n\tat com.kms.katalon.core.main.TestCaseExecutor.runScript(TestCaseExecutor.java:337)\n\tat com.kms.katalon.core.main.TestCaseExecutor.doExecute(TestCaseExecutor.java:328)\n\tat com.kms.katalon.core.main.TestCaseExecutor.processExecutionPhase(TestCaseExecutor.java:307)\n\tat com.kms.katalon.core.main.TestCaseExecutor.accessMainPhase(TestCaseExecutor.java:299)\n\tat com.kms.katalon.core.main.TestCaseExecutor.execute(TestCaseExecutor.java:233)\n\tat com.kms.katalon.core.main.TestSuiteExecutor.accessTestCaseMainPhase(TestSuiteExecutor.java:169)\n\tat com.kms.katalon.core.main.TestSuiteExecutor.accessTestSuiteMainPhase(TestSuiteExecutor.java:142)\n\tat com.kms.katalon.core.main.TestSuiteExecutor.execute(TestSuiteExecutor.java:91)\n\tat com.kms.katalon.core.main.TestCaseMain.startTestSuite(TestCaseMain.java:157)\n\tat com.kms.katalon.core.main.TestCaseMain$startTestSuite$0.call(Unknown Source)\n\tat TempTestSuite1579199466408.run(TempTestSuite1579199466408.groovy:36)\n</property>
  <property name="failed.exception.class">org.codehaus.groovy.control.MultipleCompilationErrorsException</property>
  <property name="failed.exception.message">startup failed:\nfile:/home/leonardo-arkusmty/Documents/workspaceKatalon/p4ptest/Scripts/p4p_3_updateInvoce_ok/Script1579192157788.groovy: 395: The current scope already contains a variable of the name arrayUrl\n @ line 395, column 10.\n   String[] arrayUrl = var_url.split(&apos;/&apos;)\n            ^\n\nfile:/home/leonardo-arkusmty/Documents/workspaceKatalon/p4ptest/Scripts/p4p_3_updateInvoce_ok/Script1579192157788.groovy: 87: unable to resolve class Sring \n @ line 87, column 7.\n   Sring var_url = WebUI.getUrl()\n         ^\n\n2 errors\n</property>
</record>
<record>
  <date>2020-01-16T12:31:08</date>
  <millis>1579199468530</millis>
  <sequence>20</sequence>
  <level>END</level>
  <class>com.kms.katalon.core.logging.XmlKeywordLogger</class>
  <method>endTest</method>
  <thread>1</thread>
  <message>End Test Case : Test Cases/p4p_3_updateInvoce_ok</message>
  <nestedLevel>0</nestedLevel>
</record>
<record>
  <date>2020-01-16T12:31:08</date>
  <millis>1579199468587</millis>
  <sequence>21</sequence>
  <level>START</level>
  <class>com.kms.katalon.core.logging.XmlKeywordLogger</class>
  <method>startTest</method>
  <thread>1</thread>
  <message>Start Test Case : Test Cases/p4p_3_updateInvoce_ok</message>
  <nestedLevel>1</nestedLevel>
  <property name="name">Test Cases/p4p_3_updateInvoce_ok</property>
  <property name="description"></property>
  <property name="id">Test Cases/p4p_3_updateInvoce_ok</property>
  <property name="source">\\home\\leonardo-arkusmty\\Documents\\workspaceKatalon\\p4ptest\\Test Cases\\p4p_3_updateInvoce_ok.tc</property>
  <property name="tag"></property>
  <property name="isOptional">false</property>
</record>
<record>
  <date>2020-01-16T12:31:08</date>
  <millis>1579199468614</millis>
  <sequence>23</sequence>
  <level>INFO</level>
  <class>com.kms.katalon.core.logging.XmlKeywordLogger</class>
  <method>logMessage</method>
  <thread>1</thread>
  <message>var_idRowRes = 2</message>
  <nestedLevel>1</nestedLevel>
</record>
<record>
  <date>2020-01-16T12:31:08</date>
  <millis>1579199468615</millis>
  <sequence>24</sequence>
  <level>INFO</level>
  <class>com.kms.katalon.core.logging.XmlKeywordLogger</class>
  <method>logMessage</method>
  <thread>1</thread>
  <message>var_user = jegchavez@gmail.com</message>
  <nestedLevel>1</nestedLevel>
</record>
<record>
  <date>2020-01-16T12:31:08</date>
  <millis>1579199468615</millis>
  <sequence>25</sequence>
  <level>INFO</level>
  <class>com.kms.katalon.core.logging.XmlKeywordLogger</class>
  <method>logMessage</method>
  <thread>1</thread>
  <message>var_pass = admin1</message>
  <nestedLevel>1</nestedLevel>
</record>
<record>
  <date>2020-01-16T12:31:08</date>
  <millis>1579199468615</millis>
  <sequence>26</sequence>
  <level>INFO</level>
  <class>com.kms.katalon.core.logging.XmlKeywordLogger</class>
  <method>logMessage</method>
  <thread>1</thread>
  <message>var_parent = Katalon 1</message>
  <nestedLevel>1</nestedLevel>
</record>
<record>
  <date>2020-01-16T12:31:08</date>
  <millis>1579199468615</millis>
  <sequence>27</sequence>
  <level>INFO</level>
  <class>com.kms.katalon.core.logging.XmlKeywordLogger</class>
  <method>logMessage</method>
  <thread>1</thread>
  <message>var_invoice = 1795518</message>
  <nestedLevel>1</nestedLevel>
</record>
<record>
  <date>2020-01-16T12:31:08</date>
  <millis>1579199468615</millis>
  <sequence>28</sequence>
  <level>INFO</level>
  <class>com.kms.katalon.core.logging.XmlKeywordLogger</class>
  <method>logMessage</method>
  <thread>1</thread>
  <message>var_movimiento = D</message>
  <nestedLevel>1</nestedLevel>
</record>
<record>
  <date>2020-01-16T12:31:08</date>
  <millis>1579199468616</millis>
  <sequence>29</sequence>
  <level>INFO</level>
  <class>com.kms.katalon.core.logging.XmlKeywordLogger</class>
  <method>logMessage</method>
  <thread>1</thread>
  <message>var_pets = Ares</message>
  <nestedLevel>1</nestedLevel>
</record>
<record>
  <date>2020-01-16T12:31:08</date>
  <millis>1579199468616</millis>
  <sequence>30</sequence>
  <level>INFO</level>
  <class>com.kms.katalon.core.logging.XmlKeywordLogger</class>
  <method>logMessage</method>
  <thread>1</thread>
  <message>var_date = 13,01,2020</message>
  <nestedLevel>1</nestedLevel>
</record>
<record>
  <date>2020-01-16T12:31:08</date>
  <millis>1579199468616</millis>
  <sequence>31</sequence>
  <level>INFO</level>
  <class>com.kms.katalon.core.logging.XmlKeywordLogger</class>
  <method>logMessage</method>
  <thread>1</thread>
  <message>var_type = DAYCARE_SUITE</message>
  <nestedLevel>1</nestedLevel>
</record>
<record>
  <date>2020-01-16T12:31:08</date>
  <millis>1579199468616</millis>
  <sequence>32</sequence>
  <level>INFO</level>
  <class>com.kms.katalon.core.logging.XmlKeywordLogger</class>
  <method>logMessage</method>
  <thread>1</thread>
  <message>var_item = Half Day of Daycare</message>
  <nestedLevel>1</nestedLevel>
</record>
<record>
  <date>2020-01-16T12:31:08</date>
  <millis>1579199468781</millis>
  <sequence>34</sequence>
  <level>ERROR</level>
  <class>com.kms.katalon.core.logging.XmlKeywordLogger</class>
  <method>logMessage</method>
  <thread>1</thread>
  <message>Test Cases/p4p_3_updateInvoce_ok FAILED.\nReason:\norg.codehaus.groovy.control.MultipleCompilationErrorsException: startup failed:\nfile:/home/leonardo-arkusmty/Documents/workspaceKatalon/p4ptest/Scripts/p4p_3_updateInvoce_ok/Script1579192157788.groovy: 395: The current scope already contains a variable of the name arrayUrl\n @ line 395, column 10.\n   String[] arrayUrl = var_url.split(&amp;apos;/&amp;apos;)\n            ^\n\nfile:/home/leonardo-arkusmty/Documents/workspaceKatalon/p4ptest/Scripts/p4p_3_updateInvoce_ok/Script1579192157788.groovy: 87: unable to resolve class Sring \n @ line 87, column 7.\n   Sring var_url = WebUI.getUrl()\n         ^\n\n2 errors\n\n\tat com.kms.katalon.core.main.ScriptEngine.getScript(ScriptEngine.java:199)\n\tat com.kms.katalon.core.main.ScriptEngine.run(ScriptEngine.java:194)\n\tat com.kms.katalon.core.main.ScriptEngine.runScriptAsRawText(ScriptEngine.java:119)\n\tat com.kms.katalon.core.main.TestCaseExecutor.runScript(TestCaseExecutor.java:337)\n\tat com.kms.katalon.core.main.TestCaseExecutor.doExecute(TestCaseExecutor.java:328)\n\tat com.kms.katalon.core.main.TestCaseExecutor.processExecutionPhase(TestCaseExecutor.java:307)\n\tat com.kms.katalon.core.main.TestCaseExecutor.accessMainPhase(TestCaseExecutor.java:299)\n\tat com.kms.katalon.core.main.TestCaseExecutor.execute(TestCaseExecutor.java:233)\n\tat com.kms.katalon.core.main.TestSuiteExecutor.accessTestCaseMainPhase(TestSuiteExecutor.java:169)\n\tat com.kms.katalon.core.main.TestSuiteExecutor.accessTestSuiteMainPhase(TestSuiteExecutor.java:142)\n\tat com.kms.katalon.core.main.TestSuiteExecutor.execute(TestSuiteExecutor.java:91)\n\tat com.kms.katalon.core.main.TestCaseMain.startTestSuite(TestCaseMain.java:157)\n\tat com.kms.katalon.core.main.TestCaseMain$startTestSuite$0.call(Unknown Source)\n\tat TempTestSuite1579199466408.run(TempTestSuite1579199466408.groovy:36)\n</message>
  <exception>
    <message>org.codehaus.groovy.control.MultipleCompilationErrorsException: startup failed:
file:/home/leonardo-arkusmty/Documents/workspaceKatalon/p4ptest/Scripts/p4p_3_updateInvoce_ok/Script1579192157788.groovy: 395: The current scope already contains a variable of the name arrayUrl
 @ line 395, column 10.
   String[] arrayUrl = var_url.split('/')
            ^

file:/home/leonardo-arkusmty/Documents/workspaceKatalon/p4ptest/Scripts/p4p_3_updateInvoce_ok/Script1579192157788.groovy: 87: unable to resolve class Sring 
 @ line 87, column 7.
   Sring var_url = WebUI.getUrl()
         ^

2 errors
</message>
    <frame>
      <class>com.kms.katalon.core.main.ScriptEngine</class>
      <method>getScript</method>
      <line>199</line>
    </frame>
    <frame>
      <class>com.kms.katalon.core.main.ScriptEngine</class>
      <method>run</method>
      <line>194</line>
    </frame>
    <frame>
      <class>com.kms.katalon.core.main.ScriptEngine</class>
      <method>runScriptAsRawText</method>
      <line>119</line>
    </frame>
    <frame>
      <class>com.kms.katalon.core.main.TestCaseExecutor</class>
      <method>runScript</method>
      <line>337</line>
    </frame>
    <frame>
      <class>com.kms.katalon.core.main.TestCaseExecutor</class>
      <method>doExecute</method>
      <line>328</line>
    </frame>
    <frame>
      <class>com.kms.katalon.core.main.TestCaseExecutor</class>
      <method>processExecutionPhase</method>
      <line>307</line>
    </frame>
    <frame>
      <class>com.kms.katalon.core.main.TestCaseExecutor</class>
      <method>accessMainPhase</method>
      <line>299</line>
    </frame>
    <frame>
      <class>com.kms.katalon.core.main.TestCaseExecutor</class>
      <method>execute</method>
      <line>233</line>
    </frame>
    <frame>
      <class>com.kms.katalon.core.main.TestSuiteExecutor</class>
      <method>accessTestCaseMainPhase</method>
      <line>169</line>
    </frame>
    <frame>
      <class>com.kms.katalon.core.main.TestSuiteExecutor</class>
      <method>accessTestSuiteMainPhase</method>
      <line>142</line>
    </frame>
    <frame>
      <class>com.kms.katalon.core.main.TestSuiteExecutor</class>
      <method>execute</method>
      <line>91</line>
    </frame>
    <frame>
      <class>com.kms.katalon.core.main.TestCaseMain</class>
      <method>startTestSuite</method>
      <line>157</line>
    </frame>
    <frame>
      <class>com.kms.katalon.core.main.TestCaseMain$startTestSuite$0</class>
      <method>call</method>
    </frame>
    <frame>
      <class>TempTestSuite1579199466408</class>
      <method>run</method>
      <line>36</line>
    </frame>
  </exception>
  <nestedLevel>0</nestedLevel>
  <property name="failed.exception.stacktrace">org.codehaus.groovy.control.MultipleCompilationErrorsException: startup failed:\nfile:/home/leonardo-arkusmty/Documents/workspaceKatalon/p4ptest/Scripts/p4p_3_updateInvoce_ok/Script1579192157788.groovy: 395: The current scope already contains a variable of the name arrayUrl\n @ line 395, column 10.\n   String[] arrayUrl = var_url.split(&apos;/&apos;)\n            ^\n\nfile:/home/leonardo-arkusmty/Documents/workspaceKatalon/p4ptest/Scripts/p4p_3_updateInvoce_ok/Script1579192157788.groovy: 87: unable to resolve class Sring \n @ line 87, column 7.\n   Sring var_url = WebUI.getUrl()\n         ^\n\n2 errors\n\n\tat com.kms.katalon.core.main.ScriptEngine.getScript(ScriptEngine.java:199)\n\tat com.kms.katalon.core.main.ScriptEngine.run(ScriptEngine.java:194)\n\tat com.kms.katalon.core.main.ScriptEngine.runScriptAsRawText(ScriptEngine.java:119)\n\tat com.kms.katalon.core.main.TestCaseExecutor.runScript(TestCaseExecutor.java:337)\n\tat com.kms.katalon.core.main.TestCaseExecutor.doExecute(TestCaseExecutor.java:328)\n\tat com.kms.katalon.core.main.TestCaseExecutor.processExecutionPhase(TestCaseExecutor.java:307)\n\tat com.kms.katalon.core.main.TestCaseExecutor.accessMainPhase(TestCaseExecutor.java:299)\n\tat com.kms.katalon.core.main.TestCaseExecutor.execute(TestCaseExecutor.java:233)\n\tat com.kms.katalon.core.main.TestSuiteExecutor.accessTestCaseMainPhase(TestSuiteExecutor.java:169)\n\tat com.kms.katalon.core.main.TestSuiteExecutor.accessTestSuiteMainPhase(TestSuiteExecutor.java:142)\n\tat com.kms.katalon.core.main.TestSuiteExecutor.execute(TestSuiteExecutor.java:91)\n\tat com.kms.katalon.core.main.TestCaseMain.startTestSuite(TestCaseMain.java:157)\n\tat com.kms.katalon.core.main.TestCaseMain$startTestSuite$0.call(Unknown Source)\n\tat TempTestSuite1579199466408.run(TempTestSuite1579199466408.groovy:36)\n</property>
  <property name="failed.exception.class">org.codehaus.groovy.control.MultipleCompilationErrorsException</property>
  <property name="failed.exception.message">startup failed:\nfile:/home/leonardo-arkusmty/Documents/workspaceKatalon/p4ptest/Scripts/p4p_3_updateInvoce_ok/Script1579192157788.groovy: 395: The current scope already contains a variable of the name arrayUrl\n @ line 395, column 10.\n   String[] arrayUrl = var_url.split(&apos;/&apos;)\n            ^\n\nfile:/home/leonardo-arkusmty/Documents/workspaceKatalon/p4ptest/Scripts/p4p_3_updateInvoce_ok/Script1579192157788.groovy: 87: unable to resolve class Sring \n @ line 87, column 7.\n   Sring var_url = WebUI.getUrl()\n         ^\n\n2 errors\n</property>
</record>
<record>
  <date>2020-01-16T12:31:08</date>
  <millis>1579199468785</millis>
  <sequence>36</sequence>
  <level>END</level>
  <class>com.kms.katalon.core.logging.XmlKeywordLogger</class>
  <method>endTest</method>
  <thread>1</thread>
  <message>End Test Case : Test Cases/p4p_3_updateInvoce_ok</message>
  <nestedLevel>0</nestedLevel>
</record>
<record>
  <date>2020-01-16T12:31:08</date>
  <millis>1579199468831</millis>
  <sequence>37</sequence>
  <level>START</level>
  <class>com.kms.katalon.core.logging.XmlKeywordLogger</class>
  <method>startTest</method>
  <thread>1</thread>
  <message>Start Test Case : Test Cases/p4p_3_updateInvoce_ok</message>
  <nestedLevel>1</nestedLevel>
  <property name="name">Test Cases/p4p_3_updateInvoce_ok</property>
  <property name="description"></property>
  <property name="id">Test Cases/p4p_3_updateInvoce_ok</property>
  <property name="source">\\home\\leonardo-arkusmty\\Documents\\workspaceKatalon\\p4ptest\\Test Cases\\p4p_3_updateInvoce_ok.tc</property>
  <property name="tag"></property>
  <property name="isOptional">false</property>
</record>
<record>
  <date>2020-01-16T12:31:08</date>
  <millis>1579199468863</millis>
  <sequence>39</sequence>
  <level>INFO</level>
  <class>com.kms.katalon.core.logging.XmlKeywordLogger</class>
  <method>logMessage</method>
  <thread>1</thread>
  <message>var_idRowRes = 3</message>
  <nestedLevel>1</nestedLevel>
</record>
<record>
  <date>2020-01-16T12:31:08</date>
  <millis>1579199468864</millis>
  <sequence>40</sequence>
  <level>INFO</level>
  <class>com.kms.katalon.core.logging.XmlKeywordLogger</class>
  <method>logMessage</method>
  <thread>1</thread>
  <message>var_user = jegchavez@gmail.com</message>
  <nestedLevel>1</nestedLevel>
</record>
<record>
  <date>2020-01-16T12:31:08</date>
  <millis>1579199468864</millis>
  <sequence>41</sequence>
  <level>INFO</level>
  <class>com.kms.katalon.core.logging.XmlKeywordLogger</class>
  <method>logMessage</method>
  <thread>1</thread>
  <message>var_pass = admin1</message>
  <nestedLevel>1</nestedLevel>
</record>
<record>
  <date>2020-01-16T12:31:08</date>
  <millis>1579199468864</millis>
  <sequence>42</sequence>
  <level>INFO</level>
  <class>com.kms.katalon.core.logging.XmlKeywordLogger</class>
  <method>logMessage</method>
  <thread>1</thread>
  <message>var_parent = Katalon 1</message>
  <nestedLevel>1</nestedLevel>
</record>
<record>
  <date>2020-01-16T12:31:08</date>
  <millis>1579199468865</millis>
  <sequence>43</sequence>
  <level>INFO</level>
  <class>com.kms.katalon.core.logging.XmlKeywordLogger</class>
  <method>logMessage</method>
  <thread>1</thread>
  <message>var_invoice = 1795521</message>
  <nestedLevel>1</nestedLevel>
</record>
<record>
  <date>2020-01-16T12:31:08</date>
  <millis>1579199468865</millis>
  <sequence>44</sequence>
  <level>INFO</level>
  <class>com.kms.katalon.core.logging.XmlKeywordLogger</class>
  <method>logMessage</method>
  <thread>1</thread>
  <message>var_movimiento = U</message>
  <nestedLevel>1</nestedLevel>
</record>
<record>
  <date>2020-01-16T12:31:08</date>
  <millis>1579199468865</millis>
  <sequence>45</sequence>
  <level>INFO</level>
  <class>com.kms.katalon.core.logging.XmlKeywordLogger</class>
  <method>logMessage</method>
  <thread>1</thread>
  <message>var_pets = Ares</message>
  <nestedLevel>1</nestedLevel>
</record>
<record>
  <date>2020-01-16T12:31:08</date>
  <millis>1579199468865</millis>
  <sequence>46</sequence>
  <level>INFO</level>
  <class>com.kms.katalon.core.logging.XmlKeywordLogger</class>
  <method>logMessage</method>
  <thread>1</thread>
  <message>var_date = 13,01,2020</message>
  <nestedLevel>1</nestedLevel>
</record>
<record>
  <date>2020-01-16T12:31:08</date>
  <millis>1579199468866</millis>
  <sequence>47</sequence>
  <level>INFO</level>
  <class>com.kms.katalon.core.logging.XmlKeywordLogger</class>
  <method>logMessage</method>
  <thread>1</thread>
  <message>var_type = PACKAGE</message>
  <nestedLevel>1</nestedLevel>
</record>
<record>
  <date>2020-01-16T12:31:08</date>
  <millis>1579199468866</millis>
  <sequence>48</sequence>
  <level>INFO</level>
  <class>com.kms.katalon.core.logging.XmlKeywordLogger</class>
  <method>logMessage</method>
  <thread>1</thread>
  <message>var_item = M2M Monthly Membership</message>
  <nestedLevel>1</nestedLevel>
</record>
<record>
  <date>2020-01-16T12:31:09</date>
  <millis>1579199469053</millis>
  <sequence>50</sequence>
  <level>ERROR</level>
  <class>com.kms.katalon.core.logging.XmlKeywordLogger</class>
  <method>logMessage</method>
  <thread>1</thread>
  <message>Test Cases/p4p_3_updateInvoce_ok FAILED.\nReason:\norg.codehaus.groovy.control.MultipleCompilationErrorsException: startup failed:\nfile:/home/leonardo-arkusmty/Documents/workspaceKatalon/p4ptest/Scripts/p4p_3_updateInvoce_ok/Script1579192157788.groovy: 395: The current scope already contains a variable of the name arrayUrl\n @ line 395, column 10.\n   String[] arrayUrl = var_url.split(&amp;apos;/&amp;apos;)\n            ^\n\nfile:/home/leonardo-arkusmty/Documents/workspaceKatalon/p4ptest/Scripts/p4p_3_updateInvoce_ok/Script1579192157788.groovy: 87: unable to resolve class Sring \n @ line 87, column 7.\n   Sring var_url = WebUI.getUrl()\n         ^\n\n2 errors\n\n\tat com.kms.katalon.core.main.ScriptEngine.getScript(ScriptEngine.java:199)\n\tat com.kms.katalon.core.main.ScriptEngine.run(ScriptEngine.java:194)\n\tat com.kms.katalon.core.main.ScriptEngine.runScriptAsRawText(ScriptEngine.java:119)\n\tat com.kms.katalon.core.main.TestCaseExecutor.runScript(TestCaseExecutor.java:337)\n\tat com.kms.katalon.core.main.TestCaseExecutor.doExecute(TestCaseExecutor.java:328)\n\tat com.kms.katalon.core.main.TestCaseExecutor.processExecutionPhase(TestCaseExecutor.java:307)\n\tat com.kms.katalon.core.main.TestCaseExecutor.accessMainPhase(TestCaseExecutor.java:299)\n\tat com.kms.katalon.core.main.TestCaseExecutor.execute(TestCaseExecutor.java:233)\n\tat com.kms.katalon.core.main.TestSuiteExecutor.accessTestCaseMainPhase(TestSuiteExecutor.java:169)\n\tat com.kms.katalon.core.main.TestSuiteExecutor.accessTestSuiteMainPhase(TestSuiteExecutor.java:142)\n\tat com.kms.katalon.core.main.TestSuiteExecutor.execute(TestSuiteExecutor.java:91)\n\tat com.kms.katalon.core.main.TestCaseMain.startTestSuite(TestCaseMain.java:157)\n\tat com.kms.katalon.core.main.TestCaseMain$startTestSuite$0.call(Unknown Source)\n\tat TempTestSuite1579199466408.run(TempTestSuite1579199466408.groovy:36)\n</message>
  <exception>
    <message>org.codehaus.groovy.control.MultipleCompilationErrorsException: startup failed:
file:/home/leonardo-arkusmty/Documents/workspaceKatalon/p4ptest/Scripts/p4p_3_updateInvoce_ok/Script1579192157788.groovy: 395: The current scope already contains a variable of the name arrayUrl
 @ line 395, column 10.
   String[] arrayUrl = var_url.split('/')
            ^

file:/home/leonardo-arkusmty/Documents/workspaceKatalon/p4ptest/Scripts/p4p_3_updateInvoce_ok/Script1579192157788.groovy: 87: unable to resolve class Sring 
 @ line 87, column 7.
   Sring var_url = WebUI.getUrl()
         ^

2 errors
</message>
    <frame>
      <class>com.kms.katalon.core.main.ScriptEngine</class>
      <method>getScript</method>
      <line>199</line>
    </frame>
    <frame>
      <class>com.kms.katalon.core.main.ScriptEngine</class>
      <method>run</method>
      <line>194</line>
    </frame>
    <frame>
      <class>com.kms.katalon.core.main.ScriptEngine</class>
      <method>runScriptAsRawText</method>
      <line>119</line>
    </frame>
    <frame>
      <class>com.kms.katalon.core.main.TestCaseExecutor</class>
      <method>runScript</method>
      <line>337</line>
    </frame>
    <frame>
      <class>com.kms.katalon.core.main.TestCaseExecutor</class>
      <method>doExecute</method>
      <line>328</line>
    </frame>
    <frame>
      <class>com.kms.katalon.core.main.TestCaseExecutor</class>
      <method>processExecutionPhase</method>
      <line>307</line>
    </frame>
    <frame>
      <class>com.kms.katalon.core.main.TestCaseExecutor</class>
      <method>accessMainPhase</method>
      <line>299</line>
    </frame>
    <frame>
      <class>com.kms.katalon.core.main.TestCaseExecutor</class>
      <method>execute</method>
      <line>233</line>
    </frame>
    <frame>
      <class>com.kms.katalon.core.main.TestSuiteExecutor</class>
      <method>accessTestCaseMainPhase</method>
      <line>169</line>
    </frame>
    <frame>
      <class>com.kms.katalon.core.main.TestSuiteExecutor</class>
      <method>accessTestSuiteMainPhase</method>
      <line>142</line>
    </frame>
    <frame>
      <class>com.kms.katalon.core.main.TestSuiteExecutor</class>
      <method>execute</method>
      <line>91</line>
    </frame>
    <frame>
      <class>com.kms.katalon.core.main.TestCaseMain</class>
      <method>startTestSuite</method>
      <line>157</line>
    </frame>
    <frame>
      <class>com.kms.katalon.core.main.TestCaseMain$startTestSuite$0</class>
      <method>call</method>
    </frame>
    <frame>
      <class>TempTestSuite1579199466408</class>
      <method>run</method>
      <line>36</line>
    </frame>
  </exception>
  <nestedLevel>0</nestedLevel>
  <property name="failed.exception.stacktrace">org.codehaus.groovy.control.MultipleCompilationErrorsException: startup failed:\nfile:/home/leonardo-arkusmty/Documents/workspaceKatalon/p4ptest/Scripts/p4p_3_updateInvoce_ok/Script1579192157788.groovy: 395: The current scope already contains a variable of the name arrayUrl\n @ line 395, column 10.\n   String[] arrayUrl = var_url.split(&apos;/&apos;)\n            ^\n\nfile:/home/leonardo-arkusmty/Documents/workspaceKatalon/p4ptest/Scripts/p4p_3_updateInvoce_ok/Script1579192157788.groovy: 87: unable to resolve class Sring \n @ line 87, column 7.\n   Sring var_url = WebUI.getUrl()\n         ^\n\n2 errors\n\n\tat com.kms.katalon.core.main.ScriptEngine.getScript(ScriptEngine.java:199)\n\tat com.kms.katalon.core.main.ScriptEngine.run(ScriptEngine.java:194)\n\tat com.kms.katalon.core.main.ScriptEngine.runScriptAsRawText(ScriptEngine.java:119)\n\tat com.kms.katalon.core.main.TestCaseExecutor.runScript(TestCaseExecutor.java:337)\n\tat com.kms.katalon.core.main.TestCaseExecutor.doExecute(TestCaseExecutor.java:328)\n\tat com.kms.katalon.core.main.TestCaseExecutor.processExecutionPhase(TestCaseExecutor.java:307)\n\tat com.kms.katalon.core.main.TestCaseExecutor.accessMainPhase(TestCaseExecutor.java:299)\n\tat com.kms.katalon.core.main.TestCaseExecutor.execute(TestCaseExecutor.java:233)\n\tat com.kms.katalon.core.main.TestSuiteExecutor.accessTestCaseMainPhase(TestSuiteExecutor.java:169)\n\tat com.kms.katalon.core.main.TestSuiteExecutor.accessTestSuiteMainPhase(TestSuiteExecutor.java:142)\n\tat com.kms.katalon.core.main.TestSuiteExecutor.execute(TestSuiteExecutor.java:91)\n\tat com.kms.katalon.core.main.TestCaseMain.startTestSuite(TestCaseMain.java:157)\n\tat com.kms.katalon.core.main.TestCaseMain$startTestSuite$0.call(Unknown Source)\n\tat TempTestSuite1579199466408.run(TempTestSuite1579199466408.groovy:36)\n</property>
  <property name="failed.exception.class">org.codehaus.groovy.control.MultipleCompilationErrorsException</property>
  <property name="failed.exception.message">startup failed:\nfile:/home/leonardo-arkusmty/Documents/workspaceKatalon/p4ptest/Scripts/p4p_3_updateInvoce_ok/Script1579192157788.groovy: 395: The current scope already contains a variable of the name arrayUrl\n @ line 395, column 10.\n   String[] arrayUrl = var_url.split(&apos;/&apos;)\n            ^\n\nfile:/home/leonardo-arkusmty/Documents/workspaceKatalon/p4ptest/Scripts/p4p_3_updateInvoce_ok/Script1579192157788.groovy: 87: unable to resolve class Sring \n @ line 87, column 7.\n   Sring var_url = WebUI.getUrl()\n         ^\n\n2 errors\n</property>
</record>
<record>
  <date>2020-01-16T12:31:09</date>
  <millis>1579199469056</millis>
  <sequence>52</sequence>
  <level>END</level>
  <class>com.kms.katalon.core.logging.XmlKeywordLogger</class>
  <method>endTest</method>
  <thread>1</thread>
  <message>End Test Case : Test Cases/p4p_3_updateInvoce_ok</message>
  <nestedLevel>0</nestedLevel>
</record>
<record>
  <date>2020-01-16T12:31:09</date>
  <millis>1579199469097</millis>
  <sequence>53</sequence>
  <level>END</level>
  <class>com.kms.katalon.core.logging.XmlKeywordLogger</class>
  <method>endSuite</method>
  <thread>1</thread>
  <message>End Test Suite : Test Suites/ts_3_updateInvoice</message>
  <nestedLevel>0</nestedLevel>
</record>
</log>
